0.00456612	38.082	23.502	-41.727	-56.307	-54.612	-31.109	1	0.01	1	7	64	120	0.538	0	73:114,74:113,75:112,76:111,77:110,78:109,79:108
0.01168007	33.922	16.427	-29.622	-47.117	-43.024	-26.597	1	0.01	1	6	64	120	0.538	0	17:64,18:63,19:62,20:61,21:60,22:59
0.02002298	31.56	14.479	-16.486	-33.567	-38.802	-24.323	1	0	1	5	64	120	0.538	0	4:63,5:62,6:61,7:60,8:59
0.0203527	31.502	15.574	-32.223	-48.151	-39.601	-24.026	1	0.01	0.99	5	64	120	0.538	0	4:71,5:70,6:69,7:68,8:67
0.03589949	29.063	21.04	-39.73	-47.753	-36.775	-15.735	0.98	-0.03	0.98	5	64	120	0.538	0	19:30,20:29,21:28,22:27,23:26
0.05131638	27.43	17.207	-32.049	-42.272	-39.28	-22.073	1	0	0.99	4	64	120	0.538	0	15:69,16:68,17:67,18:66
0.06737273	26.01	16.23	-38.371	-48.151	-35.583	-19.352	1	0	0.99	5	64	120	0.538	0	18:71,19:70,20:69,21:68,22:67
0.08831493	24.608	16.839	-47.299	-55.069	-40.212	-23.374	1	0.01	0.99	5	64	120	0.538	0	6:64,7:63,8:62,9:61,10:60
0.1147924	23.169	14.435	-24.542	-33.275	-30.554	-16.119	1	0.01	1	4	64	120	0.538	0	15:81,16:80,17:79,18:78
0.1284708	22.529	28.276	-86.159	-80.411	-64.197	-35.92	1	0.01	0.99	8	64	120	0.538	0	78:96,79:95,80:94,81:93,82:92,83:91,84:90,85:89
0.135245	22.223	12.529	-14.794	-24.488	-32.139	-19.61	1	0	1	4	64	120	0.538	0	101:112,102:111,103:110,104:109
0.1383224	22.074	13.341	-24.538	-33.271	-30.39	-17.049	1	0.01	1	4	64	120	0.538	0	80:112,81:111,82:110,83:109
0.1502323	21.586	11.339	-29.205	-39.452	-34.301	-22.961	1	0.01	1	5	64	120	0.538	0	18:43,19:42,20:41,21:40,22:39
0.1504621	21.576	12.792	-30.293	-39.077	-30.273	-17.481	1	-0.01	1	5	64	120	0.538	0	17:112,18:111,19:110,20:109,21:108
0.1720438	20.68	10.986	-14.794	-24.488	-34.397	-23.412	1	0	1	4	64	120	0.538	0	29:105,30:104,31:103,32:102
0.1784783	20.445	8.934	-11.858	-23.369	-33.243	-24.309	1	0	1	4	64	120	0.538	0	30:50,31:49,32:48,33:47
0.2008493	19.658	8.146	-11.858	-23.369	-35.07	-26.923	1	0	1	4	64	120	0.538	0	36:75,37:74,38:73,39:72
0.2126892	19.255	13.95	-32.759	-38.064	-31.465	-17.515	1	0.01	0.99	4	64	120	0.538	0	72:94,73:93,74:92,75:91
0.2280362	18.745	9.052	-14.794	-24.488	-32.615	-23.564	1	0	1	4	64	120	0.538	0	58:81,59:80,60:79,61:78
0.2281761	18.74	12.874	-26.661	-32.527	-37.23	-24.356	1	0.01	1	4	64	120	0.538	0	66:81,67:80,68:79,69:78
0.2303042	18.667	12.465	-49.908	-56.11	-33.676	-21.211	1	0.02	0.98	4	64	120	0.538	0	7:43,8:42,9:41,10:40
0.2374382	18.429	8.181	-29.205	-39.452	-38.319	-30.137	1	0.01	1	5	64	120	0.538	0	4:43,5:42,6:41,7:40,8:39
0.2657841	17.551	10.36	-32.921	-40.112	-36.347	-25.987	1	0.01	0.99	4	64	120	0.538	0	88:107,89:106,90:105,91:104
0.2704801	17.412	8.16	-21.119	-30.371	-43.653	-35.492	1	0	1	5	64	120	0.538	0	60:76,61:75,62:74,63:73,64:72
0.2950592	16.673	15.761	-62.859	-63.771	-33.612	-17.851	0.99	0.01	0.98	4	64	120	0.538	0	7:71,8:70,9:69,10:68
0.2961882	16.641	6.947	-14.794	-24.488	-31.76	-24.813	1	0	1	4	64	120	0.538	0	63:112,64:111,65:110,66:109
0.2985962	16.561	15.259	-49.226	-50.528	-24.494	-9.235	1	0.11	0.94	4	64	120	0.538	0	0:77,1:76,2:75,3:74
0.3049808	16.371	6.87	-20.788	-30.289	-35.406	-28.536	1	0.01	1	4	64	120	0.538	0	45:102,46:101,47:100,48:99
0.3119748	16.177	12.094	-50.505	-54.588	-28.834	-16.74	1	0.04	0.98	4	64	120	0.538	0	79:97,80:96,81:95,82:94
0.3201579	15.941	11.07	-18.579	-23.45	-32.474	-21.404	1	0	1	4	64	120	0.538	0	73:111,74:110,75:109,76:108
0.3506819	15.055	7.715	-23.806	-31.147	-29.558	-21.843	1	-0.01	1	4	64	120	0.538	0	37:95,38:94,39:93,40:92
0.3648998	14.645	7.404	-30.053	-37.294	-42.16	-34.756	1	0.01	1	5	64	120	0.538	0	39:77,40:76,41:75,42:74,43:73
0.3879303	13.966	8.365	-31.118	-36.718	-28.786	-20.421	1	0.03	0.99	4	64	120	0.538	0	3:50,4:49,5:48,6:47
0.3983314	13.661	12.311	-55.32	-56.669	-24.041	-11.73	0.99	-0.01	0.98	4	64	120	0.538	0	16:97,17:96,18:95,19:94
0.4107409	13.303	9.86	-37.496	-40.939	-23.712	-13.851	1	0	0.99	4	64	120	0.538	0	16:82,17:81,18:80,19:79
0.4252186	12.88	14.783	-56.391	-54.488	-28.789	-14.006	0.98	-0.02	0.97	4	64	120	0.538	0	20:94,21:93,22:92,23:91
0.4550732	11.959	15.382	-70.721	-67.298	-42.612	-27.229	0.98	-0.03	0.98	6	64	120	0.538	0	19:113,20:112,21:111,22:110,23:109,24:108
0.4627167	11.727	8.707	-44.868	-47.888	-35.278	-26.571	0.99	0	0.98	4	64	120	0.538	0	24:107,25:106,26:105,27:104
0.4728581	11.401	10.099	-49.226	-50.528	-30.396	-20.297	1	0.11	0.94	4	64	120	0.538	0	2:105,3:104,4:103,5:102
0.532987	9.423	5.462	-34.074	-38.035	-40.156	-34.694	1	-0.01	1	5	64	120	0.538	0	61:83,62:82,63:81,64:80,65:79
0.536454	9.309	9.824	-52.162	-51.647	-18.875	-9.051	1	0.11	0.94	4	64	120	0.538	0	0:22,1:21,2:20,3:19
0.5697357	8.049	9.229	-40.974	-39.793	-32.393	-23.164	0.98	-0.04	0.98	4	64	120	0.538	0	20:39,21:38,22:37,23:36
0.5824749	7.52	9.632	-65.053	-62.942	-30.858	-21.227	0.98	-0.02	0.97	4	64	120	0.538	0	21:114,22:113,23:112,24:111
0.6139382	6.12	10.734	-136.401	-131.787	-32.994	-22.26	0.98	0.05	0.92	4	64	120	0.538	0	85:117,86:116,87:115,88:114
0.6255882	5.549	7.4	-48.694	-46.843	-30.751	-23.352	0.99	-0.02	0.98	4	64	120	0.538	0	62:97,63:96,64:95,65:94
0.6316131	5.222	7.348	-56.699	-54.573	-41.91	-34.562	0.98	-0.03	0.98	5	64	120	0.538	0	20:64,21:63,22:62,23:61,24:60
0.651756	4.093	6.931	-66.112	-63.274	-35.31	-28.379	0.98	-0.02	0.97	4	64	120	0.538	0	21:71,22:70,23:69,24:68
0.6944797	0.859	12.245	-44.657	-33.271	-34.089	-21.844	1	0	0.99	4	64	120	0.538	0	29:84,30:83,31:82,32:81
0.7041015	-0.06	3.635	-59.308	-55.614	-35.374	-31.739	0.98	-0.03	0.97	4	64	120	0.538	0	21:43,22:42,23:41,24:40
0.7045611	-0.103	37.425	-209.391	-171.862	-65.926	-28.501	0.99	0.06	0.95	10	64	120	0.538	0	0:118,1:117,2:116,3:115,4:114,5:113,6:112,7:111,8:110,9:109
0.7355648	-3.504	5.406	-79.858	-70.949	-36.431	-31.025	0.96	-0.06	0.96	4	64	120	0.538	0	86:100,87:99,88:98,89:97
0.7404606	-4.082	10.664	-55.972	-41.227	-38.2	-27.536	0.99	0	0.98	4	64	120	0.538	0	82:91,83:90,84:89,85:88
0.7421192	-4.265	20.512	-163.193	-138.417	-87.65	-67.138	0.98	-0.01	0.98	10	64	120	0.538	0	32:87,33:86,34:85,35:84,36:83,37:82,38:81,39:80,40:79,41:78
0.7516711	-5.462	7.551	-89.629	-76.615	-38.059	-30.508	0.97	-0.02	0.95	4	64	120	0.538	0	22:35,23:34,24:33,25:32
0.7591247	-6.4	17.96	-153.078	-128.718	-70.539	-52.578	0.99	0.01	0.96	8	64	120	0.538	0	22:87,23:86,24:85,25:84,26:83,27:82,28:81,29:80
0.7620223	-6.784	3.869	-82.73	-72.077	-36.438	-32.569	0.97	-0.05	0.97	4	64	120	0.538	0	86:107,87:106,88:105,89:104
0.7756107	-8.419	11.358	-79.088	-59.311	-30.087	-18.729	1	0.11	0.94	4	64	120	0.538	0	2:84,3:83,4:82,5:81
0.781146	-9.124	16.273	-118.301	-92.905	-31.399	-15.126	0.94	-0.08	0.94	4	64	120	0.538	0	29:116,30:115,31:114,32:113
0.7960234	-11.075	6.651	-56.798	-39.072	-34.1	-27.45	0.99	-0.01	0.99	4	64	120	0.538	0	46:84,47:83,48:82,49:81
0.8194335	-14.381	9.091	-80.962	-57.49	-35.902	-26.811	0.97	-0.06	0.97	4	64	120	0.538	0	28:86,29:85,30:84,31:83
0.8411151	-18.086	6.262	-88.758	-64.41	-37.443	-31.181	0.97	-0.05	0.97	4	64	120	0.538	0	45:86,46:85,47:84,48:83
0.8841185	-28.85	12.16	-125.659	-84.649	-32.879	-20.719	0.98	0.08	0.91	4	64	120	0.538	0	1:86,2:85,3:84,4:83
0.8915822	-31.076	9.064	-131.284	-91.144	-32.648	-23.584	0.89	-0.15	0.93	4	64	120	0.538	0	12:112,13:111,14:110,15:109
0.9263226	-59.178	9.064	-285.684	-217.442	-41.113	-32.05	0.86	-0.13	0.86	5	64	120	0.538	0	9:76,10:75,11:74,12:73,13:72
0.9308288	-61.998	6.243	-285.683	-217.442	-39.99	-33.746	0.86	-0.14	0.86	5	64	120	0.538	0	10:83,11:82,12:81,13:80,14:79
0.9410501	-68.89	8.385	-332.756	-255.481	-48.174	-39.79	0.86	-0.12	0.86	6	64	120	0.538	0	8:25,9:24,10:23,11:22,12:21,13:20
0.9457061	-71.63	10.447	-269.059	-186.982	-35.269	-24.822	0.89	-0.08	0.87	4	64	120	0.538	0	8:87,9:86,10:85,11:84
0.957596	-76.973	12.019	-316.259	-227.267	-31.892	-19.874	0.85	-0.15	0.86	5	64	120	0.538	0	9:21,10:20,11:19,12:18,13:17
0.9679073	-81.199	13.67	-171.192	-76.324	-27.194	-13.524	0.98	0.06	0.93	4	64	120	0.538	0	78:119,79:118,80:117,81:116
0.9795274	-86.956	7.282	-306.65	-212.412	-31.441	-24.16	0.8	-0.24	0.82	4	64	120	0.538	0	11:97,12:96,13:95,14:94
0.9928161	-107.665	15.378	-213.982	-90.939	-26.853	-11.474	0.93	-0.11	0.93	4	64	120	0.538	0	93:119,94:118,95:117,96:116
0.9941949	-110.742	12.772	-219.658	-96.144	-36.871	-24.099	0.94	-0.1	0.94	5	64	120	0.538	0	38:119,39:118,40:117,41:116,42:115

