0	182.629	21.807	-323.94	-484.762	-43.055	-21.247	0.99	0.33	0.82	5	100	154	10.002	0	32:106,33:105,34:104,35:103,36:102
0	369.305	16.585	-663.028	-1015.748	-64.96	-48.375	0.97	0.51	0.68	8	100	154	10.002	0	18:131,19:130,20:129,21:128,22:127,23:126,24:125,25:124
0	259.387	31.712	-1233.52	-1461.196	-76.103	-44.391	0.85	0.22	0.63	10	100	154	10.002	0	72:98,73:97,74:96,75:95,76:94,77:93,78:92,79:91,80:90,81:89
0.00007994	155.491	9.445	-1105.147	-1251.193	-22.356	-12.911	0.82	0.39	0.38	5	100	154	10.002	0	108:119,109:118,110:117,111:116,112:115
0.00035973	127.442	12.355	-324.002	-439.09	-33.573	-21.218	0.97	0.4	0.74	4	100	154	10.002	0	47:58,48:57,49:56,50:55
0.00779415	73.623	18.249	-351.562	-406.936	-43.26	-25.012	0.96	0.15	0.83	5	100	154	10.002	0	38:67,39:66,40:65,41:64,42:63
0.0143992	38.361	10.421	-193.522	-221.463	-35.655	-25.234	0.99	0.07	0.94	4	100	154	10.002	0	8:40,9:39,10:38,11:37
0.01730702	32.249	5.012	-220.34	-247.578	-34.273	-29.261	0.97	0.08	0.91	4	100	154	10.002	0	6:20,7:19,8:18,9:17
0.02352236	24.367	9.351	-310.051	-325.068	-32.757	-23.406	0.99	0.21	0.87	4	100	154	10.002	0	8:37,9:36,10:35,11:34
0.02510117	22.853	9.598	-238.684	-251.939	-31.021	-21.423	0.99	0.1	0.92	4	100	154	10.002	0	13:107,14:106,15:105,16:104
0.02723957	20.637	7.842	-286	-298.795	-34.666	-26.824	0.88	-0.12	0.91	4	100	154	10.002	0	13:141,14:140,15:139,16:138
0.02740944	20.453	9.88	-184.918	-195.491	-32.331	-22.452	0.96	-0.06	0.96	4	100	154	10.002	0	5:137,6:136,7:135,8:134
0.02884836	19.019	7.001	-232.668	-244.686	-36.174	-29.173	0.99	0.08	0.94	4	100	154	10.002	0	8:135,9:134,10:133,11:132
0.03019735	17.728	11.982	-307.426	-313.172	-33.416	-21.435	0.96	0.13	0.85	4	100	154	10.002	0	8:60,9:59,10:58,11:57
0.03444417	14.237	18.742	-498.104	-493.599	-42.768	-24.027	0.87	0.01	0.83	5	100	154	10.002	0	35:106,36:105,37:104,38:103,39:102
0.03455408	14.177	13.751	-326.804	-327.23	-31.465	-17.714	0.86	-0.11	0.87	4	100	154	10.002	0	104:141,105:140,106:139,107:138
0.03858106	11.268	11.271	-427.953	-427.949	-43.47	-32.199	0.98	0.21	0.83	5	100	154	10.002	0	34:133,35:132,36:131,37:130,38:129
0.04035973	10.112	8.627	-248.139	-249.624	-31.094	-22.468	0.98	0.15	0.87	4	100	154	10.002	0	5:109,6:108,7:107,8:106
0.05191107	2.828	7.871	-274.686	-269.643	-31.55	-23.679	0.95	0.11	0.85	4	100	154	10.002	0	6:121,7:120,8:119,9:118
0.0532001	2.12	12.699	-378.636	-368.057	-33.901	-21.202	0.8	0.02	0.83	4	100	154	10.002	0	89:135,90:134,91:133,92:132
0.06094429	-2.154	15.842	-362.83	-344.834	-33.383	-17.54	0.78	-0.04	0.82	4	100	154	10.002	0	37:92,38:91,39:90,40:89
0.07180615	-7.31	7.228	-369.39	-354.852	-27.246	-20.018	0.93	0.2	0.78	4	100	154	10.002	0	8:125,9:124,10:123,11:122
0.07267549	-7.721	3.747	-351.877	-340.41	-36.187	-32.44	0.96	0.14	0.85	4	100	154	10.002	0	8:50,9:49,10:48,11:47
0.08782413	-13.907	10.808	-292.044	-267.328	-33.327	-22.519	0.96	0.1	0.87	4	100	154	10.002	0	105:132,106:131,107:130,108:129
0.1153735	-23.516	12.942	-348.423	-311.965	-34.028	-21.086	0.95	0.06	0.87	4	100	154	10.002	0	64:142,65:141,66:140,67:139
0.1428529	-31.975	13.713	-539.745	-494.057	-33.163	-19.45	0.84	-0.07	0.74	4	100	154	10.002	0	31:92,32:91,33:90,34:89
0.153355	-34.916	12.926	-526.065	-478.223	-24.973	-12.047	0.83	0.08	0.66	4	100	154	10.002	0	89:125,90:124,91:123,92:122
0.2304771	-54.34	13.591	-484.892	-416.96	-43.997	-30.406	0.9	-0.09	0.84	5	100	154	10.002	0	17:66,18:65,19:64,20:63,21:62
0.2327854	-54.844	0.957	-533.197	-477.395	-29.995	-29.038	0.88	0.05	0.7	4	100	154	10.002	0	62:127,63:126,64:125,65:124
0.2437372	-57.539	15.944	-408.575	-335.092	-34.013	-18.069	0.75	-0.27	0.84	4	100	154	10.002	0	18:73,19:72,20:71,21:70
0.2734649	-64.241	17.925	-518.709	-436.543	-31.144	-13.219	0.74	-0.26	0.73	4	100	154	10.002	0	57:92,58:91,59:90,60:89
0.3035324	-71.113	6.484	-448.283	-370.686	-35.435	-28.952	0.9	-0.01	0.86	4	100	154	10.002	0	8:34,9:33,10:32,11:31
0.3080989	-72.117	14.713	-535.269	-448.439	-30.485	-15.771	0.74	-0.18	0.75	4	100	154	10.002	0	34:92,35:91,36:90,37:89
0.3261554	-76.552	9.847	-668.453	-582.054	-40.783	-30.935	0.86	0.01	0.77	5	100	154	10.002	0	8:81,9:80,10:79,11:78,12:77
0.3334499	-78.423	10.433	-552.637	-463.781	-33.914	-23.482	0.77	-0.22	0.73	4	100	154	10.002	0	47:92,48:91,49:90,50:89
0.3427729	-80.651	2.42	-623.923	-540.852	-31.508	-29.088	0.75	-0.1	0.66	4	100	154	10.002	0	20:49,21:48,22:47,23:46
0.34666	-81.555	12.54	-511.847	-417.753	-28.437	-15.898	0.76	-0.36	0.75	4	100	154	10.002	0	19:123,20:122,21:121,22:120
0.3469498	-81.652	6.891	-588.422	-499.879	-26.949	-20.058	0.78	-0.27	0.66	4	100	154	10.002	0	96:110,97:109,98:108,99:107
0.3617287	-85.185	9.296	-528.425	-433.944	-35.996	-26.7	0.6	-0.47	0.74	4	100	154	10.002	0	15:27,16:26,17:25,18:24
0.362718	-85.445	8.111	-500.897	-407.34	-34.592	-26.481	0.8	-0.01	0.79	4	100	154	10.002	0	20:134,21:133,22:132,23:131
0.3714714	-87.622	8.796	-508.64	-412.222	-41.224	-32.428	0.9	-0.05	0.86	5	100	154	10.002	0	13:68,14:67,15:66,16:65,17:64
0.3785661	-89.417	5.635	-467.74	-372.688	-34.934	-29.3	0.88	-0.07	0.79	4	100	154	10.002	0	63:99,64:98,65:97,66:96
0.3864602	-91.541	14.662	-823.732	-717.529	-48.589	-33.927	0.82	-0.12	0.75	6	100	154	10.002	0	18:105,19:104,20:103,21:102,22:101,23:100
0.3915863	-92.914	13.116	-573.111	-467.08	-42.561	-29.444	0.77	-0.17	0.75	5	100	154	10.002	0	62:122,63:121,64:120,65:119,66:118
0.4132001	-98.617	12.095	-489.712	-378.999	-44.116	-32.021	0.79	-0.1	0.85	5	100	154	10.002	0	48:67,49:66,50:65,51:64,52:63
0.4260305	-102.232	10.749	-676.238	-563.256	-30.205	-19.456	0.7	-0.27	0.61	4	100	154	10.002	0	72:97,73:96,74:95,75:94
0.430637	-103.529	5.769	-535.006	-425.708	-30.899	-25.13	0.63	-0.3	0.71	4	100	154	10.002	0	43:98,44:97,45:96,46:95
0.4446565	-107.64	4.355	-474.614	-362.619	-33.218	-28.863	0.68	-0.27	0.78	4	100	154	10.002	0	11:97,12:96,13:95,14:94
0.4532601	-110.37	9.852	-598.006	-477.783	-41.634	-31.782	0.72	-0.28	0.75	5	100	154	10.002	0	52:98,53:97,54:96,55:95,56:94
0.461284	-113.083	0.973	-642.928	-528.873	-32.009	-31.037	0.63	-0.35	0.68	4	100	154	10.002	0	27:50,28:49,29:48,30:47
0.4660205	-114.542	11.731	-665.394	-539.121	-44.726	-32.995	0.84	-0.13	0.79	5	100	154	10.002	0	31:133,32:132,33:131,34:130,35:129
0.4683487	-115.356	2.552	-514.921	-397.013	-41.346	-38.795	0.83	-0.11	0.82	5	100	154	10.002	0	10:99,11:98,12:97,13:96,14:95
0.4785611	-118.677	12.333	-712.812	-581.802	-29.059	-16.726	0.63	-0.52	0.61	4	100	154	10.002	0	73:98,74:97,75:96,76:95
0.4819286	-119.767	5.926	-684.679	-558.986	-33.678	-27.751	0.6	-0.39	0.57	4	100	154	10.002	0	24:97,25:96,26:95,27:94
0.485396	-120.929	8.17	-545.47	-416.371	-32.335	-24.164	0.77	-0.11	0.72	4	100	154	10.002	0	53:98,54:97,55:96,56:95
0.5166625	-131.925	4.335	-390.584	-254.324	-33.936	-29.601	0.74	-0.22	0.87	4	100	154	10.002	0	6:144,7:143,8:142,9:141
0.5220085	-134.019	9.41	-690.367	-546.938	-25.168	-15.758	0.76	-0.07	0.66	4	100	154	10.002	0	64:119,65:118,66:117,67:116
0.5305321	-137.698	6.36	-609.014	-464.955	-32.977	-26.617	0.61	-0.49	0.63	4	100	154	10.002	0	25:98,26:97,27:96,28:95
0.5334699	-138.894	1.052	-490.03	-350.085	-33.696	-32.645	0.83	-0.14	0.77	4	100	154	10.002	0	3:48,4:47,5:46,6:45
0.5345491	-139.3	6.719	-667.125	-521.107	-31.406	-24.687	0.7	-0.36	0.64	4	100	154	10.002	0	42:97,43:96,44:95,45:94
0.5363877	-140.056	8.219	-681.577	-533.303	-38.947	-30.728	0.67	-0.41	0.75	5	100	154	10.002	0	95:139,96:138,97:137,98:136,99:135
0.5374069	-140.46	7.191	-492.082	-344.431	-32.36	-25.169	0.63	-0.4	0.78	4	100	154	10.002	0	87:97,88:96,89:95,90:94
0.5403148	-141.653	9.465	-751.483	-600.366	-33.522	-24.058	0.79	-0.07	0.65	4	100	154	10.002	0	62:80,63:79,64:78,65:77
0.5449713	-143.549	7.871	-612.437	-461.018	-31.558	-23.687	0.62	-0.33	0.71	4	100	154	10.002	0	94:139,95:138,96:137,97:136
0.5552835	-148.043	11.987	-476.968	-316.938	-34.336	-22.349	0.85	-0.12	0.8	4	100	154	10.002	0	3:58,4:57,5:56,6:55
0.5644567	-151.861	2.413	-546.64	-392.366	-33.045	-30.633	0.55	-0.43	0.76	4	100	154	10.002	0	7:96,8:95,9:94,10:93
0.5692131	-154.081	16.048	-951.35	-781.222	-42.667	-26.619	0.68	-0.24	0.64	6	100	154	10.002	0	20:124,21:123,22:122,23:121,24:120,25:119
0.5788059	-158.99	8.625	-596.994	-429.379	-41.097	-32.473	0.77	-0.23	0.78	5	100	154	10.002	0	86:99,87:98,88:97,89:96,90:95
0.5862403	-162.411	2.012	-367.414	-202.991	-37.363	-35.351	0.88	-0.12	0.9	4	100	154	10.002	0	3:133,4:132,5:131,6:130
0.58663	-162.578	3.569	-1101.822	-935.676	-22.595	-19.026	0.52	-0.64	0.41	4	100	154	10.002	0	82:118,83:117,84:116,85:115
0.6010192	-170.208	3.223	-905.952	-732.521	-37.444	-34.221	0.71	-0.43	0.7	5	100	154	10.002	0	19:32,20:31,21:30,22:29,23:28
0.6095628	-175.177	8.587	-943.531	-759.767	-25.727	-17.14	0.63	-0.43	0.48	4	100	154	10.002	0	93:111,94:110,95:109,96:108
0.610612	-175.792	7.529	-615.011	-431.691	-33.757	-26.228	0.72	-0.27	0.7	4	100	154	10.002	0	52:97,53:96,54:95,55:94
0.6164876	-179.137	7.867	-727.006	-540.001	-30.166	-22.299	0.54	-0.61	0.66	4	100	154	10.002	0	84:123,85:122,86:121,87:120
0.6165676	-179.193	5.165	-588.737	-404.379	-32.748	-27.583	0.52	-0.42	0.76	4	100	154	10.002	0	4:94,5:93,6:92,7:91
0.617337	-179.685	5.746	-1184.91	-999.479	-57.055	-51.309	0.64	-0.37	0.61	7	100	154	10.002	0	23:99,24:98,25:97,26:96,27:95,28:94,29:93
0.6198451	-181.283	10	-657.889	-466.606	-41.901	-31.901	0.66	-0.41	0.71	5	100	154	10.002	0	2:93,3:92,4:91,5:90,6:89
0.6286285	-187.198	5.274	-925.83	-733.358	-40.405	-35.131	0.59	-0.56	0.63	5	100	154	10.002	0	46:86,47:85,48:84,49:83,50:82
0.6304871	-188.686	5.122	-880.036	-686.228	-31.081	-25.96	0.48	-0.72	0.59	4	100	154	10.002	0	21:87,22:86,23:85,24:84
0.6389808	-195.266	1.448	-798.384	-601.67	-57.411	-55.963	0.88	-0.02	0.82	7	100	154	10.002	0	3:102,4:101,5:100,6:99,7:98,8:97,9:96
0.6403397	-196.502	10.239	-989.442	-782.702	-30.828	-20.59	0.7	-0.27	0.51	4	100	154	10.002	0	22:80,23:79,24:78,25:77
0.6445566	-199.8	8.186	-798.003	-590.017	-31.105	-22.918	0.56	-0.41	0.62	4	100	154	10.002	0	79:94,80:93,81:92,82:91
0.6494529	-204.27	3.758	-1216.704	-1008.676	-23.662	-19.904	0.46	-0.81	0.43	4	100	154	10.002	0	20:113,21:112,22:111,23:110
0.6552386	-209.973	6.887	-1168.742	-951.883	-23.065	-16.178	0.46	-0.76	0.45	4	100	154	10.002	0	78:112,79:111,80:110,81:109
0.6564876	-211.365	7.067	-552.288	-333.857	-35.919	-28.853	0.72	-0.32	0.8	4	100	154	10.002	0	63:144,64:143,65:142,66:141
0.6571671	-212.014	7.595	-1022.043	-802.434	-46.33	-38.735	0.61	-0.4	0.64	6	100	154	10.002	0	42:98,43:97,44:96,45:95,46:94,47:93
0.6677292	-223.028	10.835	-821.275	-587.412	-43.804	-32.969	0.52	-0.63	0.68	5	100	154	10.002	0	23:144,24:143,25:142,26:141,27:140
0.6803198	-238.884	6.953	-706.885	-461.048	-27.934	-20.981	0.52	-0.53	0.67	4	100	154	10.002	0	107:144,108:143,109:142,110:141
0.6818886	-240.754	17.158	-1012.983	-755.071	-46.894	-29.736	0.63	-0.4	0.66	6	100	154	10.002	0	64:96,65:95,66:94,67:93,68:92,69:91
0.6827779	-242.034	0.61	-1078.552	-835.908	-21.496	-20.886	0.37	-0.9	0.48	4	100	154	10.002	0	27:118,28:117,29:116,30:115
0.69338	-256.111	14.42	-694.847	-424.316	-34.231	-19.811	0.6	-0.46	0.76	4	100	154	10.002	0	23:52,24:51,25:50,26:49
0.7003347	-266.851	10.095	-1023.071	-746.125	-23.059	-12.964	0.5	-0.63	0.54	4	100	154	10.002	0	55:118,56:117,57:116,58:115
0.7180714	-294.669	11.257	-1311.035	-1005.11	-40.747	-29.49	0.5	-0.59	0.62	6	100	154	10.002	0	47:112,48:111,49:110,50:109,51:108,52:107
0.7245566	-303.817	9.502	-1318.053	-1004.734	-29.35	-19.848	0.52	-0.62	0.49	5	100	154	10.002	0	89:118,90:117,91:116,92:115,93:114
0.7414339	-326.628	0.072	-1064.207	-737.508	-26.177	-26.105	0.59	-0.45	0.57	4	100	154	10.002	0	3:112,4:111,5:110,6:109
0.7462403	-333.324	3.786	-1115.249	-778.138	-28.011	-24.224	0.41	-0.77	0.53	4	100	154	10.002	0	114:131,115:130,116:129,117:128
0.749338	-337.577	4.032	-1282.14	-940.531	-24.706	-20.674	0.41	-0.95	0.42	4	100	154	10.002	0	22:117,23:116,24:115,25:114
0.7654059	-361.295	7.733	-772.007	-402.98	-31.618	-23.886	0.48	-0.59	0.69	4	100	154	10.002	0	19:146,20:145,21:144,22:143
0.7756183	-374.328	7.251	-1179.278	-797.699	-25.621	-18.37	0.48	-0.68	0.54	4	100	154	10.002	0	102:117,103:116,104:115,105:114
0.7763078	-375.019	2.796	-1188.467	-810.652	-27.771	-24.976	0.39	-0.8	0.57	4	100	154	10.002	0	112:140,113:139,114:138,115:137
0.7777267	-376.848	5.477	-1139.539	-757.214	-24.365	-18.888	0.36	-0.8	0.57	4	100	154	10.002	0	70:117,71:116,72:115,73:114
0.7972121	-403.271	5.996	-749.882	-340.614	-13.657	-7.661	0.18	-0.77	0.59	4	100	154	10.002	0	94:153,95:152,96:151,97:150
0.8194454	-431.359	8.429	-822.567	-382.779	-29.045	-20.616	0.57	-0.61	0.59	4	100	154	10.002	0	1:110,2:109,3:108,4:107
0.8239221	-437.513	1.53	-1451.436	-1012.392	-30.448	-28.917	0.42	-0.77	0.52	5	100	154	10.002	0	85:117,86:116,87:115,88:114,89:113
0.8473545	-463.497	12.183	-858.119	-382.438	-30.791	-18.608	0.58	-0.67	0.63	4	100	154	10.002	0	79:148,80:147,81:146,82:145
0.8486435	-464.861	-1.836	-1190.972	-727.948	-27.411	-29.248	0.42	-0.68	0.62	4	100	154	10.002	0	12:115,13:114,14:113,15:112
0.8679291	-487.224	0.712	-1258.465	-770.53	-28.549	-27.837	0.48	-0.57	0.62	4	100	154	10.002	0	111:133,112:132,113:131,114:130
0.8729853	-493.057	11.063	-1086.392	-582.272	-50.509	-39.446	0.55	-0.44	0.63	6	100	154	10.002	0	0:27,1:26,2:25,3:24,4:23,5:22
0.8768024	-497.032	14.191	-1062.182	-550.96	-23.581	-9.391	0.38	-0.92	0.49	4	100	154	10.002	0	75:149,76:148,77:147,78:146
0.8831077	-504.96	11.18	-721.759	-205.619	-35.79	-24.61	0.64	-0.56	0.69	4	100	154	10.002	0	2:147,3:146,4:145,5:144
0.8884437	-511.944	10.589	-899.115	-376.582	-14.755	-4.166	0.32	-0.75	0.61	4	100	154	10.002	0	67:151,68:150,69:149,70:148
0.8914214	-516.162	7.336	-875.714	-352.216	-54.927	-47.591	0.71	-0.3	0.79	6	100	154	10.002	0	1:66,2:65,3:64,4:63,5:62,6:61
0.9005346	-525.488	4.189	-1217.527	-687.85	-24.891	-20.702	0.3	-1.02	0.47	4	100	154	10.002	0	114:147,115:146,116:145,117:144
0.9078791	-534.491	4.383	-1609.743	-1070.869	-32.302	-27.919	0.46	-0.71	0.53	5	100	154	10.002	0	88:115,89:114,90:113,91:112,92:111
0.917362	-548.613	3.513	-751.792	-199.666	-18.039	-14.526	0.34	-0.52	0.73	4	100	154	10.002	0	5:151,6:150,7:149,8:148
0.9190407	-551.65	6.18	-917.375	-359.546	-17.05	-10.87	0.3	-0.81	0.58	4	100	154	10.002	0	80:151,81:150,82:149,83:148
0.9211391	-552.968	10.734	-867.608	-303.906	-23.32	-12.586	0.44	-0.69	0.63	4	100	154	10.002	0	60:150,61:149,62:148,63:147
0.9229678	-556.115	4.656	-819.554	-258.783	-50.527	-45.871	0.6	-0.28	0.83	6	100	154	10.002	0	0:14,1:13,2:12,3:11,4:10,5:9
0.9299026	-568.854	2.736	-1528.411	-956.822	-39.551	-36.815	0.57	-0.41	0.64	6	100	154	10.002	0	8:118,9:117,10:116,11:115,12:114,13:113
0.9378466	-578.472	9.574	-785.439	-197.394	-17.171	-7.597	0.21	-0.78	0.6	5	100	154	10.002	0	0:153,1:152,2:151,3:150,4:149
0.9435723	-587.65	4.529	-1753.514	-1161.335	-39.3	-34.771	0.46	-0.67	0.57	6	100	154	10.002	0	62:117,63:116,64:115,65:114,66:113,67:112
0.9443218	-589.352	6.172	-860.266	-264.742	-23.954	-17.782	0.45	-0.63	0.66	4	100	154	10.002	0	129:150,130:149,131:148,132:147
0.9563228	-614.714	0.488	-1773.037	-1157.834	-41.373	-40.884	0.48	-0.58	0.62	6	100	154	10.002	0	6:116,7:115,8:114,9:113,10:112,11:111
0.9634974	-633.282	11.95	-1199.142	-553.91	-29.599	-17.649	0.4	-0.89	0.5	5	100	154	10.002	0	91:150,92:149,93:148,94:147,95:146
0.9723807	-668.435	14.492	-1022.112	-339.185	-26.575	-12.083	0.49	-0.64	0.64	4	100	154	10.002	0	65:149,66:148,67:147,68:146
0.9963427	-841.424	8.633	-1467.787	-617.73	-28.591	-19.958	0.26	-0.77	0.61	7	100	154	10.002	0	95:153,96:152,97:151,98:150,99:149,100:148,101:147

