0.00454232	-163.9	3.892	-568.737	-400.945	-1.613	2.279	0.83	-0.3	0.85	4	100	155	22.877	0	141:154,142:153,143:152,144:151
0.00623946	-176.203	3.103	-747.881	-568.575	1.899	5.002	0.69	-0.44	0.75	4	100	155	22.877	0	112:148,113:147,114:146,115:145
0.01032255	-191.708	-0.398	-651.336	-460.026	-7.71	-8.108	0.84	-0.26	0.84	4	100	155	22.877	0	125:153,126:152,127:151,128:150
0.01245894	-196.959	3.892	-747.276	-546.425	-1.613	2.279	0.66	-0.51	0.74	4	100	155	22.877	0	102:154,103:153,104:152,105:151
0.01437571	-203.435	0.672	-813.252	-609.145	4.484	5.156	0.6	-0.54	0.72	4	100	155	22.877	0	95:147,96:146,97:145,98:144
0.01659196	-210.886	-0.021	-782.493	-571.628	-5.386	-5.407	0.84	-0.24	0.85	5	100	155	22.877	0	121:149,122:148,123:147,124:146,125:145
0.01719095	-212.263	1.336	-804.647	-591.049	1.228	2.563	0.56	-0.56	0.68	4	100	155	22.877	0	68:150,69:149,70:148,71:147
0.02012599	-218.681	3.103	-791.837	-570.053	1.899	5.002	0.61	-0.54	0.71	4	100	155	22.877	0	43:148,44:147,45:146,46:145
0.02354022	-224.019	3.103	-831.383	-604.261	1.899	5.002	0.61	-0.51	0.71	4	100	155	22.877	0	27:148,28:147,29:146,30:145
0.04547315	-249.444	1.336	-784.816	-534.037	1.228	2.563	0.62	-0.55	0.7	4	100	155	22.877	0	17:150,18:149,19:148,20:147
0.04603221	-250.444	3.892	-849.062	-594.726	-1.613	2.279	0.65	-0.53	0.72	4	100	155	22.877	0	73:154,74:153,75:152,76:151
0.04790903	-255.275	0.695	-823.363	-567.393	1.899	2.594	0.62	-0.54	0.72	4	100	155	22.877	0	99:151,100:150,101:149,102:148
0.04865777	-256.19	2.993	-771.912	-512.729	1.899	4.892	0.64	-0.53	0.73	4	100	155	22.877	0	59:149,60:148,61:147,62:146
0.05445797	-266.462	-4.26	-770.499	-508.298	-11.222	-15.483	0.7	-0.45	0.76	4	100	155	22.877	0	36:151,37:150,38:149,39:148
0.06002855	-272.929	3.027	-933.597	-657.64	5.655	8.683	0.55	-0.62	0.62	4	100	155	22.877	0	67:145,68:144,69:143,70:142
0.06322315	-277.404	2.993	-789.493	-509.097	1.899	4.892	0.7	-0.46	0.76	4	100	155	22.877	0	80:149,81:148,82:147,83:146
0.06577883	-279.103	2.993	-841.882	-559.786	1.899	4.892	0.66	-0.51	0.73	4	100	155	22.877	0	22:149,23:148,24:147,25:146
0.06736615	-282.166	-0.179	-1022.943	-740.956	-5.13	-5.31	0.6	-0.53	0.72	5	100	155	22.877	0	85:149,86:148,87:147,88:146,89:145
0.07111981	-284.208	5.383	-1313.956	-1024.364	7.908	13.292	0.74	-0.16	0.45	5	100	155	22.877	0	43:68,44:67,45:66,46:65,47:64
0.07324621	-287.332	3.892	-863.835	-572.611	-1.613	2.279	0.62	-0.55	0.71	4	100	155	22.877	0	24:154,25:153,26:152,27:151
0.0754425	-289.719	7.247	-1099.138	-802.172	0.229	7.476	0.59	-0.55	0.59	4	100	155	22.877	0	28:128,29:127,30:126,31:125
0.08075353	-292.781	2.369	-1369.831	-1074.681	-0.292	2.077	0.7	-0.33	0.52	6	100	155	22.877	0	130:143,131:142,132:141,133:140,134:139,135:138
0.08542563	-296.536	2.653	-1054.636	-755.447	-0.032	2.621	0.62	-0.52	0.71	5	100	155	22.877	0	27:152,28:151,29:150,30:149,31:148
0.08626421	-297.472	1.379	-1156.227	-857.376	-0.964	0.415	0.69	-0.45	0.74	6	100	155	22.877	0	112:152,113:151,114:150,115:149,116:148,117:147
0.09842366	-308.218	3.074	-1228.672	-917.38	5.655	8.73	0.48	-0.71	0.46	4	100	155	22.877	0	96:106,97:105,98:104,99:103
0.09954177	-309.487	2.993	-754.649	-442.169	1.899	4.892	0.61	-0.56	0.71	4	100	155	22.877	0	56:149,57:148,58:147,59:146
0.1047929	-309.781	4.78	-1333.883	-1019.323	-4.791	-0.011	0.64	-0.53	0.41	5	100	155	22.877	0	10:110,11:109,12:108,13:107,14:106
0.1062405	-313.13	4.026	-1106.417	-789.261	-3.954	0.072	0.49	-0.72	0.55	4	100	155	22.877	0	68:127,69:126,70:125,71:124
0.1090557	-316.118	-6.01	-1086.265	-776.157	-8.393	-14.403	0.6	-0.56	0.59	4	100	155	22.877	0	35:122,36:121,37:120,38:119
0.1118011	-318.08	0.672	-789.408	-470.656	1.899	2.571	0.67	-0.48	0.73	4	100	155	22.877	0	15:147,16:146,17:145,18:144
0.1122403	-318.166	5.071	-1081.44	-758.203	-2.356	2.716	0.6	-0.5	0.58	4	100	155	22.877	0	38:129,39:128,40:127,41:126
0.1146662	-320.32	-0.527	-782.827	-463.035	0.056	-0.471	0.65	-0.5	0.72	4	100	155	22.877	0	51:147,52:146,53:145,54:144
0.1237908	-328.647	0.922	-1008.169	-678.599	-3.283	-2.36	0.62	-0.51	0.63	4	100	155	22.877	0	37:144,38:143,39:142,40:141
0.1276143	-328.881	1.644	-1152.759	-822.234	4.984	6.628	0.47	-0.81	0.46	4	100	155	22.877	0	16:106,17:105,18:104,19:103
0.1328754	-331.802	4.423	-1230.754	-894.529	6.327	10.75	0.51	-0.72	0.5	4	100	155	22.877	0	95:114,96:113,97:112,98:111
0.1407521	-337.214	0.509	-1195.85	-858.128	5.655	6.164	0.56	-0.62	0.57	4	100	155	22.877	0	94:122,95:121,96:120,97:119
0.1431181	-339.06	6.048	-1049.554	-704.447	-4.198	1.85	0.65	-0.48	0.61	4	100	155	22.877	0	48:128,49:127,50:126,51:125
0.1440366	-339.79	2.476	-1005.36	-663.094	-0.032	2.444	0.67	-0.5	0.74	5	100	155	22.877	0	79:154,80:153,81:152,82:151,83:150
0.1447753	-339.926	4.026	-1076.2	-732.249	-3.954	0.072	0.55	-0.66	0.57	4	100	155	22.877	0	17:127,18:126,19:125,20:124
0.1501463	-342.648	1.607	-1250.404	-906.149	6.327	7.934	0.53	-0.7	0.47	4	100	155	22.877	0	22:31,23:30,24:29,25:28
0.154459	-344.096	2.476	-978.893	-632.321	-0.032	2.444	0.65	-0.53	0.72	5	100	155	22.877	0	58:154,59:153,60:152,61:151,62:150
0.1600096	-351.062	5.62	-1148.807	-792.126	5.062	10.682	0.62	-0.54	0.72	6	100	155	22.877	0	64:149,65:148,66:147,67:146,68:145,69:144
0.1638331	-351.092	5.474	-1441.008	-1084.441	5.062	10.537	0.67	-0.44	0.48	6	100	155	22.877	0	48:62,49:61,50:60,51:59,52:58,53:57
0.1642824	-351.954	2.45	-1072.826	-718.422	-5.125	-2.675	0.62	-0.57	0.62	4	100	155	22.877	0	80:126,81:125,82:124,83:123
0.1667981	-352.745	2.45	-1077.25	-722.055	-5.125	-2.675	0.57	-0.68	0.58	4	100	155	22.877	0	59:126,60:125,61:124,62:123
0.1710609	-353.443	2.486	-1205.866	-849.937	0.229	2.716	0.55	-0.6	0.52	4	100	155	22.877	0	38:95,39:94,40:93,41:92
0.1717298	-353.84	3.027	-971.328	-614.461	5.655	8.683	0.59	-0.59	0.62	4	100	155	22.877	0	16:145,17:144,18:143,19:142
0.1735767	-353.958	3.027	-1264.455	-907.47	5.655	8.683	0.47	-0.81	0.46	4	100	155	22.877	0	67:77,68:76,69:75,70:74
0.1761124	-359.132	1.178	-1274.784	-914.474	-3.544	-2.365	0.6	-0.55	0.59	5	100	155	22.877	0	64:126,65:125,66:124,67:123,68:122
0.1813036	-362.826	2.45	-1134.387	-769.111	-5.125	-2.675	0.6	-0.59	0.59	4	100	155	22.877	0	22:126,23:125,24:124,25:123
0.1851271	-362.976	6.479	-1202.21	-832.755	-0.442	6.037	0.54	-0.66	0.53	4	100	155	22.877	0	80:90,81:89,82:88,83:87
0.186395	-363.756	2.848	-1233.885	-867.281	1.899	4.747	0.54	-0.65	0.52	4	100	155	22.877	0	93:132,94:131,95:130,96:129
0.1878525	-366.367	2.476	-1055.819	-686.977	-0.032	2.444	0.66	-0.52	0.73	5	100	155	22.877	0	21:154,22:153,23:152,24:151,25:150
0.1924647	-368.224	0.922	-1193.226	-824.08	-3.283	-2.36	0.51	-0.74	0.53	4	100	155	22.877	0	37:105,38:104,39:103,40:102
0.1963282	-368.679	4.215	-1304.076	-931.182	6.327	10.542	0.52	-0.67	0.5	4	100	155	22.877	0	89:99,90:98,91:97,92:96
0.198205	-369.747	1.462	-1164.419	-793.21	6.327	7.788	0.58	-0.59	0.58	4	100	155	22.877	0	82:130,83:129,84:128,85:127
0.2079785	-376.008	1.644	-1243.066	-865.414	4.984	6.628	0.46	-0.79	0.45	4	100	155	22.877	0	67:106,68:105,69:104,70:103
0.2131298	-376.713	2.486	-1150.943	-771.744	0.229	2.716	0.51	-0.7	0.53	4	100	155	22.877	0	38:84,39:83,40:82,41:81
0.2162545	-378.472	4.423	-1260.814	-877.919	6.327	10.75	0.5	-0.74	0.5	4	100	155	22.877	0	66:94,67:93,68:92,69:91
0.2207469	-380.04	-2.438	-1157.762	-780.161	-7.722	-10.16	0.57	-0.66	0.55	4	100	155	22.877	0	33:104,34:103,35:102,36:101
0.2225739	-380.053	4.423	-1216.939	-832.463	6.327	10.75	0.49	-0.75	0.49	4	100	155	22.877	0	66:80,67:79,68:78,69:77
0.225469	-383.915	0.33	-1177.86	-793.615	4.484	4.814	0.56	-0.64	0.57	4	100	155	22.877	0	101:131,102:130,103:129,104:128
0.2298316	-385.05	4.07	-1311.967	-922.847	6.327	10.397	0.48	-0.78	0.48	4	100	155	22.877	0	92:101,93:100,94:99,95:98
0.2309497	-385.896	4.969	-1402.026	-1011.162	-8.469	-3.501	0.6	-0.58	0.6	5	100	155	22.877	0	87:128,88:127,89:126,90:125,91:124
0.2355619	-386.888	4.07	-1237.735	-846.778	6.327	10.397	0.53	-0.74	0.51	4	100	155	22.877	0	73:103,74:102,75:101,76:100
0.2368098	-387.43	-1.674	-1452.379	-1066.623	5.394	3.72	0.52	-0.7	0.54	5	100	155	22.877	0	97:123,98:122,99:121,100:120,101:119
0.2394853	-388.394	1.462	-1169.229	-779.373	6.327	7.788	0.51	-0.72	0.54	4	100	155	22.877	0	61:130,62:129,63:128,64:127
0.2414519	-390.275	5.627	-1278.874	-882.973	7.908	13.535	0.56	-0.63	0.61	5	100	155	22.877	0	96:145,97:144,98:143,99:142,100:141
0.2464834	-390.761	4.302	-1300.059	-904.996	6.327	10.629	0.48	-0.79	0.45	4	100	155	22.877	0	27:46,28:45,29:44,30:43
0.2470924	-392.455	1.626	-1496.214	-1102.133	-10.256	-8.63	0.83	-0.26	0.82	9	100	155	22.877	0	120:154,121:153,122:152,123:151,124:150,125:149,126:148,127:147,128:146
0.2516747	-393.343	0.04	-1320.448	-927.066	0.301	0.341	0.49	-0.76	0.44	4	100	155	22.877	0	84:100,85:99,86:98,87:97
0.2547595	-393.827	-1.496	-1330.541	-938.21	-0.959	-2.455	0.54	-0.67	0.58	5	100	155	22.877	0	43:125,44:124,45:123,46:122,47:121
0.2555282	-394.234	8.45	-1416.741	-1014.058	1.811	10.261	0.57	-0.59	0.57	5	100	155	22.877	0	98:129,99:128,100:127,101:126,102:125
0.2600405	-395.746	3.027	-1263.064	-864.29	5.655	8.683	0.5	-0.8	0.47	4	100	155	22.877	0	16:77,17:76,18:75,19:74
0.2639939	-396.111	-3.349	-1164.077	-771.315	-6.795	-10.144	0.59	-0.53	0.53	4	100	155	22.877	0	36:49,37:48,38:47,39:46
0.2689555	-396.889	0.297	-1191.949	-794.763	1.899	2.196	0.55	-0.71	0.53	4	100	155	22.877	0	101:133,102:132,103:131,104:130
0.2726293	-398.08	5.21	-1175.751	-772.462	-5.462	-0.253	0.63	-0.52	0.71	6	100	155	22.877	0	46:153,47:152,48:151,49:150,50:149,51:148
0.2782897	-400.201	4.302	-1273.814	-869.31	6.327	10.629	0.5	-0.75	0.49	4	100	155	22.877	0	43:115,44:114,45:113,46:112
0.2807056	-400.952	1.151	-1303.784	-901.681	4.984	6.135	0.49	-0.8	0.44	4	100	155	22.877	0	68:117,69:116,70:115,71:114
0.2844892	-400.98	3.095	-1153.237	-749.162	-3.529	-0.434	0.47	-0.88	0.45	4	100	155	22.877	0	12:21,13:20,14:19,15:18
0.2888019	-402.14	4.192	-1236.742	-830.41	6.327	10.519	0.47	-0.8	0.48	4	100	155	22.877	0	46:102,47:101,48:100,49:99
0.2907287	-402.635	2.837	-1272.293	-866.822	5.655	8.492	0.44	-0.85	0.43	4	100	155	22.877	0	45:71,46:70,47:69,48:68
0.2972377	-404.585	4.191	-1267.868	-859.092	6.327	10.518	0.52	-0.75	0.47	4	100	155	22.877	0	28:62,29:61,30:60,31:59
0.298825	-405.495	3.789	-1207.948	-798.664	1.55	5.339	0.61	-0.56	0.71	6	100	155	22.877	0	63:154,64:153,65:152,66:151,67:150,68:149
0.3027284	-405.968	-0.119	-1163.886	-758.037	-7.722	-7.841	0.56	-0.69	0.54	4	100	155	22.877	0	20:38,21:37,22:36,23:35
0.3074105	-407.411	5.262	-1530.238	-1117.565	7.908	13.17	0.5	-0.7	0.49	5	100	155	22.877	0	77:98,78:97,79:96,80:95,81:94
0.3087782	-409.148	5.36	-1475.401	-1060.892	5.323	10.683	0.59	-0.54	0.56	5	100	155	22.877	0	93:130,94:129,95:128,96:127,97:126
0.3099662	-410.206	5.608	-1383.483	-967.669	-2.372	3.236	0.62	-0.53	0.6	5	100	155	22.877	0	113:128,114:127,115:126,116:125,117:124
0.3103555	-411.589	2.476	-972.69	-558.626	-2.616	-0.141	0.61	-0.58	0.7	5	100	155	22.877	0	55:154,56:153,57:152,58:151,59:150
0.3175134	-414.23	4.192	-1223.456	-805.033	6.327	10.519	0.56	-0.67	0.54	4	100	155	22.877	0	80:116,81:115,82:114,83:113
0.3224351	-415.461	4.423	-1191.27	-771.386	3.742	8.165	0.49	-0.81	0.5	4	100	155	22.877	0	15:80,16:79,17:78,18:77
0.3280556	-418.424	4.191	-1230.554	-807.939	6.327	10.518	0.53	-0.74	0.46	4	100	155	22.877	0	44:62,45:61,46:60,47:59
0.3322186	-419.403	4.081	-1164.077	-740.592	6.327	10.408	0.52	-0.73	0.53	4	100	155	22.877	0	62:143,63:142,64:141,65:140
0.336701	-420.923	4.302	-1328.743	-903.518	6.327	10.629	0.49	-0.77	0.49	4	100	155	22.877	0	27:115,28:114,29:113,30:112
0.3407142	-422.037	-2.206	-1187.343	-767.512	-7.722	-9.928	0.46	-0.81	0.52	4	100	155	22.877	0	35:81,36:80,37:79,38:78
0.3439188	-424.565	-1.496	-1374.032	-950.963	-0.959	-2.455	0.61	-0.61	0.62	5	100	155	22.877	0	112:125,113:124,114:123,115:122,116:121
0.3454662	-424.822	2.45	-1078.766	-651.494	-5.125	-2.675	0.53	-0.73	0.57	4	100	155	22.877	0	56:126,57:125,58:124,59:123
0.3495093	-425.727	4.192	-1238.585	-808.666	6.327	10.519	0.54	-0.71	0.5	4	100	155	22.877	0	59:116,60:115,61:114,62:113
0.3537422	-426.536	2.534	-1238.88	-809.81	5.655	8.19	0.46	-0.83	0.44	4	100	155	22.877	0	17:48,18:47,19:46,20:45
0.3580848	-427.274	2.882	-1187.98	-757.823	4.484	7.366	0.57	-0.62	0.57	4	100	155	22.877	0	83:143,84:142,85:141,86:140
0.3626471	-428.015	4.07	-1310.097	-878.011	6.327	10.397	0.48	-0.8	0.45	4	100	155	22.877	0	63:100,64:99,65:98,66:97
0.3684373	-430.046	4.192	-1289.961	-855.723	6.327	10.519	0.52	-0.72	0.51	4	100	155	22.877	0	22:116,23:115,24:114,25:113
0.3712426	-430.599	3.114	-1044.121	-610.408	1.899	5.013	0.63	-0.59	0.62	4	100	155	22.877	0	49:144,50:143,51:142,52:141
0.3750661	-431	4.07	-1324.636	-889.565	6.327	10.397	0.5	-0.77	0.49	4	100	155	22.877	0	23:97,24:96,25:95,26:94
0.379279	-431.347	3.114	-1190.349	-755.888	1.899	5.013	0.53	-0.72	0.52	4	100	155	22.877	0	49:105,50:104,51:103,52:102
0.3837115	-431.807	4.047	-1253.331	-817.477	6.327	10.373	0.55	-0.67	0.54	4	100	155	22.877	0	93:142,94:141,95:140,96:139
0.3878246	-432.186	4.191	-1240.683	-804.306	6.327	10.518	0.5	-0.77	0.5	4	100	155	22.877	0	44:83,45:82,46:81,47:80
0.3928561	-437.003	5.395	-1311.889	-869.491	7.908	13.303	0.61	-0.58	0.6	5	100	155	22.877	0	100:144,101:143,102:142,103:141,104:140
0.3966397	-437.004	4.191	-1296.655	-855.459	6.327	10.518	0.5	-0.72	0.5	4	100	155	22.877	0	28:83,29:82,30:81,31:80
0.4005231	-437.928	1.401	-1606.649	-1167.32	-0.703	0.698	0.52	-0.69	0.46	5	100	155	22.877	0	27:89,28:88,29:87,30:86,31:85
0.4080404	-442.158	2.413	-1404.947	-960.376	5.655	8.069	0.4	-0.94	0.42	4	100	155	22.877	0	69:99,70:98,71:97,72:96
0.411854	-442.672	1.151	-1288.493	-844.669	4.984	6.135	0.46	-0.84	0.46	4	100	155	22.877	0	17:117,18:116,19:115,20:114
0.4156476	-442.727	4.07	-1271.459	-824.662	6.327	10.397	0.5	-0.81	0.5	4	100	155	22.877	0	24:103,25:102,26:101,27:100
0.4173147	-442.795	-3.054	-1431.279	-991.538	1.882	-1.172	0.6	-0.58	0.58	5	100	155	22.877	0	99:124,100:123,101:122,102:121,103:120
0.4184129	-442.903	-3.736	-1157.855	-718.688	-0.615	-4.35	0.55	-0.69	0.55	4	100	155	22.877	0	53:123,54:122,55:121,56:120
0.4228953	-443.353	1.462	-1214.522	-769.707	6.327	7.788	0.52	-0.73	0.51	4	100	155	22.877	0	61:85,62:84,63:83,64:82
0.4267188	-443.854	6.479	-1333.777	-883.444	-0.442	6.037	0.51	-0.71	0.5	4	100	155	22.877	0	22:90,23:89,24:88,25:87
0.4330182	-446.29	5.139	-1610.776	-1159.347	0.139	5.278	0.53	-0.7	0.48	5	100	155	22.877	0	87:118,88:117,89:116,90:115,91:114
0.4368218	-446.507	3.147	-1203.036	-753.382	1.899	5.046	0.48	-0.9	0.46	4	100	155	22.877	0	50:63,51:62,52:61,53:60
0.4410746	-447.998	3.259	-1237.372	-786.114	1.899	5.158	0.5	-0.78	0.51	4	100	155	22.877	0	52:92,53:91,54:90,55:89
0.4426519	-450.011	2.963	-1619.286	-1166.312	-8.325	-5.362	0.64	-0.51	0.73	8	100	155	22.877	0	84:154,85:153,86:152,87:151,88:150,89:149,90:148,91:147
0.4464755	-450.075	2.486	-1246.2	-793.638	0.229	2.716	0.47	-0.8	0.49	4	100	155	22.877	0	38:63,39:62,40:61,41:60
0.4504188	-450.622	6.479	-1293.488	-836.388	-0.442	6.037	0.5	-0.76	0.5	4	100	155	22.877	0	59:90,60:89,61:88,62:87
0.4580359	-452.954	-2.206	-1273.408	-822.66	-7.722	-9.928	0.55	-0.67	0.53	4	100	155	22.877	0	35:75,36:74,37:73,38:72
0.4620791	-454.345	4.423	-1257.107	-798.339	3.742	8.165	0.49	-0.84	0.48	4	100	155	22.877	0	15:74,16:73,17:72,18:71
0.4659026	-454.502	4.423	-1214.965	-756.04	3.742	8.165	0.54	-0.72	0.52	4	100	155	22.877	0	15:114,16:113,17:112,18:111
0.4707544	-461.553	5.732	-1185.232	-717.947	-0.686	5.046	0.54	-0.76	0.55	4	100	155	22.877	0	50:129,51:128,52:127,53:126
0.471024	-461.965	1.344	-1562.824	-1099.515	1.028	2.372	0.61	-0.55	0.71	8	100	155	22.877	0	43:152,44:151,45:150,46:149,47:148,48:147,49:146,50:145
0.4779423	-465.921	-2	-1266.063	-802.142	4.484	2.484	0.5	-0.76	0.49	4	100	155	22.877	0	62:86,63:85,64:84,65:83
0.482854	-467.359	-0.649	-1308.852	-842.142	0.056	-0.592	0.49	-0.8	0.5	4	100	155	22.877	0	93:134,94:133,95:132,96:131
0.4836526	-467.76	-0.837	-1189.82	-722.897	0.056	-0.78	0.48	-0.82	0.51	4	100	155	22.877	0	54:131,55:130,56:129,57:128
0.4908904	-472.374	2.915	-1132.1	-656.812	1.899	4.814	0.44	-0.95	0.47	4	100	155	22.877	0	54:141,55:140,56:139,57:138
0.4947239	-472.772	4.423	-1294.037	-816.842	3.742	8.165	0.49	-0.83	0.51	4	100	155	22.877	0	15:94,16:93,17:92,18:91
0.4985375	-473.35	4.192	-1332.538	-854.996	6.327	10.519	0.5	-0.77	0.47	4	100	155	22.877	0	22:47,23:46,24:45,25:44
0.5024209	-474.467	4.601	-1251.041	-771.973	0.898	5.499	0.44	-0.92	0.43	4	100	155	22.877	0	10:107,11:106,12:105,13:104
0.5074923	-476.27	4.081	-1207.881	-727.53	6.327	10.408	0.51	-0.75	0.53	4	100	155	22.877	0	101:141,102:140,103:139,104:138
0.5123042	-477.476	4.191	-1270.199	-788.531	6.327	10.518	0.47	-0.84	0.46	4	100	155	22.877	0	28:59,29:58,30:57,31:56
0.5175553	-478.591	1.351	-1250.643	-770.701	-1.613	-0.262	0.46	-0.85	0.5	4	100	155	22.877	0	101:135,102:134,103:133,104:132
0.5215087	-480.1	1.02	-1601.41	-1120.29	-0.703	0.317	0.52	-0.69	0.49	5	100	155	22.877	0	85:116,86:115,87:114,88:113,89:112
0.52662	-483.826	6.433	-1521.211	-1030.952	4.652	11.085	0.55	-0.7	0.5	5	100	155	22.877	0	16:92,17:91,18:90,19:89,20:88
0.5304036	-484.048	4.192	-1226.346	-738.106	6.327	10.519	0.48	-0.82	0.49	4	100	155	22.877	0	56:116,57:115,58:114,59:113
0.534327	-485.243	3.224	-1236.886	-748.418	1.899	5.123	0.48	-0.82	0.51	4	100	155	22.877	0	51:114,52:113,53:112,54:111
0.5382404	-486.257	1.759	-1303.324	-815.308	1.228	2.987	0.46	-0.93	0.43	4	100	155	22.877	0	52:72,53:71,54:70,55:69
0.5386497	-486.786	1.284	-1256.798	-768.728	-1.613	-0.33	0.51	-0.73	0.51	4	100	155	22.877	0	127:136,128:135,129:134,130:133
0.5451687	-492.919	-3.577	-1545.732	-1056.39	-13.824	-17.401	0.55	-0.59	0.51	5	100	155	22.877	0	36:88,37:87,38:86,39:85,40:84
0.5490321	-494.44	-0.869	-1217.615	-724.044	-2.529	-3.398	0.44	-0.93	0.48	4	100	155	22.877	0	54:133,55:132,56:131,57:130
0.5528157	-494.471	5.262	-1570.945	-1071.213	7.908	13.17	0.47	-0.82	0.48	5	100	155	22.877	0	20:101,21:100,22:99,23:98,24:97
0.5565993	-494.735	4.07	-1312.977	-814.171	6.327	10.397	0.44	-0.89	0.49	4	100	155	22.877	0	57:97,58:96,59:95,60:94
0.560383	-494.91	6.479	-1267.216	-765.827	-0.442	6.037	0.46	-0.81	0.48	4	100	155	22.877	0	56:90,57:89,58:88,59:87
0.5641965	-495.564	3.147	-1230.198	-731.487	1.899	5.046	0.51	-0.8	0.5	4	100	155	22.877	0	50:84,51:83,52:82,53:81
0.5683994	-497.458	2.871	-1258.057	-757.729	1.899	4.77	0.49	-0.79	0.47	4	100	155	22.877	0	21:56,22:55,23:54,24:53
0.5742895	-498.475	4.191	-1240.045	-737.379	6.327	10.518	0.4	-0.98	0.45	4	100	155	22.877	0	44:59,45:58,46:57,47:56
0.5785922	-499.596	5.446	-1037.334	-532.291	-3.529	1.917	0.25	-1.01	0.46	4	100	155	22.877	0	3:15,4:14,5:13,6:12
0.5823758	-499.932	3.446	-1072.128	-568.75	4.984	8.431	0.24	-1.02	0.46	4	100	155	22.877	0	3:19,4:18,5:17,6:16
0.5863391	-501.236	4.07	-1285.707	-780.401	3.742	7.812	0.42	-0.99	0.44	4	100	155	22.877	0	55:100,56:99,57:98,58:97
0.5891643	-503.178	0.405	-1508.36	-1004.777	-5.213	-4.808	0.56	-0.6	0.51	5	100	155	22.877	0	36:67,37:66,38:65,39:64,40:63
0.5910411	-503.724	6.433	-1622.991	-1112.834	4.652	11.085	0.5	-0.75	0.48	5	100	155	22.877	0	67:92,68:91,69:90,70:89,71:88
0.5959229	-506.34	3.114	-1251.476	-742.022	1.899	5.013	0.43	-0.91	0.47	4	100	155	22.877	0	53:82,54:81,55:80,56:79
0.6004752	-508.701	3.095	-1340.569	-828.772	-3.529	-0.434	0.42	-0.96	0.43	4	100	155	22.877	0	12:72,13:71,14:70,15:69
0.6044185	-510.912	6.652	-1641.13	-1123.566	6.908	13.56	0.43	-0.88	0.42	5	100	155	22.877	0	40:72,41:71,42:70,43:69,44:68
0.6068943	-513.277	4.108	-1584.717	-1067.332	-0.703	3.405	0.51	-0.71	0.48	5	100	155	22.877	0	64:90,65:89,66:88,67:87,68:86
0.610678	-513.492	0.184	-1213.659	-699.983	-6.041	-5.857	0.46	-0.94	0.44	4	100	155	22.877	0	54:135,55:134,56:133,57:132
0.6154599	-515.518	9.873	-2475.958	-1950.567	14.235	24.108	0.71	-0.26	0.49	9	100	155	22.877	0	21:103,22:102,23:101,24:100,25:99,26:98,27:97,28:96,29:95
0.6207709	-518.065	4.047	-1337.053	-814.941	6.327	10.373	0.48	-0.83	0.46	4	100	155	22.877	0	93:140,94:139,95:138,96:137
0.6246044	-518.579	-2.723	-1576.693	-1060.837	-9.652	-12.376	0.52	-0.71	0.53	5	100	155	22.877	0	34:96,35:95,36:94,37:93,38:92
0.6307041	-520.817	1.284	-1362.411	-840.311	-1.613	-0.33	0.44	-0.91	0.46	4	100	155	22.877	0	93:136,94:135,95:134,96:133
0.6345875	-523.154	6.32	-1779.484	-1250.01	9.49	15.81	0.53	-0.68	0.5	6	100	155	22.877	0	79:103,80:102,81:101,82:100,83:99,84:98
0.6390999	-524.356	2.848	-1148.099	-620.896	1.899	4.747	0.46	-0.89	0.5	4	100	155	22.877	0	7:132,8:131,9:130,10:129
0.6435125	-524.847	5.262	-1707.124	-1177.014	7.908	13.17	0.48	-0.8	0.48	5	100	155	22.877	0	71:98,72:97,73:96,74:95,75:94
0.6471863	-528.365	-6.617	-1528.452	-1006.705	-14.08	-20.697	0.51	-0.72	0.53	5	100	155	22.877	0	33:133,34:132,35:131,36:130,37:129
0.6509898	-529.423	6.754	-1578.998	-1042.821	-1.701	5.053	0.48	-0.77	0.5	5	100	155	22.877	0	23:41,24:40,25:39,26:38,27:37
0.6533558	-534.683	3.929	-1510.085	-971.472	3.481	7.41	0.54	-0.72	0.52	5	100	155	22.877	0	61:132,62:131,63:130,64:129,65:128
0.6593058	-536.451	1.632	-1626.726	-1088.644	6.066	7.698	0.48	-0.78	0.46	5	100	155	22.877	0	27:50,28:49,29:48,30:47,31:46
0.6604039	-536.631	-7.146	-1709.901	-1180.417	-9.657	-16.804	0.57	-0.61	0.58	6	100	155	22.877	0	36:124,37:123,38:122,39:121,40:120,41:119
0.6647865	-539.482	-1.052	-1247.872	-709.442	-12.15	-13.201	0.46	-0.84	0.49	4	100	155	22.877	0	33:57,34:56,35:55,36:54
0.6655452	-539.822	-0.834	-2030.632	-1491.644	-4.151	-4.985	0.53	-0.65	0.55	7	100	155	22.877	0	27:125,28:124,29:123,30:122,31:121,32:120,33:119
0.6694287	-540.097	-2.833	-1468.724	-931.46	-9.652	-12.486	0.53	-0.74	0.56	5	100	155	22.877	0	33:143,34:142,35:141,36:140,37:139
0.6698579	-540.793	-2.226	-1702.353	-1163.786	-10.573	-12.799	0.57	-0.65	0.6	6	100	155	22.877	0	85:126,86:125,87:124,88:123,89:122,90:121
0.6745899	-542.81	2.487	-1437.719	-892.422	-2.616	-0.13	0.48	-0.85	0.51	5	100	155	22.877	0	132:143,133:142,134:141,135:140,136:139
0.6784334	-543.296	2.236	-1607.426	-1061.895	-1.701	0.535	0.5	-0.72	0.51	5	100	155	22.877	0	37:76,38:75,39:74,40:73,41:72
0.6824566	-544.305	1.401	-1653.244	-1107.538	-0.703	0.698	0.5	-0.7	0.45	5	100	155	22.877	0	43:89,44:88,45:87,46:86,47:85
0.6832753	-544.375	2.73	-1547.732	-1000.626	1.638	4.368	0.55	-0.62	0.55	5	100	155	22.877	0	82:132,83:131,84:130,85:129,86:128
0.6878276	-547.063	6.766	-1103.534	-549.705	3.742	10.507	0.42	-0.97	0.47	4	100	155	22.877	0	5:18,6:17,7:16,8:15
0.6916212	-547.326	5.259	-1156.766	-604.181	5.326	10.585	0.24	-1.02	0.46	4	100	155	22.877	0	3:43,4:42,5:41,6:40
0.6963432	-551.657	5.239	-1634.951	-1078.055	7.908	13.147	0.5	-0.77	0.48	5	100	155	22.877	0	60:97,61:96,62:95,63:94,64:93
0.6995178	-559.254	6.819	-1811.342	-1245.27	9.49	16.308	0.51	-0.73	0.5	6	100	155	22.877	0	64:116,65:115,66:114,67:113,68:112,69:111
0.7002865	-561.357	1.462	-1190.892	-628.073	6.327	7.788	0.47	-0.84	0.53	4	100	155	22.877	0	7:130,8:129,9:128,10:127
0.7040701	-561.47	-2.152	-1520.559	-961.241	1.638	-0.514	0.51	-0.75	0.49	5	100	155	22.877	0	61:134,62:133,63:132,64:131,65:130
0.7078537	-561.563	1.351	-1240.578	-677.665	-1.613	-0.262	0.46	-0.83	0.51	4	100	155	22.877	0	134:143,135:142,136:141,137:140
0.7119169	-562.3	4.074	-1581.617	-1015.243	4.652	8.726	0.47	-0.86	0.46	5	100	155	22.877	0	15:29,16:28,17:27,18:26,19:25
0.716579	-564.639	5.128	-1455.177	-885.41	7.908	13.036	0.53	-0.78	0.51	5	100	155	22.877	0	61:142,62:141,63:140,64:139,65:138
0.7232377	-572.707	6.746	-1422.377	-842.924	0.896	7.642	0.48	-0.86	0.48	5	100	155	22.877	0	48:59,49:58,50:57,51:56,52:55
0.7275105	-576.02	-0.649	-1171.128	-595.756	0.056	-0.592	0.46	-0.96	0.48	4	100	155	22.877	0	7:134,8:133,9:132,10:131
0.7312941	-576.655	5.262	-1643.659	-1061.742	7.908	13.17	0.45	-0.87	0.47	5	100	155	22.877	0	78:101,79:100,80:99,81:98,82:97
0.7379828	-579.999	7.126	-1194.78	-607.655	0.229	7.355	0.39	-0.97	0.48	4	100	155	22.877	0	6:41,7:40,8:39,9:38
0.744352	-587.976	4.047	-1163.114	-571.091	6.327	10.373	0.48	-0.89	0.52	4	100	155	22.877	0	7:142,8:141,9:140,10:139
0.7481456	-588.533	4.07	-1273.168	-680.565	6.327	10.397	0.34	-1.04	0.44	4	100	155	22.877	0	6:101,7:100,8:99,9:98
0.7523984	-590.926	1.975	-1181.12	-588.219	-3.956	-1.981	0.14	-0.89	0.54	4	100	155	22.877	0	1:88,2:87,3:86,4:85
0.7561821	-591.377	-6.763	-1545.062	-960.448	-19.435	-26.198	0.52	-0.72	0.52	5	100	155	22.877	0	33:135,34:134,35:133,36:132,37:131
0.7635496	-596.734	-3.351	-1583.778	-990.395	-0.205	-3.556	0.51	-0.73	0.52	5	100	155	22.877	0	82:134,83:133,84:132,85:131,86:130

