0	70.664	22.255	-80.506	-128.915	-65.862	-43.607	1	0.59	0.71	8	11	174	1.135	0	116:136,117:135,118:134,119:133,120:132,121:131,122:130,123:129
0	78.383	24.06	-147.246	-201.569	-80.125	-56.065	0.97	0.67	0.56	9	11	174	1.135	0	29:62,30:61,31:60,32:59,33:58,34:57,35:56,36:55,37:54
0.00000998	58.213	10.404	-155.91	-203.719	-61.189	-50.785	0.97	0.55	0.64	9	11	174	1.135	0	84:108,85:107,86:106,87:105,88:104,89:103,90:102,91:101,92:100
0.00003993	51.261	17.264	-45.867	-79.865	-52.177	-34.913	0.98	0.28	0.8	6	11	174	1.135	0	13:77,14:76,15:75,16:74,17:73,18:72
0.01786017	25.199	14.86	-34.719	-45.058	-34.166	-19.307	0.98	0.22	0.85	4	11	174	1.135	0	110:123,111:122,112:121,113:120
0.01990676	24.661	7.894	-25.156	-41.923	-31.612	-23.719	0.98	-0.05	0.94	4	11	174	1.135	0	67:78,68:77,69:76,70:75
0.02929108	22.339	15.869	-61.186	-67.656	-38.272	-22.403	0.89	-0.04	0.85	5	11	174	1.135	0	10:78,11:77,12:76,13:75,14:74
0.02994	22.197	20.134	-56.27	-58.333	-18.771	1.363	0.91	-0.09	0.85	5	11	174	1.135	0	7:98,8:97,9:96,10:95,11:94
0.03933431	20.552	8.347	-26.904	-39.109	-31.992	-23.645	1	0.26	0.87	4	11	174	1.135	0	119:141,120:140,121:139,122:138
0.04375693	19.841	8.428	-55.182	-66.595	-46.213	-37.785	0.96	0.08	0.89	5	11	174	1.135	0	66:112,67:111,68:110,69:109,70:108
0.04651232	19.432	15.002	-83.457	-87.886	-42.268	-27.266	0.95	0.19	0.78	5	11	174	1.135	0	34:116,35:115,36:114,37:113,38:112
0.05067537	18.834	14.321	-82.854	-87.367	-39.028	-24.707	0.95	0.16	0.76	5	11	174	1.135	0	101:116,102:115,103:114,104:113,105:112
0.05587669	18.169	14.097	-80.531	-84.602	-28.196	-14.098	0.93	0.13	0.73	5	11	174	1.135	0	53:97,54:96,55:95,56:94,57:93
0.05779348	17.97	13.749	-67.325	-71.546	-36.52	-22.771	0.95	0.22	0.78	5	11	174	1.135	0	74:87,75:86,76:85,77:84,78:83
0.07310791	16.284	12.033	-40.887	-45.139	-37.743	-25.711	0.93	0	0.87	4	11	174	1.135	0	14:70,15:69,16:68,17:67
0.07571356	16.026	14.85	-88.657	-89.832	-33.84	-18.99	0.95	0.31	0.71	5	11	174	1.135	0	26:106,27:105,28:104,29:103,30:102
0.07934749	15.693	10.144	-43.805	-49.354	-36.318	-26.175	0.98	0.25	0.82	4	11	174	1.135	0	112:132,113:131,114:130,115:129
0.08183334	15.446	12.957	-77.678	-80.168	-42.37	-29.413	0.93	-0.07	0.84	5	11	174	1.135	0	9:112,10:111,11:110,12:109,13:108
0.08725429	14.977	12.702	-52.941	-55.215	-37.896	-25.194	0.95	0.06	0.85	4	11	174	1.135	0	16:115,17:114,18:113,19:112
0.09037907	14.697	12.965	-86.204	-87.937	-36.231	-23.266	0.89	0.05	0.69	5	11	174	1.135	0	101:124,102:123,103:122,104:121,105:120
0.09372348	14.422	13.861	-77.553	-78.114	-42.712	-28.85	0.91	-0.16	0.83	5	11	174	1.135	0	82:112,83:111,84:110,85:109,86:108
0.1057634	13.436	10.875	-63.759	-66.32	-38.556	-27.68	0.95	0.05	0.83	5	11	174	1.135	0	82:131,83:130,84:129,85:128,86:127
0.1058832	13.427	9.774	-86.53	-90.184	-46.371	-36.597	0.94	0.21	0.81	6	11	174	1.135	0	101:162,102:161,103:160,104:159,105:158,106:157
0.1213873	12.231	14.592	-130.779	-128.418	-79.675	-65.083	0.9	-0.15	0.82	9	11	174	1.135	0	141:160,142:159,143:158,144:157,145:156,146:155,147:154,148:153,149:152
0.1222458	12.162	8.17	-60.645	-64.637	-34.512	-26.342	0.93	0.22	0.78	4	11	174	1.135	0	86:141,87:140,88:139,89:138
0.1229447	12.112	19.694	-76.327	-68.745	-34.916	-15.222	0.84	-0.26	0.75	4	11	174	1.135	0	114:156,115:155,116:154,117:153
0.1237833	12.057	3.844	-32.605	-40.818	-35.726	-31.882	1	0.26	0.87	4	11	174	1.135	0	130:160,131:159,132:158,133:157
0.1241227	12.032	20.675	-96.961	-88.318	-50.388	-29.713	0.91	0.02	0.79	6	11	174	1.135	0	13:87,14:86,15:85,16:84,17:83,18:82
0.1253906	11.938	13.905	-81.407	-79.44	-34.467	-20.562	0.84	-0.01	0.8	5	11	174	1.135	0	6:105,7:104,8:103,9:102,10:101
0.1310412	11.532	11.782	-51.606	-51.357	-14.842	-3.06	0.84	-0.23	0.81	4	11	174	1.135	0	95:124,96:123,97:122,98:121
0.135923	11.182	2.789	-30.475	-38.868	-32.374	-29.586	1	0.21	0.9	4	11	174	1.135	0	73:142,74:141,75:140,76:139
0.1390378	10.964	15.874	-55.639	-50.729	-21.349	-5.474	0.91	-0.04	0.81	4	11	174	1.135	0	81:96,82:95,83:94,84:93
0.1406052	10.867	9.519	-64.551	-65.898	-22.673	-13.154	0.91	0.15	0.8	4	11	174	1.135	0	24:103,25:102,26:101,27:100
0.1446784	10.612	10.007	-58.115	-58.719	-29.4	-19.393	0.95	0.21	0.78	4	11	174	1.135	0	53:95,54:94,55:93,56:92
0.144898	10.595	3.953	-30.547	-37.189	-36.28	-32.327	0.98	-0.05	0.98	4	11	174	1.135	0	67:142,68:141,69:140,70:139
0.1760061	8.67	14.085	-79.851	-74.436	-30.915	-16.83	0.91	0.01	0.75	4	11	174	1.135	0	11:87,12:86,13:85,14:84
0.1820759	8.307	9.334	-44.537	-43.511	-17.598	-8.265	0.89	-0.2	0.9	4	11	174	1.135	0	95:162,96:161,97:160,98:159
0.183254	8.236	11.858	-101.338	-97.716	-30.863	-19.005	0.91	0.03	0.71	5	11	174	1.135	0	100:118,101:117,102:116,103:115,104:114
0.190991	7.778	11.435	-62.565	-58.909	-32.462	-21.026	0.89	-0.01	0.81	4	11	174	1.135	0	34:125,35:124,36:123,37:122
0.1972706	7.411	10.37	-57.889	-54.929	-35.074	-24.703	0.91	-0.08	0.88	4	11	174	1.135	0	12:159,13:158,14:157,15:156
0.1972905	7.41	8.017	-77.701	-77.094	-43.356	-35.339	0.87	-0.13	0.79	5	11	174	1.135	0	72:112,73:111,74:110,75:109,76:108
0.1986383	7.325	6.135	-65.921	-67.111	-44.524	-38.389	0.96	0	0.93	5	11	174	1.135	0	51:114,52:113,53:112,54:111,55:110
0.1992872	7.29	7.487	-75.306	-75.109	-24.163	-16.676	0.89	0.11	0.77	4	11	174	1.135	0	67:102,68:101,69:100,70:99
0.2020426	7.142	8.008	-58.367	-57.501	-28.054	-20.046	0.93	0.1	0.8	4	11	174	1.135	0	92:116,93:115,94:114,95:113
0.207184	6.875	2.338	-53.339	-57.877	-32.562	-30.224	0.95	0	0.91	4	11	174	1.135	0	51:80,52:79,53:78,54:77
0.2085517	6.79	6.238	-46.667	-47.219	-32.876	-26.638	0.98	0.11	0.9	4	11	174	1.135	0	83:142,84:141,85:140,86:139
0.2094602	6.739	7.565	-51.588	-50.762	-33.205	-25.64	0.95	0	0.92	4	11	174	1.135	0	10:142,11:141,12:140,13:139
0.2156698	6.39	12.54	-71.624	-65.474	-28.163	-15.623	0.93	0.24	0.7	4	11	174	1.135	0	84:120,85:119,86:118,87:117
0.2169477	6.321	12.018	-67.659	-61.961	-33.677	-21.658	0.86	-0.01	0.72	4	11	174	1.135	0	16:123,17:122,18:121,19:120
0.2270408	5.801	2.12	-28.557	-32.238	-37.036	-34.916	1	0	1	4	11	174	1.135	0	138:160,139:159,140:158,141:157
0.2358461	5.309	2.382	-47.757	-50.684	-34.46	-32.078	0.95	-0.04	0.94	4	11	174	1.135	0	36:160,37:159,38:158,39:157
0.2464384	4.749	11.186	-118.252	-111.815	-32.711	-21.525	0.91	0.02	0.74	6	11	174	1.135	0	81:104,82:103,83:102,84:101,85:100,86:99
0.2471672	4.714	12.143	-65.726	-58.297	-44.215	-32.072	0.87	-0.19	0.91	5	11	174	1.135	0	39:114,40:113,41:112,42:111,43:110
0.2471772	4.714	14.44	-58.041	-48.315	-24.814	-10.375	0.91	-0.05	0.85	4	11	174	1.135	0	7:95,8:94,9:93,10:92
0.2549542	4.329	7.448	-51.883	-48.764	-40.241	-32.793	0.95	0.04	0.89	4	11	174	1.135	0	135:160,136:159,137:158,138:157
0.2607446	4.043	5.884	-110.268	-108.426	-38.546	-32.662	0.85	0.13	0.69	5	11	174	1.135	0	52:105,53:104,54:103,55:102,56:101
0.2619126	3.992	11.654	-57.617	-49.955	-42.067	-30.413	0.82	-0.21	0.86	5	11	174	1.135	0	4:142,5:141,6:140,7:139,8:138
0.270039	3.571	7.044	-90.319	-86.846	-42.71	-35.665	0.93	0.09	0.8	5	11	174	1.135	0	16:55,17:54,18:53,19:52,20:51
0.2719459	3.476	12.579	-62.478	-53.375	-35.568	-22.989	0.89	-0.29	0.86	4	11	174	1.135	0	83:139,84:138,85:137,86:136
0.2764084	3.234	11.181	-70.359	-62.413	-32.609	-21.429	0.93	0.26	0.7	4	11	174	1.135	0	72:94,73:93,74:92,75:91
0.2821788	2.915	6.265	-46.283	-42.933	-34.588	-28.323	0.86	-0.24	0.86	4	11	174	1.135	0	39:64,40:63,41:62,42:61
0.2854233	2.749	5.362	-46.644	-44.031	-32.205	-26.843	0.95	0.04	0.89	4	11	174	1.135	0	116:142,117:141,118:140,119:139
0.2867511	2.681	15.996	-101.923	-88.608	-50.313	-34.316	0.86	-0.17	0.79	6	11	174	1.135	0	112:157,113:156,114:155,115:154,116:153,117:152
0.291044	2.483	8.337	-46.445	-40.591	-33.351	-25.014	0.95	-0.08	0.96	4	11	174	1.135	0	21:142,22:141,23:140,24:139
0.3004283	1.971	10.133	-97.896	-89.734	-39.402	-29.269	0.94	0.05	0.77	6	11	174	1.135	0	91:118,92:117,93:116,94:115,95:114,96:113
0.3102918	1.453	11.099	-98.327	-88.682	-21.089	-9.99	0.86	0	0.71	4	11	174	1.135	0	10:102,11:101,12:100,13:99
0.312588	1.344	16.364	-117.999	-102.979	-64.294	-47.93	0.86	-0.02	0.81	8	11	174	1.135	0	118:159,119:158,120:157,121:156,122:155,123:154,124:153,125:152
0.3146845	1.23	10.767	-56.499	-46.962	-29.618	-18.85	0.93	0.04	0.85	4	11	174	1.135	0	24:94,25:93,26:92,27:91
0.3169507	1.114	13.881	-46.936	-34.169	-40.781	-26.9	0.82	-0.25	0.88	4	11	174	1.135	0	143:168,144:167,145:166,146:165
0.3172202	1.096	6.885	-44.744	-38.955	-31.992	-25.106	0.93	-0.11	0.95	4	11	174	1.135	0	26:141,27:140,28:139,29:138
0.3200855	0.941	4.965	-49.045	-45.021	-29.664	-24.699	0.93	0	0.87	4	11	174	1.135	0	92:162,93:161,94:160,95:159
0.3274831	0.559	7.497	-65.975	-59.036	-30.055	-22.558	0.91	-0.12	0.9	4	11	174	1.135	0	21:40,22:39,23:38,24:37
0.3358491	0.145	7.164	-98.367	-91.348	-35.194	-28.03	0.86	0.2	0.62	4	11	174	1.135	0	59:93,60:92,61:91,62:90
0.3402817	-0.068	5.932	-68.616	-62.617	-28.978	-23.046	0.91	0.01	0.76	4	11	174	1.135	0	92:148,93:147,94:146,95:145
0.3642517	-1.282	7.495	-70.512	-61.735	-20.675	-13.181	0.91	0.04	0.81	4	11	174	1.135	0	98:160,99:159,100:158,101:157
0.3733365	-1.745	16.117	-105.342	-87.48	-38.204	-22.087	0.84	-0.11	0.69	5	11	174	1.135	0	32:86,33:85,34:84,35:83,36:82
0.3758523	-1.862	14.413	-110.987	-94.711	-45.419	-31.006	0.82	-0.07	0.76	6	11	174	1.135	0	34:124,35:123,36:122,37:121,38:120,39:119
0.3794962	-2.056	12.504	-135.785	-121.225	-50.306	-37.802	0.83	-0.22	0.7	6	11	174	1.135	0	52:157,53:156,54:155,55:154,56:153,57:152
0.380215	-2.09	9.963	-105.795	-93.742	-39.399	-29.436	0.76	-0.19	0.73	5	11	174	1.135	0	101:148,102:147,103:146,104:145,105:144
0.3874629	-2.453	11.188	-69.409	-55.768	-30.289	-19.101	0.93	0.02	0.8	4	11	174	1.135	0	82:94,83:93,84:92,85:91
0.388022	-2.481	15.652	-88.559	-70.426	-22.01	-6.359	0.85	-0.19	0.78	5	11	174	1.135	0	94:117,95:116,96:115,97:114,98:113
0.399393	-3.105	17.828	-117.29	-96.357	-24.184	-6.356	0.86	-0.18	0.78	6	11	174	1.135	0	95:117,96:116,97:115,98:114,99:113,100:112
0.4016293	-3.217	7.408	-80.032	-69.406	-34.769	-27.36	0.89	-0.05	0.75	4	11	174	1.135	0	34:56,35:55,36:54,37:53
0.4050436	-3.391	15.914	-85.298	-65.993	-35.2	-19.286	0.86	-0.05	0.72	4	11	174	1.135	0	15:118,16:117,17:116,18:115
0.4069105	-3.479	0.252	-65.869	-62.137	-33.245	-32.993	0.95	0.11	0.84	4	11	174	1.135	0	51:64,52:63,53:62,54:61
0.4070303	-3.487	5.196	-92.324	-83.641	-35.324	-30.128	0.82	-0.15	0.8	5	11	174	1.135	0	100:165,101:164,102:163,103:162,104:161
0.4088872	-3.579	12.991	-77.756	-61.187	-13.42	-0.429	0.77	-0.33	0.72	4	11	174	1.135	0	42:98,43:97,44:96,45:95
0.4113331	-3.721	14.147	-88.486	-70.618	-28.097	-13.95	0.87	-0.03	0.77	5	11	174	1.135	0	70:97,71:96,72:95,73:94,74:93
0.4176825	-4.057	8.491	-88.55	-76.003	-34.434	-25.943	0.93	0.24	0.73	4	11	174	1.135	0	83:136,84:135,85:134,86:133
0.4270368	-4.57	11.712	-88.109	-71.827	-26.375	-14.662	0.89	-0.17	0.78	5	11	174	1.135	0	93:117,94:116,95:115,96:114,97:113
0.4278655	-4.621	11.338	-105.318	-89.359	-43.279	-31.941	0.88	-0.03	0.82	7	11	174	1.135	0	91:127,92:126,93:125,94:124,95:123,96:122,97:121
0.4290934	-4.68	13.352	-111.175	-93.142	-36.815	-23.463	0.8	-0.2	0.7	5	11	174	1.135	0	40:105,41:104,42:103,43:102,44:101
0.4360917	-5.083	15.398	-99.887	-79.406	-46.622	-31.224	0.82	-0.17	0.8	6	11	174	1.135	0	115:131,116:130,117:129,118:128,119:127,120:126
0.4366907	-5.111	4.508	-75.455	-65.837	-29.943	-25.435	0.91	0.03	0.81	4	11	174	1.135	0	106:159,107:158,108:157,109:156
0.4415726	-5.368	14.398	-88.359	-68.594	-30.183	-15.786	0.84	-0.15	0.65	4	11	174	1.135	0	34:46,35:45,36:44,37:43
0.4489203	-5.782	8.303	-66.952	-52.867	-26.908	-18.605	0.84	-0.18	0.78	4	11	174	1.135	0	92:124,93:123,94:122,95:121
0.4587938	-6.317	8.138	-71.663	-57.209	-17.334	-9.197	0.8	-0.24	0.81	4	11	174	1.135	0	53:98,54:97,55:96,56:95
0.4597223	-6.374	0.745	-61.082	-53.964	-37.25	-36.506	0.91	-0.1	0.82	4	11	174	1.135	0	91:165,92:164,93:163,94:162
0.4650633	-6.699	6.676	-79.04	-65.665	-29.58	-22.904	0.86	-0.17	0.84	4	11	174	1.135	0	37:86,38:85,39:84,40:83
0.4866473	-7.944	10.492	-74.848	-56.412	-15.027	-4.535	0.84	-0.3	0.82	4	11	174	1.135	0	96:125,97:124,98:123,99:122
0.496411	-8.529	14.024	-63.823	-41.27	-35.519	-21.495	0.73	-0.29	0.74	4	11	174	1.135	0	119:168,120:167,121:166,122:165
0.4984476	-8.653	11.738	-106.365	-85.974	-22.428	-10.69	0.8	-0.25	0.71	5	11	174	1.135	0	94:149,95:148,96:147,97:146,98:145
0.5124442	-9.509	14.173	-130.448	-106.767	-42.975	-28.802	0.85	0.06	0.68	6	11	174	1.135	0	53:96,54:95,55:94,56:93,57:92,58:91
0.5137021	-9.6	20.929	-114.093	-83.564	-53.568	-32.64	0.82	-0.23	0.83	7	11	174	1.135	0	5:158,6:157,7:156,8:155,9:154,10:153,11:152
0.5216788	-10.098	9.397	-87.941	-68.446	-34.152	-24.756	0.8	-0.07	0.69	4	11	174	1.135	0	32:70,33:69,34:68,35:67
0.526361	-10.389	8.121	-84.068	-65.559	-30.201	-22.08	0.91	-0.01	0.78	5	11	174	1.135	0	92:125,93:124,94:123,95:122,96:121
0.5338984	-10.916	6.983	-52.298	-34.399	-40.564	-33.581	0.82	-0.25	0.88	4	11	174	1.135	0	157:168,158:167,159:166,160:165
0.5482644	-11.869	5.446	-128.109	-110.795	-32.474	-27.028	0.83	-0.03	0.71	6	11	174	1.135	0	71:104,72:103,73:102,74:101,75:100,76:99
0.5549033	-12.296	13.474	-97.617	-71.847	-31.223	-17.749	0.77	-0.15	0.67	4	11	174	1.135	0	21:35,22:34,23:33,24:32
0.5590164	-12.571	13.17	-96.627	-70.887	-13.42	-0.25	0.75	-0.41	0.66	4	11	174	1.135	0	42:99,43:98,44:97,45:96
0.5624507	-12.797	5.671	-88.637	-70.169	-35.426	-29.756	0.82	-0.15	0.7	4	11	174	1.135	0	53:155,54:154,55:153,56:152
0.5651762	-12.987	16.916	-133.246	-103.343	-48.918	-32.002	0.79	-0.32	0.71	6	11	174	1.135	0	32:119,33:118,34:117,35:116,36:115,37:114
0.5667735	-13.104	13.47	-99.958	-73.384	-30.854	-17.384	0.8	-0.23	0.65	4	11	174	1.135	0	34:45,35:44,36:43,37:42
0.5720946	-13.476	7.663	-98.19	-77.051	-25.187	-17.524	0.84	-0.21	0.65	4	11	174	1.135	0	42:104,43:103,44:102,45:101
0.5828866	-14.229	14.088	-114.776	-86.46	-38.849	-24.761	0.76	-0.28	0.65	5	11	174	1.135	0	32:76,33:75,34:74,35:73,36:72
0.588617	-14.669	13.38	-115.921	-87.872	-33.898	-20.518	0.61	-0.44	0.65	4	11	174	1.135	0	57:158,58:157,59:156,60:155
0.5958649	-15.252	11.931	-112.198	-85.015	-17.95	-6.018	0.76	-0.35	0.7	5	11	174	1.135	0	96:124,97:123,98:122,99:121,100:120
0.6110396	-16.446	6.59	-97.37	-74.334	-34.64	-28.051	0.64	-0.41	0.71	4	11	174	1.135	0	58:79,59:78,60:77,61:76
0.6123574	-16.543	12.702	-111.264	-82.019	-31.078	-18.376	0.77	-0.19	0.63	4	11	174	1.135	0	10:35,11:34,12:33,13:32
0.6193557	-17.136	31.19	-130.627	-82.301	-63.628	-32.438	0.54	-0.68	0.66	9	11	174	1.135	0	0:173,1:172,2:171,3:170,4:169,5:168,6:167,7:166,8:165
0.6223906	-17.387	13.216	-97.316	-66.712	-43.112	-29.895	0.8	-0.37	0.81	5	11	174	1.135	0	27:113,28:112,29:111,30:110,31:109
0.6295886	-17.987	12.285	-131.184	-100.913	-34.02	-21.735	0.61	-0.76	0.47	4	11	174	1.135	0	31:89,32:88,33:87,34:86
0.6338914	-18.364	11.842	-111.58	-81.375	-18.315	-6.474	0.7	-0.47	0.66	4	11	174	1.135	0	54:99,55:98,56:97,57:96
0.6427766	-19.163	12.213	-99.975	-68.599	-15.988	-3.775	0.8	-0.39	0.73	4	11	174	1.135	0	96:117,97:116,98:115,99:114
0.6427865	-19.164	9.064	-92.544	-64.317	-32.934	-23.87	0.73	-0.35	0.7	4	11	174	1.135	0	121:155,122:154,123:153,124:152
0.649126	-19.751	24.502	-175.809	-131.557	-46.983	-22.481	0.82	-0.27	0.73	9	11	174	1.135	0	43:99,44:98,45:97,46:96,47:95,48:94,49:93,50:92,51:91
0.6728164	-21.965	12.341	-116.889	-82.583	-52.715	-40.374	0.77	-0.28	0.79	6	11	174	1.135	0	151:164,152:163,153:162,154:161,155:160,156:159
0.67666	-22.344	16.996	-92.36	-53.02	-32.172	-15.176	0.66	-0.42	0.71	4	11	174	1.135	0	10:169,11:168,12:167,13:166
0.6770493	-22.394	12.219	-75.739	-41.126	-31.341	-19.122	0.7	-0.49	0.69	4	11	174	1.135	0	73:169,74:168,75:167,76:166
0.6799744	-22.686	9.042	-114.611	-82.883	-34.388	-25.346	0.8	-0.13	0.59	4	11	174	1.135	0	29:93,30:92,31:91,32:90
0.6802041	-22.706	6.501	-134.711	-105.505	-20.265	-13.765	0.82	-0.22	0.69	5	11	174	1.135	0	52:100,53:99,54:98,55:97,56:96
0.6861342	-23.374	19.767	-158.438	-115.298	-54.116	-34.349	0.73	-0.41	0.74	7	11	174	1.135	0	106:121,107:120,108:119,109:118,110:117,111:116,112:115
0.6884902	-23.637	9.573	-97.925	-64.715	-32.853	-23.28	0.75	-0.34	0.75	4	11	174	1.135	0	19:155,20:154,21:153,22:152
0.7046432	-25.463	11.483	-121.66	-84.714	-41.03	-29.547	0.76	-0.29	0.68	5	11	174	1.135	0	113:155,114:154,115:153,116:152,117:151
0.7097747	-26.055	8.103	-102.873	-68.715	-24.515	-16.412	0.75	-0.29	0.6	4	11	174	1.135	0	44:104,45:103,46:102,47:101
0.7101341	-26.094	13.384	-78.925	-39.447	-35.247	-21.863	0.68	-0.41	0.77	4	11	174	1.135	0	67:169,68:168,69:167,70:166
0.7121008	-26.349	13.725	-117.082	-77.009	-30.969	-17.245	0.55	-0.99	0.45	4	11	174	1.135	0	58:170,59:169,60:168,61:167
0.7247696	-27.853	18.311	-121.553	-75.388	-30.777	-12.465	0.75	-0.49	0.7	5	11	174	1.135	0	41:96,42:95,43:94,44:93,45:92
0.7306398	-28.607	13.167	-91.251	-49.477	-31.843	-18.676	0.64	-0.56	0.7	4	11	174	1.135	0	83:169,84:168,85:167,86:166
0.7323869	-28.851	16.245	-119.911	-74.815	-38.296	-22.051	0.75	-0.52	0.65	5	11	174	1.135	0	44:156,45:155,46:154,47:153,48:152
0.7340142	-29.083	10.524	-113.754	-74.147	-31.512	-20.988	0.64	-0.62	0.61	4	11	174	1.135	0	42:155,43:154,44:153,45:152
0.7354418	-29.261	9.265	-137.777	-99.25	-46.058	-36.793	0.65	-0.29	0.68	5	11	174	1.135	0	56:142,57:141,58:140,59:139,60:138
0.7423503	-30.161	17.073	-126.216	-78.983	-27.922	-10.849	0.82	-0.3	0.63	5	11	174	1.135	0	42:96,43:95,44:94,45:93,46:92
0.7518544	-31.449	6.273	-99.335	-61.613	-31.219	-24.946	0.59	-0.71	0.63	4	11	174	1.135	0	2:54,3:53,4:52,5:51
0.7569559	-32.243	6.404	-103.274	-64.628	-38.332	-31.928	0.68	-0.59	0.7	4	11	174	1.135	0	29:166,30:165,31:164,32:163
0.7582637	-32.453	8.482	-124.44	-83.505	-42.752	-34.269	0.73	-0.4	0.66	5	11	174	1.135	0	70:155,71:154,72:153,73:152,74:151
0.7669891	-33.804	4.607	-113.782	-75.371	-34.498	-29.891	0.68	-0.54	0.61	4	11	174	1.135	0	145:154,146:153,147:152,148:151
0.7678776	-33.922	10.958	-113.163	-68.284	-36.761	-25.803	0.61	-0.48	0.69	4	11	174	1.135	0	31:146,32:145,33:144,34:143
0.7685865	-34.056	15.266	-92.17	-42.848	-32.318	-17.052	0.66	-0.45	0.75	4	11	174	1.135	0	21:169,22:168,23:167,24:166
0.7731588	-34.764	19.814	-149.41	-94.831	-31.359	-11.545	0.77	-0.32	0.64	6	11	174	1.135	0	42:97,43:96,44:95,45:94,46:93,47:92
0.7782204	-35.541	12.581	-123.506	-75.384	-31.5	-18.919	0.59	-0.65	0.55	4	11	174	1.135	0	31:122,32:121,33:120,34:119
0.7789791	-35.701	9.047	-105.818	-61.069	-31.985	-22.939	0.68	-0.46	0.7	4	11	174	1.135	0	81:154,82:153,83:152,84:151
0.7871854	-37.119	6.14	-111.772	-68.514	-36.545	-30.405	0.66	-0.35	0.69	4	11	174	1.135	0	31:160,32:159,33:158,34:157
0.8077011	-41.077	5.021	-118.69	-72.593	-34.817	-29.796	0.7	-0.44	0.7	4	11	174	1.135	0	109:150,110:149,111:148,112:147
0.8104865	-41.677	17.924	-149.223	-89.622	-40.431	-22.507	0.55	-0.76	0.55	5	11	174	1.135	0	4:35,5:34,6:33,7:32,8:31
0.811954	-42.007	11.302	-89.933	-36.624	-25.274	-13.972	0.5	-0.57	0.69	4	11	174	1.135	0	111:171,112:170,113:169,114:168
0.8183034	-43.511	13.073	-110.419	-53.835	-24.533	-11.46	0.5	-0.75	0.6	4	11	174	1.135	0	17:171,18:170,19:169,20:168
0.8193117	-43.777	16.13	-187.937	-128.03	-66.06	-49.93	0.61	-0.62	0.61	7	11	174	1.135	0	56:169,57:168,58:167,59:166,60:165,61:164,62:163
0.8228558	-44.543	2.267	-136.311	-89.501	-34.115	-31.848	0.68	-0.48	0.54	4	11	174	1.135	0	88:154,89:153,90:152,91:151
0.8304631	-46.494	1.11	-144.486	-96.881	-31.381	-30.271	0.59	-0.67	0.47	4	11	174	1.135	0	59:151,60:150,61:149,62:148
0.8448491	-50.509	2.316	-121.721	-68.896	-33.934	-31.618	0.66	-0.44	0.62	4	11	174	1.135	0	70:153,71:152,72:151,73:150
0.8481536	-51.443	17.074	-154.51	-85.993	-42.81	-25.736	0.33	-0.84	0.54	5	11	174	1.135	0	0:62,1:61,2:60,3:59,4:58
0.8591951	-54.498	5.534	-135.382	-75.35	-39.233	-33.699	0.71	-0.29	0.66	5	11	174	1.135	0	121:154,122:153,123:152,124:151,125:150
0.8606327	-54.921	5.817	-133.984	-73.246	-41.813	-35.997	0.69	-0.39	0.71	5	11	174	1.135	0	150:163,151:162,152:161,153:160,154:159
0.8655246	-56.21	14.448	-125.873	-55.214	-31.98	-17.532	0.3	-0.85	0.58	4	11	174	1.135	0	0:32,1:31,2:30,3:29
0.8774347	-59.153	-0.213	-130.177	-71.237	-29.13	-29.343	0.61	-0.61	0.55	4	11	174	1.135	0	72:152,73:151,74:150,75:149
0.8843232	-60.686	0.217	-132.474	-71.572	-34.414	-34.197	0.64	-0.53	0.6	4	11	174	1.135	0	53:153,54:152,55:151,56:150
0.8859105	-61.017	2.02	-162.082	-99.045	-36.524	-34.504	0.65	-0.62	0.5	5	11	174	1.135	0	28:152,29:151,30:150,31:149,32:148
0.8906726	-62.038	8.656	-159.469	-88.774	-36.954	-28.298	0.67	-0.56	0.52	5	11	174	1.135	0	42:154,43:153,44:152,45:151,46:150
0.8950453	-62.843	0.639	-98.665	-35.182	-22.46	-21.821	0.41	-0.5	0.73	4	11	174	1.135	0	137:172,138:171,139:170,140:169
0.895195	-62.864	4.251	-193.813	-126.697	-50.387	-46.135	0.68	-0.53	0.54	6	11	174	1.135	0	53:154,54:153,55:152,56:151,57:150,58:149
0.8976509	-63.323	7.069	-128.603	-58.211	-29.01	-21.94	0.34	-0.96	0.52	4	11	174	1.135	0	0:151,1:150,2:149,3:148
0.9064063	-65.024	18.491	-199.689	-116.174	-51.866	-33.374	0.66	-0.64	0.6	7	11	174	1.135	0	42:156,43:155,44:154,45:153,46:152,47:151,48:150
0.9147324	-66.642	11.275	-189.813	-111.896	-43.904	-32.629	0.65	-0.56	0.65	6	11	174	1.135	0	7:154,8:153,9:152,10:151,11:150,12:149
0.923937	-68.434	3.654	-142.441	-70.354	-33.068	-29.414	0.61	-0.62	0.62	4	11	174	1.135	0	113:153,114:152,115:151,116:150
0.9280502	-69.213	3.61	-138.542	-65.719	-31.922	-28.312	0.64	-0.6	0.6	4	11	174	1.135	0	121:153,122:152,123:151,124:150
0.9289487	-69.423	-0.516	-125.953	-57.046	-29.542	-30.058	0.61	-0.57	0.69	4	11	174	1.135	0	66:152,67:151,68:150,69:149
0.9339803	-70.37	9.411	-125.483	-45.702	-28.817	-19.406	0.42	-0.52	0.72	5	11	174	1.135	0	76:172,77:171,78:170,79:169,80:168
0.9481366	-73.254	9.684	-168.117	-85.18	-39.809	-30.125	0.64	-0.72	0.59	5	11	174	1.135	0	41:154,42:153,43:152,44:151,45:150
0.9493346	-73.521	5.837	-189.023	-109.665	-46.814	-40.976	0.74	-0.31	0.63	6	11	174	1.135	0	113:154,114:153,115:152,116:151,117:150,118:149
0.9505725	-73.8	4.118	-174.961	-97.044	-38.46	-34.342	0.62	-0.63	0.61	5	11	174	1.135	0	19:153,20:152,21:151,22:150,23:149
0.95212	-74.157	-0.206	-138.543	-64.593	-26.809	-27.015	0.64	-0.5	0.65	4	11	174	1.135	0	82:152,83:151,84:150,85:149
0.9578903	-75.534	1.957	-146.544	-69.053	-27.015	-25.058	0.42	-0.64	0.65	5	11	174	1.135	0	50:172,51:171,52:170,53:169,54:168
0.9662763	-77.948	10.126	-165.08	-77.006	-29.344	-19.217	0.31	-1.01	0.5	5	11	174	1.135	0	29:173,30:172,31:171,32:170,33:169
0.9915741	-90.941	12.642	-189.213	-85.63	-40.183	-27.541	0.38	-0.75	0.6	6	11	174	1.135	0	59:173,60:172,61:171,62:170,63:169,64:168
0.9924925	-91.932	-4.957	-150.265	-63.29	-19.205	-24.162	0.27	-1.04	0.48	4	11	174	1.135	0	148:173,149:172,150:171,151:170

