0	122.575	16.639	-231.862	-337.798	-39.662	-23.023	0.99	0.52	0.72	5	49	214	1.913	0	187:200,188:199,189:198,190:197,191:196
0.00013979	81.959	28.712	-72.478	-125.725	-52.695	-23.983	1	0.15	0.93	7	49	214	1.913	0	16:40,17:39,18:38,19:37,20:36,21:35,22:34
0.00036946	61.503	17.772	-39.818	-83.549	-29.968	-12.196	1	0.19	0.91	4	49	214	1.913	0	147:169,148:168,149:167,150:166
0.00069897	51.495	25.375	-45.702	-71.821	-46.464	-21.089	1	-0.01	1	6	49	214	1.913	0	44:146,45:145,46:144,47:143,48:142,49:141
0.00091865	48.542	15.683	-290.999	-323.858	-54.096	-38.413	0.76	0.39	0.52	7	49	214	1.913	0	105:120,106:119,107:118,108:117,109:116,110:115,111:114
0.00125815	46.614	19.499	-34.363	-61.478	-39.739	-20.24	1	-0.01	1	5	49	214	1.913	0	13:145,14:144,15:143,16:142,17:141
0.00158767	45.179	18.536	-27.083	-53.726	-34.525	-15.989	1	0.03	0.99	4	49	214	1.913	0	92:143,93:142,94:141,95:140
0.00291571	41.459	18.142	-39.142	-62.459	-29.968	-11.826	1	0.09	0.95	4	49	214	1.913	0	44:150,45:149,46:148,47:147
0.00303554	41.3	25.37	-95.691	-111.62	-56.051	-30.681	0.87	0.01	0.95	7	49	214	1.913	0	53:97,54:96,55:95,56:94,57:93,58:92,59:91
0.0064605	37.066	10.157	-29.926	-56.834	-38.497	-28.339	1	0.03	0.98	5	49	214	1.913	0	133:180,134:179,135:178,136:177,137:176
0.00703965	36.507	17.772	-51.969	-70.704	-29.968	-12.196	0.81	-0.1	0.95	4	49	214	1.913	0	143:169,144:168,145:167,146:166
0.01036476	33.963	20.397	-532.263	-545.828	-63.599	-43.202	0.67	-0.09	0.53	7	49	214	1.913	0	68:83,69:82,70:81,71:80,72:79,73:78,74:77
0.01242174	32.914	17.619	-63.095	-78.391	-48.49	-30.872	1	0.05	0.98	6	49	214	1.913	0	43:95,44:94,45:93,46:92,47:91,48:90
0.01890221	30.276	13.085	-25.242	-42.434	-33.756	-20.671	1	0	1	4	49	214	1.913	0	40:181,41:180,42:179,43:178
0.01929164	30.146	17.661	-42.273	-54.758	-38.982	-21.322	1	0	1	5	49	214	1.913	0	13:48,14:47,15:46,16:45,17:44
0.02076947	29.586	15.403	-35.889	-50.072	-31.233	-15.831	0.99	0	0.99	4	49	214	1.913	0	95:105,96:104,97:103,98:102
0.02363526	28.625	16.241	-91.854	-104.239	-41.328	-25.087	0.85	-0.04	0.93	5	49	214	1.913	0	91:169,92:168,93:167,94:166,95:165
0.03118416	26.573	8.461	-46.7	-64.812	-31.017	-22.556	1	0.04	0.98	4	49	214	1.913	0	45:202,46:201,47:200,48:199
0.03288166	26.18	8.989	-25.242	-42.434	-32.022	-23.033	1	0	1	4	49	214	1.913	0	46:141,47:140,48:139,49:138
0.03817388	25.017	6.904	-46.7	-64.812	-32.055	-25.151	1	0.04	0.98	4	49	214	1.913	0	12:203,13:202,14:201,15:200
0.03818387	25.016	15.622	-92.07	-101.463	-65.848	-50.226	0.99	-0.03	0.99	8	49	214	1.913	0	12:177,13:176,14:175,15:174,16:173,17:172,18:171,19:170
0.04366581	23.973	15.126	-86.34	-95.187	-40.338	-25.212	0.91	-0.03	0.91	5	49	214	1.913	0	124:151,125:150,126:149,127:148,128:147
0.04535333	23.619	16.449	-53.12	-60.291	-33.156	-16.707	0.79	0.01	0.93	4	49	214	1.913	0	14:89,15:88,16:87,17:86
0.04655157	23.42	11.661	-53.256	-65.015	-27.46	-15.799	1	0.12	0.94	4	49	214	1.913	0	12:37,13:36,14:35,15:34
0.05155422	22.516	15.557	-47.729	-54.688	-29.638	-14.081	0.99	-0.02	0.99	4	49	214	1.913	0	16:41,17:40,18:39,19:38
0.05233307	22.37	13.428	-63.074	-72.017	-28.492	-15.065	1	0.13	0.94	4	49	214	1.913	0	33:48,34:47,35:46,36:45
0.06343675	20.669	14.57	-59.407	-65.506	-32.993	-18.422	0.81	-0.09	0.95	4	49	214	1.913	0	14:169,15:168,16:167,17:166
0.06838947	19.954	13.997	-54.477	-60.434	-29.736	-15.739	0.99	0.02	0.98	4	49	214	1.913	0	30:46,31:45,32:44,33:43
0.07300269	19.322	11.999	-54.08	-61.403	-32.764	-20.765	0.9	-0.12	0.94	4	49	214	1.913	0	43:100,44:99,45:98,46:97
0.07354189	19.252	7.854	-41.543	-52.941	-34.686	-26.832	0.99	0.01	0.98	4	49	214	1.913	0	43:208,44:207,45:206,46:205
0.0755789	18.971	12.572	-73.201	-79.6	-29.585	-17.013	0.99	0.18	0.9	4	49	214	1.913	0	18:170,19:169,20:168,21:167
0.08166995	18.214	9.868	-33.085	-41.431	-25.502	-15.634	0.99	-0.01	0.99	4	49	214	1.913	0	52:212,53:211,54:210,55:209
0.08410636	17.93	12.994	-67.503	-72.439	-42.733	-29.739	0.98	-0.06	0.97	5	49	214	1.913	0	53:210,54:209,55:208,56:207,57:206
0.08621327	17.661	16.462	-83.124	-84.324	-42.766	-26.304	0.91	-0.11	0.94	5	49	214	1.913	0	125:146,126:145,127:144,128:143,129:142
0.08956833	17.286	4.694	-56.766	-69.359	-36.008	-31.315	0.99	0.03	0.98	4	49	214	1.913	0	126:202,127:201,128:200,129:199
0.09437127	16.762	13.336	-106.689	-110.114	-63.196	-49.86	0.95	-0.06	0.96	8	49	214	1.913	0	12:130,13:129,14:128,15:127,16:126,17:125,18:124,19:123
0.09481063	16.716	10.128	-55.921	-62.509	-37.282	-27.154	0.98	-0.02	0.98	4	49	214	1.913	0	102:174,103:173,104:172,105:171
0.09928405	16.193	13.374	-58.478	-61.298	-32.176	-18.802	0.78	-0.08	0.96	4	49	214	1.913	0	14:59,15:58,16:57,17:56
0.1034479	15.761	14.651	-93.533	-94.643	-30.389	-15.739	0.81	-0.05	0.92	4	49	214	1.913	0	30:168,31:167,32:166,33:165
0.1045463	15.639	12.552	-58.46	-61.547	-43.272	-30.721	0.99	-0.02	0.99	5	49	214	1.913	0	45:176,46:175,47:174,48:173,49:172
0.1112764	14.963	8.395	-80.583	-87.15	-35.339	-26.944	0.8	-0.07	0.92	4	49	214	1.913	0	165:208,166:207,167:206,168:205
0.1204629	14.046	13.059	-58.789	-59.776	-29.163	-16.104	0.79	-0.04	0.96	4	49	214	1.913	0	46:59,47:58,48:57,49:56
0.1270033	13.369	9.946	-73.141	-76.564	-33.484	-23.537	0.99	0.12	0.93	4	49	214	1.913	0	33:129,34:128,35:127,36:126
0.1334738	12.766	10.436	-73.34	-75.67	-27.46	-17.024	0.99	0.11	0.94	4	49	214	1.913	0	12:35,13:34,14:33,15:32
0.1362397	12.53	10.809	-83.743	-85.464	-39.219	-28.41	0.99	0.06	0.95	5	49	214	1.913	0	46:169,47:168,48:167,49:166,50:165
0.1386162	12.311	4.49	-35.391	-43.213	-31.572	-27.082	0.99	-0.02	0.99	4	49	214	1.913	0	43:137,44:136,45:135,46:134
0.1402538	12.156	16.538	-219.41	-215.027	-31.895	-15.357	0.6	-0.05	0.73	4	49	214	1.913	0	33:83,34:82,35:81,36:80
0.1408929	12.087	7.452	-38.777	-43.413	-33.223	-25.772	0.99	-0.01	0.99	4	49	214	1.913	0	40:55,41:54,42:53,43:52
0.1427901	11.913	7.751	-53.574	-57.736	-29.163	-21.412	1	0.12	0.94	4	49	214	1.913	0	12:22,13:21,14:20,15:19
0.1648477	9.967	10.86	-93.308	-92.415	-45.122	-34.262	0.91	-0.05	0.92	5	49	214	1.913	0	90:129,91:128,92:127,93:126,94:125
0.1740841	9.192	5.413	-52.55	-56.328	-29.369	-23.956	1	0.03	0.98	4	49	214	1.913	0	12:166,13:165,14:164,15:163
0.1745734	9.153	10.687	-76.722	-75.188	-44.195	-33.508	0.82	-0.02	0.97	5	49	214	1.913	0	127:166,128:165,129:164,130:163,131:162
0.1774891	8.891	8.372	-50.299	-50.818	-32.821	-24.449	0.99	-0.02	0.99	4	49	214	1.913	0	53:171,54:170,55:169,56:168
0.1867655	8.098	12.262	-84.356	-80.193	-43.309	-31.048	0.91	-0.12	0.93	5	49	214	1.913	0	102:188,103:187,104:186,105:185,106:184
0.1889922	7.905	16.324	-124.419	-116	-33.651	-17.327	0.6	-0.11	0.87	4	49	214	1.913	0	85:95,86:94,87:93,88:92
0.191858	7.674	14.513	-64.067	-57.228	-28.492	-13.98	0.77	-0.05	0.98	4	49	214	1.913	0	17:97,18:96,19:95,20:94
0.1999461	7.01	11.565	-78.771	-74.216	-32.872	-21.306	0.77	-0.17	0.91	4	49	214	1.913	0	17:102,18:101,19:100,20:99
0.2151238	5.749	14.569	-101.575	-92.756	-40.982	-26.413	0.9	-0.03	0.88	5	49	214	1.913	0	103:172,104:171,105:170,106:169,107:168
0.2287537	4.696	14.556	-94.836	-84.976	-41.905	-27.349	0.8	-0.05	0.96	5	49	214	1.913	0	16:185,17:184,18:183,19:182,20:181
0.2381899	3.997	5.628	-50.437	-48.806	-35.307	-29.679	0.99	-0.02	0.99	4	49	214	1.913	0	52:188,53:187,54:186,55:185
0.2398374	3.87	13.873	-84.388	-74.385	-29.183	-15.31	0.76	-0.1	0.88	4	49	214	1.913	0	18:90,19:89,20:88,21:87
0.2452894	3.462	11.652	-103.802	-95.612	-33.418	-21.766	0.7	-0.24	0.88	4	49	214	1.913	0	97:168,98:167,99:166,100:165
0.2461182	3.384	8.737	-73.724	-68.371	-34.543	-25.805	0.89	-0.13	0.93	4	49	214	1.913	0	102:127,103:126,104:125,105:124
0.2582204	2.413	3.998	-49.48	-47.895	-33.528	-29.53	0.99	-0.02	0.99	4	49	214	1.913	0	53:124,54:123,55:122,56:121
0.2616853	2.145	9.142	-84.601	-77.603	-41.632	-32.49	0.92	-0.09	0.95	5	49	214	1.913	0	45:129,46:128,47:127,48:126,49:125
0.268026	1.628	9.467	-72.717	-64.878	-33.6	-24.134	0.68	-0.19	0.91	4	49	214	1.913	0	62:127,63:126,64:125,65:124
0.2743467	1.141	11.247	-97.197	-87.091	-30.06	-18.813	0.8	-0.07	0.92	4	49	214	1.913	0	17:68,18:67,19:66,20:65
0.2745364	1.125	4.269	-52.342	-49.198	-38.198	-33.929	0.98	-0.03	0.98	4	49	214	1.913	0	126:176,127:175,128:174,129:173
0.2747262	1.115	8.807	-85.113	-77.422	-32.226	-23.419	0.79	-0.13	0.93	4	49	214	1.913	0	134:168,135:167,136:166,137:165
0.2787802	0.786	12.413	-126.218	-114.591	-38.816	-26.403	0.65	-0.08	0.9	5	49	214	1.913	0	46:89,47:88,48:87,49:86,50:85
0.2873676	0.077	12.223	-87.537	-75.392	-29.854	-17.631	0.77	-0.1	0.9	4	49	214	1.913	0	18:60,19:59,20:58,21:57
0.293878	-0.441	10.301	-92.929	-82.186	-29.672	-19.371	0.67	-0.33	0.83	4	49	214	1.913	0	58:107,59:106,60:105,61:104
0.3030645	-1.173	11.061	-101.195	-88.96	-33.371	-22.31	0.96	-0.01	0.94	4	49	214	1.913	0	53:194,54:193,55:192,56:191
0.3263203	-3.167	14.172	-120.525	-103.186	-39.682	-25.51	0.72	-0.3	0.82	5	49	214	1.913	0	104:210,105:209,106:208,107:207,108:206
0.3486874	-5.059	11.154	-107.896	-91.683	-33.14	-21.986	0.77	0.08	0.91	4	49	214	1.913	0	13:23,14:22,15:21,16:20
0.3519327	-5.366	10.196	-120.183	-104.621	-39.759	-29.562	0.82	-0.13	0.84	5	49	214	1.913	0	103:125,104:124,105:123,106:122,107:121
0.3544689	-5.609	11.357	-99.092	-82.126	-31.078	-19.721	0.66	-0.35	0.8	4	49	214	1.913	0	54:108,55:107,56:106,57:105
0.3617183	-6.254	13.29	-146.265	-126.72	-33.686	-20.396	0.46	-0.22	0.82	4	49	214	1.913	0	85:100,86:99,87:98,88:97
0.4168273	-11.533	2.825	-60.45	-46.093	-30.228	-27.404	0.76	-0.07	0.97	4	49	214	1.913	0	11:176,12:175,13:174,14:173
0.4254845	-12.443	12.522	-161.482	-136.517	-34.553	-22.031	0.73	-0.17	0.86	4	49	214	1.913	0	66:105,67:104,68:103,69:102
0.4330734	-13.26	16.509	-189.332	-159.563	-31.688	-15.18	0.93	0.12	0.82	4	49	214	1.913	0	18:190,19:189,20:188,21:187
0.4363186	-13.591	15.931	-131.906	-102.384	-36.579	-20.648	0.66	-0.27	0.74	4	49	214	1.913	0	116:143,117:142,118:141,119:140
0.4472825	-14.829	7.365	-193.902	-171.708	-40.1	-32.735	0.67	-0.1	0.87	5	49	214	1.913	0	12:86,13:85,14:84,15:83,16:82
0.4528843	-15.487	13.267	-155.507	-126.753	-34.509	-21.241	0.94	0.01	0.9	4	49	214	1.913	0	102:197,103:196,104:195,105:194
0.4672531	-17.164	6.579	-140.331	-116.588	-36.121	-29.541	0.58	-0.23	0.89	4	49	214	1.913	0	83:177,84:176,85:175,86:174
0.4743727	-18.008	7.274	-222.286	-197.005	-58.97	-51.696	0.91	0.01	0.89	7	49	214	1.913	0	18:131,19:130,20:129,21:128,22:127,23:126,24:125
0.4765595	-18.237	4.923	-183.004	-159.844	-30.88	-25.957	0.77	-0.05	0.84	4	49	214	1.913	0	45:85,46:84,47:83,48:82
0.4814123	-18.792	16.072	-220.142	-185.279	-53.222	-37.15	0.81	-0.05	0.91	6	49	214	1.913	0	161:179,162:178,163:177,164:176,165:175,166:174
0.4823709	-18.898	2.132	-117.696	-96.666	-29.258	-27.126	0.32	-0.25	0.82	4	49	214	1.913	0	111:184,112:183,113:182,114:181
0.485027	-19.245	1.464	-68.07	-47.361	-30.518	-29.054	0.77	-0.04	0.97	4	49	214	1.913	0	11:129,12:128,13:127,14:126
0.4914576	-20.032	2.215	-186.638	-164.391	-35.872	-33.657	0.77	-0.04	0.84	4	49	214	1.913	0	82:129,83:128,84:127,85:126
0.4935445	-20.281	8.265	-95.064	-66.518	-32.075	-23.81	0.64	-0.16	0.92	4	49	214	1.913	0	46:122,47:121,48:120,49:119
0.4961307	-20.611	5.745	-144.212	-117.856	-36.12	-30.375	0.62	-0.2	0.89	4	49	214	1.913	0	83:130,84:129,85:128,86:127
0.5026611	-21.451	4.674	-145.254	-119.129	-26.956	-22.281	0.94	-0.01	0.91	4	49	214	1.913	0	12:201,13:200,14:199,15:198
0.5132455	-22.742	8.722	-159.134	-127.67	-31.793	-23.071	0.55	-0.16	0.92	4	49	214	1.913	0	17:27,18:26,19:25,20:24
0.5160614	-23.092	11.66	-170.094	-135.342	-29.854	-18.194	0.93	0.04	0.84	4	49	214	1.913	0	18:193,19:192,20:191,21:190
0.5207844	-23.729	10.024	-214.582	-180.829	-46.748	-36.724	0.7	0.03	0.9	6	49	214	1.913	0	20:48,21:47,22:46,23:45,24:44,25:43
0.5277542	-24.626	10.37	-189.483	-154.488	-28.966	-18.596	0.58	-0.25	0.82	4	49	214	1.913	0	167:200,168:199,169:198,170:197
0.531309	-25.159	12.239	-151.399	-114.001	-30.319	-18.08	0.84	-0.15	0.81	4	49	214	1.913	0	104:194,105:193,106:192,107:191
0.5413143	-26.635	6.823	-222.388	-188.929	-36.899	-30.076	0.92	0.12	0.78	4	49	214	1.913	0	80:129,81:128,82:127,83:126
0.5571909	-28.998	6.714	-231.517	-195.806	-40.275	-33.561	0.51	-0.13	0.85	5	49	214	1.913	0	21:169,22:168,23:167,24:166,25:165
0.5622435	-29.733	9.538	-189.243	-149.972	-33.962	-24.424	0.55	-0.1	0.9	4	49	214	1.913	0	22:143,23:142,24:141,25:140
0.5759334	-31.883	9.986	-218.536	-176.667	-31.847	-21.861	0.5	-0.25	0.73	4	49	214	1.913	0	112:190,113:189,114:188,115:187
0.5810459	-32.683	19.929	-218.069	-165.457	-31.676	-11.747	0.87	-0.13	0.85	4	49	214	1.913	0	31:190,32:189,33:188,34:187
0.5847704	-33.279	6.627	-99.463	-59.557	-32.475	-25.848	0.62	-0.08	0.96	5	49	214	1.913	0	10:49,11:48,12:47,13:46,14:45
0.5888344	-34.01	14.669	-273.581	-224.902	-34.754	-20.085	0.69	-0.13	0.78	4	49	214	1.913	0	13:71,14:70,15:69,16:68
0.5914905	-34.45	12.96	-208.232	-160.822	-33.424	-20.464	0.72	-0.08	0.87	4	49	214	1.913	0	102:156,103:155,104:154,105:153
0.5971422	-35.465	13.751	-334.991	-285.775	-46.005	-32.255	0.73	-0.13	0.73	5	49	214	1.913	0	68:129,69:128,70:127,71:126,72:125
0.5975316	-35.539	6.299	-199.167	-157.33	-34.681	-28.382	0.55	-0.12	0.89	4	49	214	1.913	0	23:209,24:208,25:207,26:206
0.5978811	-35.594	13.826	-254.102	-204.682	-40.71	-26.884	0.74	0.04	0.8	5	49	214	1.913	0	45:83,46:82,47:81,48:80,49:79
0.6017155	-36.185	9.264	-161.295	-115.846	-30.294	-21.03	0.56	-0.12	0.73	4	49	214	1.913	0	34:116,35:115,36:114,37:113
0.6047111	-36.699	13.461	-322.329	-272.169	-35.637	-22.176	0.6	-0.32	0.69	4	49	214	1.913	0	20:71,21:70,22:69,23:68
0.6114112	-37.807	12.952	-215.417	-164.658	-35.705	-22.753	0.55	-0.33	0.62	4	49	214	1.913	0	85:119,86:118,87:117,88:116
0.6146964	-38.399	7.699	-255.72	-209.622	-30.444	-22.745	0.73	-0.26	0.78	4	49	214	1.913	0	165:199,166:198,167:197,168:196
0.6150559	-38.473	9.49	-179.427	-131.464	-33.665	-24.176	0.21	-0.51	0.75	4	49	214	1.913	0	17:80,18:79,19:78,20:77
0.623813	-39.993	16.975	-262.136	-205.169	-59.312	-42.337	0.62	-0.07	0.9	7	49	214	1.913	0	21:59,22:58,23:57,24:56,25:55,26:54,27:53
0.6325601	-41.6	19.929	-223.06	-161.531	-31.676	-11.747	0.73	-0.15	0.83	4	49	214	1.913	0	146:190,147:189,148:188,149:187
0.6342776	-41.913	21.707	-221.668	-158.047	-51.556	-29.849	0.55	-0.28	0.75	6	49	214	1.913	0	54:120,55:119,56:118,57:117,58:116,59:115
0.6388309	-42.825	7.506	-236.155	-185.824	-28.929	-21.423	0.69	-0.09	0.77	4	49	214	1.913	0	11:83,12:82,13:81,14:80
0.6462999	-44.421	15.291	-218.203	-158.491	-35.97	-20.679	0.48	-0.14	0.78	4	49	214	1.913	0	78:181,79:180,80:179,81:178
0.6473983	-44.642	12.027	-251.567	-194.898	-26.822	-14.795	0.31	-0.48	0.69	4	49	214	1.913	0	56:112,57:111,58:110,59:109
0.6487463	-44.866	15.225	-201.625	-141.534	-50.206	-34.982	0.73	-0.15	0.74	6	49	214	1.913	0	43:119,44:118,45:117,46:116,47:115,48:114
0.6500344	-45.14	13.024	-254.038	-195.875	-36.98	-23.956	0.8	-0.05	0.86	5	49	214	1.913	0	46:192,47:191,48:190,49:189,50:188
0.6539886	-45.9	8.352	-226.347	-172.095	-32.251	-23.899	0.72	-0.17	0.82	4	49	214	1.913	0	81:166,82:165,83:164,84:163
0.6554864	-46.294	11.004	-421.743	-364.444	-42.355	-31.351	0.17	-0.73	0.59	5	49	214	1.913	0	79:163,80:162,81:161,82:160,83:159
0.6577132	-46.767	4.398	-189.664	-138.499	-30.249	-25.851	0.25	-0.33	0.8	4	49	214	1.913	0	110:174,111:173,112:172,113:171
0.6585819	-46.964	7.158	-229.535	-175.413	-29.791	-22.633	0.91	0.03	0.83	4	49	214	1.913	0	43:199,44:198,45:197,46:196
0.6600497	-47.243	9.834	-232.03	-174.953	-29.491	-19.657	0.72	-0.23	0.83	4	49	214	1.913	0	133:198,134:197,135:196,136:195
0.6632151	-47.935	13.795	-337.487	-275.757	-52.338	-38.543	0.66	-0.09	0.81	6	49	214	1.913	0	83:166,84:165,85:164,86:163,87:162,88:161
0.6634248	-47.986	1.455	-158.009	-108.567	-31.997	-30.541	0.55	-0.15	0.73	4	49	214	1.913	0	19:116,20:115,21:114,22:113
0.6654118	-48.417	12.823	-225.848	-164.608	-35.308	-22.485	0.42	-0.36	0.77	4	49	214	1.913	0	78:105,79:104,80:103,81:102
0.6676585	-48.962	14.538	-221.271	-157.771	-44.24	-29.702	0.59	-0.37	0.69	5	49	214	1.913	0	115:169,116:168,117:167,118:166,119:165
0.6791217	-51.428	26.294	-318.991	-241.269	-52.681	-26.387	0.64	-0.41	0.77	7	49	214	1.913	0	91:110,92:109,93:108,94:107,95:106,96:105,97:104
0.6811986	-51.942	17.107	-288.542	-219.493	-44.2	-27.093	0.41	-0.31	0.77	5	49	214	1.913	0	79:94,80:93,81:92,82:91,83:90
0.6827264	-52.268	8.376	-303.062	-242.418	-34.578	-26.203	0.52	-0.29	0.74	4	49	214	1.913	0	160:189,161:188,162:187,163:186
0.6853825	-52.879	10.073	-159.569	-96.616	-34.164	-24.09	0.59	-0.49	0.74	4	49	214	1.913	0	13:117,14:116,15:115,16:114
0.6875892	-53.364	-1.042	-177.088	-124.766	-29.971	-31.013	0.05	-0.65	0.68	4	49	214	1.913	0	7:80,8:79,9:78,10:77
0.6914036	-54.271	20.812	-366.04	-290.956	-54.667	-33.854	0.81	-0.04	0.88	7	49	214	1.913	0	14:157,15:156,16:155,17:154,18:153,19:152,20:151
0.6937602	-54.796	20.198	-336.403	-261.408	-41.479	-21.281	0.71	-0.04	0.78	5	49	214	1.913	0	44:72,45:71,46:70,47:69,48:68
0.7021379	-56.803	2.044	-151.05	-92.203	-29.273	-27.229	0.57	-0.13	0.79	4	49	214	1.913	0	12:116,13:115,14:114,15:113
0.7045243	-57.362	12.381	-260.73	-190.988	-38.945	-26.565	0.24	-0.62	0.6	5	49	214	1.913	0	76:108,77:107,78:106,79:105,80:104
0.7138806	-59.499	6.897	-104.076	-37.681	-20.76	-13.864	0.09	-0.18	0.91	4	49	214	1.913	0	6:30,7:29,8:28,9:27
0.7139705	-59.531	11.396	-304.425	-233.499	-31.618	-20.222	0.68	-0.08	0.83	4	49	214	1.913	0	46:157,47:156,48:155,49:154
0.7139705	-59.542	19.006	-293.197	-214.649	-39.089	-20.083	0.77	-0.12	0.83	5	49	214	1.913	0	91:192,92:191,93:190,94:189,95:188
0.7152186	-59.844	18	-444.018	-366.175	-32.391	-14.39	0.66	-0.21	0.6	4	49	214	1.913	0	69:192,70:191,71:190,72:189
0.7271211	-62.444	8.866	-215.194	-143.884	-35.047	-26.181	0.47	-0.56	0.65	4	49	214	1.913	0	20:117,21:116,22:115,23:114
0.7275904	-62.54	18.041	-324.411	-243.831	-32.391	-14.35	0.48	-0.18	0.73	4	49	214	1.913	0	56:72,57:71,58:70,59:69
0.7328228	-63.68	7.162	-199.874	-129.032	-33.134	-25.972	0.04	-0.55	0.73	4	49	214	1.913	0	76:209,77:208,78:207,79:206
0.7418195	-65.633	8.457	-249.664	-175.575	-59.817	-51.36	0.49	-0.28	0.77	7	49	214	1.913	0	112:131,113:130,114:129,115:128,116:127,117:126,118:125
0.7434971	-65.982	6.138	-382.505	-310.385	-31.666	-25.528	0.55	-0.48	0.51	4	49	214	1.913	0	107:163,108:162,109:161,110:160
0.7445555	-66.226	-1.723	-215.728	-151.225	-28.428	-30.151	0.43	-0.33	0.78	4	49	214	1.913	0	24:114,25:113,26:112,27:111
0.744905	-66.283	5.357	-111.303	-39.662	-23.927	-18.57	0.09	-0.18	0.91	4	49	214	1.913	0	6:29,7:28,8:27,9:26
0.7460833	-66.549	2.11	-122.937	-54.277	-28.382	-26.272	0.08	-0.21	0.89	4	49	214	1.913	0	8:57,9:56,10:55,11:54
0.746922	-66.743	3.98	-121.253	-50.53	-24.798	-20.818	0.08	-0.19	0.9	4	49	214	1.913	0	7:97,8:96,9:95,10:94
0.7479905	-66.986	1.873	-154.546	-85.687	-26.468	-24.595	0.08	-0.57	0.71	4	49	214	1.913	0	8:108,9:107,10:106,11:105
0.7494883	-67.281	13.374	-264.296	-183.641	-32.176	-18.802	0.7	-0.23	0.83	4	49	214	1.913	0	14:192,15:191,16:190,17:189
0.7542513	-68.322	10.401	-319.453	-240.731	-30.712	-20.311	0.47	-0.3	0.71	4	49	214	1.913	0	85:199,86:198,87:197,88:196
0.7553696	-68.569	13.84	-288.466	-206.057	-36.001	-22.16	0.57	-0.41	0.7	5	49	214	1.913	0	13:111,14:110,15:109,16:108,17:107
0.7628886	-70.152	8.533	-238.926	-160.241	-41.997	-33.463	0.21	-0.35	0.75	5	49	214	1.913	0	53:80,54:79,55:78,56:77,57:76
0.7654148	-70.736	5.922	-288.905	-212.247	-33.088	-27.166	0.49	-0.29	0.78	4	49	214	1.913	0	22:88,23:87,24:86,25:85
0.7670524	-71.072	16.99	-309.425	-221.362	-42.22	-25.23	0.48	-0.36	0.74	6	49	214	1.913	0	44:112,45:111,46:110,47:109,48:108,49:107
0.7696187	-71.626	16.695	-336.36	-248.039	-33.207	-16.512	0.56	-0.31	0.73	4	49	214	1.913	0	69:169,70:168,71:167,72:166
0.7717655	-72.086	7.23	-316.128	-236.811	-26.391	-19.161	0.27	-0.4	0.7	4	49	214	1.913	0	110:156,111:155,112:154,113:153
0.7883911	-75.897	3.063	-191.194	-112.234	-20.048	-16.985	0.09	-0.36	0.82	4	49	214	1.913	0	5:197,6:196,7:195,8:194
0.7917761	-76.692	-2.135	-114.219	-39.662	-18.68	-20.814	0.09	-0.18	0.91	4	49	214	1.913	0	6:134,7:133,8:132,9:131
0.7922154	-76.761	12.939	-397.535	-307.835	-50.187	-37.248	0.72	-0.23	0.75	6	49	214	1.913	0	19:84,20:83,21:82,22:81,23:80,24:79
0.8087811	-80.246	1.81	-148.69	-66.634	-28.904	-27.094	0.08	-0.23	0.88	5	49	214	1.913	0	6:62,7:61,8:60,9:59,10:58
0.8157109	-81.709	8.671	-289.486	-199.106	-27.638	-18.967	0.45	-0.32	0.69	4	49	214	1.913	0	109:169,110:168,111:167,112:166
0.8200345	-82.513	7.551	-140.657	-50.593	-15.426	-7.875	0.08	-0.25	0.88	4	49	214	1.913	0	1:170,2:169,3:168,4:167
0.8222812	-82.965	3.668	-126.357	-39.723	-16.498	-12.83	0.07	-0.18	0.91	4	49	214	1.913	0	1:123,2:122,3:121,4:120
0.8261056	-83.809	0.595	-118.955	-34.551	-18.579	-17.984	0.09	-0.18	0.91	4	49	214	1.913	0	5:53,6:52,7:51,8:50
0.8287717	-84.368	7.282	-121.153	-29.503	-17.34	-10.058	0.08	-0.15	0.92	4	49	214	1.913	0	1:45,2:44,3:43,4:42
0.8532757	-89.506	-3.028	-137.936	-51.458	-24.15	-27.177	0.08	-0.21	0.89	4	49	214	1.913	0	6:186,7:185,8:184,9:183
0.8580187	-90.541	13.498	-310.061	-206.022	-31.179	-17.68	0.7	-0.34	0.76	4	49	214	1.913	0	97:191,98:190,99:189,100:188
0.8581086	-90.566	5.629	-153.074	-56.879	-14.749	-9.12	0.08	-0.26	0.87	4	49	214	1.913	0	4:169,5:168,6:167,7:166
0.8595664	-90.906	1.841	-330.922	-238.175	-45.915	-44.074	0.4	-0.37	0.73	6	49	214	1.913	0	108:129,109:128,110:127,111:126,112:125,113:124
0.8640199	-91.989	13.179	-382.271	-277.103	-36.661	-23.482	0.51	-0.51	0.52	4	49	214	1.913	0	68:117,69:116,70:115,71:114
0.8684434	-93.225	14.808	-393.859	-285.826	-51.211	-36.403	0.34	-0.62	0.61	6	49	214	1.913	0	79:118,80:117,81:116,82:115,83:114,84:113
0.8727171	-94.385	2.858	-195.692	-98.449	-29.918	-27.06	0.08	-0.27	0.86	5	49	214	1.913	0	6:195,7:194,8:193,9:192,10:191
0.8730566	-94.473	9.48	-410.168	-306.216	-38.037	-28.557	0.63	-0.12	0.75	5	49	214	1.913	0	21:192,22:191,23:190,24:189,25:188
0.8772904	-95.853	-0.526	-162.647	-67.32	-31.794	-32.32	0.08	-0.2	0.9	5	49	214	1.913	0	6:172,7:171,8:170,9:169,10:168
0.8799964	-96.7	-4.898	-170.987	-79.186	-30.571	-35.469	0.07	-0.29	0.86	5	49	214	1.913	0	6:125,7:124,8:123,9:122,10:121
0.8868763	-99.117	0.099	-158.628	-59.413	-16.844	-16.745	0.06	-0.32	0.84	4	49	214	1.913	0	4:122,5:121,6:120,7:119
0.8874654	-99.342	12.679	-437.703	-325.682	-62.713	-50.034	0.57	-0.23	0.79	8	49	214	1.913	0	11:85,12:84,13:83,14:82,15:81,16:80,17:79,18:78
0.8959729	-102.593	1.979	-162.452	-57.879	-16.761	-14.782	0.07	-0.22	0.89	6	49	214	1.913	0	2:15,3:14,4:13,5:12,6:11,7:10
0.8976704	-103.31	13.014	-399.63	-283.306	-34.552	-21.539	0.58	-0.21	0.67	4	49	214	1.913	0	24:74,25:73,26:72,27:71
0.9021339	-105.179	9.342	-188.957	-74.437	-19.008	-9.667	0.08	-0.25	0.87	5	49	214	1.913	0	1:167,2:166,3:165,4:164,5:163
0.9044604	-106.189	17.303	-391.674	-268.181	-42.001	-24.698	0.53	-0.67	0.6	5	49	214	1.913	0	115:192,116:191,117:190,118:189,119:188
0.9059383	-106.727	8.365	-540.378	-425.286	-53.441	-45.076	0.39	-0.73	0.55	7	49	214	1.913	0	77:114,78:113,79:112,80:111,81:110,82:109,83:108
0.9075459	-107.519	4.812	-181.931	-69.601	-26.808	-21.996	0.08	-0.2	0.9	6	49	214	1.913	0	5:212,6:211,7:210,8:209,9:208,10:207
0.912938	-109.914	10.599	-251.069	-130.557	-17.529	-6.93	0.08	-0.39	0.8	4	49	214	1.913	0	1:190,2:189,3:188,4:187
0.9192387	-112.67	8.452	-163.815	-42.694	-17.185	-8.734	0.08	-0.16	0.92	5	49	214	1.913	0	3:48,4:47,5:46,6:45,7:44
0.9251001	-115.629	17.879	-505.085	-371.577	-61.221	-43.342	0.61	-0.4	0.7	8	49	214	1.913	0	20:111,21:110,22:109,23:108,24:107,25:106,26:105,27:104
0.9275166	-116.92	9.976	-444.138	-317.242	-26.822	-16.845	0.47	-0.59	0.56	4	49	214	1.913	0	109:192,110:191,111:190,112:189
0.9342866	-120.911	10.786	-320.771	-189.073	-29.13	-18.344	0.15	-0.68	0.66	4	49	214	1.913	0	73:169,74:168,75:167,76:166
0.9362038	-122.052	0.409	-249.308	-126.847	-30.535	-30.127	0.08	-0.27	0.86	5	49	214	1.913	0	6:28,7:27,8:26,9:25,10:24
0.9391894	-124.02	5.302	-185.728	-56.406	-29.838	-24.536	0.09	-0.17	0.91	6	49	214	1.913	0	4:44,5:43,6:42,7:41,8:40,9:39
0.9402878	-124.878	12.444	-330.816	-193.494	-31.985	-19.541	0.48	-0.38	0.78	4	49	214	1.913	0	56:163,57:162,58:161,59:160
0.9519406	-136.161	12.934	-418.24	-269.145	-33.015	-20.08	0.32	-0.77	0.6	4	49	214	1.913	0	72:190,73:189,74:188,75:187
0.9549862	-139.82	7.564	-318.179	-170.795	-24.246	-16.681	0.07	-0.41	0.8	6	49	214	1.913	0	1:87,2:86,3:85,4:84,5:83,6:82

