0.00005989	-73.018	17.581	-692.281	-601.682	-42.56	-24.979	0.92	0.25	0.71	5	100	301	14.116	0	176:219,177:218,178:217,179:216,180:215
0.0025552	-92.7	18.413	-656.588	-545.475	-32.387	-13.974	0.78	-0.32	0.71	4	100	301	14.116	0	27:42,28:41,29:40,30:39
0.00281471	-99.339	0.557	-527.639	-427.743	-31.168	-30.611	0.89	-0.03	0.78	4	100	301	14.116	0	118:166,119:165,120:164,121:163
0.00393261	-109.383	1.518	-522.09	-411.188	-31.286	-29.768	0.9	0.01	0.79	4	100	301	14.116	0	43:121,44:120,45:119,46:118
0.00428195	-112.385	0.201	-490.55	-377.965	-30.92	-30.719	0.84	-0.09	0.74	4	100	301	14.116	0	118:217,119:216,120:215,121:214
0.00573921	-120.315	12.22	-600.525	-467.991	-34.342	-22.122	0.87	-0.09	0.75	4	100	301	14.116	0	70:273,71:272,72:271,73:270
0.0062782	-122.335	8.525	-569.412	-438.553	-33.393	-24.869	0.88	0.03	0.73	4	100	301	14.116	0	163:217,164:216,165:215,166:214
0.0065976	-123.051	7.137	-593.681	-463.493	-28.654	-21.516	0.88	-0.13	0.8	4	100	301	14.116	0	164:232,165:231,166:230,167:229
0.00676728	-123.244	22.402	-1213.577	-1067.931	-50.827	-28.424	0.81	0.05	0.46	6	100	301	14.116	0	140:155,141:154,142:153,143:152,144:151,145:150
0.00716653	-124.281	10.323	-643.893	-509.289	-15.988	-5.665	0.85	-0.12	0.74	4	100	301	14.116	0	186:211,187:210,188:209,189:208
0.0077155	-126.469	11.551	-690.868	-552.849	-35.581	-24.03	0.84	-0.18	0.73	4	100	301	14.116	0	163:185,164:184,165:183,166:182
0.00928255	-131.862	15.075	-594.067	-447.13	-30.244	-15.169	0.9	-0.02	0.79	4	100	301	14.116	0	42:170,43:169,44:168,45:167
0.01066994	-135.294	6.094	-675.734	-534.345	-21.431	-15.337	0.9	0.1	0.72	4	100	301	14.116	0	128:167,129:166,130:165,131:164
0.0140935	-141.983	12.625	-654.893	-500.285	-34.229	-21.604	0.73	-0.31	0.7	4	100	301	14.116	0	65:218,66:217,67:216,68:215
0.01453268	-142.828	4.707	-740.844	-593.309	-37.88	-33.173	0.89	-0.04	0.77	5	100	301	14.116	0	61:120,62:119,63:118,64:117,65:116
0.01565058	-144.46	2.928	-720.924	-573.536	-33.289	-30.36	0.75	-0.09	0.67	4	100	301	14.116	0	49:121,50:120,51:119,52:118
0.01606979	-145.046	8.295	-673.128	-519.788	-30.631	-22.336	0.87	-0.08	0.7	4	100	301	14.116	0	178:260,179:259,180:258,181:257
0.01630934	-145.463	0.379	-530.886	-385.044	-30.615	-30.236	0.89	-0.05	0.81	4	100	301	14.116	0	31:121,32:120,33:119,34:118
0.01653891	-145.802	6.373	-603.484	-451.309	-31.254	-24.881	0.9	-0.06	0.82	4	100	301	14.116	0	62:173,63:172,64:171,65:170
0.01913403	-149.114	2.339	-635.548	-484.095	-33.411	-31.072	0.88	-0.05	0.76	4	100	301	14.116	0	76:178,77:177,78:176,79:175
0.02029185	-150.429	2.256	-700.069	-547.385	-31.472	-29.215	0.83	-0.13	0.7	4	100	301	14.116	0	65:78,66:77,67:76,68:75
0.02063121	-150.891	11.104	-623.442	-461.446	-33.254	-22.15	0.92	0.04	0.8	4	100	301	14.116	0	62:238,63:237,64:236,65:235
0.02173913	-152.403	13.412	-704.382	-538.567	-31.061	-17.649	0.83	-0.16	0.74	4	100	301	14.116	0	42:64,43:63,44:62,45:61
0.02198866	-152.613	8.975	-633.365	-471.777	-33.759	-24.784	0.91	0.07	0.78	4	100	301	14.116	0	43:166,44:165,45:164,46:163
0.02365553	-154.746	7.778	-664.764	-502.24	-34.008	-26.23	0.89	-0.03	0.76	4	100	301	14.116	0	46:65,47:64,48:63,49:62
0.02421448	-155.327	11.136	-659.898	-493.436	-31.505	-20.37	0.88	-0.06	0.75	4	100	301	14.116	0	62:73,63:72,64:71,65:70
0.02599114	-157.65	0.502	-614.922	-456.77	-31.436	-30.934	0.84	-0.2	0.78	4	100	301	14.116	0	76:175,77:174,78:173,79:172
0.02607099	-157.782	6.183	-719.403	-555.438	-29.511	-23.327	0.9	0.07	0.73	4	100	301	14.116	0	220:250,221:249,222:248,223:247
0.02828682	-160.029	-0.994	-640.376	-481.341	-32.107	-33.101	0.86	-0.15	0.77	4	100	301	14.116	0	76:176,77:175,78:174,79:173
0.02852637	-160.264	13.733	-729.502	-555.506	-35.596	-21.863	0.88	-0.01	0.73	4	100	301	14.116	0	108:240,109:239,110:238,111:237
0.02937478	-161.425	10.26	-626.33	-454.646	-32.571	-22.312	0.92	0.08	0.76	4	100	301	14.116	0	165:237,166:236,167:235,168:234
0.03051264	-162.616	9.108	-622.667	-450.942	-33.49	-24.382	0.9	0.03	0.78	4	100	301	14.116	0	133:167,134:166,135:165,136:164
0.03168044	-163.731	10.287	-620.849	-446.831	-22.978	-12.691	0.86	-0.11	0.74	4	100	301	14.116	0	125:181,126:180,127:179,128:178
0.03251886	-164.444	17.2	-706.268	-524.625	-31.978	-14.778	0.86	-0.05	0.72	4	100	301	14.116	0	176:220,177:219,178:218,179:217
0.03255879	-164.47	12.352	-744.138	-567.316	-42.009	-29.657	0.87	-0.12	0.79	5	100	301	14.116	0	30:47,31:46,32:45,33:44,34:43
0.0326586	-164.594	10.46	-618.935	-443.881	-32.852	-22.392	0.89	-0.06	0.79	4	100	301	14.116	0	168:238,169:237,170:236,171:235
0.03430551	-165.922	13.092	-740.32	-561.307	-40.544	-27.452	0.86	-0.13	0.79	5	100	301	14.116	0	30:167,31:166,32:165,33:164,34:163
0.03454506	-166.118	0.258	-698.757	-532.381	-30.47	-30.212	0.82	-0.15	0.69	4	100	301	14.116	0	74:166,75:165,76:164,77:163
0.03695053	-168.066	12.453	-837.631	-657.113	-33.201	-20.748	0.78	-0.2	0.65	4	100	301	14.116	0	48:64,49:63,50:62,51:61
0.03727991	-168.385	18.006	-617.429	-431.038	-21.877	-3.871	0.85	-0.15	0.75	4	100	301	14.116	0	165:208,166:207,167:206,168:205
0.03778896	-168.885	12.421	-730.945	-549.638	-33.749	-21.329	0.73	-0.19	0.69	4	100	301	14.116	0	56:70,57:69,58:68,59:67
0.0394159	-170.339	4.279	-690.811	-516.193	-33.526	-29.247	0.88	-0.01	0.7	4	100	301	14.116	0	119:180,120:179,121:178,122:177
0.04061365	-171.316	5.204	-616.36	-439.84	-30.149	-24.945	0.87	-0.06	0.77	4	100	301	14.116	0	40:79,41:78,42:77,43:76
0.04147203	-172.035	5.383	-593.329	-415.911	-38.907	-33.524	0.87	-0.12	0.78	4	100	301	14.116	0	113:181,114:180,115:179,116:178
0.04302911	-173.265	0.444	-596.161	-422.452	-18.67	-18.226	0.84	-0.23	0.81	4	100	301	14.116	0	63:213,64:212,65:211,66:210
0.04477582	-174.51	14.116	-754.301	-565.675	-32.385	-18.269	0.86	0	0.7	4	100	301	14.116	0	48:170,49:169,50:168,51:167
0.04527488	-174.809	7.592	-783.286	-600.885	-45.037	-37.445	0.85	-0.12	0.73	5	100	301	14.116	0	222:236,223:235,224:234,225:233,226:232
0.0483491	-177.074	9.216	-693.001	-506.711	-29.183	-19.968	0.84	-0.16	0.72	4	100	301	14.116	0	78:231,79:230,80:229,81:228
0.04863856	-177.222	-1.379	-659.423	-483.58	-32.388	-33.766	0.81	-0.24	0.73	4	100	301	14.116	0	75:253,76:252,77:251,78:250
0.04931728	-177.727	4.789	-644.909	-462.393	-15.329	-10.54	0.87	-0.08	0.76	4	100	301	14.116	0	163:211,164:210,165:209,166:208
0.05126362	-178.866	8.013	-736.366	-549.487	-37.215	-29.203	0.8	-0.22	0.7	4	100	301	14.116	0	112:224,113:223,114:222,115:221
0.05335968	-180.171	12.004	-636.79	-444.615	-33.91	-21.906	0.9	0.11	0.72	4	100	301	14.116	0	178:225,179:224,180:223,181:222
0.05369905	-180.393	18.666	-705.495	-506.436	-33.068	-14.402	0.81	-0.24	0.76	4	100	301	14.116	0	42:247,43:246,44:245,45:244
0.05438775	-180.835	12.876	-632.684	-438.972	-38.16	-25.284	0.85	-0.13	0.74	4	100	301	14.116	0	26:59,27:58,28:57,29:56
0.05568531	-181.645	12.886	-682.724	-488.193	-33.521	-20.635	0.82	-0.2	0.76	4	100	301	14.116	0	173:219,174:218,175:217,176:216
0.05714257	-182.326	3.282	-749.786	-564.178	-30.8	-27.518	0.75	-0.33	0.61	4	100	301	14.116	0	74:84,75:83,76:82,77:81
0.06206332	-185.409	12.213	-622.507	-424.885	-12.419	-0.206	0.89	-0.04	0.77	4	100	301	14.116	0	167:210,168:209,169:208,170:207
0.06242265	-185.512	10.026	-880.781	-685.244	-31.455	-21.429	0.74	-0.27	0.61	4	100	301	14.116	0	221:245,222:244,223:243,224:242
0.06372021	-186.264	1.167	-755.697	-568.266	-30.524	-29.357	0.88	0	0.71	4	100	301	14.116	0	94:223,95:222,96:221,97:220
0.06682437	-188.062	5.267	-725.547	-532.218	-30.82	-25.553	0.78	-0.19	0.66	4	100	301	14.116	0	76:155,77:154,78:153,79:152
0.06774264	-188.426	7.312	-656.082	-460.344	-29.757	-22.445	0.89	-0.03	0.77	4	100	301	14.116	0	165:251,166:250,167:249,168:248
0.06947938	-189.354	12.581	-754.019	-552.084	-31.995	-19.414	0.82	-0.13	0.7	4	100	301	14.116	0	43:69,44:68,45:67,46:66
0.07082685	-190.19	12.421	-908.276	-705.664	-47.165	-34.744	0.82	-0.16	0.68	5	100	301	14.116	0	92:256,93:255,94:254,95:253,96:252
0.07235397	-190.689	8.315	-749.892	-550.888	-34.261	-25.946	0.87	-0.02	0.73	4	100	301	14.116	0	57:166,58:165,59:164,60:163
0.07252366	-190.768	7.027	-721.578	-523.783	-33.667	-26.64	0.86	0.02	0.7	4	100	301	14.116	0	164:284,165:283,166:282,167:281
0.07300275	-190.984	14.056	-880.497	-675.457	-38.196	-24.14	0.88	-0.03	0.76	5	100	301	14.116	0	61:165,62:164,63:163,64:162,65:161
0.07446002	-191.761	4.022	-641.621	-445.838	-15.447	-11.425	0.88	-0.09	0.77	4	100	301	14.116	0	43:211,44:210,45:209,46:208
0.07511878	-192.092	0.476	-708.395	-515.826	-30.588	-30.112	0.82	-0.16	0.69	4	100	301	14.116	0	43:77,44:76,45:75,46:74
0.07521859	-192.145	4.774	-829.652	-632.733	-37.061	-32.287	0.74	-0.16	0.66	4	100	301	14.116	0	50:235,51:234,52:233,53:232
0.07533836	-192.196	0.824	-702.482	-509.462	-33.718	-32.894	0.9	-0.05	0.77	4	100	301	14.116	0	94:250,95:249,96:248,97:247
0.07990977	-194.741	5.18	-680.637	-480.716	-27.753	-22.573	0.82	-0.26	0.78	4	100	301	14.116	0	63:231,64:230,65:229,66:228
0.08078812	-195.2	16.27	-737.088	-525.619	-27.398	-11.128	0.8	-0.21	0.71	4	100	301	14.116	0	123:169,124:168,125:167,126:166
0.08105761	-195.358	11.592	-727.078	-520.128	-33.97	-22.379	0.8	-0.26	0.69	4	100	301	14.116	0	81:166,82:165,83:164,84:163
0.08588853	-197.921	12.202	-675.581	-465.457	-30.412	-18.21	0.85	-0.13	0.75	4	100	301	14.116	0	70:248,71:247,72:246,73:245
0.08604823	-197.989	17.456	-918.961	-703.516	-47.533	-30.078	0.88	-0.05	0.75	6	100	301	14.116	0	165:182,166:181,167:180,168:179,169:178,170:177
0.08857348	-199.214	13.683	-782.72	-569.822	-31.159	-17.476	0.88	0.07	0.7	4	100	301	14.116	0	122:167,123:166,124:165,125:164
0.08860343	-199.236	5.743	-752.496	-547.517	-35.894	-30.151	0.88	0.05	0.7	4	100	301	14.116	0	120:238,121:237,122:236,123:235
0.09155787	-200.409	1.886	-880.469	-678.173	-32.591	-30.705	0.7	-0.27	0.58	4	100	301	14.116	0	49:77,50:76,51:75,52:74
0.09179742	-200.521	16.089	-769.009	-552.398	-29.854	-13.764	0.72	-0.26	0.7	4	100	301	14.116	0	67:240,68:239,69:238,70:237
0.09221663	-200.686	14.288	-918.206	-703.233	-43.763	-29.475	0.85	-0.05	0.7	5	100	301	14.116	0	177:247,178:246,179:245,180:244,181:243
0.09298519	-200.945	15.698	-811.268	-594.626	-38.701	-23.004	0.81	-0.19	0.68	4	100	301	14.116	0	78:187,79:186,80:185,81:184
0.09734699	-202.756	13.025	-729.349	-513.568	-34.34	-21.315	0.72	-0.37	0.68	4	100	301	14.116	0	202:219,203:218,204:217,205:216
0.09743682	-202.801	3.088	-690.669	-484.781	-35.829	-32.742	0.84	-0.09	0.73	4	100	301	14.116	0	56:122,57:121,58:120,59:119
0.09807562	-202.987	8.845	-815.01	-603.178	-41.797	-32.952	0.88	-0.04	0.76	5	100	301	14.116	0	164:235,165:234,166:233,167:232,168:231
0.09846489	-203.14	10.002	-704.507	-491.365	-32.844	-22.842	0.83	-0.18	0.74	4	100	301	14.116	0	177:272,178:271,179:270,180:269
0.1004212	-203.986	3.289	-760.637	-553.362	-36.555	-33.265	0.86	-0.02	0.69	4	100	301	14.116	0	44:284,45:283,46:282,47:281
0.1068591	-206.347	12.257	-644.477	-425.874	-31.774	-19.517	0.85	-0.15	0.76	4	100	301	14.116	0	20:73,21:72,22:71,23:70
0.1081367	-206.846	10.385	-851.355	-634.124	-35.762	-25.377	0.77	-0.08	0.66	4	100	301	14.116	0	49:166,50:165,51:164,52:163
0.1097237	-207.493	1.926	-806.896	-597.477	-37.268	-35.342	0.86	-0.03	0.71	4	100	301	14.116	0	111:250,112:249,113:248,114:247
0.1113307	-208.143	9.578	-633.847	-416.126	-17.496	-7.918	0.86	-0.16	0.78	4	100	301	14.116	0	77:209,78:208,79:207,80:206
0.1114505	-208.221	12.879	-705.207	-484.107	-32.601	-19.722	0.8	-0.23	0.71	4	100	301	14.116	0	30:226,31:225,32:224,33:223
0.1128778	-208.675	3.116	-708.417	-496.625	-33.969	-30.852	0.76	-0.42	0.74	4	100	301	14.116	0	75:184,76:183,77:182,78:181
0.1131273	-208.721	7.804	-769.272	-552.746	-39.492	-31.687	0.85	-0.07	0.72	4	100	301	14.116	0	56:111,57:110,58:109,59:108
0.1147543	-209.483	9.186	-722.242	-503.574	-34.089	-24.903	0.81	-0.27	0.7	4	100	301	14.116	0	43:84,44:83,45:82,46:81
0.1163313	-210.054	7.152	-829.324	-612.117	-31.474	-24.322	0.77	-0.25	0.63	4	100	301	14.116	0	61:76,62:75,63:74,64:73
0.1169002	-210.282	12.813	-804.145	-581.051	-31.446	-18.634	0.84	-0.08	0.66	4	100	301	14.116	0	67:180,68:179,69:178,70:177
0.1192658	-211.315	6.668	-705.523	-487.54	-31.934	-25.266	0.85	-0.09	0.74	4	100	301	14.116	0	119:240,120:239,121:238,122:237
0.1197648	-211.503	11.109	-791.25	-568.639	-31.877	-20.768	0.81	-0.16	0.69	4	100	301	14.116	0	66:166,67:165,68:164,69:163
0.1205733	-211.777	2.591	-748.047	-533.679	-35.523	-32.931	0.69	-0.27	0.69	4	100	301	14.116	0	94:275,95:274,96:273,97:272
0.1280193	-214.881	5.022	-710.051	-490.149	-34.398	-29.377	0.88	-0.1	0.78	4	100	301	14.116	0	93:237,94:236,95:235,96:234
0.1296363	-215.615	6.14	-702.275	-480.521	-36.378	-30.238	0.88	-0.06	0.77	4	100	301	14.116	0	44:136,45:135,46:134,47:133
0.1320717	-216.415	2.242	-619.324	-400.667	-35.891	-33.649	0.8	-0.26	0.78	4	100	301	14.116	0	24:117,25:116,26:115,27:114
0.1321416	-216.442	21.11	-894.064	-656.512	-38.781	-17.671	0.86	-0.11	0.76	5	100	301	14.116	0	161:248,162:247,163:246,164:245,165:244
0.1341079	-217.315	7.373	-1036.362	-811.674	-28.588	-21.215	0.74	-0.25	0.56	4	100	301	14.116	0	220:244,221:243,222:242,223:241
0.1343973	-217.473	12.87	-830.117	-599.774	-29.996	-17.127	0.78	-0.2	0.66	4	100	301	14.116	0	79:221,80:220,81:219,82:218
0.1370424	-218.656	12.592	-1124.416	-893.168	-43.481	-30.889	0.8	-0.18	0.61	5	100	301	14.116	0	59:286,60:285,61:284,62:283,63:282
0.1421927	-220.812	8.399	-812.064	-582.853	-33.013	-24.614	0.84	-0.06	0.67	4	100	301	14.116	0	44:89,45:88,46:87,47:86
0.1429612	-221.15	13.814	-790.328	-555.364	-31.62	-17.805	0.84	-0.09	0.69	4	100	301	14.116	0	163:195,164:194,165:193,166:192
0.1469937	-222.871	6.238	-697.256	-468.146	-35.013	-28.774	0.81	-0.17	0.7	4	100	301	14.116	0	24:226,25:225,26:224,27:223
0.1476424	-223.142	17.033	-864.93	-624.754	-41.528	-24.495	0.82	-0.18	0.71	5	100	301	14.116	0	79:171,80:170,81:169,82:168,83:167
0.1486705	-223.421	1.093	-703.867	-479.353	-28.599	-27.506	0.64	-0.34	0.72	4	100	301	14.116	0	22:277,23:276,24:275,25:274
0.1491496	-223.555	6.319	-759.299	-529.425	-13.308	-6.988	0.81	-0.18	0.68	4	100	301	14.116	0	192:211,193:210,194:209,195:208
0.1503873	-224.06	3.029	-754.999	-527.91	-21.255	-18.226	0.87	-0.08	0.75	4	100	301	14.116	0	63:130,64:129,65:128,66:127
0.1520342	-224.627	-0.664	-713.645	-489.682	-29.917	-30.581	0.8	-0.22	0.72	4	100	301	14.116	0	31:77,32:76,33:75,34:74
0.1526929	-224.836	4.432	-881.115	-651.847	-43.91	-39.478	0.83	-0.16	0.71	5	100	301	14.116	0	119:184,120:183,121:182,122:181,123:180
0.155328	-225.913	3.808	-852.714	-622.993	-41.124	-37.316	0.85	-0.11	0.72	5	100	301	14.116	0	75:180,76:179,77:178,78:177,79:176
0.155338	-225.914	21.818	-949.709	-701.977	-42.902	-21.083	0.88	0.01	0.73	5	100	301	14.116	0	163:189,164:188,165:187,166:186,167:185
0.1582824	-226.987	8.392	-800.005	-564.626	-37.801	-29.409	0.84	-0.14	0.72	4	100	301	14.116	0	133:186,134:185,135:184,136:183
0.1587016	-227.107	14.396	-774.126	-532.623	-37.914	-23.518	0.8	-0.27	0.7	4	100	301	14.116	0	53:219,54:218,55:217,56:216
0.1594502	-227.391	6.72	-823.002	-588.891	-43.751	-37.03	0.84	-0.16	0.77	5	100	301	14.116	0	23:36,24:35,25:34,26:33,27:32
0.1618457	-228.255	13.515	-720.926	-479.155	-28.467	-14.952	0.84	-0.17	0.75	4	100	301	14.116	0	167:194,168:193,169:192,170:191
0.1629936	-228.729	3.586	-721.314	-488.999	-35.274	-31.688	0.86	-0.13	0.75	4	100	301	14.116	0	246:255,247:254,248:253,249:252
0.1630235	-228.741	11.387	-791.056	-550.929	-29.377	-17.99	0.8	-0.27	0.73	4	100	301	14.116	0	229:261,230:260,231:259,232:258
0.1634028	-228.823	13.779	-723.881	-481.279	-25.887	-12.108	0.8	-0.29	0.74	4	100	301	14.116	0	158:181,159:180,160:179,161:178
0.1641015	-229.201	13.625	-820.269	-577.443	-41.388	-27.763	0.89	-0.07	0.79	5	100	301	14.116	0	234:249,235:248,236:247,237:246,238:245
0.1648102	-229.511	0.832	-659.767	-429.424	-34.029	-33.197	0.88	-0.11	0.81	4	100	301	14.116	0	21:234,22:233,23:232,24:231
0.1654889	-229.794	19.54	-754.05	-504.716	-31.488	-11.949	0.82	-0.18	0.73	4	100	301	14.116	0	177:190,178:189,179:188,180:187
0.1661077	-230.067	17.707	-872.756	-624.982	-35.209	-17.502	0.75	-0.28	0.67	4	100	301	14.116	0	48:247,49:246,50:245,51:244
0.166507	-230.32	12.185	-863.857	-621.352	-34.9	-22.715	0.77	-0.15	0.63	4	100	301	14.116	0	104:218,105:217,106:216,107:215
0.1699505	-231.802	13.991	-960.225	-714.431	-33.998	-20.007	0.68	-0.26	0.58	4	100	301	14.116	0	49:69,50:68,51:67,52:66
0.1705593	-232.037	16.142	-847.733	-599.553	-43.802	-27.66	0.82	-0.19	0.72	5	100	301	14.116	0	26:180,27:179,28:178,29:177,30:176
0.1718569	-232.51	5.307	-890.135	-652.318	-31.957	-26.65	0.82	-0.1	0.65	4	100	301	14.116	0	234:243,235:242,236:241,237:240
0.1741027	-233.184	-0.642	-677.991	-445.449	-17.772	-18.414	0.84	-0.19	0.77	4	100	301	14.116	0	133:212,134:211,135:210,136:209
0.1750509	-233.606	3.925	-713.639	-476.108	-36.461	-32.536	0.86	-0.14	0.78	4	100	301	14.116	0	44:235,45:234,46:233,47:232
0.1766279	-234.1	6.906	-934.184	-693.178	-46.724	-39.818	0.79	-0.22	0.7	6	100	301	14.116	0	72:219,73:218,74:217,75:216,76:215,77:214
0.1796922	-235.147	15.604	-997.671	-746.92	-46.534	-30.93	0.86	-0.09	0.74	6	100	301	14.116	0	217:239,218:238,219:237,220:236,221:235,222:234
0.1804008	-235.413	11.101	-797.124	-550.61	-30.659	-19.559	0.86	-0.09	0.73	4	100	301	14.116	0	163:241,164:240,165:239,166:238
0.1823172	-236.044	3.538	-724.519	-484.937	-36.68	-33.142	0.65	-0.4	0.71	4	100	301	14.116	0	252:274,253:273,254:272,255:271
0.1825169	-236.123	13.223	-890.732	-641.387	-34.663	-21.441	0.83	-0.16	0.67	5	100	301	14.116	0	78:269,79:268,80:267,81:266,82:265
0.1898431	-238.437	5.552	-721.681	-477.692	-31.311	-25.759	0.83	-0.13	0.7	4	100	301	14.116	0	119:206,120:205,121:204,122:203
0.1905118	-238.714	13.155	-772.077	-520.208	-34.804	-21.649	0.82	-0.16	0.72	4	100	301	14.116	0	234:262,235:261,236:260,237:259
0.1954026	-240.74	2.099	-904.62	-661.781	-34.071	-31.972	0.71	-0.37	0.58	4	100	301	14.116	0	120:204,121:203,122:202,123:201
0.1962211	-241.011	15.141	-864.471	-608.32	-39.595	-24.454	0.83	-0.19	0.76	5	100	301	14.116	0	77:164,78:163,79:162,80:161,81:160
0.1998044	-242.197	11.96	-870.543	-616.386	-35.64	-23.68	0.78	-0.27	0.66	4	100	301	14.116	0	91:181,92:180,93:179,94:178
0.2003933	-242.37	13.472	-691.459	-435.617	-28.711	-15.238	0.86	-0.17	0.8	4	100	301	14.116	0	188:238,189:237,190:236,191:235
0.2024694	-243.005	1.815	-655.235	-410.415	-35.763	-33.948	0.88	-0.1	0.79	4	100	301	14.116	0	21:255,22:254,23:253,24:252
0.2077794	-244.234	9.312	-1039.784	-786.238	-38.033	-28.721	0.76	-0.31	0.6	4	100	301	14.116	0	103:112,104:111,105:110,106:109
0.2091568	-244.722	2.928	-811.58	-563.931	-34.03	-31.102	0.8	-0.2	0.69	4	100	301	14.116	0	32:284,33:283,34:282,35:281
0.2100751	-244.937	15.384	-876.731	-616.41	-28.554	-13.169	0.71	-0.44	0.63	4	100	301	14.116	0	221:264,222:263,223:262,224:261
0.2106839	-245.091	14.705	-909.434	-649.638	-34.333	-19.628	0.77	-0.26	0.61	4	100	301	14.116	0	82:125,83:124,84:123,85:122
0.2119016	-245.566	6.638	-746.394	-494.19	-15.658	-9.02	0.79	-0.28	0.69	4	100	301	14.116	0	81:211,82:210,83:209,84:208
0.2130894	-245.883	19.604	-870.11	-604.623	-33.885	-14.281	0.65	-0.38	0.59	4	100	301	14.116	0	151:219,152:218,153:217,154:216
0.2139777	-246.28	4.468	-758.756	-508.009	-33.539	-29.071	0.85	-0.16	0.77	4	100	301	14.116	0	231:249,232:248,233:247,234:246
0.2176408	-247.477	8.583	-799.368	-543.309	-31.828	-23.245	0.77	-0.32	0.71	4	100	301	14.116	0	82:232,83:231,84:230,85:229
0.2177506	-247.516	3.471	-742.076	-491.09	-33.853	-30.382	0.86	-0.13	0.77	4	100	301	14.116	0	32:136,33:135,34:134,35:133
0.2202659	-248.211	12.926	-822.092	-560.955	-31.491	-18.565	0.83	-0.11	0.68	4	100	301	14.116	0	68:238,69:237,70:236,71:235
0.2209346	-248.431	9.668	-955.696	-697.596	-45.676	-36.008	0.86	-0.04	0.7	5	100	301	14.116	0	107:181,108:180,109:179,110:178,111:177
0.2210145	-248.454	15.198	-1012.696	-749.043	-29.821	-14.623	0.75	-0.31	0.62	4	100	301	14.116	0	103:221,104:220,105:219,106:218
0.2214137	-248.591	6.726	-891.202	-635.885	-30.52	-23.794	0.74	-0.33	0.62	4	100	301	14.116	0	200:222,201:221,202:220,203:219
0.2249371	-249.646	7.256	-895.093	-638.19	-35.255	-27.998	0.83	-0.06	0.67	4	100	301	14.116	0	45:105,46:104,47:103,48:102
0.2269933	-250.406	9.654	-834.449	-574.39	-30.83	-21.176	0.8	-0.19	0.66	4	100	301	14.116	0	119:157,120:156,121:155,122:154
0.2274125	-250.549	9.413	-958.024	-698.062	-49.152	-39.739	0.87	-0.08	0.73	5	100	301	14.116	0	109:238,110:237,111:236,112:235,113:234
0.2276321	-250.659	5.546	-833.197	-576.993	-29.608	-24.063	0.81	-0.24	0.72	4	100	301	14.116	0	247:263,248:262,249:261,250:260
0.2279015	-250.722	15.077	-878.819	-613.02	-36.42	-21.344	0.79	-0.23	0.66	4	100	301	14.116	0	38:273,39:272,40:271,41:270
0.2285204	-250.846	1.033	-875.628	-623.749	-43.381	-42.348	0.8	-0.23	0.7	5	100	301	14.116	0	55:79,56:78,57:77,58:76,59:75
0.22873	-250.91	16.174	-1188.451	-921.368	-58.816	-42.642	0.85	-0.12	0.7	7	100	301	14.116	0	78:124,79:123,80:122,81:121,82:120,83:119,84:118
0.2304068	-251.491	10.453	-818.215	-556.271	-44.962	-34.509	0.83	-0.2	0.77	5	100	301	14.116	0	24:47,25:46,26:45,27:44,28:43
0.2313151	-251.618	-4.547	-814.651	-567.58	-28.842	-33.389	0.82	-0.19	0.71	4	100	301	14.116	0	106:133,107:132,108:131,109:130
0.2374037	-253.708	7.37	-901.143	-640.065	-33.91	-26.54	0.87	-0.03	0.74	5	100	301	14.116	0	133:162,134:161,135:160,136:159,137:158
0.2379227	-253.928	13.489	-982.504	-715.088	-38.666	-25.177	0.82	-0.1	0.63	4	100	301	14.116	0	121:187,122:186,123:185,124:184
0.2384817	-254.032	3.335	-925.819	-668.451	-32.143	-28.807	0.74	-0.27	0.63	4	100	301	14.116	0	75:107,76:106,77:105,78:104
0.2403681	-254.528	10.357	-777.675	-512.79	-36.141	-25.783	0.79	-0.27	0.73	4	100	301	14.116	0	32:256,33:255,34:254,35:253
0.2479039	-256.78	9.248	-1005.506	-739.478	-33.613	-24.365	0.68	-0.31	0.55	4	100	301	14.116	0	50:89,51:88,52:87,53:86
0.2519264	-258.321	13.989	-1029.933	-757.623	-38.271	-24.282	0.77	-0.25	0.61	4	100	301	14.116	0	102:187,103:186,104:185,105:184
0.2536232	-258.591	10.472	-1018.03	-748.967	-38.463	-27.99	0.72	-0.41	0.59	4	100	301	14.116	0	38:112,39:111,40:110,41:109
0.2540624	-258.749	24.359	-1192.818	-909.71	-46.903	-22.544	0.74	-0.31	0.65	6	100	301	14.116	0	38:221,39:220,40:219,41:218,42:217,43:216
0.2564978	-259.437	9.339	-1107.939	-839.164	-48.539	-39.2	0.88	0.04	0.71	6	100	301	14.116	0	63:124,64:123,65:122,66:121,67:120,68:119
0.2568272	-259.512	8.791	-838.702	-570.4	-38.255	-29.464	0.58	-0.51	0.66	4	100	301	14.116	0	112:276,113:275,114:274,115:273
0.2593724	-260.278	0.662	-932.277	-671.336	-43.69	-43.028	0.85	-0.07	0.72	5	100	301	14.116	0	119:253,120:252,121:251,122:250,123:249
0.2615982	-260.951	2.674	-841.952	-578.327	-30.785	-28.111	0.78	-0.35	0.69	4	100	301	14.116	0	34:90,35:89,36:88,37:87
0.2644828	-261.804	13.047	-813.66	-538.809	-31.738	-18.691	0.82	-0.14	0.7	4	100	301	14.116	0	43:195,44:194,45:193,46:192
0.2653511	-262.073	6.302	-917.419	-649.044	-33.138	-26.836	0.8	-0.18	0.69	4	100	301	14.116	0	59:251,60:250,61:249,62:248
0.2661197	-262.335	15.058	-887.448	-610.056	-20.68	-5.622	0.86	-0.1	0.75	5	100	301	14.116	0	61:210,62:209,63:208,64:207,65:206
0.2692338	-263.309	20.741	-858.727	-574.678	-41.844	-21.103	0.77	-0.37	0.73	5	100	301	14.116	0	28:82,29:81,30:80,31:79,32:78
0.2695832	-263.398	7.581	-886.691	-615.712	-39.157	-31.576	0.82	-0.22	0.74	5	100	301	14.116	0	222:233,223:232,224:231,225:230,226:229
0.2697928	-263.483	19.075	-921.806	-639.248	-28.75	-9.675	0.64	-0.42	0.62	4	100	301	14.116	0	67:157,68:156,69:155,70:154
0.2715794	-264.033	13.606	-890.908	-613.269	-34.281	-20.675	0.68	-0.36	0.7	4	100	301	14.116	0	51:163,52:162,53:161,54:160
0.2720985	-264.168	21.862	-990.976	-704.945	-43.662	-21.8	0.75	-0.33	0.68	5	100	301	14.116	0	79:248,80:247,81:246,82:245,83:244
0.2751727	-264.888	13.19	-926.607	-648.529	-42.295	-29.106	0.77	-0.33	0.69	5	100	301	14.116	0	30:85,31:84,32:83,33:82,34:81
0.2795245	-266.231	11.654	-802.382	-524.497	-37.318	-25.664	0.76	-0.25	0.65	4	100	301	14.116	0	223:256,224:255,225:254,226:253
0.2837466	-267.358	17.486	-892.301	-607.458	-33.058	-15.573	0.64	-0.5	0.6	4	100	301	14.116	0	27:154,28:153,29:152,30:151
0.2843554	-267.573	18.629	-1010.092	-723.891	-43.077	-24.448	0.77	-0.3	0.68	5	100	301	14.116	0	61:83,62:82,63:81,64:80,65:79
0.2884577	-268.243	2.285	-690.369	-419.84	-33.761	-31.476	0.85	-0.17	0.77	4	100	301	14.116	0	21:283,22:282,23:281,24:280
0.2885475	-268.287	11.895	-858.285	-578.102	-36.835	-24.94	0.84	-0.07	0.68	4	100	301	14.116	0	96:181,97:180,98:179,99:178
0.2904739	-268.851	17.684	-913.942	-627.406	-43.222	-25.538	0.82	-0.15	0.73	5	100	301	14.116	0	163:257,164:256,165:255,166:254,167:253
0.2942568	-270.072	14.269	-815.02	-530.679	-32.385	-18.115	0.76	-0.32	0.68	4	100	301	14.116	0	19:51,20:50,21:49,22:48
0.294676	-270.267	16.599	-698.999	-412.133	-30.244	-13.645	0.8	-0.28	0.77	4	100	301	14.116	0	19:45,20:44,21:43,22:42
0.2970416	-270.892	19.106	-858.332	-568.334	-29.206	-10.1	0.74	-0.28	0.64	4	100	301	14.116	0	152:220,153:219,154:218,155:217
0.2980696	-270.985	7.317	-860.136	-581.834	-34.57	-27.254	0.81	-0.17	0.69	4	100	301	14.116	0	101:136,102:135,103:134,104:133
0.2992574	-271.365	15.059	-896.911	-610.487	-32.491	-17.432	0.77	-0.29	0.66	4	100	301	14.116	0	38:248,39:247,40:246,41:245

