0	388.548	8.674	-799.415	-1179.289	-49.946	-41.272	0.98	0.66	0.6	6	100	401	10.676	0	297:312,298:311,299:310,300:309,301:308,302:307
0	361.036	11.949	-1093.444	-1442.531	8.98	20.929	0.93	0.44	0.57	8	100	401	10.676	0	22:42,23:41,24:40,25:39,26:38,27:37,28:36,29:35
0	615.879	27.439	-1289.696	-1878.136	-56.735	-29.296	0.97	1	0.42	8	100	401	10.676	0	196:215,197:214,198:213,199:212,200:211,201:210,202:209,203:208
0.00000993	299.468	27.332	-985.461	-1257.596	-48.858	-21.526	0.95	0.56	0.58	7	100	401	10.676	0	267:296,268:295,269:294,270:293,271:292,272:291,273:290
0.00004967	278.482	18.234	-388.508	-648.757	-32.251	-14.017	0.98	0.63	0.64	4	100	401	10.676	0	142:164,143:163,144:162,145:161
0.00006953	213.792	20.543	-344.994	-538.243	-51.421	-30.878	0.99	0.5	0.72	6	100	401	10.676	0	90:111,91:110,92:109,93:108,94:107,95:106
0.0000894	198.144	6.132	-1147.347	-1339.36	-55.771	-49.64	0.84	0.24	0.5	7	100	401	10.676	0	113:128,114:127,115:126,116:125,117:124,118:123,119:122
0.00022847	140.836	17.11	-149.079	-272.804	-41.856	-24.746	1	0.14	0.92	5	100	401	10.676	0	56:243,57:242,58:241,59:240,60:239
0.00027813	131.715	8.732	-316.451	-439.434	-36.801	-28.069	0.98	0.39	0.76	4	100	401	10.676	0	61:79,62:78,63:77,64:76
0.00028807	131.16	15.44	-456.218	-571.938	-31.25	-15.81	0.87	0.28	0.56	4	100	401	10.676	0	134:173,135:172,136:171,137:170
0.00120193	100.591	19.536	-248.431	-329.486	-39.916	-20.38	0.82	-0.15	0.92	5	100	401	10.676	0	231:264,232:263,233:262,234:261,235:260
0.0012516	100.074	11.762	-113.401	-201.713	-43.629	-31.867	0.99	0	0.99	5	100	401	10.676	0	51:378,52:377,53:376,54:375,55:374
0.00135094	98.917	19.096	-144.869	-224.689	-33.47	-14.374	0.99	0.05	0.94	4	100	401	10.676	0	334:361,335:360,336:359,337:358
0.00218534	93.524	8.224	-86.119	-171.419	-35.005	-26.781	0.99	-0.02	0.99	4	100	401	10.676	0	182:219,183:218,184:217,185:216
0.00234427	90.986	10.728	-227.79	-308.048	-36.757	-26.029	0.85	-0.07	0.94	5	100	401	10.676	0	144:262,145:261,146:260,147:259,148:258
0.0030098	85.798	16.363	-133.839	-203.275	-30.244	-13.881	0.99	0.08	0.94	4	100	401	10.676	0	111:183,112:182,113:181,114:180
0.003278	84.366	4.428	-120.793	-200.73	-41.441	-37.013	1	0.02	0.99	5	100	401	10.676	0	50:220,51:219,52:218,53:217,54:216
0.00377467	81.303	12.873	-164.904	-233.334	-34.601	-21.728	0.96	0.01	0.93	4	100	401	10.676	0	131:183,132:182,133:181,134:180
0.00427134	78.572	13.431	-221.346	-286.487	-12.749	0.682	0.8	-0.12	0.91	4	100	401	10.676	0	42:236,43:235,44:234,45:233
0.00439054	77.802	13.062	-91.503	-156.244	-32.483	-19.421	1	0	1	4	100	401	10.676	0	180:228,181:227,182:226,183:225
0.00447001	77.464	11.241	-294.702	-360.925	-18.995	-7.754	0.87	-0.06	0.91	5	100	401	10.676	0	18:227,19:226,20:225,21:224,22:223
0.00489714	74.979	12.992	-97.717	-159.704	-33.015	-20.023	0.99	-0.02	0.99	4	100	401	10.676	0	181:379,182:378,183:377,184:376
0.00718181	66.809	10.491	-203.956	-260.274	-31.907	-21.416	0.82	-0.12	0.93	4	100	401	10.676	0	145:219,146:218,147:217,148:216
0.00891021	62.665	17.006	-516.933	-562.592	-31.338	-14.331	0.98	0.07	0.89	8	100	401	10.676	0	14:327,15:326,16:325,17:324,18:323,19:322,20:321,21:320
0.01120482	57.101	14.968	-144.997	-187.13	-32.794	-17.826	0.99	0.01	0.98	4	100	401	10.676	0	87:182,88:181,89:180,90:179
0.01144322	56.638	14.829	-227.898	-269.707	-15.185	-0.356	0.98	0.08	0.93	5	100	401	10.676	0	19:242,20:241,21:240,22:239,23:238
0.01169155	56.052	9.378	-329.563	-376.237	-32.905	-23.528	0.8	-0.15	0.87	4	100	401	10.676	0	68:237,69:236,70:235,71:234
0.01221802	55.022	11.865	-233.817	-276.974	-36.884	-25.018	0.95	0.07	0.87	4	100	401	10.676	0	88:134,89:133,90:132,91:131
0.01338022	52.88	16.419	-150.9	-187.361	-31.316	-14.898	0.99	0.02	0.98	4	100	401	10.676	0	179:337,180:336,181:335,182:334
0.01535695	49.448	17.182	-301.396	-333.661	-28.822	-11.64	0.8	-0.03	0.85	4	100	401	10.676	0	234:243,235:242,236:241,237:240
0.01541655	49.28	19.78	-563.897	-593.396	-61.55	-41.769	0.86	-0.09	0.87	7	100	401	10.676	0	223:329,224:328,225:327,226:326,227:325,228:324,229:323
0.01567482	48.646	12.754	-169.831	-205.724	-34.725	-21.972	0.94	-0.1	0.95	4	100	401	10.676	0	59:182,60:181,61:180,62:179
0.01576422	48.498	9.364	-280.828	-319.963	-37.442	-28.078	0.81	-0.24	0.88	4	100	401	10.676	0	57:226,58:225,59:224,60:223
0.01639002	47.207	8.58	-322.42	-361.047	-43.798	-35.218	0.87	-0.1	0.91	5	100	401	10.676	0	85:226,86:225,87:224,88:223,89:222
0.01858529	43.594	17.185	-174.629	-201.038	-31.316	-14.131	0.98	0	0.97	4	100	401	10.676	0	179:361,180:360,181:359,182:358
0.01941969	42.564	17.66	-307.675	-332.578	-28.822	-11.161	0.76	-0.28	0.85	4	100	401	10.676	0	109:235,110:234,111:233,112:232
0.01962829	42.292	12.594	-304.933	-334.631	-35.381	-22.786	0.8	-0.07	0.88	4	100	401	10.676	0	148:192,149:191,150:190,151:189
0.01970776	42.137	15.824	-333.74	-360.052	-41.397	-25.573	0.84	-0.03	0.9	5	100	401	10.676	0	77:149,78:148,79:147,80:146,81:145
0.01989649	41.896	8.902	-152.968	-185.963	-42.042	-33.14	0.99	-0.02	0.99	5	100	401	10.676	0	47:381,48:380,49:379,50:378,51:377
0.0206713	40.823	12.801	-171.862	-199.884	-34.766	-21.965	0.98	0.06	0.94	4	100	401	10.676	0	88:228,89:227,90:226,91:225
0.0206713	40.818	18.102	-322.523	-345.239	-48.104	-30.002	0.95	0.01	0.91	6	100	401	10.676	0	54:241,55:240,56:239,57:238,58:237,59:236
0.0211481	40.16	18.727	-320.89	-342.323	-30.639	-11.912	0.89	-0.01	0.82	4	100	401	10.676	0	110:146,111:145,112:144,113:143
0.0213567	39.909	8.362	-183.116	-214.662	-34.725	-26.363	0.98	0.03	0.94	4	100	401	10.676	0	57:190,58:189,59:188,60:187
0.02142623	39.834	4.062	-162.224	-197.995	-34.222	-30.16	0.98	-0.01	0.96	4	100	401	10.676	0	52:89,53:88,54:87,55:86
0.0219825	39.115	9.982	-141.191	-170.323	-31.326	-21.344	1	0.01	0.99	4	100	401	10.676	0	54:181,55:180,56:179,57:178
0.02202223	39.083	7.257	-202.15	-233.976	-36.013	-28.755	0.96	0.01	0.92	4	100	401	10.676	0	54:134,55:133,56:132,57:131
0.02226063	38.753	4.898	-177.778	-211.633	-37.389	-32.49	0.98	0.05	0.94	4	100	401	10.676	0	57:219,58:218,59:217,60:216
0.0224593	38.491	15.932	-310.104	-332.663	-40.509	-24.577	0.97	0.17	0.85	5	100	401	10.676	0	88:114,89:113,90:112,91:111,92:110
0.02255863	38.34	8.01	-259.893	-290.223	-33.039	-25.029	0.8	-0.11	0.91	4	100	401	10.676	0	86:149,87:148,88:147,89:146
0.0225785	38.284	10.308	-163.994	-191.97	-12.419	-2.111	0.99	0.03	0.96	4	100	401	10.676	0	20:181,21:180,22:179,23:178
0.0246347	35.979	7.595	-239.465	-267.849	-35.98	-28.384	0.96	0.03	0.92	4	100	401	10.676	0	56:71,57:70,58:69,59:68
0.0250817	35.505	8.193	-129.575	-156.886	-33.895	-25.702	1	0	1	4	100	401	10.676	0	54:228,55:227,56:226,57:225
0.02527044	35.249	9.039	-344.51	-370.72	-44.453	-35.414	0.98	0.09	0.91	6	100	401	10.676	0	82:241,83:240,84:239,85:238,86:237,87:236
0.02653197	33.89	13.836	-369.009	-389.063	-40.475	-26.639	0.82	-0.12	0.88	5	100	401	10.676	0	145:314,146:313,147:312,148:311,149:310
0.02676044	33.57	7.174	-295.409	-321.805	-18.942	-11.768	0.98	0.11	0.91	5	100	401	10.676	0	19:219,20:218,21:217,22:216,23:215
0.02761471	32.676	4.868	-168.845	-196.653	-33.739	-28.871	0.99	0.03	0.97	4	100	401	10.676	0	48:324,49:323,50:322,51:321
0.02894577	31.371	0.624	-202.168	-232.915	-34.695	-34.071	0.97	-0.05	0.98	5	100	401	10.676	0	180:260,181:259,182:258,183:257,184:256
0.02942257	30.814	11.005	-318.996	-338.804	-41.829	-30.824	0.92	0	0.89	5	100	401	10.676	0	54:218,55:217,56:216,57:215,58:214
0.03066424	29.628	1.606	-171.862	-199.884	-30.173	-28.567	0.98	0.06	0.94	4	100	401	10.676	0	88:260,89:259,90:258,91:257
0.03191584	28.271	7.411	-186.204	-207.063	-17.738	-10.326	0.97	-0.05	0.97	4	100	401	10.676	0	21:133,22:132,23:131,24:130
0.03362438	26.501	8.598	-281.651	-299.554	-42.8	-34.202	0.99	0.09	0.94	5	100	401	10.676	0	78:326,79:325,80:324,81:323,82:322
0.03471705	25.535	10.811	-223.746	-238.47	-31.229	-20.418	0.95	0.02	0.9	4	100	401	10.676	0	49:113,50:112,51:111,52:110
0.03495545	25.283	14.195	-271.345	-282.433	-39.88	-25.685	0.95	-0.01	0.91	5	100	401	10.676	0	54:114,55:113,56:112,57:111,58:110
0.03500512	25.218	9.829	-366.464	-381.853	-36.184	-26.355	0.74	-0.16	0.83	4	100	401	10.676	0	128:151,129:150,130:149,131:148
0.03578985	24.473	5.746	-228.998	-247.726	-33.736	-27.99	0.96	0.14	0.86	4	100	401	10.676	0	90:262,91:261,92:260,93:259
0.03600838	24.31	-3.002	-129.575	-156.886	-29.302	-32.304	1	0	1	4	100	401	10.676	0	54:260,55:259,56:258,57:257
0.03708119	23.347	13.074	-408.64	-418.913	-42.748	-29.674	0.81	-0.12	0.88	5	100	401	10.676	0	223:326,224:325,225:324,226:323,227:322
0.03886919	21.775	11.184	-167.351	-177.941	-32.977	-21.793	0.99	0	0.98	4	100	401	10.676	0	54:189,55:188,56:187,57:186
0.04265379	18.631	15.418	-373.269	-376.482	-32.162	-16.744	0.98	0.28	0.8	4	100	401	10.676	0	261:270,262:269,263:268,264:267
0.044412	17.365	16.476	-354.616	-355.505	-60.488	-44.013	0.96	0.04	0.89	7	100	401	10.676	0	103:382,104:381,105:380,106:379,107:378,108:377,109:376
0.0480178	14.662	10.792	-159.58	-163.45	-29.77	-18.978	0.98	-0.02	0.98	4	100	401	10.676	0	177:381,178:380,179:379,180:378
0.0488224	14.053	12.425	-204.268	-205.896	-30.771	-18.345	0.98	0.08	0.93	4	100	401	10.676	0	237:381,238:380,239:379,240:378
0.049329	13.57	2.076	-193.769	-205.263	-34.165	-32.089	0.97	-0.03	0.96	4	100	401	10.676	0	85:132,86:131,87:130,88:129
0.05200107	11.736	11.128	-247.772	-248.38	-42.614	-31.486	0.97	-0.05	0.96	5	100	401	10.676	0	51:162,52:161,53:160,54:159,55:158
0.05832861	7.336	9.271	-191.159	-189.224	-35.605	-26.334	0.97	-0.04	0.96	4	100	401	10.676	0	158:377,159:376,160:375,161:374
0.05969942	6.431	5.125	-408.495	-409.801	-49.757	-44.632	0.86	-0.14	0.92	6	100	401	10.676	0	81:224,82:223,83:222,84:221,85:220,86:219
0.06059342	5.848	13.728	-263.588	-255.708	-31.061	-17.332	0.84	-0.09	0.9	4	100	401	10.676	0	239:326,240:325,241:324,242:323
0.06115962	5.455	11.497	-483.559	-477.517	-34.459	-22.961	0.8	-0.13	0.76	4	100	401	10.676	0	125:227,126:226,127:225,128:224
0.06152715	5.217	-0.532	-284.35	-290.099	-29.298	-29.831	0.8	-0.13	0.89	4	100	401	10.676	0	248:258,249:257,250:256,251:255
0.06172582	5.11	5.998	-240.02	-239.132	-42.635	-36.637	0.98	-0.01	0.96	5	100	401	10.676	0	85:378,86:377,87:376,88:375,89:374
0.06660309	1.976	10.065	-324.963	-316.874	-30.558	-20.493	0.9	-0.06	0.88	4	100	401	10.676	0	49:298,50:297,51:296,52:295
0.06679183	1.876	12.893	-251.82	-240.803	-32.153	-19.26	0.98	0.04	0.94	4	100	401	10.676	0	187:326,188:325,189:324,190:323
0.06693089	1.837	10.241	-206.241	-197.837	-15.005	-4.764	0.98	0	0.96	4	100	401	10.676	0	21:379,22:378,23:377,24:376
0.06758649	1.379	13.261	-418.743	-406.862	-31.663	-18.402	0.87	-0.15	0.83	4	100	401	10.676	0	77:362,78:361,79:360,80:359
0.06796396	1.16	0.743	-232.169	-232.586	-34.225	-33.482	0.98	0.04	0.94	4	100	401	10.676	0	85:322,86:321,87:320,88:319
0.0706559	-0.466	4.483	-254.543	-249.594	-36.296	-31.813	0.95	-0.03	0.91	4	100	401	10.676	0	59:84,60:83,61:82,62:81
0.07123203	-0.846	1.747	-215.103	-212.511	-31.057	-29.31	0.98	0.03	0.95	4	100	401	10.676	0	85:190,86:189,87:188,88:187
0.07164923	-1.132	9.336	-299.615	-289.147	-31.863	-22.527	0.98	0.17	0.86	4	100	401	10.676	0	214:381,215:380,216:379,217:378
0.07231477	-1.49	12.196	-246.377	-232.691	-31.442	-19.246	0.98	0.13	0.89	4	100	401	10.676	0	110:381,111:380,112:379,113:378
0.0733081	-2.176	11.771	-274.907	-260.96	-33.024	-21.253	0.97	0.05	0.9	4	100	401	10.676	0	77:338,78:337,79:336,80:335
0.07498684	-3.065	12.1	-336.281	-321.117	-21.856	-9.756	0.96	-0.04	0.95	6	100	401	10.676	0	19:190,20:189,21:188,22:187,23:186,24:185
0.07531464	-3.241	1.798	-376.091	-371.052	-31.695	-29.897	0.85	-0.16	0.87	4	100	401	10.676	0	279:324,280:323,281:322,282:321
0.07667551	-4.082	10.113	-251.968	-237.773	-34.817	-24.705	0.98	0.04	0.94	4	100	401	10.676	0	216:326,217:325,218:324,219:323
0.07741058	-4.494	6.614	-204.44	-193.332	-34.578	-27.964	0.98	-0.03	0.96	4	100	401	10.676	0	54:360,55:359,56:358,57:357
0.08112565	-6.606	11.778	-374.254	-355.87	-12.419	-0.641	0.92	0.11	0.82	4	100	401	10.676	0	42:270,43:269,44:268,45:267
0.08178125	-7	11.14	-387.155	-369.015	-30.984	-19.844	0.96	0.24	0.8	4	100	401	10.676	0	260:270,261:269,262:268,263:267
0.08197991	-7.107	-3.546	-247.879	-244.319	-10.065	-13.611	0.97	0.03	0.93	4	100	401	10.676	0	18:259,19:258,20:257,21:256
0.08493012	-8.739	12.77	-350.727	-329.218	-34.848	-22.078	0.86	-0.03	0.83	4	100	401	10.676	0	194:324,195:323,196:322,197:321
0.08543672	-8.998	7.983	-375.139	-358.158	-35.367	-27.383	0.96	0.2	0.83	4	100	401	10.676	0	79:128,80:127,81:126,82:125
0.08642012	-9.569	4.462	-475.952	-461.921	-42.663	-38.201	0.87	-0.14	0.88	5	100	401	10.676	0	84:194,85:193,86:192,87:191,88:190
0.08740352	-10.145	9.481	-347.227	-327.601	-37.606	-28.125	0.96	0.08	0.87	4	100	401	10.676	0	216:329,217:328,218:327,219:326
0.08980739	-11.263	8.027	-377.006	-357.716	-23.561	-15.534	0.98	0.07	0.92	6	100	401	10.676	0	20:83,21:82,22:81,23:80,24:79,25:78
0.09172453	-12.298	1.223	-265.688	-252.168	-12.248	-11.025	0.98	0.08	0.92	4	100	401	10.676	0	22:261,23:260,24:259,25:258
0.09211193	-12.527	16.371	-461.114	-432.217	-30.309	-13.939	0.94	0.3	0.71	4	100	401	10.676	0	110:198,111:197,112:196,113:195
0.09250926	-12.711	0.132	-244.962	-232.119	-39.674	-39.542	0.97	-0.05	0.96	5	100	401	10.676	0	81:376,82:375,83:374,84:373,85:372
0.09444627	-13.685	3.207	-253.417	-236.526	-40.939	-37.733	0.97	-0.06	0.97	5	100	401	10.676	0	53:84,54:83,55:82,56:81,57:80
0.09537007	-14.165	15.909	-291.543	-261.47	-27.821	-11.912	0.84	-0.18	0.85	4	100	401	10.676	0	108:147,109:146,110:145,111:144
0.097317	-15.136	10.099	-325.37	-300.135	-36.776	-26.678	0.97	0.15	0.87	4	100	401	10.676	0	76:132,77:131,78:130,79:129
0.09981027	-16.513	11.767	-445.422	-417.142	-19.666	-7.899	0.85	-0.11	0.87	5	100	401	10.676	0	21:227,22:226,23:225,24:224,25:223
0.1008036	-17.041	15.672	-541.62	-508.907	-42.948	-27.276	0.89	0.05	0.81	5	100	401	10.676	0	193:381,194:380,195:379,196:378,197:377
0.1009526	-17.11	-0.244	-428.035	-411.169	-39.782	-40.026	0.89	-0.13	0.9	5	100	401	10.676	0	82:370,83:369,84:368,85:367,86:366
0.1037439	-18.483	6.046	-527.785	-503.256	-35.487	-29.441	0.92	0.08	0.77	4	100	401	10.676	0	149:158,150:157,151:156,152:155
0.1065351	-19.985	2.43	-244.057	-221.642	-35.834	-33.404	0.96	-0.08	0.96	4	100	401	10.676	0	68:382,69:381,70:380,71:379
0.1075285	-20.482	11.322	-383.292	-351.488	-36.969	-25.647	0.86	-0.13	0.82	4	100	401	10.676	0	57:97,58:96,59:95,60:94
0.1130117	-23.251	6.253	-604.513	-575.009	-51.402	-45.149	0.79	-0.24	0.82	6	100	401	10.676	0	98:324,99:323,100:322,101:321,102:320,103:319
0.115346	-24.52	10.529	-238.976	-203.927	-13.841	-3.313	0.95	-0.06	0.94	4	100	401	10.676	0	14:183,15:182,16:181,17:180
0.1158228	-24.745	10.523	-511.208	-475.94	-16.278	-5.755	0.77	-0.2	0.83	5	100	401	10.676	0	38:149,39:148,40:147,41:146,42:145
0.1175711	-25.553	14.533	-455.43	-415.343	-28.492	-13.959	0.93	0.15	0.75	4	100	401	10.676	0	109:270,110:269,111:268,112:267
0.1187432	-26.119	7.419	-341.429	-307.891	-36.584	-29.165	0.96	0.04	0.91	5	100	401	10.676	0	84:243,85:242,86:241,87:240,88:239
0.1195975	-26.526	14.421	-541.057	-500.11	-38.111	-23.69	0.91	0.17	0.77	5	100	401	10.676	0	260:272,261:271,262:270,263:269,264:268
0.1206306	-27.025	-2.773	-275.059	-250.807	-33.494	-36.267	0.96	0.03	0.91	4	100	401	10.676	0	82:131,83:130,84:129,85:128
0.1209782	-27.199	13.204	-605.867	-565.464	-33.82	-20.616	0.8	-0.03	0.7	4	100	401	10.676	0	192:271,193:270,194:269,195:268
0.1214352	-27.407	2.724	-348.338	-318.206	-32.631	-29.907	0.78	-0.12	0.89	4	100	401	10.676	0	81:150,82:149,83:148,84:147
0.1222994	-27.839	9.198	-417.618	-380.581	-31.867	-22.669	0.76	-0.12	0.77	4	100	401	10.676	0	195:316,196:315,197:314,198:313
0.1256767	-29.491	10.304	-485.809	-446.014	-36.007	-25.703	0.8	-0.04	0.79	4	100	401	10.676	0	223:312,224:311,225:310,226:309
0.1269879	-30.191	14.576	-351.373	-306.606	-33.668	-19.092	0.93	-0.04	0.89	4	100	401	10.676	0	160:184,161:183,162:182,163:181
0.1277826	-30.536	11.338	-414.914	-373.039	-33.645	-22.307	0.9	0.01	0.83	4	100	401	10.676	0	125:188,126:187,127:186,128:185
0.1288752	-31.045	3.478	-265.523	-231	-34.364	-30.886	0.96	-0.05	0.94	4	100	401	10.676	0	81:90,82:89,83:88,84:87
0.1291434	-31.186	8.245	-379.507	-340.076	-42.454	-34.208	0.81	-0.19	0.87	5	100	401	10.676	0	65:189,66:188,67:187,68:186,69:185
0.1307328	-31.922	12.583	-605.53	-561.025	-29.774	-17.191	0.86	0.09	0.62	4	100	401	10.676	0	134:272,135:271,136:270,137:269
0.1316069	-32.348	-0.673	-235.26	-203.585	-32.691	-33.364	0.96	-0.06	0.96	4	100	401	10.676	0	82:192,83:191,84:190,85:189
0.1337426	-33.467	7.9	-311.56	-270.193	-16.505	-8.605	0.96	0.04	0.9	4	100	401	10.676	0	22:219,23:218,24:217,25:216
0.1341598	-33.689	13.606	-547.135	-499.84	-33.361	-19.755	0.76	-0.19	0.74	4	100	401	10.676	0	110:331,111:330,112:329,113:328
0.1351829	-34.166	7.062	-451.9	-410.672	-36.828	-29.766	0.87	0	0.79	4	100	401	10.676	0	73:134,74:133,75:132,76:131
0.1355803	-34.318	2.574	-350.048	-313.157	-30.312	-27.738	0.93	-0.05	0.89	4	100	401	10.676	0	82:287,83:286,84:285,85:284
0.1359677	-34.5	10.617	-404.319	-359.202	-34.454	-23.838	0.76	0.02	0.85	4	100	401	10.676	0	325:379,326:378,327:377,328:376
0.1389675	-35.774	-2.06	-316.203	-282.488	-40.438	-42.498	0.97	0.01	0.94	5	100	401	10.676	0	84:220,85:219,86:218,87:217,88:216
0.1402489	-36.418	5.71	-297.634	-255.507	-36.682	-30.973	0.96	-0.06	0.96	5	100	401	10.676	0	81:182,82:181,83:180,84:179,85:178
0.1402589	-36.422	6.45	-385.395	-342.524	-30.319	-23.869	0.77	-0.16	0.8	4	100	401	10.676	0	195:320,196:319,197:318,198:317
0.1413913	-36.919	7.998	-378.499	-333.582	-34.711	-26.713	0.91	-0.01	0.86	4	100	401	10.676	0	73:228,74:227,75:226,76:225
0.1414409	-36.939	9.287	-326.329	-280.103	-33.69	-24.403	0.94	-0.05	0.9	4	100	401	10.676	0	311:326,312:325,313:324,314:323
0.1424442	-37.291	2.321	-514.539	-474.927	-45.754	-43.433	0.96	0.05	0.89	6	100	401	10.676	0	256:328,257:327,258:326,259:325,260:324,261:323
0.1448381	-38.27	9.184	-297.233	-249.778	-34.251	-25.067	0.86	-0.07	0.84	4	100	401	10.676	0	79:109,80:108,81:107,82:106
0.1450368	-38.374	-0.519	-277.751	-239.896	-10.736	-11.255	0.96	-0.06	0.94	4	100	401	10.676	0	21:259,22:258,23:257,24:256
0.1461394	-38.79	10.724	-309.135	-259.62	-32.2	-21.476	0.77	-0.04	0.93	4	100	401	10.676	0	185:325,186:324,187:323,188:322
0.1464374	-38.949	9.567	-407.072	-358.555	-36.644	-27.076	0.9	0.03	0.81	4	100	401	10.676	0	54:96,55:95,56:94,57:93
0.1467851	-39.1	16.842	-488.934	-432.992	-41.608	-24.766	0.75	-0.25	0.84	5	100	401	10.676	0	233:341,234:340,235:339,236:338,237:337
0.1474307	-39.357	8.669	-276.991	-228.965	-37.226	-28.557	0.91	-0.15	0.91	4	100	401	10.676	0	56:340,57:339,58:338,59:337
0.1475102	-39.385	7.256	-285.367	-238.727	-31.421	-24.165	0.87	-0.08	0.85	4	100	401	10.676	0	108:382,109:381,110:380,111:379
0.1487717	-39.962	15.07	-565.654	-510.621	-29.638	-14.569	0.8	-0.07	0.68	4	100	401	10.676	0	195:298,196:297,197:296,198:295
0.1508875	-40.897	6.076	-437.99	-391.017	-26.708	-20.632	0.77	-0.04	0.83	4	100	401	10.676	0	83:267,84:266,85:265,86:264
0.1510266	-40.943	6.805	-470.091	-422.343	-39.25	-32.445	0.92	0.02	0.85	5	100	401	10.676	0	84:98,85:97,86:96,87:95,88:94
0.1530232	-41.744	12.712	-488.914	-434.457	-28.163	-15.451	0.86	0.04	0.72	4	100	401	10.676	0	109:272,110:271,111:270,112:269
0.1567284	-43.242	7.07	-483.605	-433.293	-44.018	-36.948	0.68	-0.31	0.82	5	100	401	10.676	0	65:228,66:227,67:226,68:225,69:224
0.1574734	-43.588	5.364	-334.751	-285.799	-41.621	-36.257	0.97	-0.01	0.94	5	100	401	10.676	0	85:162,86:161,87:160,88:159,89:158
0.1590925	-44.274	-6.588	-263.45	-225.764	-29.654	-36.242	0.96	-0.02	0.94	4	100	401	10.676	0	82:317,83:316,84:315,85:314
0.1609898	-45.134	12.724	-470.54	-412.683	-36.385	-23.662	0.81	0	0.8	4	100	401	10.676	0	76:226,77:225,78:224,79:223
0.1614467	-45.331	5.449	-685.374	-634.594	-41.037	-35.588	0.71	-0.31	0.8	5	100	401	10.676	0	50:367,51:366,52:365,53:364,54:363
0.1642777	-46.558	11.273	-572.767	-514.936	-24.137	-12.863	0.91	0.03	0.82	6	100	401	10.676	0	19:97,20:96,21:95,22:94,23:93,24:92
0.1648638	-46.839	-0.322	-337.246	-290.728	-28.377	-28.699	0.96	0.02	0.91	4	100	401	10.676	0	256:325,257:324,258:323,259:322
0.1660955	-47.397	15.84	-531.935	-468.698	-33.721	-17.881	0.82	-0.22	0.73	4	100	401	10.676	0	76:288,77:287,78:286,79:285
0.1678537	-48.114	-3.197	-378.499	-333.582	-30.118	-33.315	0.91	-0.01	0.86	4	100	401	10.676	0	73:260,74:259,75:258,76:257
0.1699099	-48.905	9.704	-410.146	-351.537	-16.656	-6.952	0.9	-0.02	0.83	4	100	401	10.676	0	22:135,23:134,24:133,25:132
0.1720356	-49.72	9.472	-382.008	-322.816	-31.826	-22.354	0.75	-0.3	0.79	4	100	401	10.676	0	65:114,66:113,67:112,68:111
0.1733468	-50.391	9.433	-314.195	-254.372	-36.279	-26.846	0.88	-0.17	0.92	4	100	401	10.676	0	66:379,67:378,68:377,69:376
0.1753236	-51.216	12.105	-578.552	-515.23	-14.856	-2.75	0.89	0.08	0.77	5	100	401	10.676	0	41:272,42:271,43:270,44:269,45:268
0.1804591	-53.266	9.492	-454.654	-391.895	-32.171	-22.68	0.79	-0.13	0.82	4	100	401	10.676	0	48:164,49:163,50:162,51:161
0.1810253	-53.495	5.034	-259.776	-201.247	-35.049	-30.015	0.96	-0.01	0.93	4	100	401	10.676	0	226:383,227:382,228:381,229:380
0.1835385	-54.563	5.856	-527.666	-467.247	-41.765	-35.909	0.79	-0.14	0.87	5	100	401	10.676	0	148:321,149:320,150:319,151:318,152:317
0.1850384	-55.203	4.198	-521.994	-462.593	-36.401	-32.203	0.9	-0.06	0.84	5	100	401	10.676	0	82:299,83:298,84:297,85:296,86:295
0.1889124	-56.695	-1.061	-451.136	-395.502	-32.401	-33.462	0.79	-0.07	0.73	4	100	401	10.676	0	91:258,92:257,93:256,94:255
0.1904819	-57.359	13.911	-689.937	-618.666	-32.884	-18.973	0.52	-0.52	0.66	4	100	401	10.676	0	167:337,168:336,169:335,170:334
0.1914355	-57.744	0.79	-581.875	-523.342	-37.421	-36.631	0.82	0.01	0.8	5	100	401	10.676	0	125:259,126:258,127:257,128:256,129:255
0.193591	-58.564	0.911	-331.739	-272.263	-33.057	-32.146	0.92	-0.06	0.9	4	100	401	10.676	0	82:134,83:133,84:132,85:131
0.1936804	-58.591	6.306	-369.25	-304.353	-36.332	-30.026	0.98	0.17	0.86	4	100	401	10.676	0	76:219,77:218,78:217,79:216
0.1943559	-58.867	9.032	-536.296	-468.397	-53.52	-44.489	0.88	-0.12	0.87	6	100	401	10.676	0	59:90,60:89,61:88,62:87,63:86,64:85
0.1955578	-59.369	-0.105	-254.437	-195.174	-30.939	-31.045	0.96	-0.07	0.97	4	100	401	10.676	0	82:228,83:227,84:226,85:225
0.1960545	-59.595	10.503	-567.558	-497.46	-36.202	-25.699	0.9	0.2	0.66	4	100	401	10.676	0	92:128,93:127,94:126,95:125
0.1974054	-60.185	8.415	-362.232	-293.631	-32.19	-23.775	0.92	-0.11	0.88	4	100	401	10.676	0	310:338,311:337,312:336,313:335
0.1988855	-60.794	0.007	-450.966	-390.164	-37.599	-37.591	0.91	-0.02	0.86	5	100	401	10.676	0	82:218,83:217,84:216,85:215,86:214
0.2001967	-61.358	16.792	-604.353	-526.203	-41.84	-25.048	0.73	-0.23	0.8	5	100	401	10.676	0	141:381,142:380,143:379,144:378,145:377
0.2007529	-61.578	6.537	-401.582	-333.467	-36.398	-29.861	0.92	-0.01	0.86	4	100	401	10.676	0	129:312,130:311,131:310,132:309
0.202829	-62.357	12.535	-452.52	-377.628	-34.397	-21.862	0.72	-0.26	0.83	4	100	401	10.676	0	94:326,95:325,96:324,97:323
0.203276	-62.466	12.908	-626.686	-551.311	-32.649	-19.741	0.8	-0.17	0.68	4	100	401	10.676	0	108:332,109:331,110:330,111:329
0.2037628	-62.667	11.248	-687.406	-613.491	-35.741	-24.493	0.8	-0.05	0.58	4	100	401	10.676	0	91:204,92:203,93:202,94:201
0.2040608	-62.815	15.34	-600.84	-522.685	-41.578	-26.238	0.89	0.1	0.76	5	100	401	10.676	0	73:114,74:113,75:112,76:111,77:110
0.2044978	-63.013	16.536	-877.203	-797.654	-33.947	-17.411	0.72	-0.13	0.62	5	100	401	10.676	0	269:297,270:296,271:295,272:294,273:293
0.2069911	-64.049	6.788	-536.455	-465.618	-34.635	-27.847	0.82	-0.11	0.8	4	100	401	10.676	0	259:332,260:331,261:330,262:329
0.2084811	-64.595	-4.209	-262.499	-202.113	-31.704	-35.913	0.96	-0.06	0.96	4	100	401	10.676	0	82:321,83:320,84:319,85:318
0.2086897	-64.668	6.26	-397.584	-326.655	-34.915	-28.655	0.94	0.03	0.86	4	100	401	10.676	0	78:312,79:311,80:310,81:309
0.2091466	-64.79	12.074	-688.43	-611.566	-41.639	-29.565	0.75	-0.15	0.7	5	100	401	10.676	0	266:342,267:341,268:340,269:339,270:338
0.2096731	-64.993	15.313	-850.095	-769.79	-27.821	-12.508	0.68	-0.25	0.51	4	100	401	10.676	0	196:293,197:292,198:291,199:290
0.2112227	-65.663	6.764	-438.52	-366.092	-34.711	-27.947	0.92	0	0.86	4	100	401	10.676	0	149:316,150:315,151:314,152:313
0.2118882	-65.947	10.119	-365.019	-288.953	-35.297	-25.178	0.97	0.12	0.87	4	100	401	10.676	0	76:378,77:377,78:376,79:375
0.2121962	-66.084	-2.788	-358.914	-295.617	-32.405	-35.192	0.94	-0.07	0.92	4	100	401	10.676	0	68:87,69:86,70:85,71:84
0.2138848	-66.818	10.819	-445.154	-367.518	-31.399	-20.58	0.87	-0.01	0.8	4	100	401	10.676	0	218:272,219:271,220:270,221:269
0.2155834	-67.517	2.426	-331.482	-261.54	-41.947	-39.521	0.95	-0.03	0.93	5	100	401	10.676	0	258:383,259:382,260:381,261:380,262:379
0.2160006	-67.695	1.566	-356.946	-287.686	-39.934	-38.368	0.95	-0.06	0.94	5	100	401	10.676	0	81:361,82:360,83:359,84:358,85:357
0.2191892	-68.979	7.397	-537.351	-460.976	-35.544	-28.148	0.82	-0.19	0.74	4	100	401	10.676	0	66:116,67:115,68:114,69:113
0.219676	-69.143	11.595	-563.935	-483.198	-32.628	-21.034	0.68	-0.36	0.72	4	100	401	10.676	0	168:228,169:227,170:226,171:225

