0	62.943	24.287	-59.894	-98.55	-60.457	-36.169	1	0.13	0.93	10	9	412	0.434	0	355:386,356:385,357:384,358:383,359:382,360:381,361:380,362:379,363:378,364:377
0	68.734	33.883	-56.907	-91.758	-91.531	-57.647	1	0.24	0.88	11	9	412	0.434	0	13:256,14:255,15:254,16:253,17:252,18:251,19:250,20:249,21:248,22:247,23:246
0.0000895	42.222	12.766	-34.407	-63.863	-33.404	-20.638	1	0.26	0.87	6	9	412	0.434	0	83:98,84:97,85:96,86:95,87:94,88:93
0.00011934	40.429	22.632	-49.44	-67.237	-32.628	-9.996	0.97	0.11	0.83	8	9	412	0.434	0	160:215,161:214,162:213,163:212,164:211,165:210,166:209,167:208
0.00059668	34.942	14.564	-11.828	-32.205	-32.834	-18.269	1	0	1	5	9	412	0.434	0	5:265,6:264,7:263,8:262,9:261
0.00081546	34.149	17.996	-26.865	-43.018	-24.612	-6.616	1	0.19	0.91	6	9	412	0.434	0	144:228,145:227,146:226,147:225,148:224,149:223
0.00117346	32.849	25.165	-57.524	-65.208	-78.104	-52.939	0.98	0	0.96	10	9	412	0.434	0	27:262,28:261,29:260,30:259,31:258,32:257,33:256,34:255,35:254,36:253
0.00130274	32.493	20.063	-12.35	-24.78	-28.205	-8.142	0.89	-0.44	0.78	5	9	412	0.434	0	334:345,335:344,336:343,337:342,338:341
0.00199887	31.309	10.219	-43.542	-64.632	-34.346	-24.127	1	0.33	0.83	4	9	412	0.434	0	78:102,79:101,80:100,81:99
0.00227731	30.835	13.253	-21.366	-38.948	-25.467	-12.214	1	0.07	0.96	6	9	412	0.434	0	122:242,123:241,124:240,125:239,126:238,127:237
0.00318228	29.72	16.424	-40.78	-54.076	-36.591	-20.167	0.99	0.06	0.94	8	9	412	0.434	0	50:204,51:203,52:202,53:201,54:200,55:199,56:198,57:197
0.00420657	28.823	11.438	-21.622	-39.007	-16.865	-5.427	1	0.04	0.98	6	9	412	0.434	0	123:266,124:265,125:264,126:263,127:262,128:261
0.00571815	27.476	21.121	-44.208	-50.563	-36.598	-15.477	0.96	0.04	0.87	6	9	412	0.434	0	302:315,303:314,304:313,305:312,306:311,307:310
0.00749824	26.491	18.208	-29.128	-37.411	-32.288	-14.08	0.97	0.06	0.86	4	9	412	0.434	0	249:313,250:312,251:311,252:310
0.01241087	24.533	13.498	-24.172	-35.207	-34.529	-21.031	0.97	-0.06	0.97	4	9	412	0.434	0	7:361,8:360,9:359,10:358
0.01480752	23.869	10.655	-17.665	-30.88	-40.604	-29.949	1	0.17	0.92	4	9	412	0.434	0	49:70,50:69,51:68,52:67
0.01482741	23.865	13.058	-24.048	-34.855	-25.407	-12.349	0.98	-0.04	0.98	6	9	412	0.434	0	117:179,118:178,119:177,120:176,121:175,122:174
0.01498653	23.828	9.151	-13.406	-28.083	-37.542	-28.39	1	0	1	5	9	412	0.434	0	364:375,365:374,366:373,367:372,368:371
0.01563292	23.598	10.954	-21.547	-34.191	-18.953	-7.999	1	0.06	0.97	4	9	412	0.434	0	126:361,127:360,128:359,129:358
0.02256432	22.068	11.175	-14.187	-25.079	-22.98	-11.805	1	0.06	0.97	4	9	412	0.434	0	35:171,36:170,37:169,38:168
0.02423501	21.738	7.87	-24.702	-38.571	-39.331	-31.461	1	0.04	0.98	5	9	412	0.434	0	358:374,359:373,360:372,361:371,362:370
0.02488141	21.608	13.733	-22.778	-30.653	-16.67	-2.937	0.98	-0.04	0.98	5	9	412	0.434	0	199:232,200:231,201:230,202:229,203:228
0.02567698	21.475	18.908	-32.557	-35.124	-33.495	-14.587	0.96	-0.09	0.96	5	9	412	0.434	0	84:382,85:381,86:380,87:379,88:378
0.02568692	21.475	10.667	-24.048	-34.855	-19.216	-8.549	0.98	-0.04	0.98	6	9	412	0.434	0	124:370,125:369,126:368,127:367,128:366,129:365
0.02624382	21.376	12.434	-13.745	-22.687	-31.829	-19.395	1	0	1	4	9	412	0.434	0	28:367,29:366,30:365,31:364
0.02627366	21.37	12.454	-26.806	-35.721	-19.992	-7.538	0.98	0.04	0.93	5	9	412	0.434	0	123:228,124:227,125:226,126:225,127:224
0.02629354	21.362	10.469	-14.187	-25.079	-26.014	-15.545	1	0.06	0.97	4	9	412	0.434	0	166:362,167:361,168:360,169:359
0.02656205	21.304	9.511	-12.956	-24.748	-12.593	-3.082	1	0	1	4	9	412	0.434	0	6:128,7:127,8:126,9:125
0.02780513	21.108	18.876	-43.844	-46.077	-43.075	-24.199	0.97	-0.03	0.95	7	9	412	0.434	0	194:244,195:243,196:242,197:241,198:240,199:239,200:238
0.02856092	20.999	12.587	-26.487	-34.899	-25.486	-12.899	0.98	0.04	0.93	5	9	412	0.434	0	168:256,169:255,170:254,171:253,172:252
0.02867031	20.972	15.855	-25.92	-31.036	-28.177	-12.322	0.97	-0.06	0.92	4	9	412	0.434	0	240:305,241:304,242:303,243:302
0.02949571	20.852	11.828	-36.86	-45.883	-21.181	-9.353	0.99	-0.03	0.99	8	9	412	0.434	0	125:236,126:235,127:234,128:233,129:232,130:231,131:230,132:229
0.02967471	20.826	10.225	-11.041	-21.642	-30.794	-20.569	1	0	1	4	9	412	0.434	0	258:375,259:374,260:373,261:372
0.02979405	20.8	7.349	-10.251	-23.703	-15.365	-8.016	1	0	1	4	9	412	0.434	0	116:204,117:203,118:202,119:201
0.03058962	20.654	12.754	-23.981	-31.881	-7.186	5.568	1	0.09	0.96	5	9	412	0.434	0	128:171,129:170,130:169,131:168,132:167
0.03133546	20.516	14.963	-30.558	-36.111	-24.796	-9.833	0.98	-0.04	0.93	5	9	412	0.434	0	26:125,27:124,28:123,29:122,30:121
0.0321012	20.425	13.242	-24.308	-31.491	-40.725	-27.483	1	0.09	0.96	5	9	412	0.434	0	239:258,240:257,241:256,242:255,243:254
0.03308571	20.283	9.193	-13.931	-25.021	-10.163	-0.971	1	0.11	0.94	4	9	412	0.434	0	174:189,175:188,176:187,177:186
0.0332846	20.26	6.808	-10.251	-23.703	-16.248	-9.44	1	0	1	4	9	412	0.434	0	8:204,9:203,10:202,11:201
0.03362272	20.198	8.816	-17.076	-28.458	-19.464	-10.648	1	0.17	0.92	4	9	412	0.434	0	172:256,173:255,174:254,175:253
0.03557186	19.917	9.449	-17.659	-28.127	-16.919	-7.47	1	0.11	0.94	4	9	412	0.434	0	122:243,123:242,124:241,125:240
0.03612876	19.841	10.388	-36.926	-46.379	-19.803	-9.415	0.96	-0.04	0.94	5	9	412	0.434	0	364:384,365:383,366:382,367:381,368:380
0.03726245	19.695	10.753	-13.745	-22.687	-16.721	-5.968	1	0	1	4	9	412	0.434	0	201:375,202:374,203:373,204:372
0.03860497	19.498	13.617	-17.244	-23.124	-32.365	-18.748	0.97	-0.06	0.97	4	9	412	0.434	0	3:119,4:118,5:117,6:116
0.03885359	19.458	13.66	-21.673	-27.472	-23.584	-9.924	0.97	0	0.94	4	9	412	0.434	0	13:124,14:123,15:122,16:121
0.03938065	19.394	14.45	-29.116	-34.06	-24.932	-10.483	0.97	0.06	0.86	4	9	412	0.434	0	196:219,197:218,198:217,199:216
0.0399276	19.309	10.288	-23.542	-32.563	-44.602	-34.314	1	0.09	0.96	5	9	412	0.434	0	327:353,328:352,329:351,330:350,331:349
0.0400171	19.302	10.068	-16.891	-26.125	-36.223	-26.155	1	0.06	0.97	4	9	412	0.434	0	13:38,14:37,15:36,16:35
0.04219497	19.02	15.821	-39.094	-42.293	-44.911	-29.09	0.96	0	0.93	6	9	412	0.434	0	41:65,42:64,43:63,44:62,45:61,46:60
0.04245353	18.985	9.837	-26.752	-35.9	-31.196	-21.36	0.98	-0.04	0.98	6	9	412	0.434	0	121:270,122:269,123:268,124:267,125:266,126:265
0.04272204	18.943	15.909	-41.549	-44.584	-49.401	-33.492	0.98	0.07	0.93	6	9	412	0.434	0	26:257,27:256,28:255,29:254,30:253,31:252
0.04335849	18.866	11.707	-32.645	-39.804	-22.557	-10.851	0.98	0.07	0.93	6	9	412	0.434	0	144:241,145:240,146:239,147:238,148:237,149:236
0.04487007	18.684	12.649	-28.893	-34.928	-16.777	-4.127	0.98	0.04	0.93	5	9	412	0.434	0	123:155,124:154,125:153,126:152,127:151
0.04591426	18.574	7.681	-14.187	-25.079	-9.886	-2.204	1	0.06	0.97	4	9	412	0.434	0	168:196,169:195,170:194,171:193
0.04636176	18.519	8.051	-17.659	-28.127	-19.104	-11.053	1	0.11	0.94	4	9	412	0.434	0	94:362,95:361,96:360,97:359
0.04671977	18.482	13.462	-22.09	-27.11	-15.485	-2.024	0.97	0	0.94	4	9	412	0.434	0	122:155,123:154,124:153,125:152
0.04802251	18.354	13.736	-40.807	-45.425	-35.532	-21.796	0.96	-0.04	0.93	5	9	412	0.434	0	114:362,115:361,116:360,117:359,118:358
0.04844019	18.3	14.308	-24.36	-28.352	-32.424	-18.116	0.97	-0.06	0.97	4	9	412	0.434	0	110:362,111:361,112:360,113:359
0.04911642	18.229	7.628	-11.041	-21.642	-17.272	-9.645	1	0	1	4	9	412	0.434	0	129:281,130:280,131:279,132:278
0.04961365	18.183	10.694	-29.457	-36.946	-44.054	-33.36	0.98	-0.04	0.98	6	9	412	0.434	0	12:263,13:262,14:261,15:260,16:259,17:258
0.05119484	17.995	9.053	-13.745	-22.687	-34.87	-25.817	1	0	1	4	9	412	0.434	0	11:362,12:361,13:360,14:359
0.05349205	17.779	11.036	-24.981	-31.723	-12.752	-1.716	0.97	-0.06	0.92	4	9	412	0.434	0	194:315,195:314,196:313,197:312
0.05413845	17.713	16.639	-44.522	-45.596	-22.425	-5.786	0.96	0	0.87	5	9	412	0.434	0	43:97,44:96,45:95,46:94,47:93
0.05508319	17.623	8.049	-22.36	-31.934	-28.747	-20.698	0.97	0.06	0.92	4	9	412	0.434	0	84:117,85:116,86:115,87:114
0.05677377	17.464	10.503	-21.289	-28.251	-21.765	-11.263	1	0.11	0.94	4	9	412	0.434	0	131:353,132:352,133:351,134:350
0.05726106	17.424	20.369	-35.745	-32.799	-28.29	-7.921	0.94	-0.17	0.92	4	9	412	0.434	0	43:113,44:112,45:111,46:110
0.05910081	17.232	8.874	-17.738	-26.095	-32.568	-23.693	0.97	-0.06	0.97	4	9	412	0.434	0	84:373,85:372,86:371,87:370
0.06004555	17.142	9.982	-45.086	-52.245	-34.215	-24.232	0.94	0.06	0.88	4	9	412	0.434	0	14:360,15:359,16:358,17:357
0.06026433	17.126	19.309	-55.256	-53.073	-65.435	-46.126	0.96	-0.11	0.92	8	9	412	0.434	0	1:19,2:18,3:17,4:16,5:15,6:14,7:13,8:12
0.06067206	17.083	13.668	-48.146	-51.56	-44.473	-30.805	0.97	-0.06	0.97	8	9	412	0.434	0	195:269,196:268,197:267,198:266,199:265,200:264,201:263,202:262
0.06091073	17.061	15.322	-34.775	-36.515	-30.389	-15.068	0.94	0.06	0.86	4	9	412	0.434	0	215:273,216:272,217:271,218:270
0.06213391	16.936	13.788	-35.202	-38.35	-17.273	-3.485	0.96	-0.13	0.93	5	9	412	0.434	0	110:203,111:202,112:201,113:200,114:199
0.06257148	16.902	11.094	-20.87	-26.679	-32.394	-21.301	0.97	-0.06	0.97	4	9	412	0.434	0	36:244,37:243,38:242,39:241
0.06283998	16.882	13.432	-21.066	-24.516	-34.172	-20.74	0.97	0	0.94	4	9	412	0.434	0	3:53,4:52,5:51,6:50
0.06338693	16.831	16.856	-37.478	-37.453	-29.192	-12.336	0.96	0	0.91	5	9	412	0.434	0	19:157,20:156,21:155,22:154,23:153
0.06746422	16.511	16.433	-39.558	-39.636	-39.238	-22.804	0.96	-0.11	0.94	6	9	412	0.434	0	196:247,197:246,198:245,199:244,200:243,201:242
0.06803107	16.472	10.9	-24.89	-30.461	-22.811	-11.911	0.97	0.11	0.89	4	9	412	0.434	0	165:255,166:254,167:253,168:252
0.0725857	16.099	10.891	-44.644	-49.852	-34.413	-23.521	0.94	0	0.9	4	9	412	0.434	0	28:360,29:359,30:358,31:357
0.07327188	16.042	5.149	-14.187	-25.079	-16.804	-11.655	1	0.06	0.97	4	9	412	0.434	0	123:269,124:268,125:267,126:266
0.07349066	16.025	8.232	-39.631	-47.424	-4.806	3.426	0.96	-0.04	0.94	5	9	412	0.434	0	200:385,201:384,202:383,203:382,204:381
0.07433595	15.966	9.393	-21.896	-28.469	-16.167	-6.773	0.97	-0.11	0.94	4	9	412	0.434	0	123:283,124:282,125:281,126:280
0.07499229	15.924	15.489	-37.07	-37.505	-32.722	-17.233	0.96	-0.04	0.93	5	9	412	0.434	0	262:306,263:305,264:304,265:303,266:302
0.07715027	15.761	13.263	-28.184	-30.683	-7.203	6.06	0.98	-0.04	0.98	5	9	412	0.434	0	127:157,128:156,129:155,130:154,131:153
0.07763756	15.726	14.978	-48.059	-48.807	-15.27	-0.292	0.92	-0.11	0.9	4	9	412	0.434	0	355:383,356:382,357:381,358:380
0.07791601	15.708	7.2	-19.605	-28.112	-19.772	-12.572	1	0	1	5	9	412	0.434	0	127:271,128:270,129:269,130:268,131:267
0.07831379	15.678	6.445	-16.891	-26.125	-18.027	-11.582	1	0.06	0.97	4	9	412	0.434	0	122:266,123:265,124:264,125:263
0.08271925	15.375	6.141	-16.891	-26.125	-23.129	-16.988	1	0.06	0.97	4	9	412	0.434	0	13:196,14:195,15:194,16:193
0.08273914	15.373	11.525	-21.232	-25.079	-31.631	-20.106	0.97	-0.06	0.97	4	9	412	0.434	0	14:367,15:366,16:365,17:364
0.08349493	15.318	12.942	-25.917	-28.293	-23.933	-10.991	0.97	0	0.94	4	9	412	0.434	0	159:261,160:260,161:259,162:258
0.08434022	15.266	8.64	-20.83	-27.456	-18.657	-10.016	1	0.11	0.94	4	9	412	0.434	0	62:157,63:156,64:155,65:154
0.08544408	15.201	17.464	-36.501	-34.239	-35.725	-18.261	0.96	-0.04	0.93	5	9	412	0.434	0	31:200,32:199,33:198,34:197,35:196
0.08712472	15.086	11.404	-26.225	-29.906	-39.729	-28.324	0.97	-0.11	0.94	4	9	412	0.434	0	27:70,28:69,29:68,30:67
0.0881689	15.01	7.326	-18.032	-25.716	-28.084	-20.759	1	0.11	0.94	4	9	412	0.434	0	198:321,199:320,200:319,201:318
0.08859652	14.982	13.802	-55.805	-56.985	-27.367	-13.565	0.95	-0.1	0.95	7	9	412	0.434	0	101:128,102:127,103:126,104:125,105:124,106:123,107:122
0.08860646	14.982	13.131	-30.178	-32.029	-29.773	-16.641	0.97	0.11	0.89	4	9	412	0.434	0	197:228,198:227,199:226,200:225
0.08891474	14.959	17.558	-49.345	-46.746	-38.828	-21.27	0.94	-0.11	0.91	6	9	412	0.434	0	13:304,14:303,15:302,16:301,17:300,18:299
0.08913353	14.949	15.738	-41.471	-40.681	-36.363	-20.624	0.96	-0.11	0.94	6	9	412	0.434	0	194:243,195:242,196:241,197:240,198:239,199:238
0.08985948	14.896	5.663	-16.891	-26.125	-19.121	-13.459	1	0.06	0.97	4	9	412	0.434	0	14:204,15:203,16:202,17:201
0.0901976	14.876	6.542	-18.122	-26.456	-4.079	2.463	1	0.11	0.94	4	9	412	0.434	0	124:174,125:173,126:172,127:171
0.09121195	14.81	10.461	-29.449	-33.798	-11.444	-0.983	0.97	0.06	0.86	4	9	412	0.434	0	143:161,144:160,145:159,146:158
0.09396661	14.624	8.995	-20.594	-26.223	-35.996	-27.001	0.97	-0.06	0.97	4	9	412	0.434	0	35:322,36:321,37:320,38:319
0.09412572	14.61	12.112	-28.184	-30.683	-31.134	-19.022	0.98	-0.04	0.98	5	9	412	0.434	0	153:272,154:271,155:270,156:269,157:268
0.09515996	14.54	13.8	-43.884	-44.624	-41.4	-27.599	0.96	0.04	0.91	6	9	412	0.434	0	18:235,19:234,20:233,21:232,22:231,23:230
0.1017433	14.121	15.54	-38.006	-36.588	-41.479	-25.94	0.96	-0.07	0.96	6	9	412	0.434	0	105:201,106:200,107:199,108:198,109:197,110:196
0.1043587	13.954	14.891	-42.772	-41.835	-28.805	-13.914	0.97	-0.06	0.97	7	9	412	0.434	0	173:234,174:233,175:232,176:231,177:230,178:229,179:228
0.1044184	13.952	9.502	-28.626	-33.075	-48.147	-38.645	0.98	0	0.96	5	9	412	0.434	0	12:71,13:70,14:69,15:68,16:67
0.1059598	13.854	6.571	-16.45	-23.732	-19.319	-12.748	1	0	1	4	9	412	0.434	0	28:204,29:203,30:202,31:201
0.1060692	13.846	13.097	-48.059	-48.807	-12.685	0.412	0.92	-0.11	0.9	4	9	412	0.434	0	126:358,127:357,128:356,129:355
0.1068051	13.79	10.99	-22.444	-25.245	-35.914	-24.924	0.97	-0.06	0.97	4	9	412	0.434	0	270:281,271:280,272:279,273:278
0.1069742	13.781	8.851	-18.186	-23.117	-36.036	-27.185	0.97	-0.06	0.97	4	9	412	0.434	0	321:362,322:361,323:360,324:359
0.1070139	13.78	7.926	-26.053	-31.907	-29.876	-21.951	0.97	-0.06	0.97	4	9	412	0.434	0	83:265,84:264,85:263,86:262
0.1084261	13.694	14.901	-34.723	-33.516	-27.26	-12.359	0.94	-0.17	0.92	4	9	412	0.434	0	270:314,271:313,272:312,273:311
0.109331	13.638	7.829	-20.87	-26.679	-33.77	-25.94	0.97	-0.06	0.97	4	9	412	0.434	0	36:267,37:266,38:265,39:264
0.1108724	13.558	5.807	-11.83	-19.58	-30.781	-24.973	1	0	1	4	9	412	0.434	0	219:260,220:259,221:258,222:257
0.1116581	13.509	10.482	-26.253	-29.28	-15.138	-4.657	0.97	0.06	0.92	4	9	412	0.434	0	174:229,175:228,176:227,177:226
0.1118967	13.497	5.455	-14.976	-23.018	-16.898	-11.443	1	0.06	0.97	4	9	412	0.434	0	108:177,109:176,110:175,111:174
0.1151486	13.308	7.801	-18.527	-24.034	-17.174	-9.373	0.97	-0.06	0.97	4	9	412	0.434	0	107:126,108:125,109:124,110:123
0.1153475	13.296	11.155	-23.117	-25.258	-21.53	-10.375	0.97	-0.06	0.97	4	9	412	0.434	0	34:157,35:156,36:155,37:154
0.1156459	13.279	15.84	-32.619	-30.058	-20.919	-5.08	0.94	-0.06	0.92	4	9	412	0.434	0	10:96,11:95,12:94,13:93
0.1177143	13.16	8.992	-38.072	-42.24	-33.211	-24.219	0.96	-0.04	0.89	5	9	412	0.434	0	47:199,48:198,49:197,50:196,51:195
0.120827	12.984	11.225	-33.725	-35.484	-31.441	-20.217	0.98	-0.04	0.93	5	9	412	0.434	0	167:273,168:272,169:271,170:270,171:269
0.1214734	12.944	22.354	-45.94	-36.53	-38.36	-16.006	0.93	-0.09	0.91	5	9	412	0.434	0	6:212,7:211,8:210,9:209,10:208
0.1220402	12.917	10.766	-33.803	-35.954	-32.136	-21.369	0.98	0.04	0.93	5	9	412	0.434	0	254:316,255:315,256:314,257:313,258:312
0.124228	12.788	14.87	-42.989	-40.907	-24.044	-9.174	0.96	0.04	0.89	5	9	412	0.434	0	198:219,199:218,200:217,201:216,202:215
0.1254711	12.716	9.981	-23.107	-25.842	-32.15	-22.169	0.97	0	0.94	4	9	412	0.434	0	245:258,246:257,247:256,248:255
0.1259186	12.69	12.127	-27.88	-28.443	-41.686	-29.559	0.98	-0.04	0.98	5	9	412	0.434	0	241:258,242:257,243:256,244:255,245:254
0.126207	12.674	13.777	-32.998	-31.895	-35.615	-21.838	0.94	0	0.89	4	9	412	0.434	0	20:52,21:51,22:50,23:49
0.1269031	12.636	10.138	-28.184	-30.683	-29.213	-19.075	0.98	-0.04	0.98	5	9	412	0.434	0	194:267,195:266,196:265,197:264,198:263
0.1272114	12.617	17.239	-34.123	-29.5	-32.789	-15.55	0.94	-0.11	0.89	4	9	412	0.434	0	90:211,91:210,92:209,93:208
0.1279871	12.573	8.851	-22.686	-26.408	-34.174	-25.323	0.97	-0.11	0.94	4	9	412	0.434	0	254:282,255:281,256:280,257:279
0.1302147	12.459	10.318	-23.117	-25.258	-9.552	0.765	0.97	-0.06	0.97	4	9	412	0.434	0	154:195,155:194,156:193,157:192
0.1310799	12.41	9.452	-21.66	-24.618	-33.714	-24.262	0.97	-0.06	0.97	4	9	412	0.434	0	108:352,109:351,110:350,111:349
0.1315871	12.381	6.432	-23.54	-29.489	-43.694	-37.262	1	0.04	0.98	5	9	412	0.434	0	254:268,255:267,256:266,257:265,258:264
0.1316169	12.379	13.585	-32.782	-31.577	-30.564	-16.979	0.94	-0.11	0.89	4	9	412	0.434	0	51:252,52:251,53:250,54:249
0.1317362	12.375	16.451	-42.743	-38.666	-42.217	-25.765	0.96	-0.07	0.96	6	9	412	0.434	0	229:273,230:272,231:271,232:270,233:269,234:268
0.1319948	12.362	9.048	-23.975	-27.289	-23.829	-14.781	0.97	0	0.94	4	9	412	0.434	0	152:198,153:197,154:196,155:195
0.1325318	12.337	6.706	-20.446	-26.077	-17.457	-10.75	0.97	-0.06	0.97	4	9	412	0.434	0	130:287,131:286,132:285,133:284
0.1326511	12.329	13.94	-32.463	-30.852	-15.792	-1.852	0.94	-0.17	0.92	4	9	412	0.434	0	121:161,122:160,123:159,124:158
0.1327904	12.324	10.99	-34.708	-36.043	-23.815	-12.825	0.96	-0.04	0.93	5	9	412	0.434	0	122:320,123:319,124:318,125:317,126:316
0.1328799	12.319	15.044	-48.968	-46.243	-44.45	-29.406	0.95	-0.1	0.95	7	9	412	0.434	0	64:159,65:158,66:157,67:156,68:155,69:154,70:153
0.1329793	12.314	10.083	-22.789	-25.021	-35.551	-25.468	0.97	0	0.94	4	9	412	0.434	0	222:255,223:254,224:253,225:252
0.1338644	12.266	8.733	-18.47	-22.002	-8.222	0.511	1	0.06	0.97	4	9	412	0.434	0	174:194,175:193,176:192,177:191
0.1345605	12.229	9.573	-19.316	-21.973	-18.363	-8.79	0.97	-0.06	0.97	4	9	412	0.434	0	175:187,176:186,177:185,178:184
0.1351273	12.198	7.282	-26.993	-31.909	-25.539	-18.256	0.97	-0.06	0.92	4	9	412	0.434	0	26:198,27:197,28:196,29:195
0.1367384	12.108	7.627	-27.249	-31.731	-4.408	3.219	0.97	0.06	0.92	4	9	412	0.434	0	111:127,112:126,113:125,114:124
0.1369671	12.098	4.248	-23.985	-31.836	-31.703	-27.456	1	0.09	0.96	5	9	412	0.434	0	61:235,62:234,63:233,64:232,65:231
0.1385383	12.008	14.071	-36.896	-34.834	-30.893	-16.822	0.94	-0.11	0.89	4	9	412	0.434	0	110:252,111:251,112:250,113:249
0.1398709	11.94	8.062	-25.851	-29.728	-16.52	-8.458	0.97	0	0.94	4	9	412	0.434	0	86:203,87:202,88:201,89:200
0.1411339	11.877	7.498	-23.777	-28.156	-6.513	0.985	0.97	-0.11	0.94	4	9	412	0.434	0	123:316,124:315,125:314,126:313
0.141472	11.858	10.739	-24.088	-25.207	-35.909	-25.17	0.97	-0.06	0.97	4	9	412	0.434	0	269:322,270:321,271:320,272:319
0.1417604	11.844	9.924	-25.373	-27.293	-35.787	-25.864	0.97	0	0.94	4	9	412	0.434	0	49:272,50:271,51:270,52:269
0.1441173	11.721	8.371	-43.038	-46.388	-22.733	-14.362	0.96	0	0.93	6	9	412	0.434	0	110:179,111:178,112:177,113:176,114:175,115:174
0.1442565	11.715	8.083	-33.862	-37.494	-26.575	-18.492	0.97	0.28	0.81	4	9	412	0.434	0	248:300,249:299,250:298,251:297
0.1451913	11.67	16.155	-32.636	-28.15	-24.795	-8.64	0.94	-0.11	0.94	4	9	412	0.434	0	43:231,44:230,45:229,46:228
0.145599	11.646	15.015	-31.24	-27.87	-33.264	-18.249	0.94	-0.11	0.94	4	9	412	0.434	0	15:380,16:379,17:378,18:377
0.1469515	11.578	11.455	-29.727	-29.851	-28.916	-17.461	0.94	-0.17	0.92	4	9	412	0.434	0	52:273,53:272,54:271,55:270
0.1473393	11.558	13.526	-28.587	-26.619	-21.179	-7.653	0.97	0.06	0.92	4	9	412	0.434	0	299:364,300:363,301:362,302:361
0.1475183	11.55	15.609	-34.419	-30.36	-31.192	-15.583	0.94	-0.11	0.89	4	9	412	0.434	0	115:211,116:210,117:209,118:208
0.1488807	11.487	5.917	-24.122	-29.692	-21.347	-15.43	0.97	-0.11	0.94	4	9	412	0.434	0	154:285,155:284,156:283,157:282
0.1496365	11.44	8.548	-26.537	-29.429	-27.862	-19.314	0.98	0	0.96	5	9	412	0.434	0	148:364,149:363,150:362,151:361,152:360
0.1498155	11.43	11.848	-27.052	-26.634	-12.115	-0.267	0.97	0	0.94	4	9	412	0.434	0	167:202,168:201,169:200,170:199
0.1508299	11.379	2.437	-13.745	-22.687	-20.474	-18.037	1	0	1	4	9	412	0.434	0	89:179,90:178,91:177,92:176
0.1529978	11.267	9.345	-29.843	-31.766	-35.895	-26.551	0.97	0.11	0.89	4	9	412	0.434	0	15:333,16:332,17:331,18:330
0.1544597	11.19	6.466	-20.385	-25.109	-33.754	-27.287	1	0.06	0.97	4	9	412	0.434	0	254:266,255:265,256:264,257:263
0.1550166	11.164	10.416	-48.059	-48.807	-28.547	-18.132	0.92	-0.11	0.9	4	9	412	0.434	0	355:374,356:373,357:372,358:371
0.1573436	11.053	20.675	-75.013	-65.391	-53.232	-32.558	0.92	-0.19	0.84	7	9	412	0.434	0	43:313,44:312,45:311,46:310,47:309,48:308,49:307
0.1587358	10.981	10.073	-25.671	-26.579	-16.189	-6.116	0.97	-0.06	0.92	4	9	412	0.434	0	62:145,63:144,64:143,65:142
0.1607049	10.886	14.489	-33.788	-30.185	-27.397	-12.909	0.94	-0.06	0.92	4	9	412	0.434	0	228:252,229:251,230:250,231:249
0.1628629	10.776	7.917	-25.297	-28.156	-9.098	-1.18	0.97	0	0.94	4	9	412	0.434	0	122:316,123:315,124:314,125:313
0.1647921	10.7	14.069	-31.24	-27.87	-33.058	-18.989	0.94	-0.11	0.94	4	9	412	0.434	0	9:18,10:17,11:16,12:15
0.1688694	10.528	13.662	-34.135	-31.001	-38.813	-25.152	0.96	-0.09	0.96	5	9	412	0.434	0	133:258,134:257,135:256,136:255,137:254
0.1708484	10.429	7.496	-22.325	-25.258	-14.579	-7.083	0.97	-0.06	0.97	4	9	412	0.434	0	42:129,43:128,44:127,45:126
0.1710672	10.419	14.62	-58.673	-54.472	-27.517	-12.897	0.89	-0.18	0.88	4	9	412	0.434	0	110:359,111:358,112:357,113:356
0.1723301	10.359	12.907	-41.287	-38.739	-35.378	-22.471	0.96	0.04	0.89	5	9	412	0.434	0	216:257,217:256,218:255,219:254,220:253
0.1735633	10.306	10.393	-29.158	-29.071	-33.611	-23.219	0.97	0.06	0.92	4	9	412	0.434	0	151:353,152:352,153:351,154:350
0.1740804	10.282	13.401	-70.833	-67.714	-48.19	-34.789	0.93	-0.07	0.9	6	9	412	0.434	0	86:362,87:361,88:360,89:359,90:358,91:357
0.1742196	10.273	19.36	-50.645	-41.559	-32.444	-13.084	0.94	-0.11	0.94	6	9	412	0.434	0	42:383,43:382,44:381,45:380,46:379,47:378
0.1758704	10.198	12.682	-42.462	-39.977	-37.192	-24.51	0.96	0.04	0.89	5	9	412	0.434	0	61:251,62:250,63:249,64:248,65:247
0.1772129	10.146	7.489	-19.316	-21.973	-8.485	-0.996	0.97	-0.06	0.97	4	9	412	0.434	0	175:192,176:191,177:190,178:189
0.1772726	10.143	10.66	-27.853	-27.336	-34.999	-24.338	0.97	-0.06	0.97	4	9	412	0.434	0	27:38,28:37,29:36,30:35
0.1785157	10.085	13.937	-39.418	-35.566	-23.68	-9.743	0.96	-0.04	0.93	5	9	412	0.434	0	159:367,160:366,161:365,162:364,163:363
0.1789831	10.066	18.391	-70.818	-62.493	-49.714	-31.324	0.95	-0.07	0.94	9	9	412	0.434	0	193:322,194:321,195:320,196:319,197:318,198:317,199:316,200:315,201:314
0.1810913	9.966	9.158	-30.206	-31.014	-11.68	-2.521	0.98	0	0.96	5	9	412	0.434	0	153:177,154:176,155:175,156:174,157:173
0.1812007	9.961	10.517	-35.376	-34.819	-32.153	-21.636	0.97	0.11	0.89	4	9	412	0.434	0	25:273,26:272,27:271,28:270
0.1816979	9.939	5.018	-20.129	-25.05	-17.414	-12.396	1	0.11	0.94	4	9	412	0.434	0	175:240,176:239,177:238,178:237
0.1818471	9.931	5.499	-17.239	-21.671	-30.914	-25.415	1	0	1	4	9	412	0.434	0	9:388,10:387,11:386,12:385
0.1825035	9.902	5.47	-17.239	-21.671	-31.819	-26.35	1	0	1	4	9	412	0.434	0	10:389,11:388,12:387,13:386
0.1825233	9.9	14.896	-38.193	-33.198	-42.343	-27.447	0.96	-0.09	0.96	5	9	412	0.434	0	3:31,4:30,5:29,6:28,7:27
0.1828814	9.883	9.745	-31.353	-31.491	-41.318	-31.573	0.98	0	0.96	5	9	412	0.434	0	240:258,241:257,242:256,243:255,244:254
0.1830007	9.873	9.521	-31.278	-31.629	-18.011	-8.49	0.97	0	0.89	4	9	412	0.434	0	27:146,28:145,29:144,30:143
0.1832195	9.862	13.27	-50.312	-46.904	-13.389	-0.119	0.96	0	0.91	5	9	412	0.434	0	95:202,96:201,97:200,98:199,99:198
0.1835377	9.844	5.678	-33.44	-37.607	-35.646	-29.968	0.98	-0.04	0.98	5	9	412	0.434	0	360:377,361:376,362:375,363:374,364:373
0.1859343	9.743	12.386	-34.851	-32.208	-36.566	-24.18	0.96	-0.09	0.96	5	9	412	0.434	0	103:200,104:199,105:198,106:197,107:196
0.189236	9.607	13.68	-54.743	-50.67	-29.185	-15.505	0.93	-0.1	0.91	5	9	412	0.434	0	77:125,78:124,79:123,80:122,81:121
0.1898625	9.58	16.028	-53.595	-47.147	-26.333	-10.305	0.94	-0.11	0.91	6	9	412	0.434	0	194:317,195:316,196:315,197:314,198:313,199:312
0.1906381	9.551	13.021	-42.346	-38.876	-28.172	-15.15	0.94	-0.11	0.83	4	9	412	0.434	0	44:253,45:252,46:251,47:250
0.1917321	9.497	11.226	-39.459	-37.73	-20.453	-9.227	0.96	-0.04	0.93	5	9	412	0.434	0	175:314,176:313,177:312,178:311,179:310
0.1920304	9.484	2.201	-16.45	-23.732	-10.137	-7.935	1	0	1	4	9	412	0.434	0	129:265,130:264,131:263,132:262
0.1925873	9.463	7.322	-23.117	-25.258	-39.966	-32.644	0.97	-0.06	0.97	4	9	412	0.434	0	67:270,68:269,69:268,70:267
0.1932237	9.439	10.649	-36.969	-35.758	-24.198	-13.549	0.94	0.06	0.86	4	9	412	0.434	0	15:215,16:214,17:213,18:212

