0.0000099	53.656	27.415	-37.862	-64.103	-43.873	-16.457	1	0.14	0.93	7	24	425	0.27	0	335:370,336:369,337:368,338:367,339:366,340:365,341:364
0.0000099	53.025	33.261	-41.148	-60.913	-81.845	-48.584	1	0.04	0.98	10	24	425	0.27	0	35:60,36:59,37:58,38:57,39:56,40:55,41:54,42:53,43:52,44:51
0.00090086	39.037	18.884	-79.587	-99.74	-36.25	-17.365	0.75	-0.42	0.48	6	24	425	0.27	0	381:396,382:395,383:394,384:393,385:392,386:391
0.00161362	36.238	19.141	-14.761	-31.858	-34.705	-15.564	1	0	1	6	24	425	0.27	0	102:199,103:198,104:197,105:196,106:195,107:194
0.00247488	34.63	13.641	-63.237	-84.226	-15.249	-1.608	1	0.07	0.96	9	24	425	0.27	0	145:166,146:165,147:164,148:163,149:162,150:161,151:160,152:159,153:158
0.00264317	34.345	22.574	-134.885	-146.655	-59.697	-37.122	0.95	0.02	0.86	9	24	425	0.27	0	231:251,232:250,233:249,234:248,235:247,236:246,237:245,238:244,239:243
0.00288076	34.055	18.064	-11.823	-27.814	-31.142	-13.078	1	0	1	5	24	425	0.27	0	100:281,101:280,102:279,103:278,104:277
0.00301935	33.862	18.214	-17.161	-32.809	-34.633	-16.419	1	0	1	6	24	425	0.27	0	26:324,27:323,28:322,29:321,30:320,31:319
0.00394991	32.89	18.526	-62.081	-76.445	-54.951	-36.425	1	0.11	0.94	10	24	425	0.27	0	370:407,371:406,372:405,373:404,374:403,375:402,376:401,377:400,378:399,379:398
0.00482107	32.162	16.172	-11.823	-27.814	-40.632	-24.46	1	0	1	5	24	425	0.27	0	204:319,205:318,206:317,207:316,208:315
0.00488046	32.081	20.838	-25.614	-36.856	-46.298	-25.46	1	0	1	7	24	425	0.27	0	192:280,193:279,194:278,195:277,196:276,197:275,198:274
0.00503886	31.941	21.304	-32.835	-43.472	-46.528	-25.225	1	0.09	0.96	6	24	425	0.27	0	58:339,59:338,60:337,61:336,62:335,63:334
0.00508835	31.891	19.964	-14.939	-26.866	-33.167	-13.202	1	0	1	5	24	425	0.27	0	26:322,27:321,28:320,29:319,30:318
0.00864228	29.827	17.558	-9.602	-21.871	-21.92	-4.362	1	0	1	4	24	425	0.27	0	198:227,199:226,200:225,201:224
0.00895906	29.709	18.759	-33.187	-44.138	-19.967	-1.209	0.96	-0.06	0.97	7	24	425	0.27	0	119:322,120:321,121:320,122:319,123:318,124:317,125:316
0.00950354	29.462	15.571	-27.237	-41.129	-38.619	-23.049	1	0.01	0.99	7	24	425	0.27	0	283:301,284:300,285:299,286:298,287:297,288:296,289:295
0.01079048	28.981	14.498	-15.478	-29.961	-29.8	-15.302	1	0	1	6	24	425	0.27	0	260:375,261:374,262:373,263:372,264:371,265:370
0.01185962	28.621	17.8	-12.001	-22.822	-29.131	-11.33	1	0	1	4	24	425	0.27	0	167:207,168:206,169:205,170:204
0.012315	28.478	16.772	-16.482	-28.188	-23.765	-6.993	1	0.02	0.99	4	24	425	0.27	0	166:366,167:365,168:364,169:363
0.01266149	28.366	19.536	-28.762	-37.592	-45.588	-26.052	1	0.01	0.99	7	24	425	0.27	0	36:189,37:188,38:187,39:186,40:185,41:184,42:183
0.01381973	28.01	15.741	-9.602	-21.871	-30.194	-14.454	1	0	1	4	24	425	0.27	0	128:195,129:194,130:193,131:192
0.01489878	27.668	16.847	-12.001	-22.822	-22.628	-5.781	1	0	1	4	24	425	0.27	0	130:280,131:279,132:278,133:277
0.01546305	27.557	16.737	-12.001	-22.822	-24.866	-8.13	1	0	1	4	24	425	0.27	0	282:321,283:320,284:319,285:318
0.01898728	26.748	17.778	-20.993	-29.964	-33.128	-15.351	1	0	1	6	24	425	0.27	0	36:169,37:168,38:167,39:166,40:165,41:164
0.01936346	26.673	13.639	-17.877	-30.911	-37.581	-23.942	1	0	1	6	24	425	0.27	0	85:104,86:103,87:102,88:101,89:100,90:99
0.01938326	26.668	17.012	-10.319	-19.974	-26.408	-9.395	1	0	1	4	24	425	0.27	0	194:234,195:233,196:232,197:231
0.01941296	26.66	14.39	-9.602	-21.871	-27.075	-12.685	1	0	1	4	24	425	0.27	0	198:208,199:207,200:206,201:205
0.01941296	26.655	17	-10.319	-19.974	-30.918	-13.918	1	0	1	4	24	425	0.27	0	296:347,297:346,298:345,299:344
0.01953175	26.638	15.364	-32.512	-43.787	-43.883	-28.519	1	0.07	0.96	6	24	425	0.27	0	51:284,52:283,53:282,54:281,55:280,56:279
0.01984854	26.574	14.304	-9.602	-21.871	-25.618	-11.313	1	0	1	4	24	425	0.27	0	166:222,167:221,168:220,169:219
0.02101668	26.342	14.073	-9.602	-21.871	-26.753	-12.681	1	0	1	4	24	425	0.27	0	192:220,193:219,194:218,195:217
0.02154136	26.251	13.123	-18.962	-32.089	-26.761	-13.637	1	0.02	0.99	5	24	425	0.27	0	96:174,97:173,98:172,99:171,100:170
0.02210563	26.134	23.791	-48.066	-50.41	-35.137	-11.347	0.97	-0.05	0.97	8	24	425	0.27	0	65:93,66:92,67:91,68:90,69:89,70:88,71:87,72:86
0.02221452	26.103	19.199	-57.837	-64.74	-67.453	-48.254	0.99	-0.03	0.99	9	24	425	0.27	0	77:263,78:262,79:261,80:260,81:259,82:258,83:257,84:256,85:255
0.02412513	25.743	13.815	-14.939	-26.866	-25.494	-11.679	1	0	1	5	24	425	0.27	0	321:334,322:333,323:332,324:331,325:330
0.02493689	25.611	13.684	-14.939	-26.866	-37.809	-24.125	1	0	1	5	24	425	0.27	0	193:316,194:315,195:314,196:313,197:312
0.02507548	25.585	15.175	-21.539	-31.949	-43.677	-28.502	1	0.09	0.96	5	24	425	0.27	0	56:337,57:336,58:335,59:334,60:333
0.02592684	25.456	13.186	-9.602	-21.871	-27.059	-13.872	1	0	1	4	24	425	0.27	0	278:319,279:318,280:317,281:316
0.02597634	25.444	13.516	-14.939	-26.866	-29.823	-16.307	1	0	1	5	24	425	0.27	0	193:283,194:282,195:281,196:280,197:279
0.0267584	25.307	12.616	-23.215	-35.906	-34.091	-21.476	1	0	1	7	24	425	0.27	0	110:176,111:175,112:174,113:173,114:172,115:171,116:170
0.0267881	25.305	15.82	-19.65	-29.136	-10.903	4.917	0.99	-0.02	0.99	4	24	425	0.27	0	112:367,113:366,114:365,115:364
0.02722368	25.239	13.312	-14.939	-26.866	-34.837	-21.525	1	0	1	5	24	425	0.27	0	85:133,86:132,87:131,88:130,89:129
0.028768	24.992	13.065	-14.939	-26.866	-35.85	-22.786	1	0	1	5	24	425	0.27	0	131:199,132:198,133:197,134:196,135:195
0.0288274	24.982	13.055	-14.939	-26.866	-21.184	-8.129	1	0	1	5	24	425	0.27	0	110:219,111:218,112:217,113:216,114:215
0.02926298	24.906	13.465	-28.063	-39.504	-28.883	-15.419	1	0.01	0.99	7	24	425	0.27	0	108:263,109:262,110:261,111:260,112:259,113:258,114:257
0.02975796	24.84	11.806	-17.877	-30.911	-45.758	-33.952	1	0	1	6	24	425	0.27	0	260:336,261:335,262:334,263:333,264:332,265:331
0.03039153	24.75	15.095	-10.319	-19.974	-13.207	1.888	1	0	1	4	24	425	0.27	0	99:148,100:147,101:146,102:145
0.03065881	24.715	14.379	-25.125	-35.46	-39.104	-24.724	1	0.01	0.99	6	24	425	0.27	0	132:258,133:257,134:256,135:255,136:254,137:253
0.03077761	24.702	16.496	-12.718	-20.924	-22.588	-6.092	1	0	1	4	24	425	0.27	0	262:286,263:285,264:284,265:283
0.03150027	24.581	15.268	-15.656	-24.969	-38.293	-23.025	1	0	1	5	24	425	0.27	0	56:195,57:194,58:193,59:192,60:191
0.03247043	24.461	15.148	-15.656	-24.969	-26.871	-11.723	1	0	1	5	24	425	0.27	0	135:196,136:195,137:194,138:193,139:192
0.0330248	24.37	16.164	-12.718	-20.924	-25.646	-9.482	1	0	1	4	24	425	0.27	0	166:234,167:233,168:232,169:231
0.03309409	24.362	16.156	-12.718	-20.924	-15.242	0.914	1	0	1	4	24	425	0.27	0	206:286,207:285,208:284,209:283
0.03326239	24.34	15.68	-33.229	-41.889	-49.034	-33.354	1	0.07	0.96	6	24	425	0.27	0	52:279,53:278,54:277,55:276,56:275,57:274
0.03351977	24.301	13.823	-17.339	-27.817	-27.718	-13.895	1	0	1	5	24	425	0.27	0	166:282,167:281,168:280,169:279,170:278
0.03358907	24.291	14.761	-29.897	-39.427	-36.996	-22.235	1	0.1	0.95	5	24	425	0.27	0	131:341,132:340,133:339,134:338,135:337
0.03424244	24.191	15.796	-48.182	-56.577	-35.113	-19.318	0.95	0.01	0.92	6	24	425	0.27	0	51:371,52:370,53:369,54:368,55:367,56:366
0.03545018	24.042	13.28	-13.257	-24.019	-39.743	-26.463	1	0	1	5	24	425	0.27	0	79:176,80:175,81:174,82:173,83:172
0.03554918	24.031	16.568	-24.648	-32.111	-42.715	-26.147	1	0	1	7	24	425	0.27	0	190:406,191:405,192:404,193:403,194:402,195:401,196:400
0.03600455	23.971	13.15	-12.001	-22.822	-22.611	-9.461	1	0	1	4	24	425	0.27	0	51:116,52:115,53:114,54:113
0.03770727	23.743	11.5	-31.899	-44.141	-28.002	-16.502	1	0.06	0.97	7	24	425	0.27	0	120:172,121:171,122:170,123:169,124:168,125:167,126:166
0.03979607	23.513	16.861	-36.023	-42.675	-45.037	-28.176	0.95	-0.07	0.96	6	24	425	0.27	0	100:207,101:206,102:205,103:204,104:203,105:202
0.04036034	23.439	11.169	-9.602	-21.871	-30.192	-19.023	1	0	1	4	24	425	0.27	0	42:171,43:170,44:169,45:168
0.04059793	23.414	13.759	-10.319	-19.974	-31.227	-17.469	1	0	1	4	24	425	0.27	0	253:266,254:265,255:264,256:263
0.0412909	23.348	15.142	-12.718	-20.924	-27.079	-11.937	1	0	1	4	24	425	0.27	0	58:169,59:168,60:167,61:166
0.04187497	23.282	18.883	-46.302	-50.701	-19.146	-0.263	0.98	0.01	0.96	5	24	425	0.27	0	150:322,151:321,152:320,153:319,154:318
0.04288472	23.161	14.387	-18.677	-27.452	-30.628	-16.241	1	0.02	0.99	4	24	425	0.27	0	102:341,103:340,104:339,105:338
0.04477553	22.952	19.95	-40.795	-43.797	-48.242	-28.293	0.96	-0.06	0.97	8	24	425	0.27	0	57:405,58:404,59:403,60:402,61:401,62:400,63:399,64:398
0.04561699	22.869	12.049	-12.001	-22.822	-20.032	-7.983	1	0	1	4	24	425	0.27	0	102:115,103:114,104:113,105:112
0.04564669	22.861	10.934	-14.939	-26.866	-23.902	-12.968	1	0	1	5	24	425	0.27	0	102:168,103:167,104:166,105:165,106:164
0.04644855	22.763	13.108	-10.319	-19.974	-23.969	-10.861	1	0	1	4	24	425	0.27	0	169:179,170:178,171:177,172:176
0.04658714	22.749	10.731	-43.297	-55.315	-25.979	-15.247	1	0.09	0.95	5	24	425	0.27	0	149:173,150:172,151:171,152:170,153:169
0.04670593	22.737	13.392	-22.554	-31.899	-25.83	-12.438	1	0.11	0.95	4	24	425	0.27	0	52:138,53:137,54:136,55:135
0.04690393	22.716	16.53	-31.041	-37.228	-39.005	-22.475	0.99	-0.01	0.99	6	24	425	0.27	0	85:366,86:365,87:364,88:363,89:362,90:361
0.0474385	22.661	14.152	-24.681	-33.191	-13.884	0.267	1	0.04	0.98	4	24	425	0.27	0	151:322,152:321,153:320,154:319
0.04823046	22.597	10.669	-14.939	-26.866	-25.956	-15.286	1	0	1	5	24	425	0.27	0	319:334,320:333,321:332,322:331,323:330
0.04861654	22.552	12.074	-17.339	-27.817	-33.68	-21.606	1	0	1	5	24	425	0.27	0	169:285,170:284,171:283,172:282,173:281
0.04883433	22.529	12.958	-16.849	-26.42	-25.323	-12.365	1	0.02	0.99	4	24	425	0.27	0	205:257,206:256,207:255,208:254
0.05069544	22.354	12.783	-16.849	-26.42	-25.609	-12.826	1	0.02	0.99	4	24	425	0.27	0	103:258,104:257,105:256,106:255
0.05098253	22.324	12.753	-16.849	-26.42	-20.168	-7.415	1	0.02	0.99	4	24	425	0.27	0	224:257,225:256,226:255,227:254
0.05240806	22.204	9.935	-9.602	-21.871	-25.905	-15.97	1	0	1	4	24	425	0.27	0	224:318,225:317,226:316,227:315
0.05302183	22.141	13.935	-12.718	-20.924	-10.716	3.219	1	0	1	4	24	425	0.27	0	322:372,323:371,324:370,325:369
0.05505123	21.951	16.529	-22.766	-28.188	-20.872	-4.343	0.99	-0.02	0.99	4	24	425	0.27	0	277:366,278:365,279:364,280:363
0.05548681	21.912	9.985	-14.939	-26.866	-14.876	-4.892	1	0	1	5	24	425	0.27	0	282:324,283:323,284:322,285:321,286:320
0.05660545	21.82	12.507	-15.656	-24.969	-17.774	-5.267	1	0	1	5	24	425	0.27	0	114:301,115:300,116:299,117:298,118:297
0.05714003	21.774	13.91	-18.055	-25.919	-38.611	-24.701	1	0	1	5	24	425	0.27	0	296:334,297:333,298:332,299:331,300:330
0.05814978	21.691	13.485	-12.718	-20.924	-7.185	6.3	1	0	1	4	24	425	0.27	0	225:286,226:285,227:284,228:283
0.06018908	21.516	11.345	-25.016	-35.186	-31.636	-20.291	1	0.01	0.99	6	24	425	0.27	0	97:408,98:407,99:406,100:405,101:404,102:403
0.06095134	21.451	11.688	-30.866	-40.629	-47.863	-36.175	1	0.02	0.99	7	24	425	0.27	0	266:406,267:405,268:404,269:403,270:402,271:401,272:400
0.06108004	21.437	9.852	-20.277	-31.861	-33.527	-23.675	1	0	1	6	24	425	0.27	0	130:169,131:168,132:167,133:166,134:165,135:164
0.06117903	21.427	14.67	-15.117	-21.875	-25.191	-10.521	1	0	1	4	24	425	0.27	0	166:195,167:194,168:193,169:192
0.06377271	21.223	11.568	-10.319	-19.974	-32.748	-21.18	1	0	1	4	24	425	0.27	0	191:336,192:335,193:334,194:333
0.06379251	21.22	11.565	-10.319	-19.974	-27.83	-16.265	1	0	1	4	24	425	0.27	0	40:196,41:195,42:194,43:193
0.0640004	21.201	11.888	-15.656	-24.969	-18.9	-7.012	1	0	1	5	24	425	0.27	0	152:301,153:300,154:299,155:298,156:297
0.06410929	21.195	14.438	-15.117	-21.875	-28.639	-14.201	1	0	1	4	24	425	0.27	0	262:285,263:284,264:283,265:282
0.06457457	21.158	13.294	-18.055	-25.919	-37.958	-24.664	1	0	1	5	24	425	0.27	0	86:319,87:318,88:317,89:316,90:315
0.0680394	20.879	13.015	-18.055	-25.919	-36.988	-23.973	1	0	1	5	24	425	0.27	0	27:301,28:300,29:299,30:298,31:297
0.06864327	20.831	14.074	-15.117	-21.875	-28.887	-14.813	1	0	1	4	24	425	0.27	0	166:278,167:277,168:276,169:275
0.06908875	20.807	11.4	-16.74	-26.147	-18.075	-6.674	1	0.02	0.99	4	24	425	0.27	0	79:99,80:98,81:97,82:96
0.06988071	20.752	11.439	-15.656	-24.969	-38.596	-27.157	1	0	1	5	24	425	0.27	0	29:301,30:300,31:299,32:298,33:297
0.06991041	20.748	13.106	-19.598	-27.241	-23.541	-10.436	1	0.02	0.99	4	24	425	0.27	0	183:366,184:365,185:364,186:363
0.07158343	20.618	12.412	-12.718	-20.924	-22.952	-10.54	1	0	1	4	24	425	0.27	0	42:148,43:147,44:146,45:145
0.0741771	20.436	12.23	-12.718	-20.924	-17.609	-5.379	1	0	1	4	24	425	0.27	0	104:169,105:168,106:167,107:166
0.07534525	20.355	10.949	-16.74	-26.147	-16.247	-5.299	1	0.02	0.99	4	24	425	0.27	0	262:287,263:286,264:285,265:284
0.0762164	20.289	11.779	-24.681	-33.191	-17.154	-5.375	1	0.04	0.98	4	24	425	0.27	0	151:209,152:208,153:207,154:206
0.0763847	20.272	9.511	-13.257	-24.019	-13.19	-3.68	1	0	1	5	24	425	0.27	0	139:187,140:186,141:185,142:184,143:183
0.07901797	20.092	10.779	-15.656	-24.969	-35.07	-24.29	1	0	1	5	24	425	0.27	0	191:263,192:262,193:261,194:260,195:259
0.0803742	20.019	7.749	-9.602	-21.871	-15.937	-8.188	1	0	1	4	24	425	0.27	0	100:125,101:124,102:123,103:122
0.08090878	19.981	9.759	-50.096	-60.317	-51.751	-41.993	1	0.07	0.96	7	24	425	0.27	0	358:409,359:408,360:407,361:406,362:405,363:404,364:403
0.08110677	19.967	13.21	-15.117	-21.875	-21.293	-8.083	1	0	1	4	24	425	0.27	0	206:285,207:284,208:283,209:282
0.08177993	19.926	18.832	-33.756	-34.85	-21.943	-3.111	0.98	-0.03	0.98	5	24	425	0.27	0	158:178,159:177,160:176,161:175,162:174
0.08290848	19.862	13.473	-28.608	-34.997	-35.762	-22.288	1	0.09	0.96	5	24	425	0.27	0	52:403,53:402,54:401,55:400,56:399
0.08330446	19.829	9.009	-12.001	-22.822	-17.452	-8.444	1	0	1	4	24	425	0.27	0	112:134,113:133,114:132,115:131
0.08365094	19.807	10.494	-15.656	-24.969	-40.636	-30.142	1	0	1	5	24	425	0.27	0	220:409,221:408,222:407,223:406,224:405
0.08398753	19.779	10.124	-10.319	-19.974	-37.206	-27.082	1	0	1	4	24	425	0.27	0	47:175,48:174,49:173,50:172
0.08423501	19.764	10.595	-23.442	-32.612	-40.016	-29.422	1	0.01	0.99	6	24	425	0.27	0	38:252,39:251,40:250,41:249,42:248,43:247
0.08619512	19.647	12.889	-15.117	-21.875	-23.894	-11.004	1	0	1	4	24	425	0.27	0	86:170,87:169,88:168,89:167
0.08692768	19.604	8.843	-13.257	-24.019	-42.26	-33.418	1	0	1	5	24	425	0.27	0	171:355,172:354,173:353,174:352,175:351
0.08704648	19.598	12.68	-36.616	-43.534	-52.695	-40.015	0.99	-0.01	0.99	8	24	425	0.27	0	84:196,85:195,86:194,87:193,88:192,89:191,90:190,91:189
0.08825422	19.529	10.545	-22.079	-31.063	-13.276	-2.731	1	0.09	0.95	5	24	425	0.27	0	177:228,178:227,179:226,180:225,181:224
0.08884819	19.491	11.733	-21.402	-29.159	-4.389	7.344	1	0.1	0.95	4	24	425	0.27	0	120:322,121:321,122:320,123:319
0.08894719	19.484	12.726	-15.117	-21.875	-18.023	-5.296	1	0	1	4	24	425	0.27	0	282:322,283:321,284:320,285:319
0.08970945	19.438	9.783	-10.319	-19.974	-28.613	-18.83	1	0	1	4	24	425	0.27	0	86:213,87:212,88:211,89:210
0.09035292	19.394	11.53	-18.055	-25.919	-26.601	-15.071	1	0	1	5	24	425	0.27	0	282:301,283:300,284:299,285:298,286:297
0.09047171	19.387	10.075	-15.656	-24.969	-34.368	-24.293	1	0	1	5	24	425	0.27	0	101:186,102:185,103:184,104:183,105:182
0.09141217	19.332	11.126	-12.718	-20.924	-32.598	-21.472	1	0	1	4	24	425	0.27	0	198:264,199:263,200:262,201:261
0.09320398	19.232	9.577	-10.319	-19.974	-16.247	-6.67	1	0	1	4	24	425	0.27	0	115:265,116:264,117:263,118:262
0.09320398	19.232	9.577	-10.319	-19.974	-16.247	-6.67	1	0	1	4	24	425	0.27	0	153:265,154:264,155:263,156:262
0.09338217	19.223	13.065	-19.38	-25.538	-7.185	5.88	1	0.02	0.99	4	24	425	0.27	0	146:286,147:285,148:284,149:283
0.09342177	19.22	11.014	-12.718	-20.924	-6.39	4.624	1	0	1	4	24	425	0.27	0	320:372,321:371,322:370,323:369
0.09376825	19.199	9.543	-10.319	-19.974	-29.89	-20.347	1	0	1	4	24	425	0.27	0	170:224,171:223,172:222,173:221
0.09434242	19.165	10.959	-12.718	-20.924	-12.465	-1.506	1	0	1	4	24	425	0.27	0	114:209,115:208,116:207,117:206
0.09572836	19.079	9.424	-10.319	-19.974	-34.521	-25.097	1	0	1	4	24	425	0.27	0	30:265,31:264,32:263,33:262
0.09586695	19.071	13.261	-27.676	-33.485	-28.994	-15.732	1	0.13	0.94	4	24	425	0.27	0	192:339,193:338,194:337,195:336
0.09800525	18.942	14.904	-27.861	-31.899	-31.061	-16.157	0.93	-0.11	0.95	4	24	425	0.27	0	52:62,53:61,54:60,55:59
0.09968817	18.844	10.638	-12.718	-20.924	-25.394	-14.756	1	0	1	4	24	425	0.27	0	183:222,184:221,185:220,186:219
0.1003613	18.81	10.946	-18.055	-25.919	-20.717	-9.771	1	0	1	5	24	425	0.27	0	79:115,80:114,81:113,82:112,83:111
0.1007573	18.796	9.141	-10.319	-19.974	-20.718	-11.578	1	0	1	4	24	425	0.27	0	142:173,143:172,144:171,145:170
0.1012127	18.773	10.567	-12.718	-20.924	-25.127	-14.56	1	0	1	4	24	425	0.27	0	86:221,87:220,88:219,89:218
0.1019948	18.727	9.414	-15.656	-24.969	-26.3	-16.886	1	0	1	5	24	425	0.27	0	141:409,142:408,143:407,144:406,145:405
0.1020146	18.724	10.518	-12.718	-20.924	-31.542	-21.024	1	0	1	4	24	425	0.27	0	102:255,103:254,104:253,105:252
0.1030243	18.661	10.806	-21	-28.855	-30.346	-19.54	1	0.11	0.95	4	24	425	0.27	0	166:337,167:336,168:335,169:334
0.1041627	18.597	10.39	-12.718	-20.924	-28.412	-18.022	1	0	1	4	24	425	0.27	0	29:209,30:208,31:207,32:206
0.1050933	18.546	10.34	-12.718	-20.924	-13.591	-3.251	1	0	1	4	24	425	0.27	0	152:209,153:208,154:207,155:206
0.1060041	18.496	10.975	-23.393	-30.914	-42.484	-31.509	1	0	1	6	24	425	0.27	0	83:280,84:279,85:278,86:277,87:276,88:275
0.1077761	18.408	8.753	-10.319	-19.974	-24.17	-15.417	1	0	1	4	24	425	0.27	0	70:186,71:185,72:184,73:183
0.1093897	18.324	10.118	-12.718	-20.924	-19.811	-9.693	1	0	1	4	24	425	0.27	0	114:265,115:264,116:263,117:262
0.1099639	18.295	10.088	-12.718	-20.924	-26.99	-16.902	1	0	1	4	24	425	0.27	0	28:209,29:208,30:207,31:206
0.1103895	18.27	7.273	-30.973	-41.97	-8.901	-1.628	0.98	0	0.96	4	24	425	0.27	0	346:359,347:358,348:357,349:356
0.1103994	18.267	10.061	-12.718	-20.924	-20.445	-10.384	1	0	1	4	24	425	0.27	0	145:201,146:200,147:199,148:198
0.1128347	18.137	11.345	-17.457	-24.249	-21.58	-10.236	1	0.02	0.99	4	24	425	0.27	0	98:298,99:297,100:296,101:295
0.112904	18.133	8.727	-16.74	-26.147	-3.737	4.99	1	0.02	0.99	4	24	425	0.27	0	96:113,97:112,98:111,99:110
0.1132703	18.119	13.732	-25.056	-29.443	-31.472	-17.74	0.98	-0.04	0.98	4	24	425	0.27	0	230:270,231:269,232:268,233:267
0.1144088	18.055	11.015	-11.035	-18.076	-15.088	-4.073	1	0	1	4	24	425	0.27	0	227:403,228:402,229:401,230:400
0.1148839	18.033	12.441	-13.435	-19.027	-28.017	-15.575	1	0	1	4	24	425	0.27	0	36:197,37:196,38:195,39:194
0.1155967	17.992	12.743	-18.772	-24.022	-26.772	-14.029	1	0	1	5	24	425	0.27	0	86:226,87:225,88:224,89:223,90:222
0.1156561	17.989	8.986	-27.892	-36.894	-43.95	-34.964	1	0.09	0.96	5	24	425	0.27	0	52:87,53:86,54:85,55:84,56:83
0.1157452	17.983	8.67	-15.656	-24.969	-23.986	-15.315	1	0	1	5	24	425	0.27	0	110:355,111:354,112:353,113:352,114:351
0.1159828	17.973	9.131	-30.818	-39.66	-22.234	-13.102	1	0.09	0.95	5	24	425	0.27	0	276:370,277:369,278:368,279:367,280:366
0.1167747	17.936	9.426	-24.681	-33.191	-9.098	0.328	1	0.04	0.98	4	24	425	0.27	0	151:228,152:227,153:226,154:225
0.1185863	17.861	9.903	-19.14	-27.097	-20.86	-10.956	1	0.02	0.99	4	24	425	0.27	0	95:277,96:276,97:275,98:274
0.1190021	17.847	12.732	-34.703	-39.818	-22.279	-9.547	0.95	-0.09	0.96	5	24	425	0.27	0	93:172,94:171,95:170,96:169,97:168
0.1205861	17.766	14.276	-62.801	-66.29	-26.481	-12.205	0.98	0.12	0.91	5	24	425	0.27	0	51:152,52:151,53:150,54:149,55:148
0.1208038	17.755	9.549	-12.718	-20.924	-35.758	-26.209	1	0	1	4	24	425	0.27	0	29:265,30:264,31:263,32:262
0.1214275	17.725	12.232	-27.994	-33.487	-25.877	-13.645	0.98	-0.03	0.98	5	24	425	0.27	0	144:270,145:269,146:268,147:267,148:266
0.1218334	17.705	9.498	-12.718	-20.924	-20.937	-11.439	1	0	1	4	24	425	0.27	0	152:265,153:264,154:263,155:262
0.1218433	17.704	10.057	-33.548	-41.195	-39.79	-29.733	0.95	-0.08	0.96	5	24	425	0.27	0	46:84,47:83,48:82,49:81,50:80
0.1221403	17.69	8.706	-22.079	-31.063	-21.324	-12.618	1	0.09	0.95	5	24	425	0.27	0	177:209,178:208,179:207,180:206,181:205
0.1225363	17.669	12.349	-40.667	-45.987	-55.87	-43.521	1	0.05	0.97	8	24	425	0.27	0	331:407,332:406,333:405,334:404,335:403,336:402,337:401,338:400
0.1244568	17.572	11.414	-19.38	-25.538	-5.534	5.88	1	0.02	0.99	4	24	425	0.27	0	146:155,147:154,148:153,149:152
0.1249121	17.547	7.891	-10.319	-19.974	-28.87	-20.978	1	0	1	4	24	425	0.27	0	183:214,184:213,185:212,186:211
0.1256942	17.504	6.606	-42.366	-53.263	-28.678	-22.072	1	0.23	0.88	4	24	425	0.27	0	335:361,336:360,337:359,338:358
0.1272187	17.426	13.95	-34.741	-38.216	-29.985	-16.035	0.93	-0.09	0.94	4	24	425	0.27	0	53:366,54:365,55:364,56:363
0.1277731	17.393	10.798	-28.399	-34.994	-21.529	-10.73	0.94	-0.09	0.96	5	24	425	0.27	0	53:143,54:142,55:141,56:140,57:139
0.1280503	17.374	9.959	-26.739	-34.154	-3.856	6.103	1	0.08	0.96	5	24	425	0.27	0	120:228,121:227,122:226,123:225,124:224
0.1284265	17.353	11.761	-13.435	-19.027	-32.37	-20.609	1	0	1	4	24	425	0.27	0	58:313,59:312,60:311,61:310
0.1284364	17.352	9.146	-12.718	-20.924	-27.541	-18.395	1	0	1	4	24	425	0.27	0	79:219,80:218,81:217,82:216
0.129555	17.296	10.539	-15.117	-21.875	-13.236	-2.697	1	0	1	4	24	425	0.27	0	225:285,226:284,227:283,228:282
0.133	17.146	13.083	-23.31	-27.373	-8.426	4.656	0.99	-0.02	0.99	4	24	425	0.27	0	94:148,95:147,96:146,97:145
0.1332673	17.135	13.94	-28.392	-31.588	-31.057	-17.117	1	0.13	0.94	4	24	425	0.27	0	36:339,37:338,38:337,39:336
0.133396	17.124	7.63	-46.883	-56.377	-53.426	-45.796	0.99	0.04	0.97	8	24	425	0.27	0	79:355,80:354,81:353,82:352,83:351,84:350,85:349,86:348
0.1336039	17.112	11.607	-49.24	-54.746	-13.175	-1.567	0.99	0.01	0.97	6	24	425	0.27	0	150:325,151:324,152:323,153:322,154:321,155:320
0.1338118	17.106	15.198	-49.61	-51.518	-50.271	-35.074	0.99	0	0.99	8	24	425	0.27	0	246:280,247:279,248:278,249:277,250:276,251:275,252:274,253:273
0.1347622	17.061	10.617	-22.052	-28.495	-30.905	-20.288	1	0.04	0.98	4	24	425	0.27	0	35:270,36:269,37:268,38:267
0.1354551	17.037	8.527	-24.681	-33.191	-21.617	-13.09	1	0.04	0.98	4	24	425	0.27	0	151:172,152:171,153:170,154:169
0.1374845	16.947	7.292	-10.319	-19.974	-18.647	-11.355	1	0	1	4	24	425	0.27	0	123:197,124:196,125:195,126:194
0.1378013	16.931	11.649	-25.67	-30.952	-23.829	-12.18	1	0.11	0.95	4	24	425	0.27	0	53:107,54:106,55:105,56:104
0.1381181	16.92	7.264	-10.319	-19.974	-36.037	-28.772	1	0	1	4	24	425	0.27	0	47:354,48:353,49:352,50:351
0.1385438	16.902	11.31	-13.435	-19.027	-29.832	-18.522	1	0	1	4	24	425	0.27	0	35:194,36:193,37:192,38:191
0.140296	16.817	6.74	-23.931	-34.008	-52.321	-45.581	1	0	1	7	24	425	0.27	0	297:334,298:333,299:332,300:331,301:330,302:329,303:328
0.1403356	16.815	11.307	-19.965	-25.473	-31.126	-19.819	1	0.02	0.99	4	24	425	0.27	0	255:277,256:276,257:275,258:274
0.1404247	16.812	8.606	-12.718	-20.924	-4.408	4.198	1	0	1	4	24	425	0.27	0	114:228,115:227,116:226,117:225
0.1411078	16.779	10.022	-15.117	-21.875	-29.88	-19.858	1	0	1	4	24	425	0.27	0	166:315,167:314,168:313,169:312
0.1416225	16.761	12.049	-21.793	-26.505	-30.013	-17.964	1	0.02	0.99	4	24	425	0.27	0	79:341,80:340,81:339,82:338
0.1421967	16.732	10.63	-27.389	-33.49	-32.978	-22.348	1	0.03	0.98	5	24	425	0.27	0	86:270,87:269,88:268,89:267,90:266
0.1425234	16.711	11.218	-27.994	-33.487	-40.452	-29.234	0.98	-0.03	0.98	5	24	425	0.27	0	267:314,268:313,269:312,270:311,271:310
0.1434143	16.672	11.39	-25.67	-30.952	-31.866	-20.476	1	0.11	0.95	4	24	425	0.27	0	53:234,54:233,55:232,56:231
0.1451369	16.603	10.748	-30.582	-36.438	-26.436	-15.688	0.96	-0.07	0.97	6	24	425	0.27	0	297:373,298:372,299:371,300:370,301:369,302:368
0.1463842	16.541	6.925	-27.619	-37.235	-17.451	-10.526	1	0.03	0.98	5	24	425	0.27	0	151:326,152:325,153:324,154:323,155:322
0.1464139	16.539	12.501	-27.861	-31.899	-35.051	-22.55	0.93	-0.11	0.95	4	24	425	0.27	0	53:104,54:103,55:102,56:101

