0	462.382	10.882	-683.844	-1135.344	-30.605	-19.723	0.98	1.15	0.35	4	100	473	4.416	0	97:131,98:130,99:129,100:128
0	249.396	21.538	-579.736	-807.595	-42.834	-21.297	0.97	0.42	0.72	7	100	473	4.416	0	89:184,90:183,91:182,92:181,93:180,94:179,95:178
0	399.971	23.986	-1252.633	-1628.617	-46.394	-22.408	0.93	0.71	0.45	7	100	473	4.416	0	136:162,137:161,138:160,139:159,140:158,141:157,142:156
0	346.371	35.171	-1414.108	-1725.308	-88.007	-52.836	0.93	0.26	0.73	12	100	473	4.416	0	385:411,386:410,387:409,388:408,389:407,390:406,391:405,392:404,393:403,394:402,395:401,396:400
0.00001994	135.906	19.644	-520.447	-636.709	-47.336	-27.692	0.95	0.15	0.8	7	100	473	4.416	0	39:56,40:55,41:54,42:53,43:52,44:51,45:50
0.00001994	149.834	22.969	-157.671	-284.536	-47.205	-24.236	1	0.14	0.93	8	100	473	4.416	0	273:294,274:293,275:292,276:291,277:290,278:289,279:288,280:287
0.00001994	129.652	35.528	-190.519	-284.643	-57.768	-22.24	0.99	0.15	0.91	8	100	473	4.416	0	363:383,364:382,365:381,366:380,367:379,368:378,369:377,370:376
0.00006978	105.379	29.44	-134.205	-210.145	-40.995	-11.555	1	0.01	0.98	8	100	473	4.416	0	209:231,210:230,211:229,212:228,213:227,214:226,215:225,216:224
0.00016947	92.158	15.112	-294.566	-371.612	-53.773	-38.661	0.98	0.17	0.87	6	100	473	4.416	0	415:461,416:460,417:459,418:458,419:457,420:456
0.00020934	88.737	20.199	-141.632	-210.169	-53.432	-33.232	1	0.01	0.99	8	100	473	4.416	0	190:447,191:446,192:445,193:444,194:443,195:442,196:441,197:440
0.00038878	79.358	20.05	-69.157	-128.465	-32.985	-12.935	1	0.02	0.99	5	100	473	4.416	0	195:225,196:224,197:223,198:222,199:221
0.00054828	76.497	18.368	-103.71	-161.838	-48.89	-30.522	0.98	-0.04	0.98	6	100	473	4.416	0	65:120,66:119,67:118,68:117,69:116,70:115
0.00077756	71.471	15.91	-28.336	-83.898	-31.64	-15.73	1	0	1	4	100	473	4.416	0	223:307,224:306,225:305,226:304
0.00080746	71.229	18.901	-68.919	-121.247	-41.423	-22.522	0.99	-0.01	0.99	5	100	473	4.416	0	222:298,223:297,224:296,225:295,226:294
0.00091712	69.853	13.523	-55.624	-111.954	-33.493	-19.97	1	0	1	5	100	473	4.416	0	223:423,224:422,225:421,226:420,227:419
0.00101681	68.836	13.708	-150.852	-205.98	-61.264	-47.556	0.98	-0.03	0.98	7	100	473	4.416	0	64:423,65:422,66:421,67:420,68:419,69:418,70:417
0.00101681	68.711	20.155	-273.548	-322.104	-54.774	-34.619	0.97	-0.01	0.94	8	100	473	4.416	0	75:195,76:194,77:193,78:192,79:191,80:190,81:189,82:188
0.0017844	63.707	15.083	-43.695	-92.319	-29.234	-14.151	1	0	1	4	100	473	4.416	0	221:443,222:442,223:441,224:440
0.00179437	63.585	0.084	-160.358	-223.859	-33.749	-33.666	0.99	0.3	0.83	4	100	473	4.416	0	250:261,251:260,252:259,253:258
0.0028012	60.106	10.664	-41.617	-91.059	-37.776	-27.112	1	-0.01	1	4	100	473	4.416	0	296:423,297:422,298:421,299:420
0.00282114	60.055	16.195	-51.442	-95.301	-24.704	-8.509	0.99	-0.02	0.99	4	100	473	4.416	0	223:370,224:369,225:368,226:367
0.00292083	59.82	13.182	-38.53	-85.169	-16.468	-3.287	1	0	1	4	100	473	4.416	0	76:228,77:227,78:226,79:225
0.00311023	59.399	18.672	-153.109	-193.836	-37.458	-18.786	1	0.02	0.97	6	100	473	4.416	0	75:445,76:444,77:443,78:442,79:441,80:440
0.00322986	59.098	11.787	-71.3	-118.61	-38.913	-27.126	1	0.02	0.99	5	100	473	4.416	0	230:372,231:371,232:370,233:369,234:368
0.00399745	57.399	14.911	-98.718	-141.206	-33.5	-18.588	0.99	-0.01	0.99	6	100	473	4.416	0	227:447,228:446,229:445,230:444,231:443,232:442
0.00432642	56.7	18.338	-96.293	-134.655	-33.954	-15.616	0.99	-0.02	0.98	5	100	473	4.416	0	229:337,230:336,231:335,232:334,233:333
0.00447595	56.425	15.193	-249.465	-290.696	-54.647	-39.453	0.96	0.03	0.91	6	100	473	4.416	0	246:268,247:267,248:266,249:265,250:264,251:263
0.00453576	56.296	15.146	-90.501	-131.651	-35.972	-20.826	1	0.03	0.98	5	100	473	4.416	0	106:306,107:305,108:304,109:303,110:302
0.00537313	54.599	16.005	-198.402	-236.995	-42.543	-26.537	0.94	-0.04	0.93	5	100	473	4.416	0	63:419,64:418,65:417,66:416,67:415
0.00565225	54.175	12.688	-74.282	-115.77	-46.836	-34.148	0.99	-0.01	0.99	5	100	473	4.416	0	296:307,297:306,298:305,299:304,300:303
0.00619056	53.205	13.906	-75.354	-114.653	-29.433	-15.528	1	0.02	0.99	4	100	473	4.416	0	195:298,196:297,197:296,198:295
0.00640987	52.927	6.052	-31.082	-77.957	-32.859	-26.808	1	0	1	4	100	473	4.416	0	231:424,232:423,233:422,234:421
0.00654944	52.737	9.686	-69.553	-112.605	-39.325	-29.639	1	0.04	0.98	4	100	473	4.416	0	265:305,266:304,267:303,268:302
0.00669896	52.537	19.61	-187.451	-220.377	-48.514	-28.904	0.99	0.01	0.98	8	100	473	4.416	0	196:244,197:243,198:242,199:241,200:240,201:239,202:238,203:237
0.00782543	51.109	17.529	-116.084	-149.664	-46.741	-29.212	0.99	-0.02	0.99	6	100	473	4.416	0	190:312,191:311,192:310,193:309,194:308,195:307
0.00867277	50.423	13.82	-85.512	-122.115	-41.218	-27.398	1	0.01	0.99	5	100	473	4.416	0	192:335,193:334,194:333,195:332,196:331
0.00883227	50.321	12.8	-81.44	-118.961	-45.722	-32.922	0.99	-0.02	0.99	5	100	473	4.416	0	230:309,231:308,232:307,233:306,234:305
0.0090117	50.035	15.857	-121.81	-155.989	-39.379	-23.522	0.99	-0.02	0.98	5	100	473	4.416	0	193:441,194:440,195:439,196:438,197:437
0.00927089	49.7	7.495	-59.932	-102.137	-34.429	-26.934	0.99	-0.01	0.99	4	100	473	4.416	0	305:442,306:441,307:440,308:439
0.00979923	49.138	11.447	-49.374	-87.065	-37.581	-26.134	1	0	1	4	100	473	4.416	0	64:307,65:306,66:305,67:304
0.01069641	48.14	17.793	-59.447	-89.794	-28.778	-10.985	1	0	0.99	4	100	473	4.416	0	311:334,312:333,313:332,314:331
0.01153378	47.414	16.18	-127.19	-158.425	-34.277	-18.097	1	0.18	0.9	4	100	473	4.416	0	303:358,304:357,305:356,306:355
0.01279981	46.393	16.403	-253.095	-283.085	-36.505	-20.102	0.94	-0.05	0.94	6	100	473	4.416	0	105:218,106:217,107:216,108:215,109:214,110:213
0.01326834	45.904	22.536	-146.091	-169.459	-35.7	-13.164	0.99	0.01	0.98	6	100	473	4.416	0	106:121,107:120,108:119,109:118,110:117,111:116
0.0135674	45.655	13.674	-93.228	-125.209	-37.041	-23.366	0.99	0	0.98	5	100	473	4.416	0	332:345,333:344,334:343,335:342,336:341
0.01364715	45.557	11.38	-71.861	-106.038	-30.192	-18.812	0.99	-0.01	0.99	4	100	473	4.416	0	75:337,76:336,77:335,78:334
0.01374683	45.506	11.99	-44.433	-77.949	-29.696	-17.706	1	0	1	4	100	473	4.416	0	191:314,192:313,193:312,194:311
0.01383655	45.443	12.524	-93.12	-126.038	-38.704	-26.18	1	0	0.99	5	100	473	4.416	0	330:447,331:446,332:445,333:444,334:443
0.01414558	45.238	11.008	-103.099	-137.329	-38.51	-27.502	1	0.03	0.98	5	100	473	4.416	0	108:269,109:268,110:267,111:266,112:265
0.01426521	45.156	15.682	-60.32	-89.794	-30.845	-15.163	1	0	0.99	4	100	473	4.416	0	308:334,309:333,310:332,311:331
0.01472377	44.887	9.041	-91.39	-127.235	-48.49	-39.449	0.99	-0.02	0.99	5	100	473	4.416	0	305:435,306:434,307:433,308:432,309:431
0.01484339	44.803	9.614	-62.377	-97.566	-31.991	-22.377	0.99	-0.01	0.99	4	100	473	4.416	0	221:420,222:419,223:418,224:417
0.01548139	44.387	15.695	-107.852	-136.544	-36.434	-20.739	0.98	-0.05	0.98	5	100	473	4.416	0	296:370,297:369,298:368,299:367,300:366
0.01581036	44.161	16.51	-115.305	-142.957	-24.655	-8.145	1	0.05	0.96	4	100	473	4.416	0	78:225,79:224,80:223,81:222
0.01728572	43.141	9.505	-107.619	-141.255	-31.26	-21.755	0.96	-0.05	0.96	4	100	473	4.416	0	65:216,66:215,67:214,68:213
0.01729569	43.116	10.91	-79.875	-112.081	-34.17	-23.26	1	0	1	5	100	473	4.416	0	107:422,108:421,109:420,110:419,111:418
0.017834	42.781	10.082	-51.071	-83.77	-39.763	-29.681	1	-0.01	1	4	100	473	4.416	0	306:318,307:317,308:316,309:315
0.01827262	42.597	8.566	-91.376	-125.406	-28.591	-20.025	1	0.01	0.99	5	100	473	4.416	0	75:232,76:231,77:230,78:229,79:228
0.01917978	42.159	4.651	-113.755	-151.263	-41.473	-36.822	0.97	-0.04	0.97	5	100	473	4.416	0	65:283,66:282,67:281,68:280,69:279
0.02007696	41.712	10.171	-70.539	-102.08	-31.952	-21.78	0.99	-0.02	0.99	4	100	473	4.416	0	314:442,315:441,316:440,317:439
0.02064517	41.346	12.259	-72.657	-101.744	-30.27	-18.011	0.99	-0.02	0.99	4	100	473	4.416	0	427:447,428:446,429:445,430:444
0.02114361	41.045	11.205	-77.874	-107.714	-18.533	-7.328	1	0.02	0.99	4	100	473	4.416	0	108:200,109:199,110:198,111:197
0.02128317	40.978	5.747	-104.04	-139.272	-34.672	-28.926	0.96	-0.07	0.95	4	100	473	4.416	0	65:256,66:255,67:254,68:253
0.02132305	40.953	16.222	-129.222	-153.953	-40.049	-23.827	0.98	-0.04	0.98	5	100	473	4.416	0	429:443,430:442,431:441,432:440,433:439
0.02185139	40.707	9.912	-84.096	-114.89	-34.523	-24.611	0.99	0.05	0.95	4	100	473	4.416	0	64:259,65:258,66:257,67:256
0.02202085	40.604	17.578	-102.959	-125.985	-37.999	-20.421	0.99	-0.01	0.98	5	100	473	4.416	0	229:345,230:344,231:343,232:342,233:341
0.02224017	40.528	13.904	-75.561	-102.185	-18.236	-4.331	0.99	-0.01	0.99	4	100	473	4.416	0	228:275,229:274,230:273,231:272
0.02228004	40.498	9.467	-44.544	-75.575	-29.941	-20.474	1	0	1	4	100	473	4.416	0	115:447,116:446,117:445,118:444
0.02249935	40.359	10.785	-75.535	-105.109	-22.713	-11.928	1	0.02	0.99	4	100	473	4.416	0	196:447,197:446,198:445,199:444
0.02311741	40.019	12.561	-115.701	-143.16	-33.592	-21.031	1	0.13	0.93	4	100	473	4.416	0	376:423,377:422,378:421,379:420
0.02346632	39.845	8.726	-75.399	-106.518	-30.18	-21.455	0.99	0	0.99	4	100	473	4.416	0	194:420,195:419,196:418,197:417
0.02422394	39.407	12.639	-90.13	-116.897	-32.093	-19.454	0.98	-0.03	0.99	4	100	473	4.416	0	292:431,293:430,294:429,295:428
0.02423391	39.405	11.083	-182.031	-210.353	-54.975	-43.892	0.97	-0.02	0.96	6	100	473	4.416	0	264:423,265:422,266:421,267:420,268:419,269:418
0.02450306	39.239	14.882	-101.705	-126.062	-34.399	-19.517	0.98	-0.03	0.98	4	100	473	4.416	0	221:440,222:439,223:438,224:437
0.02450306	39.241	14.008	-111.128	-136.361	-35.167	-21.159	0.99	0.02	0.97	4	100	473	4.416	0	266:431,267:430,268:429,269:428
0.02544012	38.818	7.944	-93.825	-124.699	-29.536	-21.592	1	0.02	0.99	5	100	473	4.416	0	115:244,116:243,117:242,118:241,119:240
0.0256993	38.651	10.165	-90.747	-119.234	-34.139	-23.975	0.99	-0.02	0.99	5	100	473	4.416	0	75:303,76:302,77:301,78:300,79:299
0.02583887	38.56	8.502	-57.306	-87.364	-34.985	-26.483	0.99	-0.01	0.99	4	100	473	4.416	0	307:345,308:344,309:343,310:342
0.02602827	38.466	9.492	-51.068	-80.042	-25.338	-15.846	1	0	1	4	100	473	4.416	0	278:315,279:314,280:313,281:312
0.02662639	38.226	11.749	-121.262	-147.739	-44.611	-32.863	0.98	-0.04	0.98	5	100	473	4.416	0	417:438,418:437,419:436,420:435,421:434
0.02707498	38.029	16.956	-134.766	-155.838	-27.872	-10.916	0.98	-0.04	0.98	5	100	473	4.416	0	226:433,227:432,228:431,229:430,230:429
0.0271348	38.017	5.844	-125.145	-157.317	-43.018	-37.174	0.93	-0.08	0.95	5	100	473	4.416	0	291:422,292:421,293:420,294:419,295:418
0.0271647	38.005	8.948	-120.712	-149.769	-34.854	-25.906	0.96	-0.06	0.96	4	100	473	4.416	0	67:333,68:332,69:331,70:330
0.02777279	37.721	11.732	-72.48	-98.469	-30.645	-18.913	0.99	-0.02	0.99	4	100	473	4.416	0	64:370,65:369,66:368,67:367
0.02791236	37.672	9.05	-62.3	-90.922	-37.091	-28.04	1	0	0.99	4	100	473	4.416	0	306:344,307:343,308:342,309:341
0.02824132	37.554	6.766	-63.64	-94.428	-25.332	-18.566	0.99	-0.02	0.99	4	100	473	4.416	0	220:231,221:230,222:229,223:228
0.02852045	37.428	13.974	-70.546	-94	-31.795	-17.822	0.99	-0.02	0.99	4	100	473	4.416	0	309:420,310:419,311:418,312:417
0.02859023	37.378	13.732	-343.45	-367.096	-48.687	-34.955	0.98	0.11	0.91	7	100	473	4.416	0	52:196,53:195,54:194,55:193,56:192,57:191,58:190
0.0297765	36.885	11.496	-194.38	-219.768	-34.372	-22.876	0.98	0.21	0.87	4	100	473	4.416	0	356:422,357:421,358:420,359:419
0.02987619	36.838	13.396	-74.382	-97.825	-24.961	-11.565	0.99	-0.01	0.99	4	100	473	4.416	0	212:444,213:443,214:442,215:441
0.0304145	36.617	13.662	-125.272	-148.228	-41.43	-27.769	0.99	0	0.98	5	100	473	4.416	0	417:432,418:431,419:430,420:429,421:428
0.03078334	36.456	22.843	-159.782	-173.394	-54.697	-31.854	0.99	-0.02	0.99	7	100	473	4.416	0	212:302,213:301,214:300,215:299,216:298,217:297,218:296
0.03155093	36.205	16.304	-115.63	-135.532	-42.549	-26.245	0.97	-0.01	0.95	5	100	473	4.416	0	302:382,303:381,304:380,305:379,306:378
0.03207927	36	16.903	-120.654	-139.751	-48.587	-31.684	0.99	-0.02	0.99	6	100	473	4.416	0	229:319,230:318,231:317,232:316,233:315,234:314
0.03292661	35.713	17.534	-75.154	-93.333	-28.069	-10.534	0.99	-0.01	0.99	4	100	473	4.416	0	215:226,216:225,217:224,218:223
0.03319577	35.628	11.185	-88.597	-113.04	-30.768	-19.583	0.99	0.01	0.97	4	100	473	4.416	0	88:306,89:305,90:304,91:303
0.03331539	35.56	9.003	-100.328	-126.885	-41.682	-32.679	0.99	-0.01	0.99	5	100	473	4.416	0	368:435,369:434,370:433,371:432,372:431
0.03352473	35.507	3.521	-127.167	-159.153	-29.624	-26.103	0.96	-0.04	0.96	4	100	473	4.416	0	67:193,68:192,69:191,70:190
0.03505991	34.989	12.534	-99.501	-121.955	-29.74	-17.205	0.98	-0.02	0.98	4	100	473	4.416	0	333:434,334:433,335:432,336:431
0.035349	34.862	6.092	-73.933	-102.703	-35.628	-29.536	0.99	-0.02	0.99	4	100	473	4.416	0	421:435,422:434,423:433,424:432
0.03817015	33.841	5.219	-62.3	-90.922	-28.901	-23.682	1	0	0.99	4	100	473	4.416	0	342:445,343:444,344:443,345:442
0.03920689	33.472	13.642	-71.147	-90.977	-27.363	-13.721	1	0.01	1	4	100	473	4.416	0	76:334,77:333,78:332,79:331
0.03929661	33.431	14.504	-118.615	-137.542	-32.351	-17.847	0.99	-0.02	0.99	5	100	473	4.416	0	189:225,190:224,191:223,192:222,193:221
0.04029348	33.158	16.344	-439.056	-455.87	-58.548	-42.204	0.87	-0.09	0.89	8	100	473	4.416	0	52:446,53:445,54:444,55:443,56:442,57:441,58:440,59:439
0.04088163	32.942	6.11	-68.352	-95.184	-31.67	-25.56	1	0.02	0.99	4	100	473	4.416	0	417:447,418:446,419:445,420:444
0.04138007	32.789	11.912	-153.564	-174.441	-34.332	-22.421	1	0.11	0.93	4	100	473	4.416	0	215:267,216:266,217:265,218:264
0.04201806	32.568	8.421	-66.425	-90.572	-31.705	-23.284	1	0.01	0.99	4	100	473	4.416	0	341:372,342:371,343:370,344:369
0.04216759	32.513	6.657	-118.426	-144.282	-27.036	-20.379	0.99	0.05	0.96	4	100	473	4.416	0	240:269,241:268,242:267,243:266
0.04234703	32.451	13.384	-82.101	-101.168	-31.565	-18.181	0.99	-0.01	0.99	4	100	473	4.416	0	115:432,116:431,117:430,118:429
0.04237694	32.434	10.757	-94.902	-116.578	-35.663	-24.905	0.99	-0.02	0.99	5	100	473	4.416	0	192:232,193:231,194:230,195:229,196:228
0.04442052	31.834	10.705	-131.408	-152.537	-38.983	-28.278	0.98	-0.02	0.98	5	100	473	4.416	0	85:208,86:207,87:206,88:205,89:204
0.0457962	31.446	8.805	-71.96	-94.601	-26.807	-18.002	1	0	0.99	4	100	473	4.416	0	205:334,206:333,207:332,208:331
0.04604542	31.362	12.868	-60.911	-79.404	-29.605	-16.736	0.99	-0.02	0.99	4	100	473	4.416	0	203:325,204:324,205:323,206:322
0.04608529	31.344	17.702	-154.947	-168.589	-23.455	-5.754	0.95	-0.05	0.94	5	100	473	4.416	0	106:368,107:367,108:366,109:365,110:364
0.04699244	31.108	11.902	-111.775	-130.98	-36.786	-24.884	0.99	0.02	0.97	5	100	473	4.416	0	323:369,324:368,325:367,326:366,327:365
0.04708216	31.072	11.348	-208.411	-228.136	-19.025	-7.678	0.91	-0.08	0.92	4	100	473	4.416	0	105:206,106:205,107:204,108:203
0.04728154	31.015	11.996	-159.588	-178.607	-23.151	-11.155	0.98	0.05	0.94	4	100	473	4.416	0	51:112,52:111,53:110,54:109
0.04848775	30.624	7.512	-63.233	-86.345	-37.477	-29.966	1	0.02	0.98	4	100	473	4.416	0	255:327,256:326,257:325,258:324
0.05007277	30.188	15.152	-96.428	-111.465	-24.349	-9.197	0.99	-0.02	0.99	4	100	473	4.416	0	108:431,109:430,110:429,111:428
0.05023227	30.148	10.212	-127.606	-147.543	-27.198	-16.986	0.99	0.05	0.96	4	100	473	4.416	0	77:436,78:435,79:434,80:433
0.05028211	30.136	9.569	-82.873	-103.44	-35.693	-26.124	0.99	-0.01	0.99	4	100	473	4.416	0	64:297,65:296,66:295,67:294
0.05115936	29.918	8.385	-128.586	-150.118	-28.052	-19.667	0.99	0.05	0.96	4	100	473	4.416	0	78:298,79:297,80:296,81:295
0.05159798	29.786	10.998	-117.527	-136.315	-33.19	-22.192	0.99	0.07	0.95	4	100	473	4.416	0	323:351,324:350,325:349,326:348
0.05169767	29.76	10.977	-108.095	-126.878	-32.392	-21.415	0.99	-0.02	0.99	5	100	473	4.416	0	228:304,229:303,230:302,231:301,232:300
0.05247523	29.544	13.99	-169.589	-185.142	-28.549	-14.559	1	0.06	0.96	5	100	473	4.416	0	77:199,78:198,79:197,80:196,81:195
0.05259485	29.53	7.495	-61.678	-83.713	-30.918	-23.423	0.99	-0.02	0.99	4	100	473	4.416	0	316:445,317:444,318:443,319:442
0.05348207	29.291	17.472	-134.383	-146.203	-34.822	-17.35	0.96	-0.02	0.94	5	100	473	4.416	0	117:382,118:381,119:380,120:379,121:378
0.05414	29.108	6.966	-104.048	-126.19	-28.396	-21.43	1	0.02	0.98	4	100	473	4.416	0	241:333,242:332,243:331,244:330
0.05539606	28.714	15.012	-99.678	-113.38	-41.69	-26.678	0.99	-0.01	0.99	5	100	473	4.416	0	214:326,215:325,216:324,217:323,218:322
0.05600415	28.549	3.477	-110.503	-135.574	-23.166	-19.689	1	0.04	0.97	4	100	473	4.416	0	190:244,191:243,192:242,193:241
0.05618358	28.508	8.276	-55.293	-75.526	-33.536	-25.261	1	0	1	4	100	473	4.416	0	216:234,217:233,218:232,219:231
0.05623343	28.491	20.817	-180.871	-188.545	-39.504	-18.687	0.98	-0.02	0.98	6	100	473	4.416	0	210:443,211:442,212:441,213:440,214:439,215:438
0.05719042	28.225	9.773	-189.254	-207.706	-33.427	-23.654	0.99	0.17	0.89	4	100	473	4.416	0	54:334,55:333,56:332,57:331
0.05811751	27.991	5.806	-70.87	-93.056	-24.767	-18.961	0.99	-0.02	0.99	4	100	473	4.416	0	205:302,206:301,207:300,208:299
0.05916422	27.726	11.091	-125.564	-142.199	-34.098	-23.007	0.95	-0.07	0.96	4	100	473	4.416	0	64:265,65:264,66:263,67:262
0.05937357	27.661	12.893	-138.627	-153.396	-31.466	-18.573	0.99	0.05	0.95	4	100	473	4.416	0	297:352,298:351,299:350,300:349
0.05966266	27.608	10.617	-99.621	-116.612	-26.072	-15.455	0.99	0	0.98	4	100	473	4.416	0	241:443,242:442,243:441,244:440
0.05976235	27.596	0.912	-56.073	-82.757	-27.724	-26.812	1	-0.01	1	4	100	473	4.416	0	191:208,192:207,193:206,194:205
0.05976235	27.596	10.058	-68.997	-86.535	-37.101	-27.043	1	-0.01	1	4	100	473	4.416	0	303:326,304:325,305:324,306:323
0.06050003	27.41	13.314	-108.095	-122.191	-33.229	-19.914	0.98	-0.03	0.98	4	100	473	4.416	0	73:232,74:231,75:230,76:229
0.06166637	27.108	5.292	-61.784	-83.6	-31.59	-26.298	1	0	1	4	100	473	4.416	0	278:305,279:304,280:303,281:302
0.06206512	27.001	3.363	-69.175	-92.813	-29.931	-26.568	1	0.01	0.99	4	100	473	4.416	0	278:296,279:295,280:294,281:293
0.0628028	26.822	10.355	-105.622	-122.089	-33.415	-23.06	1	0.03	0.97	4	100	473	4.416	0	213:268,214:267,215:266,216:265
0.06289252	26.787	9	-110.16	-127.946	-32.083	-23.083	0.99	-0.01	0.98	4	100	473	4.416	0	76:88,77:87,78:86,79:85
0.06351058	26.584	7.558	-69.991	-89.017	-25.998	-18.44	0.98	-0.03	0.99	4	100	473	4.416	0	107:256,108:255,109:254,110:253
0.06361026	26.533	14.703	-118.871	-130.702	-24.338	-9.635	0.99	0	0.98	4	100	473	4.416	0	196:432,197:431,198:430,199:429
0.06362023	26.533	9.309	-88.315	-105.538	-33.431	-24.121	0.96	-0.05	0.94	4	100	473	4.416	0	343:383,344:382,345:381,346:380
0.06462707	26.301	11.22	-149.926	-165.006	-37.903	-26.683	0.95	-0.04	0.94	4	100	473	4.416	0	264:307,265:306,266:305,267:304
0.06505573	26.205	9.506	-95.214	-111.913	-22.893	-13.387	1	0.01	0.98	4	100	473	4.416	0	212:231,213:230,214:229,215:228
0.06594294	25.998	17.053	-188.833	-197.777	-36.293	-19.24	0.99	0.02	0.96	5	100	473	4.416	0	76:441,77:440,78:439,79:438,80:437
0.06603266	25.978	15.643	-149.2	-159.534	-33.71	-18.067	0.99	0.11	0.92	4	100	473	4.416	0	294:379,295:378,296:377,297:376
0.06842515	25.341	1.729	-90.519	-114.131	-22.236	-20.507	1	0.03	0.98	4	100	473	4.416	0	240:282,241:281,242:280,243:279
0.06941205	25.096	5.23	-128	-147.866	-32.617	-27.386	1	0.04	0.98	5	100	473	4.416	0	240:421,241:420,242:419,243:418,244:417
0.07198397	24.46	18.355	-144.103	-150.208	-31.979	-13.624	0.98	0.01	0.96	4	100	473	4.416	0	120:225,121:224,122:223,123:222
0.07242259	24.332	18.259	-176.923	-182.996	-50.771	-32.512	0.99	0.04	0.96	6	100	473	4.416	0	323:352,324:351,325:350,326:349,327:348,328:347
0.07249237	24.314	9.234	-187.194	-202.274	-36.755	-27.52	0.92	-0.06	0.91	4	100	473	4.416	0	324:417,325:416,326:415,327:414
0.07281137	24.247	10.052	-112.912	-127.107	-44.536	-34.484	0.99	-0.02	0.99	5	100	473	4.416	0	314:435,315:434,316:433,317:432,318:431
0.072931	24.216	3.557	-105.104	-125.763	-36.123	-32.566	1	0	1	6	100	473	4.416	0	107:283,108:282,109:281,110:280,111:279,112:278
0.07319018	24.161	7.58	-99.618	-116.199	-34.164	-26.585	0.98	-0.02	0.98	4	100	473	4.416	0	86:448,87:447,88:446,89:445
0.07379827	24.051	15.552	-202.797	-211.297	-49.725	-34.173	0.94	-0.08	0.96	7	100	473	4.416	0	107:296,108:295,109:294,110:293,111:292,112:291,113:290
0.07563251	23.615	10.442	-72.692	-85.866	-30.427	-19.986	0.99	-0.02	0.99	4	100	473	4.416	0	202:301,203:300,204:299,205:298
0.07656957	23.403	6.623	-78.463	-95.243	-32.549	-25.926	0.99	-0.02	0.99	4	100	473	4.416	0	298:422,299:421,300:420,301:419
0.07743685	23.21	19.217	-312.738	-316.731	-69.118	-49.901	0.92	-0.09	0.93	8	100	473	4.416	0	264:297,265:296,266:295,267:294,268:293,269:292,270:291,271:290
0.07756644	23.181	8.528	-109.027	-123.68	-34.078	-25.549	0.98	-0.02	0.98	4	100	473	4.416	0	437:447,438:446,439:445,440:444
0.07819447	23.058	10.696	-122.129	-134.492	-27.632	-16.936	0.99	0	0.98	4	100	473	4.416	0	190:432,191:431,192:430,193:429
0.07872281	22.948	6.283	-127.526	-144.191	-42.309	-36.026	0.99	-0.02	0.98	5	100	473	4.416	0	242:435,243:434,244:433,245:432,246:431
0.07886237	22.922	7.715	-57.951	-73.158	-37.626	-29.911	1	-0.01	1	4	100	473	4.416	0	268:327,269:326,270:325,271:324
0.07908168	22.882	5.414	-177.744	-195.212	-26.364	-20.95	0.96	-0.01	0.93	4	100	473	4.416	0	52:223,53:222,54:221,55:220
0.07931096	22.841	15.483	-167.39	-174.748	-44.086	-28.602	0.99	0.09	0.93	5	100	473	4.416	0	303:380,304:379,305:378,306:377,307:376
0.0798094	22.715	13.483	-111.488	-120.72	-29.728	-16.246	0.96	0	0.93	4	100	473	4.416	0	109:382,110:381,111:380,112:379
0.08021812	22.62	12.207	-94.189	-104.602	-30.915	-18.708	0.96	-0.04	0.95	4	100	473	4.416	0	380:446,381:445,382:444,383:443
0.08061686	22.532	8.676	-233.721	-247.577	-29.947	-21.272	0.98	0.07	0.92	5	100	473	4.416	0	51:216,52:215,53:214,54:213,55:212
0.08184301	22.266	7.071	-75.815	-91.01	-33.458	-26.387	0.99	-0.01	0.99	4	100	473	4.416	0	243:344,244:343,245:342,246:341
0.08208226	22.213	11.36	-341.442	-352.295	-51.281	-39.921	0.96	0.05	0.9	7	100	473	4.416	0	51:305,52:304,53:303,54:302,55:301,56:300,57:299
0.08222182	22.189	13.648	-246.686	-255.226	-41.017	-27.369	0.86	-0.13	0.89	5	100	473	4.416	0	339:385,340:384,341:383,342:382,343:381
0.08293957	22.018	11.087	-124.682	-135.613	-42.234	-31.147	0.97	-0.04	0.95	5	100	473	4.416	0	313:385,314:384,315:383,316:382,317:381
0.08561118	21.393	10.98	-94.189	-104.602	-33.681	-22.7	0.96	-0.04	0.95	4	100	473	4.416	0	193:383,194:382,195:381,196:380
0.08657814	21.209	17.103	-116.319	-120.425	-23.895	-6.792	0.98	-0.01	0.98	4	100	473	4.416	0	210:430,211:429,212:428,213:427
0.08707658	21.103	12.509	-90.994	-99.588	-30.849	-18.34	0.99	-0.02	0.99	4	100	473	4.416	0	118:326,119:325,120:324,121:323
0.0876747	20.994	14.448	-142.728	-149.273	-35.702	-21.254	0.98	-0.05	0.97	4	100	473	4.416	0	429:440,430:439,431:438,432:437
0.08807345	20.922	9.478	-170.213	-181.658	-26.837	-17.359	0.98	0.04	0.93	4	100	473	4.416	0	51:296,52:295,53:294,54:293
0.08907032	20.686	7.382	-189.665	-202.968	-19.268	-11.885	0.96	0	0.92	4	100	473	4.416	0	52:275,53:274,54:273,55:272
0.09037622	20.418	11.432	-60.641	-69.627	-33.025	-21.592	1	0	1	4	100	473	4.416	0	116:204,117:203,118:202,119:201
0.09037622	20.419	16.863	-103.731	-107.286	-29.12	-12.257	0.99	-0.01	0.99	4	100	473	4.416	0	212:334,213:333,214:332,215:331
0.09271886	19.946	6.621	-69.424	-82.749	-25.491	-18.87	0.99	-0.01	0.99	4	100	473	4.416	0	204:234,205:233,206:232,207:231
0.09290827	19.904	10.981	-134.841	-143.763	-36.301	-25.32	0.98	-0.03	0.97	4	100	473	4.416	0	86:433,87:432,88:431,89:430
0.09377554	19.741	9.67	-83.934	-94.006	-32.268	-22.598	0.96	-0.07	0.96	4	100	473	4.416	0	307:365,308:364,309:363,310:362
0.09383536	19.724	8.246	-118.327	-129.804	-24.087	-15.841	0.9	-0.13	0.93	4	100	473	4.416	0	199:279,200:278,201:277,202:276
0.09402476	19.68	18.332	-292.232	-293.58	-41.579	-23.246	0.98	0.17	0.88	6	100	473	4.416	0	213:359,214:358,215:357,216:356,217:355,218:354
0.09549016	19.395	6.451	-115.37	-128.315	-16.616	-10.165	0.98	-0.02	0.97	4	100	473	4.416	0	227:244,228:243,229:242,230:241
0.09587894	19.32	6.655	-84.714	-97.379	-33.476	-26.821	0.96	-0.08	0.95	4	100	473	4.416	0	316:365,317:364,318:363,319:362
0.09663656	19.174	5.573	-202.216	-215.817	-35.459	-29.886	0.98	0.13	0.89	4	100	473	4.416	0	55:420,56:419,57:418,58:417
0.09965708	18.576	0.21	-84.926	-103.292	-29.86	-29.651	1	0.04	0.98	4	100	473	4.416	0	267:281,268:280,269:279,270:278
0.09984648	18.541	7.897	-128.487	-139.131	-35.512	-27.615	0.98	-0.02	0.97	4	100	473	4.416	0	86:245,87:244,88:243,89:242
0.100624	18.408	11.242	-87.09	-94.256	-23.566	-12.324	1	0.01	0.99	4	100	473	4.416	0	115:213,116:212,117:211,118:210
0.1008533	18.354	6.91	-164.43	-175.873	-26.714	-19.804	0.98	0.06	0.94	4	100	473	4.416	0	51:422,52:421,53:420,54:419
0.1020695	18.125	10.527	-87.844	-95.442	-30.037	-19.51	0.99	-0.01	0.99	4	100	473	4.416	0	191:215,192:214,193:213,194:212
0.1024782	18.06	16.595	-170.176	-171.641	-26.095	-9.5	0.97	0	0.93	4	100	473	4.416	0	88:352,89:351,90:350,91:349
0.1038938	17.752	7.293	-87.062	-97.52	-30.456	-23.163	0.99	0	0.98	4	100	473	4.416	0	324:369,325:368,326:367,327:366
0.1069641	17.153	12.56	-119.197	-123.79	-16.338	-3.778	1	0.03	0.97	4	100	473	4.416	0	196:213,197:212,198:211,199:210

