0.00000998	66.797	11.29	-67.57	-123.078	-2.457	8.832	1	0	1	7	100	500	3.856	0	246:448,247:447,248:446,249:445,250:444,251:443,252:442
0.00003991	56.801	12.792	-236.073	-280.082	5.397	18.189	0.87	0.02	0.95	7	100	500	3.856	0	231:353,232:352,233:351,234:350,235:349,236:348,237:347
0.00015965	50.61	10.998	-205.516	-245.127	-11.313	-0.315	0.99	0.05	0.95	7	100	500	3.856	0	247:269,248:268,249:267,250:266,251:265,252:264,253:263
0.00016963	50.244	12.669	-92.59	-130.164	5.487	18.157	1	0	0.99	6	100	500	3.856	0	228:347,229:346,230:345,231:344,232:343,233:342
0.00033925	47.508	9.167	-52.242	-90.582	-4.62	4.547	1	0	1	5	100	500	3.856	0	236:251,237:250,238:249,239:248,240:247
0.00046897	46.536	10.449	-59.456	-95.543	4.906	15.355	0.99	-0.01	0.99	5	100	500	3.856	0	311:324,312:323,313:322,314:321,315:320
0.00048892	46.05	10.825	-77.462	-112.687	0.65	11.474	0.99	-0.02	0.98	5	100	500	3.856	0	185:444,186:443,187:442,188:441,189:440
0.00087807	41.855	7.513	-140.841	-175.183	-3.795	3.719	0.99	0	0.97	6	100	500	3.856	0	181:352,182:351,183:350,184:349,185:348,186:347
0.00101776	40.494	5.956	-178.087	-212.625	4.565	10.521	1	0.1	0.95	5	100	500	3.856	0	307:353,308:352,309:351,310:350,311:349
0.00109759	39.987	8.967	-62.87	-93.89	-3.773	5.194	0.98	-0.04	0.98	4	100	500	3.856	0	184:274,185:273,186:272,187:271
0.00115745	39.707	6.494	-65.32	-98.534	-4.62	1.874	1	0	0.99	5	100	500	3.856	0	247:345,248:344,249:343,250:342,251:341
0.00246458	35.383	8.933	-75.347	-101.797	3.325	12.257	0.99	0	0.99	4	100	500	3.856	0	242:276,243:275,244:274,245:273
0.00330273	33.586	8.933	-67.969	-92.623	3.325	12.257	1	0	0.99	4	100	500	3.856	0	242:345,243:344,244:343,245:342
0.00333267	33.524	5.575	-40.248	-68.197	-0.773	4.802	1	0	1	4	100	500	3.856	0	246:348,247:347,248:346,249:345
0.00367192	33.01	6.746	-67.271	-93.535	-4.615	2.13	1	0	0.99	4	100	500	3.856	0	142:272,143:271,144:270,145:269
0.0045001	31.336	5.284	-131.442	-157.494	-1.537	3.747	1	0.02	0.98	6	100	500	3.856	0	248:317,249:316,250:315,251:314,252:313,253:312
0.00507883	30.529	7.947	-73.79	-96.373	3.325	11.272	0.99	0	0.99	4	100	500	3.856	0	295:350,296:349,297:348,298:347
0.00516863	30.409	4.585	-45.813	-71.637	-0.773	3.811	1	0	1	4	100	500	3.856	0	249:349,250:348,251:347,252:346
0.0055478	29.894	7.283	-78.77	-101.381	3.564	10.847	1	-0.01	1	5	100	500	3.856	0	338:351,339:350,340:349,341:348,342:347
0.00559768	29.789	8.613	-68.764	-89.94	3.325	11.937	0.99	-0.02	0.99	4	100	500	3.856	0	235:343,236:342,237:341,238:340
0.00596687	29.217	7.635	-62.999	-84.581	4.325	11.96	0.99	0	0.99	4	100	500	3.856	0	172:347,173:346,174:345,175:344
0.00640591	28.703	5.779	-80.879	-103.802	-7.044	-1.264	1	0.01	0.98	4	100	500	3.856	0	247:405,248:404,249:403,250:402
0.00772301	27.3	8.515	-72.984	-91.769	2.653	11.169	0.99	-0.02	0.99	4	100	500	3.856	0	271:351,272:350,273:349,274:348
0.00791259	27.074	10.062	-137.135	-154.147	5.817	15.878	0.99	0.01	0.97	6	100	500	3.856	0	124:138,125:137,126:136,127:135,128:134,129:133
0.00806226	26.917	6.183	-72.157	-92.89	-2.377	3.806	1	0	1	5	100	500	3.856	0	246:444,247:443,248:442,249:441,250:440
0.0080922	26.867	9.513	-168.975	-186.328	4.235	13.749	0.98	0.01	0.96	5	100	500	3.856	0	228:454,229:453,230:452,231:451,232:450
0.0084115	26.649	10.379	-162.947	-179.216	-3.214	7.166	0.98	-0.03	0.98	7	100	500	3.856	0	183:342,184:341,185:340,186:339,187:338,188:337,189:336
0.00899022	26.087	4.695	-47.856	-69.248	4.655	9.349	1	0	1	4	100	500	3.856	0	306:447,307:446,308:445,309:444
0.00926961	25.866	6.228	-77.041	-96.679	3.325	9.553	0.99	-0.02	0.98	4	100	500	3.856	0	187:246,188:245,189:244,190:243
0.00950908	25.655	10.872	-100.324	-115.107	2.324	13.196	0.99	0.04	0.96	4	100	500	3.856	0	281:299,282:298,283:297,284:296
0.00976851	25.388	5.119	-77.198	-97.467	0.811	5.93	0.99	0	0.98	4	100	500	3.856	0	319:402,320:401,321:400,322:399
0.00986829	25.292	6.951	-111.907	-130.248	-3.71	3.241	0.99	-0.01	0.99	6	100	500	3.856	0	247:276,248:275,249:274,250:273,251:272,252:271
0.01001796	25.191	4.904	-93.861	-114.147	4.655	9.559	1	0.04	0.97	4	100	500	3.856	0	321:374,322:373,323:372,324:371
0.01006785	25.127	4.77	-56.026	-76.383	-2.443	2.327	1	0	1	4	100	500	3.856	0	143:443,144:442,145:441,146:440
0.01067651	24.643	6.853	-211.06	-228.85	1.721	8.574	0.82	0.03	0.94	5	100	500	3.856	0	243:353,244:352,245:351,246:350,247:349
0.01092596	24.499	6.048	-129.298	-147.75	-5.286	0.761	0.98	0.02	0.96	4	100	500	3.856	0	142:408,143:407,144:406,145:405
0.01111555	24.37	6.497	-79.598	-97.471	0.137	6.634	1	-0.01	1	5	100	500	3.856	0	245:322,246:321,247:320,248:319,249:318
0.01239274	23.409	4.904	-84.036	-102.541	4.655	9.559	1	0.03	0.98	4	100	500	3.856	0	311:374,312:373,313:372,314:371
0.01256236	23.252	7.72	-68.706	-84.238	2.741	10.461	1	0	0.99	4	100	500	3.856	0	310:438,311:437,312:436,313:435
0.01328078	22.709	7.526	-159.983	-175.167	5.236	12.761	0.99	0.03	0.96	5	100	500	3.856	0	171:453,172:452,173:451,174:450,175:449
0.01340052	22.633	7.262	-280.183	-295.553	5.236	12.498	0.98	0.07	0.92	5	100	500	3.856	0	219:231,220:230,221:229,222:228,223:227
0.01353023	22.551	11.351	-361.025	-372.225	8.07	19.42	0.91	-0.11	0.94	7	100	500	3.856	0	135:231,136:230,137:229,138:228,139:227,140:226,141:225
0.01370984	22.407	3.796	-68.869	-87.48	-4.286	-0.49	0.99	-0.01	0.98	4	100	500	3.856	0	194:232,195:231,196:230,197:229
0.01460786	21.708	10.872	-110.116	-120.953	2.324	13.196	0.99	0.01	0.97	4	100	500	3.856	0	271:299,272:298,273:297,274:296
0.01540611	21.27	6.746	-90.031	-104.556	-4.615	2.13	0.98	-0.02	0.98	4	100	500	3.856	0	142:320,143:319,144:318,145:317
0.01605468	20.728	4.892	-86.599	-102.434	3.651	8.544	0.99	0	0.99	5	100	500	3.856	0	144:310,145:309,146:308,147:307,148:306
0.01655358	20.331	5.072	-197.736	-212.995	3.313	8.385	0.99	0.07	0.94	4	100	500	3.856	0	319:396,320:395,321:394,322:393
0.01790062	19.631	5.579	-72.771	-86.822	-0.773	4.806	1	0	0.99	4	100	500	3.856	0	246:273,247:272,248:271,249:270
0.01876871	19.132	3.873	-197.736	-212.995	-1.115	2.758	0.99	0.07	0.94	4	100	500	3.856	0	245:396,246:395,247:394,248:393
0.01879864	19.113	5.468	-64.915	-78.559	-1.772	3.696	0.99	0	0.99	4	100	500	3.856	0	143:293,144:292,145:291,146:290
0.01879864	19.113	5.557	-125.056	-138.612	3.07	8.628	1	0.06	0.96	4	100	500	3.856	0	370:438,371:437,372:436,373:435
0.02015566	18.403	8.967	-78.609	-88.045	-3.773	5.194	0.97	-0.05	0.97	4	100	500	3.856	0	184:284,185:283,186:282,187:281
0.02057474	18.113	4.875	-228.204	-241.443	2.399	7.274	0.99	0.11	0.93	4	100	500	3.856	0	394:438,395:437,396:436,397:435
0.02092397	17.9	8.753	-78.298	-87.444	2.07	10.823	1	0	0.99	4	100	500	3.856	0	320:438,321:437,322:436,323:435
0.02144283	17.64	3.284	-67.926	-82.282	0.227	3.512	0.99	-0.01	0.99	4	100	500	3.856	0	249:295,250:294,251:293,252:292
0.02261026	16.944	4.679	-206.725	-218.99	4.655	9.333	0.98	0.06	0.94	4	100	500	3.856	0	312:397,313:396,314:395,315:394
0.02337857	16.531	5.993	-118.032	-128.571	5.236	11.228	0.99	0.02	0.98	5	100	500	3.856	0	241:294,242:293,243:292,244:291,245:290
0.02366793	16.389	6.967	-89.526	-98.948	4.325	11.292	0.99	-0.01	0.98	4	100	500	3.856	0	136:232,137:231,138:230,139:229
0.02366793	16.385	7.296	-283.629	-292.718	5.236	12.532	0.98	0.09	0.92	5	100	500	3.856	0	171:223,172:222,173:221,174:220,175:219
0.02371782	16.372	6.624	-235.241	-244.989	3.654	10.278	0.98	0.1	0.92	4	100	500	3.856	0	220:232,221:231,222:230,223:229
0.0239074	16.281	5.041	-113.519	-124.759	-6.458	-1.417	0.98	-0.03	0.97	4	100	500	3.856	0	181:403,182:402,183:401,184:400
0.02419677	16.147	3.01	-66.713	-79.85	-1.701	1.309	0.99	-0.02	0.99	4	100	500	3.856	0	181:323,182:322,183:321,184:320
0.02497505	15.707	8.024	-103.938	-111.62	2.653	10.678	0.99	0.01	0.97	4	100	500	3.856	0	296:341,297:340,298:339,299:338
0.02526442	15.592	7.296	-112.522	-120.819	5.236	12.532	0.99	0	0.98	5	100	500	3.856	0	171:272,172:271,173:270,174:269,175:268
0.02542407	15.497	4.783	-161.895	-172.609	-2.035	2.748	0.97	-0.05	0.96	5	100	500	3.856	0	245:402,246:401,247:400,248:399,249:398
0.02547396	15.472	8.076	-223.997	-231.393	3.325	11.401	0.76	-0.02	0.93	4	100	500	3.856	0	283:352,284:351,285:350,286:349
0.02585312	15.244	7.063	-91.33	-99.511	4.325	11.388	0.99	-0.01	0.98	4	100	500	3.856	0	171:346,172:345,173:344,174:343
0.02666135	15.002	7.526	-170.527	-178.003	5.236	12.761	0.99	0.02	0.96	5	100	500	3.856	0	227:453,228:452,229:451,230:450,231:449
0.02682099	14.92	2.888	-89.075	-101.108	3.654	6.542	1	0.01	0.99	4	100	500	3.856	0	231:246,232:245,233:244,234:243
0.02686091	14.882	4.77	-85.026	-95.137	-2.443	2.327	0.99	-0.01	0.99	4	100	500	3.856	0	143:339,144:338,145:337,146:336
0.027729	14.504	5.438	-145.18	-154.246	2.983	8.421	0.99	0.03	0.96	4	100	500	3.856	0	229:408,230:407,231:406,232:405
0.02811814	14.305	6.931	-153.893	-161.267	3.654	10.586	0.98	0.02	0.95	4	100	500	3.856	0	172:454,173:453,174:452,175:451
0.02930553	13.793	6.136	-92.374	-100.032	3.654	9.79	0.99	0	0.99	4	100	500	3.856	0	229:272,230:271,231:270,232:269
0.03054281	13.317	4.77	-86.645	-95.192	-2.443	2.327	0.99	-0.01	0.99	4	100	500	3.856	0	143:383,144:382,145:381,146:380
0.03224905	12.644	8.104	-108.04	-112.58	2.653	10.757	0.98	-0.04	0.97	4	100	500	3.856	0	186:383,187:382,188:381,189:380
0.03355618	12.118	6.567	-103.325	-108.876	-2.03	4.536	0.98	-0.03	0.98	4	100	500	3.856	0	140:384,141:383,142:382,143:381
0.03384554	12.003	6.088	-86.397	-92.312	3.654	9.743	0.99	-0.02	0.99	4	100	500	3.856	0	334:351,335:350,336:349,337:348
0.03402514	11.93	5.139	-88.675	-95.466	2.983	8.122	1	0	0.99	4	100	500	3.856	0	230:443,231:442,232:441,233:440
0.03438435	11.748	7.063	-91.553	-96.238	4.325	11.388	0.99	-0.02	0.99	4	100	500	3.856	0	227:346,228:345,229:344,230:343
0.03447416	11.674	6.197	-79.803	-85.28	-3.444	2.754	0.98	-0.04	0.98	4	100	500	3.856	0	184:291,185:290,186:289,187:288
0.03546198	11.316	6.136	-105.872	-111.052	3.654	9.79	0.98	-0.02	0.98	4	100	500	3.856	0	229:320,230:319,231:318,232:317
0.03557174	11.256	3.739	-704.095	-711.612	6.566	10.305	0.78	-0.14	0.81	5	100	500	3.856	0	223:308,224:307,225:306,226:305,227:304
0.03617043	11.058	6.835	-89.77	-93.993	3.654	10.489	0.99	-0.01	0.99	4	100	500	3.856	0	293:342,294:341,295:340,296:339
0.03739773	10.626	5.139	-84.933	-90.42	2.983	8.122	1	0	0.99	4	100	500	3.856	0	242:443,243:442,244:441,245:440
0.03743764	10.612	3.51	-77.781	-84.883	4.655	8.164	1	0	0.99	4	100	500	3.856	0	231:310,232:309,233:308,234:307
0.03818599	10.315	7.853	-95.987	-98.449	4.325	12.178	0.98	-0.02	0.98	4	100	500	3.856	0	174:314,175:313,176:312,177:311
0.03855518	10.172	10.8	-170.467	-169.838	6.488	17.288	0.98	-0.02	0.97	6	100	500	3.856	0	227:333,228:332,229:331,230:330,231:329,232:328
0.03857513	10.16	3.494	-86.089	-92.755	-2.958	0.536	1	0.01	0.99	4	100	500	3.856	0	247:383,248:382,249:381,250:380
0.03932349	9.926	5.533	-365.765	-370.157	5.326	10.859	0.84	-0.21	0.88	4	100	500	3.856	0	226:376,227:375,228:374,229:373
0.03956296	9.839	7.296	-121.112	-123.654	5.236	12.532	0.99	-0.02	0.98	5	100	500	3.856	0	227:272,228:271,229:270,230:269,231:268
0.03987228	9.706	7.269	-232.784	-235.221	3.654	10.923	0.86	-0.12	0.92	4	100	500	3.856	0	222:231,223:230,224:229,225:228
0.04123927	9.259	11.847	-392.713	-390.125	8.07	19.916	0.91	-0.11	0.93	7	100	500	3.856	0	226:336,227:335,228:334,229:333,230:332,231:331,232:330
0.04252644	8.808	6.136	-175.868	-178.54	3.654	9.79	0.98	0.11	0.91	4	100	500	3.856	0	171:277,172:276,173:275,174:274
0.04308521	8.591	3.378	-71.627	-76.841	3.984	7.361	1	0	1	4	100	500	3.856	0	243:310,244:309,245:308,246:307
0.04339453	8.522	3.278	-175.912	-181.156	5.655	8.934	0.95	-0.03	0.92	4	100	500	3.856	0	418:440,419:439,420:438,421:437
0.04343444	8.512	9.457	-187.695	-186.75	-1.559	7.898	0.99	0.01	0.98	8	100	500	3.856	0	246:294,247:293,248:292,249:291,250:290,251:289,252:288,253:287
0.04429256	8.278	5.837	-95.201	-97.642	3.654	9.491	0.99	-0.01	0.98	4	100	500	3.856	0	230:293,231:292,232:291,233:290
0.04521054	7.998	7.728	-272.213	-272.483	5.563	13.291	0.99	0.08	0.94	6	100	500	3.856	0	353:440,354:439,355:438,356:437,357:436,358:435
0.04553981	7.887	4.651	-112.523	-115.76	-2.047	2.603	1	0.02	0.99	5	100	500	3.856	0	246:340,247:339,248:338,249:337,250:336
0.04679705	7.557	3.596	-82.914	-86.875	3.984	7.58	0.99	0	0.99	4	100	500	3.856	0	173:443,174:442,175:441,176:440
0.0469567	7.528	7.635	-86.1	-85.992	4.325	11.96	0.99	0	0.98	4	100	500	3.856	0	124:347,125:346,126:345,127:344
0.04697665	7.518	6.136	-173.885	-175.267	3.654	9.79	0.98	0.08	0.92	4	100	500	3.856	0	227:277,228:276,229:275,230:274
0.04705648	7.499	5.61	-269.782	-271.67	3.984	9.594	0.98	0.11	0.9	4	100	500	3.856	0	393:456,394:455,395:454,396:453
0.04765516	7.283	7.635	-93.063	-92.711	4.325	11.96	0.99	0.01	0.98	4	100	500	3.856	0	124:271,125:270,126:269,127:268
0.04781481	7.239	9.27	-149.562	-147.531	7.489	16.759	0.99	-0.01	0.98	6	100	500	3.856	0	170:336,171:335,172:334,173:333,174:332,175:331
0.04787468	7.215	6.967	-442.788	-443.037	4.325	11.292	0.72	-0.29	0.84	4	100	500	3.856	0	223:232,224:231,225:230,226:229
0.0484534	7.017	11.038	-160.028	-156.008	6.488	17.526	0.98	-0.03	0.98	6	100	500	3.856	0	173:325,174:324,175:323,176:322,177:321,178:320
0.05173618	6.006	6.63	-104.794	-104.17	4.325	10.955	0.99	-0.01	0.98	4	100	500	3.856	0	123:294,124:293,125:292,126:291
0.05196568	5.948	5.895	-182.917	-182.97	3.894	9.788	0.99	0.03	0.96	5	100	500	3.856	0	171:408,172:407,173:406,174:405,175:404
0.05269407	5.742	5.895	-185.959	-185.805	3.894	9.788	0.99	0.03	0.96	5	100	500	3.856	0	227:408,228:407,229:406,230:405,231:404
0.05331271	5.558	10.449	-181.704	-176.813	4.906	15.355	0.98	0.11	0.92	5	100	500	3.856	0	311:458,312:457,313:456,314:455,315:454
0.05374177	5.393	8.224	-136.389	-133.559	5.907	14.13	0.98	-0.01	0.97	5	100	500	3.856	0	171:333,172:332,173:331,174:330,175:329
0.05384155	5.36	5.728	-128.194	-127.826	4.565	10.292	0.99	0	0.98	5	100	500	3.856	0	229:384,230:383,231:382,232:381,233:380
0.05750349	4.195	7.063	-108.885	-106.018	4.325	11.388	0.98	-0.01	0.98	4	100	500	3.856	0	229:335,230:334,231:333,232:332
0.05763321	4.16	5.658	-427.758	-426.26	3.894	9.552	0.79	-0.03	0.85	5	100	500	3.856	0	349:395,350:394,351:393,352:392,353:391
0.0576831	4.154	5.493	-150.889	-149.55	6.236	11.73	0.99	0.01	0.97	5	100	500	3.856	0	173:375,174:374,175:373,176:372,177:371
0.05789264	4.108	6.096	-175.529	-173.54	-4.376	1.72	0.97	-0.03	0.96	5	100	500	3.856	0	140:408,141:407,142:406,143:405,144:404
0.05826182	4.007	4.113	-98.179	-98.073	4.655	8.768	0.98	-0.02	0.98	4	100	500	3.856	0	188:309,189:308,190:307,191:306
0.05863101	3.91	3.596	-105.316	-105.63	3.984	7.58	0.99	0.01	0.98	4	100	500	3.856	0	173:339,174:338,175:337,176:336
0.05934943	3.721	3.614	-83.582	-83.689	-1.115	2.499	1	0	0.99	4	100	500	3.856	0	249:341,250:340,251:339,252:338
0.06027739	3.508	4.908	-161.304	-159.904	3.654	8.562	0.98	0	0.96	4	100	500	3.856	0	121:352,122:351,123:350,124:349
0.06064658	3.367	2.207	-109.441	-110.601	-8.474	-6.267	0.98	-0.03	0.98	5	100	500	3.856	0	181:253,182:252,183:251,184:250,185:249
0.06064658	3.368	9.584	-275.536	-269.32	4.235	13.819	0.97	0.03	0.92	5	100	500	3.856	0	287:300,288:299,289:298,290:297,291:296
0.06137498	3.171	8.15	-175.963	-170.984	-3.038	5.112	0.98	-0.02	0.98	6	100	500	3.856	0	247:451,248:450,249:449,250:448,251:447,252:446
0.06232289	2.913	7.537	-134.702	-130.078	3.654	11.191	0.98	0.02	0.96	4	100	500	3.856	0	319:456,320:455,321:454,322:453
0.06323089	2.672	5.52	-133.718	-130.869	-1.447	4.073	0.99	-0.01	0.98	5	100	500	3.856	0	249:439,250:438,251:437,252:436,253:435
0.06347037	2.595	10.849	-183.42	-175.167	3.234	14.083	0.8	-0.1	0.94	5	100	500	3.856	0	280:352,281:351,282:350,283:349,284:348
0.06353023	2.579	4.538	-132.46	-130.501	2.983	7.521	0.98	0.01	0.96	4	100	500	3.856	0	243:289,244:288,245:287,246:286
0.06395929	2.45	8.158	-155.654	-149.946	-0.866	7.292	0.99	-0.03	0.98	6	100	500	3.856	0	175:253,176:252,177:251,178:250,179:249,180:248
0.06476751	2.203	5.441	-325.228	-321.99	5.326	10.767	0.8	-0.1	0.88	4	100	500	3.856	0	114:417,115:416,116:415,117:414
0.06534624	2.072	4.082	-241.069	-239.059	1.14	5.222	0.96	-0.02	0.93	4	100	500	3.856	0	393:402,394:401,395:400,396:399
0.06638396	1.737	7.853	-81.458	-75.343	4.325	12.178	0.99	-0.01	0.99	4	100	500	3.856	0	133:314,134:313,135:312,136:311
0.06660347	1.684	5.139	-117.675	-114.22	2.983	8.122	0.99	0	0.98	4	100	500	3.856	0	230:339,231:338,232:337,233:336
0.06712233	1.546	3.53	-98.941	-96.957	3.642	7.172	1	0.02	0.98	4	100	500	3.856	0	306:339,307:338,308:337,309:336
0.06732189	1.463	7.52	-137.265	-131.209	5.236	12.756	0.98	-0.01	0.97	5	100	500	3.856	0	171:331,172:330,173:329,174:328,175:327
0.06756136	1.38	6.746	-243.859	-238.493	-4.615	2.13	0.86	-0.14	0.92	4	100	500	3.856	0	142:223,143:222,144:221,145:220
0.07071443	0.619	9.605	-246.241	-237.255	-3.124	6.482	0.97	-0.04	0.96	6	100	500	3.856	0	140:409,141:408,142:407,143:406,144:405,145:404
0.07260028	0.141	6.593	-175.456	-169.005	4.565	11.157	0.98	0	0.96	5	100	500	3.856	0	171:320,172:319,173:318,174:317,175:316
0.07264019	0.134	6.493	-153.193	-146.835	0.137	6.63	0.99	0.02	0.97	5	100	500	3.856	0	245:456,246:455,247:454,248:453,249:452
0.07272999	0.116	5.064	-115.084	-110.136	4.655	9.719	0.98	-0.02	0.98	4	100	500	3.856	0	293:440,294:439,295:438,296:437
0.07346837	-0.084	6.593	-178.517	-171.841	4.565	11.157	0.98	0	0.97	5	100	500	3.856	0	227:320,228:319,229:318,230:317,231:316
0.07455598	-0.382	3.596	-109.662	-105.684	3.984	7.58	0.99	0	0.98	4	100	500	3.856	0	173:383,174:382,175:381,176:380
0.07499501	-0.479	3.07	-293.6	-290.052	5.655	8.725	0.95	0.01	0.9	4	100	500	3.856	0	371:398,372:397,373:396,374:395
0.0751347	-0.522	5.478	-203.588	-197.588	4.894	10.372	0.99	0.03	0.96	5	100	500	3.856	0	305:452,306:451,307:450,308:449,309:448
0.07569347	-0.695	7.52	-142.259	-134.044	5.236	12.756	0.98	-0.02	0.98	5	100	500	3.856	0	227:331,228:330,229:329,230:328,231:327
0.07580323	-0.744	9.385	-199.037	-188.909	-6.29	3.095	0.97	-0.03	0.96	5	100	500	3.856	0	140:407,141:406,142:405,143:404,144:403
0.07588306	-0.767	10.622	-225.964	-214.575	4.235	14.857	0.93	-0.09	0.92	5	100	500	3.856	0	216:290,217:289,218:288,219:287,220:286
0.07768908	-1.184	5.139	-115.552	-109.229	2.983	8.122	0.99	-0.01	0.98	4	100	500	3.856	0	242:383,243:382,244:381,245:380
0.077729	-1.194	3.53	-82.927	-78.203	3.642	7.172	1	0	0.99	4	100	500	3.856	0	306:443,307:442,308:441,309:440
0.07777889	-1.212	7.001	-138.07	-129.857	5.236	12.236	0.97	-0.04	0.97	5	100	500	3.856	0	286:314,287:313,288:312,289:311,290:310
0.07938535	-1.644	8.698	-256.943	-246.601	-4.034	4.664	0.97	0.01	0.93	5	100	500	3.856	0	181:300,182:299,183:298,184:297,185:296
0.07974456	-1.745	7.188	-143.709	-134.775	4.325	11.514	0.98	-0.01	0.97	4	100	500	3.856	0	112:221,113:220,114:219,115:218
0.08093195	-2.043	0.431	-252.919	-250.445	4.313	4.744	0.98	0.06	0.92	4	100	500	3.856	0	287:397,288:396,289:395,290:394
0.08106166	-2.084	8.567	-529.886	-519.236	6.817	15.384	0.81	-0.21	0.88	6	100	500	3.856	0	170:227,171:226,172:225,173:224,174:223,175:222
0.08110158	-2.091	9.323	-194.116	-182.702	-0.192	9.131	0.97	-0.03	0.95	5	100	500	3.856	0	286:404,287:403,288:402,289:401,290:400
0.08140092	-2.179	6.365	-126.85	-118.305	3.654	10.019	0.98	-0.02	0.97	4	100	500	3.856	0	171:384,172:383,173:382,174:381
0.08267811	-2.492	9.562	-107.976	-95.923	3.325	12.886	0.98	-0.03	0.98	4	100	500	3.856	0	55:443,56:442,57:441,58:440
0.08530233	-3.155	7.853	-160.885	-149.878	4.325	12.178	0.99	0.14	0.9	4	100	500	3.856	0	321:458,322:457,323:456,324:455
0.0855019	-3.221	5.295	-159.968	-151.452	4.565	9.859	0.99	0.01	0.97	5	100	500	3.856	0	241:340,242:339,243:338,244:337,245:336
0.08650968	-3.483	6.931	-173.093	-162.678	3.654	10.586	0.98	0.03	0.95	4	100	500	3.856	0	124:454,125:453,126:452,127:451
0.09029136	-4.397	6.093	-126.954	-116.464	1.069	7.162	0.97	-0.06	0.97	4	100	500	3.856	0	144:289,145:288,146:287,147:286
0.09043105	-4.424	2.239	-127.012	-120.349	6.566	8.805	0.98	-0.02	0.98	5	100	500	3.856	0	306:375,307:374,308:373,309:372,310:371
0.09044103	-4.43	6.864	-228.848	-217.554	0.467	7.331	0.98	0.03	0.95	5	100	500	3.856	0	305:406,306:405,307:404,308:403,309:402
0.09049092	-4.448	9.639	-201.51	-187.423	4.235	13.874	0.98	0.02	0.95	5	100	500	3.856	0	124:452,125:451,126:450,127:449,128:448
0.09055079	-4.462	4.067	-337.059	-328.53	3.984	8.051	0.85	-0.17	0.89	4	100	500	3.856	0	226:340,227:339,228:338,229:337
0.09143883	-4.67	6.233	-165.174	-154.271	2.983	9.216	0.99	0.05	0.95	4	100	500	3.856	0	124:407,125:406,126:405,127:404
0.09243664	-4.92	4.067	-122.393	-113.406	3.984	8.051	0.99	0	0.98	4	100	500	3.856	0	170:340,171:339,172:338,173:337
0.09301537	-5.049	4.29	-109.49	-100.151	3.984	8.274	0.98	-0.02	0.98	4	100	500	3.856	0	339:440,340:439,341:438,342:437
0.09333466	-5.129	12.127	-304.38	-287.124	6.398	18.525	0.97	0	0.95	7	100	500	3.856	0	106:445,107:444,108:443,109:442,110:441,111:440,112:439
0.09415286	-5.345	6.28	-104.733	-93.107	3.654	9.934	0.99	0	0.98	4	100	500	3.856	0	57:341,58:340,59:339,60:338
0.09499102	-5.548	5.413	-125.676	-114.715	1.812	7.224	0.98	-0.03	0.98	4	100	500	3.856	0	139:340,140:339,141:338,142:337
0.09545999	-5.676	6.365	-127.073	-115.032	3.654	10.019	0.98	-0.03	0.98	4	100	500	3.856	0	227:384,228:383,229:382,230:381
0.09567951	-5.728	1.249	-240.825	-233.848	-1.371	-0.123	0.97	0.03	0.93	4	100	500	3.856	0	181:397,182:396,183:395,184:394
0.0962283	-5.835	5.454	-197.445	-186.156	4.655	10.109	0.98	0.03	0.94	4	100	500	3.856	0	111:140,112:139,113:138,114:137
0.09677709	-5.956	6.025	-254.524	-242.543	-6.202	-0.177	0.65	-0.19	0.9	4	100	500	3.856	0	263:352,264:351,265:350,266:349
0.09883257	-6.456	7.625	-153.394	-139.313	2.653	10.278	0.98	-0.02	0.97	4	100	500	3.856	0	106:274,107:273,108:272,109:271
0.09921173	-6.542	8.875	-177.619	-162.202	-4.705	4.17	0.97	-0.04	0.96	5	100	500	3.856	0	105:186,106:185,107:184,108:183,109:182
0.1028038	-7.426	4.585	-177.639	-165.629	-0.773	3.811	0.99	0.2	0.88	4	100	500	3.856	0	249:258,250:257,251:256,252:255
0.1031231	-7.495	2.497	-193.994	-184.003	-1.615	0.881	0.96	-0.05	0.94	4	100	500	3.856	0	247:399,248:398,249:397,250:396
0.1056077	-8.157	7.228	-143.182	-127.797	4.565	11.793	0.98	-0.03	0.98	5	100	500	3.856	0	112:240,113:239,114:238,115:237,116:236
0.1065656	-8.4	5.672	-194.5	-180.428	2.07	7.742	0.99	0.19	0.89	4	100	500	3.856	0	435:457,436:456,437:455,438:454
0.1066653	-8.428	5.496	-144.969	-131.045	3.651	9.147	0.99	-0.02	0.98	5	100	500	3.856	0	266:309,267:308,268:307,269:306,270:305
0.1078527	-8.697	7.783	-156.107	-139.627	-5.616	2.167	0.98	0.07	0.92	4	100	500	3.856	0	183:259,184:258,185:257,186:256
0.1092696	-9.027	7.853	-103.829	-86.949	4.325	12.178	0.98	-0.03	0.98	4	100	500	3.856	0	133:324,134:323,135:322,136:321
0.1103472	-9.245	4.229	-179.586	-166.112	5.565	9.794	0.99	0	0.97	5	100	500	3.856	0	218:309,219:308,220:307,221:306,222:305
0.1106566	-9.318	4.964	-119	-104.718	-10.973	-6.009	0.97	-0.06	0.97	5	100	500	3.856	0	140:197,141:196,142:195,143:194,144:193
0.1123229	-9.7	4.137	-131.09	-117.253	4.655	8.792	0.98	-0.02	0.97	4	100	500	3.856	0	112:325,113:324,114:323,115:322
0.1128817	-9.815	4.679	-264.263	-249.769	4.655	9.333	0.97	0.03	0.93	4	100	500	3.856	0	175:397,176:396,177:395,178:394
0.1157753	-10.546	4.904	-128.342	-112.892	4.655	9.559	0.99	0.03	0.96	4	100	500	3.856	0	133:374,134:373,135:372,136:371
0.116344	-10.687	5.454	-420.379	-404.238	4.655	10.109	0.83	-0.18	0.85	4	100	500	3.856	0	111:227,112:226,113:225,114:224
0.1183496	-11.111	7.647	-165.402	-146.645	-0.773	6.874	0.98	-0.02	0.96	4	100	500	3.856	0	112:405,113:404,114:403,115:402
0.118649	-11.188	9.891	-168.573	-147.494	-3.38	6.511	0.98	-0.03	0.98	6	100	500	3.856	0	178:253,179:252,180:251,181:250,182:249,183:248
0.1198763	-11.468	4.634	-191.922	-175.821	4.655	9.289	0.99	0.19	0.89	4	100	500	3.856	0	371:458,372:457,373:456,374:455
0.1198863	-11.47	5.281	-387.831	-371.081	7.237	12.518	0.95	0.05	0.87	5	100	500	3.856	0	353:421,354:420,355:419,356:418,357:417
0.1207943	-11.675	3.534	-235.845	-220.635	4.894	8.429	0.98	0.06	0.93	5	100	500	3.856	0	273:309,274:308,275:307,276:306,277:305
0.1239373	-12.414	7.744	-158.171	-138.013	2.653	10.397	0.99	0.1	0.93	4	100	500	3.856	0	256:342,257:341,258:340,259:339
0.124077	-12.452	8.813	-234.783	-213.518	3.325	12.138	0.71	-0.16	0.92	4	100	500	3.856	0	187:353,188:352,189:351,190:350
0.1244063	-12.507	6.931	-266.097	-246.658	3.654	10.586	0.86	-0.11	0.91	4	100	500	3.856	0	124:225,125:224,126:223,127:222
0.1248653	-12.603	8.981	-153.295	-131.711	2.653	11.634	0.99	0.09	0.93	4	100	500	3.856	0	256:350,257:349,258:348,259:347
0.1255837	-12.772	-0.724	-382.053	-370.006	3.813	3.089	0.94	0.11	0.83	4	100	500	3.856	0	306:424,307:423,308:422,309:421

