0	65.761	32.133	-190.824	-224.452	-58.11	-25.976	1	0.06	0.96	8	100	530	0.375	0	428:450,429:449,430:448,431:447,432:446,433:445,434:444,435:443
0.00000996	52.051	24.472	-79.521	-107.1	-55.439	-30.967	1	0.03	0.98	7	100	530	0.375	0	109:200,110:199,111:198,112:197,113:196,114:195,115:194
0.00011951	40.659	34.299	-57.783	-64.143	-55.867	-21.568	1	0	0.99	7	100	530	0.375	0	262:284,263:283,264:282,265:281,266:280,267:279,268:278
0.00018923	39.196	25.219	-18.988	-32.965	-45.257	-20.039	1	0	1	6	100	530	0.375	0	126:141,127:140,128:139,129:138,130:137,131:136
0.00027886	38.441	22.108	-25.672	-42.005	-47.658	-25.549	1	0	1	6	100	530	0.375	0	17:393,18:392,19:391,20:390,21:389,22:388
0.00053781	36.52	23.754	-15.874	-28.64	-39.948	-16.195	1	0	1	5	100	530	0.375	0	16:99,17:98,18:97,19:96,20:95
0.00076687	34.957	20.217	-28.281	-43.021	-48.238	-28.021	1	0	1	6	100	530	0.375	0	16:270,17:269,18:268,19:267,20:266,21:265
0.00097602	33.941	21.175	-15.874	-28.64	-41.544	-20.368	1	0	1	5	100	530	0.375	0	136:375,137:374,138:373,139:372,140:371
0.00098598	33.866	13.599	-67.727	-87.994	-35.246	-21.647	1	0.04	0.98	4	100	530	0.375	0	108:419,109:418,110:417,111:416
0.00200183	31.193	16.08	-28.621	-43.734	-49.67	-33.59	1	0.01	1	6	100	530	0.375	0	137:462,138:461,139:460,140:459,141:458,142:457
0.0022807	30.742	16.847	-32.898	-46.794	-40.81	-23.963	1	0.01	1	5	100	530	0.375	0	194:214,195:213,196:212,197:211,198:210
0.00246992	30.503	17.355	-10.151	-23.299	-28.822	-11.466	1	0	1	4	100	530	0.375	0	129:210,130:209,131:208,132:207
0.00246992	30.481	16.356	-22.056	-36.181	-45.244	-28.889	1	0	1	5	100	530	0.375	0	136:150,137:149,138:148,139:147,140:146
0.00275874	30.082	13.512	-24.697	-41.266	-55.819	-42.307	1	0.01	1	6	100	530	0.375	0	75:376,76:375,77:374,78:373,79:372,80:371
0.00285834	29.899	17.133	-15.874	-28.64	-38.684	-21.552	1	0	1	5	100	530	0.375	0	265:392,266:391,267:390,268:389,269:388
0.00299777	29.695	16.548	-10.151	-23.299	-34.583	-18.035	1	0	1	4	100	530	0.375	0	206:215,207:214,208:213,209:212
0.00389411	28.804	18.154	-24.451	-35.1	-37.831	-19.676	1	0	1	4	100	530	0.375	0	148:418,149:417,150:416,151:415
0.00467094	28.162	17.512	-24.451	-35.1	-32.835	-15.322	1	0	1	4	100	530	0.375	0	373:418,374:417,375:416,376:415
0.00474066	28.11	14.963	-10.151	-23.299	-33.241	-18.278	1	0	1	4	100	530	0.375	0	207:292,208:291,209:290,210:289
0.0050992	27.809	9.156	-70.222	-88.874	-56.781	-47.625	1	0.02	0.99	6	100	530	0.375	0	83:111,84:110,85:109,86:108,87:107,88:106
0.00543781	27.68	14.915	-15.874	-28.64	-41.788	-26.873	1	0	1	5	100	530	0.375	0	105:141,106:140,107:139,108:138,109:137
0.00586607	27.404	18.617	-13.529	-22.316	-32.493	-13.875	1	0	1	4	100	530	0.375	0	95:391,96:390,97:389,98:388
0.00603538	27.315	15.477	-25.556	-37.394	-44.686	-29.209	1	0	1	5	100	530	0.375	0	14:109,15:108,16:107,17:106,18:105
0.00682217	26.838	22.662	-35.11	-39.286	-56.006	-33.345	1	0	1	7	100	530	0.375	0	484:513,485:512,486:511,487:510,488:509,489:508,490:507
0.00726038	26.571	14.097	-27.088	-39.561	-44.439	-30.341	1	0	1	5	100	530	0.375	0	84:208,85:207,86:206,87:205,88:204
0.0078679	26.193	13.046	-10.151	-23.299	-34.015	-20.969	1	0	1	4	100	530	0.375	0	85:477,86:476,87:475,88:474
0.00802725	26.118	12.971	-10.151	-23.299	-34.033	-21.062	1	0	1	4	100	530	0.375	0	97:494,98:493,99:492,100:491
0.00802725	26.118	12.971	-10.151	-23.299	-34.033	-21.062	1	0	1	4	100	530	0.375	0	129:494,130:493,131:492,132:491
0.00806709	26.091	13.231	-20.367	-33.227	-33.972	-20.741	1	0	1	4	100	530	0.375	0	303:375,304:374,305:373,306:372
0.0081866	26.035	29.041	-66.807	-63.801	-67.428	-38.388	1	0	1	8	100	530	0.375	0	94:213,95:212,96:211,97:210,98:209,99:208,100:207,101:206
0.00843558	25.914	10.859	-62.153	-77.208	-39.028	-28.169	1	0.03	0.98	4	100	530	0.375	0	108:215,109:214,110:213,111:212
0.00922237	25.578	13.172	-21.712	-34.117	-35.838	-22.665	1	0	1	4	100	530	0.375	0	105:418,106:417,107:416,108:415
0.0094614	25.486	17.804	-20.52	-28.202	-28.822	-11.017	1	0	1	4	100	530	0.375	0	97:283,98:282,99:281,100:280
0.0094614	25.486	17.804	-20.52	-28.202	-28.822	-11.017	1	0	1	4	100	530	0.375	0	129:283,130:282,131:281,132:280
0.0096805	25.412	13.602	-37.673	-49.483	-48.344	-34.743	1	0.01	0.99	5	100	530	0.375	0	75:501,76:500,77:499,78:498,79:497
0.00994941	25.258	12.285	-16.628	-29.6	-39.556	-27.27	1	0.01	1	4	100	530	0.375	0	75:151,76:150,77:149,78:148
0.0110549	24.785	15.998	-13.529	-22.316	-28.492	-12.494	1	0	1	4	100	530	0.375	0	193:267,194:266,195:265,196:264
0.01231974	24.305	8.39	-9.383	-25.298	-36.942	-28.552	1	0	1	4	100	530	0.375	0	78:376,79:375,80:374,81:373
0.01385348	23.802	15.397	-19.252	-27.657	-37.209	-21.812	1	0	1	5	100	530	0.375	0	96:133,97:132,98:131,99:130,100:129
0.01492909	23.469	15.787	-20.52	-28.202	-34.033	-18.246	1	0	1	4	100	530	0.375	0	136:478,137:477,138:476,139:475
0.0151482	23.409	14.622	-13.529	-22.316	-29.638	-15.016	1	0	1	4	100	530	0.375	0	96:512,97:511,98:510,99:509
0.01516811	23.398	10.944	-16.764	-29.218	-31.344	-20.4	1	0	1	4	100	530	0.375	0	97:479,98:478,99:477,100:476
0.01516811	23.398	10.944	-16.764	-29.218	-31.344	-20.4	1	0	1	4	100	530	0.375	0	129:479,130:478,131:477,132:476
0.01526771	23.364	16.084	-32.532	-39.812	-45.058	-28.973	0.99	-0.01	0.99	5	100	530	0.375	0	75:287,76:286,77:285,78:284,79:283
0.01570592	23.271	16.799	-60.032	-66.504	-65.078	-48.28	1	0	1	8	100	530	0.375	0	93:204,94:203,95:202,96:201,97:200,98:199,99:198,100:197
0.01574576	23.258	14.021	-26.539	-35.776	-43.91	-29.889	0.99	-0.04	0.98	5	100	530	0.375	0	312:323,313:322,314:321,315:320,316:319
0.01598478	23.2	12.657	-24.447	-34.99	-34.844	-22.187	1	0.01	1	4	100	530	0.375	0	377:476,378:475,379:474,380:473
0.01663214	23.024	12.575	-19.752	-30.201	-32.313	-19.738	1	0	1	4	100	530	0.375	0	372:480,373:479,374:478,375:477
0.01679149	22.998	14.593	-19.252	-27.657	-41.182	-26.589	1	0	1	5	100	530	0.375	0	96:293,97:292,98:291,99:290,100:289
0.01692096	22.958	7.043	-9.383	-25.298	-41.938	-34.895	1	0	1	4	100	530	0.375	0	78:151,79:150,80:149,81:148
0.01744881	22.82	13.422	-98.876	-108.274	-42.15	-28.728	1	0.04	0.97	5	100	530	0.375	0	382:447,383:446,384:445,385:444,386:443
0.01812605	22.645	14.963	-20.52	-28.202	-33.241	-18.278	1	0	1	4	100	530	0.375	0	280:292,281:291,282:290,283:289
0.01922158	22.361	9.173	-66.925	-80.112	-34.805	-25.632	1	0.04	0.98	4	100	530	0.375	0	34:113,35:112,36:111,37:110
0.01997849	22.191	12.505	-17.532	-27.219	-30.771	-18.266	1	0	1	4	100	530	0.375	0	264:286,265:285,266:284,267:283
0.02032707	22.11	8.962	-10.151	-23.299	-38.452	-29.49	1	0	1	4	100	530	0.375	0	289:494,290:493,291:492,292:491
0.02157199	21.772	14.578	-16.138	-23.332	-30.309	-15.731	1	0	1	4	100	530	0.375	0	264:375,265:374,266:373,267:372
0.02160186	21.762	12.806	-28.309	-37.265	-30.586	-17.78	1	0.01	0.99	4	100	530	0.375	0	129:200,130:199,131:198,132:197
0.02184089	21.716	15.651	-61.494	-67.559	-29.638	-13.987	1	0.05	0.96	4	100	530	0.375	0	46:99,47:98,48:97,49:96
0.02335471	21.361	13.316	-25.089	-33.134	-29.163	-15.848	1	0	1	4	100	530	0.375	0	96:419,97:418,98:417,99:416
0.02403195	21.226	15.457	-140.025	-145.794	-55.392	-39.935	1	0.04	0.97	7	100	530	0.375	0	84:450,85:449,86:448,87:447,88:446,89:445,90:444
0.02469923	21.099	18.046	-36.773	-39.825	-48.045	-29.999	1	0	1	6	100	530	0.375	0	126:333,127:332,128:331,129:330,130:329,131:328
0.02569516	20.891	5.358	-15.106	-30.639	-48.547	-43.188	1	0	1	5	100	530	0.375	0	77:109,78:108,79:107,80:106,81:105
0.02708947	20.608	11.821	-13.529	-22.316	-32.123	-20.302	1	0	1	4	100	530	0.375	0	254:268,255:267,256:266,257:265
0.02719903	20.577	13.383	-16.138	-23.332	-35.675	-22.292	1	0	1	4	100	530	0.375	0	85:374,86:373,87:372,88:371
0.02772687	20.496	11.721	-13.512	-22.287	-33.409	-21.688	0.99	-0.04	0.98	4	100	530	0.375	0	219:241,220:240,221:239,222:238
0.02790614	20.46	11.672	-13.529	-22.316	-32.263	-20.591	1	0	1	4	100	530	0.375	0	85:198,86:197,87:196,88:195
0.02880249	20.311	13.117	-16.138	-23.332	-33.582	-20.465	1	0	1	4	100	530	0.375	0	129:292,130:291,131:290,132:289
0.02911123	20.27	10.758	-24.009	-33.521	-36.508	-25.75	1	0.01	0.99	4	100	530	0.375	0	34:79,35:78,36:77,37:76
0.02971875	20.162	11.606	-23.336	-31.892	-35.793	-24.187	1	0	1	4	100	530	0.375	0	104:139,105:138,106:137,107:136
0.02979842	20.152	6.175	-18.988	-32.965	-52.796	-46.622	1	0	1	6	100	530	0.375	0	26:380,27:379,28:378,29:377,30:376,31:375
0.03055533	20.029	10.343	-17.532	-27.219	-34.691	-24.348	1	0	1	4	100	530	0.375	0	34:72,35:71,36:70,37:69
0.03279619	19.617	8.025	-14.034	-25.625	-39.016	-30.99	1	0	1	5	100	530	0.375	0	94:302,95:301,96:300,97:299,98:298
0.03283603	19.608	19.221	-45.531	-45.918	-43.492	-24.271	0.99	-0.01	0.99	5	100	530	0.375	0	386:446,387:445,388:444,389:443,390:442
0.03300534	19.568	10.521	-22.795	-31.843	-39.388	-28.867	1	0	1	4	100	530	0.375	0	105:497,106:496,107:495,108:494
0.03339375	19.503	9.967	-36.275	-45.811	-39.922	-29.955	1	0.01	1	5	100	530	0.375	0	208:270,209:269,210:268,211:267,212:266
0.03358298	19.466	8.087	-34.537	-45.916	-47.513	-39.426	1	0.01	1	6	100	530	0.375	0	197:271,198:270,199:269,200:268,201:267,202:266
0.03374233	19.431	13.813	-26.308	-31.926	-39.142	-25.329	1	-0.01	1	5	100	530	0.375	0	74:130,75:129,76:128,77:127,78:126
0.03403115	19.389	6.935	-16.764	-29.218	-35.762	-28.827	1	0	1	4	100	530	0.375	0	289:479,290:478,291:477,292:476
0.03425026	19.34	11.658	-20.52	-28.202	-35.337	-23.679	1	0	1	4	100	530	0.375	0	40:478,41:477,42:476,43:475
0.03457892	19.273	17.683	-21.589	-23.18	-28.822	-11.139	1	0	1	4	100	530	0.375	0	207:266,208:265,209:264,210:263
0.03457892	19.272	10.458	-35.27	-44.084	-45.907	-35.449	1	0	1	5	100	530	0.375	0	104:331,105:330,106:329,107:328,108:327
0.03596327	19.057	13.037	-14.297	-20.316	-28.638	-15.601	1	0	1	4	100	530	0.375	0	125:267,126:266,127:265,128:264
0.03636164	18.991	8.611	-10.92	-21.299	-29.807	-21.196	1	0	1	4	100	530	0.375	0	194:350,195:349,196:348,197:347
0.03650108	18.976	10.422	-22.319	-30.873	-34.491	-24.069	1	0	1	4	100	530	0.375	0	147:267,148:266,149:265,150:264
0.03821409	18.751	9.528	-37.176	-46.399	-35.383	-25.855	1	0.01	0.99	4	100	530	0.375	0	34:280,35:279,36:278,37:277
0.03874193	18.673	11.479	-16.138	-23.332	-33.34	-21.861	1	0	1	4	100	530	0.375	0	84:393,85:392,86:391,87:390
0.03913035	18.608	8.228	-10.92	-21.299	-31.673	-23.445	1	0	1	4	100	530	0.375	0	195:278,196:277,197:276,198:275
0.040196	18.462	10.43	-95.95	-103.983	-32.615	-22.185	1	0.06	0.97	4	100	530	0.375	0	212:447,213:446,214:445,215:444
0.04028563	18.445	9.658	-13.529	-22.316	-35.618	-25.96	1	0	1	4	100	530	0.375	0	136:297,137:296,138:295,139:294
0.04030555	18.437	8.057	-10.92	-21.299	-34.578	-26.521	1	0	1	4	100	530	0.375	0	24:380,25:379,26:378,27:377
0.04035535	18.426	13.999	-16.906	-21.333	-33.074	-19.075	1	0	1	4	100	530	0.375	0	94:114,95:113,96:112,97:111
0.04094295	18.351	10.669	-20.52	-28.202	-38.777	-28.107	1	0	1	4	100	530	0.375	0	105:367,106:366,107:365,108:364
0.04109234	18.334	9.722	-20.005	-28.617	-37.563	-27.841	1	0.01	1	4	100	530	0.375	0	75:108,76:107,77:106,78:105
0.04181938	18.225	14.879	-26.273	-29.62	-40.551	-25.672	1	0	1	5	100	530	0.375	0	301:490,302:489,303:488,304:487,305:486
0.04367182	17.967	9.18	-13.529	-22.316	-30.083	-20.903	1	0	1	4	100	530	0.375	0	130:488,131:487,132:486,133:485
0.04434906	17.866	16.546	-33.174	-34.495	-31.895	-15.349	0.99	-0.01	0.99	4	100	530	0.375	0	67:284,68:283,69:282,70:281
0.04470759	17.815	7.266	-25.7	-36.249	-33.916	-26.65	1	0.01	0.99	4	100	530	0.375	0	197:298,198:297,199:296,200:295
0.04471755	17.809	4.954	-21.365	-34.22	-38.496	-33.542	1	0	1	4	100	530	0.375	0	77:207,78:206,79:205,80:204
0.04476735	17.805	13.378	-16.906	-21.333	-32.44	-19.062	1	0	1	4	100	530	0.375	0	95:217,96:216,97:215,98:214
0.04516572	17.756	9.205	-21.038	-29.589	-39.14	-29.935	1	0.01	1	5	100	530	0.375	0	123:438,124:437,125:436,126:435,127:434
0.04581308	17.68	11.456	-23.986	-30.21	-33.518	-22.062	1	0	1	4	100	530	0.375	0	134:525,135:524,136:523,137:522
0.04582304	17.677	15.988	-120.862	-122.55	-35.289	-19.3	1	0.04	0.97	5	100	530	0.375	0	137:449,138:448,139:447,140:446,141:445
0.04582304	17.676	11.716	-32.753	-38.712	-45.578	-33.862	1	0.01	1	5	100	530	0.375	0	386:413,387:412,388:411,389:410,390:409
0.04630109	17.609	9.082	-19.511	-28.037	-33.387	-24.305	1	0	1	4	100	530	0.375	0	84:486,85:485,86:484,87:483
0.04669947	17.564	8.607	-28.309	-37.265	-35.004	-26.397	1	0.01	0.99	4	100	530	0.375	0	197:292,198:291,199:290,200:289
0.0476954	17.445	3.087	-13.265	-27.624	-42.308	-39.221	1	0	1	5	100	530	0.375	0	300:380,301:379,302:378,303:377,304:376
0.04804398	17.395	12.752	-27.577	-32.221	-32.136	-19.384	1	0	1	4	100	530	0.375	0	137:207,138:206,139:205,140:204
0.04804398	17.395	14.088	-30.013	-33.32	-31.646	-17.558	1	0	0.99	4	100	530	0.375	0	387:446,388:445,389:444,390:443
0.04807386	17.391	7.272	-16.901	-27.021	-33.469	-26.197	1	0	1	4	100	530	0.375	0	88:486,89:485,90:484,91:483
0.04825313	17.358	8.571	-13.529	-22.316	-32.405	-23.834	1	0	1	4	100	530	0.375	0	290:488,291:487,292:486,293:485
0.04980679	17.167	11.101	-61.494	-67.559	-31.904	-20.803	1	0.05	0.96	4	100	530	0.375	0	46:270,47:269,48:268,49:267
0.04993626	17.153	4.769	-21.597	-33.982	-53.567	-48.799	1	0	1	6	100	530	0.375	0	79:99,80:98,81:97,82:96,83:95,84:94
0.05022508	17.101	6.721	-10.92	-21.299	-35.544	-28.823	1	0	1	4	100	530	0.375	0	294:331,295:330,296:329,297:328
0.05072305	17.057	8.299	-32.01	-40.768	-38.154	-29.854	1	0	1	4	100	530	0.375	0	147:306,148:305,149:304,150:303
0.05104175	17.017	15.288	-26.506	-28.235	-35.648	-20.36	1	0	1	4	100	530	0.375	0	34:139,35:138,36:137,37:136
0.0511513	16.989	22.325	-65.162	-59.826	-42.379	-20.053	0.99	-0.02	0.99	5	100	530	0.375	0	16:361,17:360,18:359,19:358,20:357
0.05121106	16.976	8.189	-13.529	-22.316	-31.904	-23.715	1	0	1	4	100	530	0.375	0	267:512,268:511,269:510,270:509
0.05142021	16.94	21.776	-39.587	-34.751	-52.862	-31.085	1	-0.01	1	6	100	530	0.375	0	262:495,263:494,264:493,265:492,266:491,267:490
0.05162935	16.915	8.362	-22.319	-30.873	-38.441	-30.08	1	0	1	4	100	530	0.375	0	85:149,86:148,87:147,88:146
0.05162935	16.913	6.015	-20.646	-31.544	-37.902	-31.886	1	0	1	5	100	530	0.375	0	139:482,140:481,141:480,142:479,143:478
0.05278464	16.761	13.045	-37.259	-40.974	-35.034	-21.989	1	-0.01	1	4	100	530	0.375	0	14:207,15:206,16:205,17:204
0.05280456	16.758	7.971	-13.529	-22.316	-36.214	-28.243	1	0	1	4	100	530	0.375	0	94:254,95:253,96:252,97:251
0.05291411	16.742	11.914	-36.201	-41.029	-32.055	-20.141	1	0	1	4	100	530	0.375	0	414:525,415:524,416:523,417:522
0.05294399	16.736	12.195	-67.658	-72.198	-48.418	-36.223	1	0.01	0.99	6	100	530	0.375	0	195:364,196:363,197:362,198:361,199:360,200:359
0.05442793	16.563	7.667	-101.865	-110.76	-30.997	-23.329	1	0.07	0.97	4	100	530	0.375	0	348:447,349:446,350:445,351:444
0.05496574	16.48	10.842	-20.02	-25.658	-40.837	-29.995	1	0	1	5	100	530	0.375	0	94:124,95:123,96:122,97:121,98:120
0.05639989	16.309	5.93	-10.92	-21.299	-37.289	-31.36	1	0	1	4	100	530	0.375	0	29:366,30:365,31:364,32:363
0.057107	16.23	13.893	-34.896	-37.232	-31.1	-17.207	0.99	-0.01	0.99	4	100	530	0.375	0	198:488,199:487,200:486,201:485
0.05717672	16.225	3.459	-15.874	-28.64	-45.042	-41.583	1	0	1	5	100	530	0.375	0	79:270,80:269,81:268,82:267,83:266
0.05719664	16.22	9.129	-30.394	-37.485	-31.105	-21.976	1	0.01	1	4	100	530	0.375	0	139:526,140:525,141:524,142:523
0.05982591	15.921	11.733	-38.354	-42.542	-32.483	-20.75	1	0	0.99	4	100	530	0.375	0	68:200,69:199,70:198,71:197
0.06131982	15.744	6.554	-27.812	-37.002	-48.821	-42.267	1	0	1	6	100	530	0.375	0	129:415,130:414,131:413,132:412,133:411,134:410
0.06146921	15.716	11.863	-23.72	-27.573	-31.929	-20.066	1	-0.01	1	4	100	530	0.375	0	137:443,138:442,139:441,140:440
0.06171819	15.687	6.9	-13.529	-22.316	-35.682	-28.782	1	0	1	4	100	530	0.375	0	70:97,71:96,72:95,73:94
0.06201697	15.652	12.327	-37.245	-40.57	-45.967	-33.64	1	0	0.99	5	100	530	0.375	0	369:383,370:382,371:381,372:380,373:379
0.06254482	15.598	12.912	-35.449	-38.135	-36.26	-23.347	0.99	-0.01	0.99	4	100	530	0.375	0	67:498,68:497,69:496,70:495
0.06386941	15.45	17.707	-48.211	-45.954	-52.58	-34.873	1	-0.01	1	6	100	530	0.375	0	391:514,392:513,393:512,394:511,395:510,396:509
0.06403872	15.431	11.416	-28.286	-32.302	-37.506	-26.091	1	0	1	4	100	530	0.375	0	386:395,387:394,388:393,389:392
0.06418811	15.412	8.981	-27.584	-34.015	-51.996	-43.016	1	0	1	6	100	530	0.375	0	83:99,84:98,85:97,86:96,87:95,88:94
0.06545295	15.269	2.175	-22.697	-35.79	-33.996	-31.821	1	0.02	0.99	4	100	530	0.375	0	457:484,458:483,459:482,460:481
0.06578161	15.226	4.289	-25.993	-36.929	-52.936	-48.647	1	0.01	1	6	100	530	0.375	0	27:383,28:382,29:381,30:380,31:379,32:378
0.06604055	15.191	9.583	-38.202	-43.81	-41.068	-31.485	1	0	1	5	100	530	0.375	0	69:526,70:525,71:524,72:523,73:522
0.06628954	15.167	18.318	-30.69	-27.538	-35.618	-17.3	1	0	1	5	100	530	0.375	0	128:267,129:266,130:265,131:264,132:263
0.06694686	15.09	9.351	-26.567	-32.306	-34.095	-24.744	1	-0.01	0.99	4	100	530	0.375	0	73:486,74:485,75:484,76:483
0.06729543	15.06	12.634	-26.183	-28.608	-32.988	-20.353	1	-0.01	1	4	100	530	0.375	0	67:142,68:141,69:140,70:139
0.06851048	14.928	6.883	-25.089	-33.134	-31.43	-24.547	1	0	1	4	100	530	0.375	0	267:419,268:418,269:417,270:416
0.06866983	14.91	7.952	-23.647	-30.605	-39.319	-31.367	1	0.01	1	5	100	530	0.375	0	139:438,140:437,141:436,142:435,143:434
0.06875946	14.898	15.53	-23.927	-23.295	-32.415	-16.885	1	0	1	4	100	530	0.375	0	135:489,136:488,137:487,138:486
0.06875946	14.899	15.586	-29.323	-28.636	-44.27	-28.684	1	0	1	5	100	530	0.375	0	40:375,41:374,42:373,43:372,44:371
0.07014381	14.76	5.57	-27.812	-37.002	-52.789	-47.219	1	0	1	6	100	530	0.375	0	289:415,290:414,291:413,292:412,293:411,294:410
0.07160784	14.602	8.509	-29.418	-35.511	-33.911	-25.401	1	0	0.99	4	100	530	0.375	0	67:480,68:479,69:478,70:477
0.07238467	14.523	4.785	-22.625	-32.362	-42.435	-37.65	1	0	1	5	100	530	0.375	0	376:510,377:509,378:508,379:507,380:506
0.07249422	14.509	5.953	-23.336	-31.892	-37.097	-31.144	1	0	1	4	100	530	0.375	0	40:107,41:106,42:105,43:104
0.0725241	14.506	10.079	-16.906	-21.333	-31.122	-21.043	1	0	1	4	100	530	0.375	0	141:267,142:266,143:265,144:264
0.07286272	14.471	7.365	-26.714	-33.82	-37.524	-30.159	1	0.01	0.99	4	100	530	0.375	0	145:382,146:381,147:380,148:379
0.07305195	14.454	10.048	-23.194	-27.601	-35.166	-25.118	1	-0.01	1	4	100	530	0.375	0	76:144,77:143,78:142,79:141
0.07381882	14.376	9.949	-16.906	-21.333	-31.423	-21.474	1	0	1	4	100	530	0.375	0	94:140,95:139,96:138,97:137
0.07442634	14.316	5.529	-13.529	-22.316	-36.922	-31.393	1	0	1	4	100	530	0.375	0	40:297,41:296,42:295,43:294
0.07460561	14.304	7.522	-23.589	-30.372	-36.058	-28.536	1	0	1	4	100	530	0.375	0	20:215,21:214,22:213,23:212
0.07473508	14.289	7.139	-28.378	-35.529	-32.357	-25.219	1	0.01	0.99	4	100	530	0.375	0	74:525,75:524,76:523,77:522
0.07541232	14.213	10.714	-26.587	-30.086	-34.321	-23.607	1	0	1	4	100	530	0.375	0	14:97,15:96,16:95,17:94
0.07599992	14.16	7.852	-37.717	-44.026	-39.662	-31.811	1	0.02	0.99	5	100	530	0.375	0	408:436,409:435,410:434,411:433,412:432
0.07619911	14.134	15.884	-47.627	-45.877	-35.81	-19.926	0.99	-0.01	0.99	4	100	530	0.375	0	203:476,204:475,205:474,206:473
0.07648793	14.11	14.967	-49.515	-48.658	-37.279	-22.312	0.99	-0.02	0.99	4	100	530	0.375	0	415:501,416:500,417:499,418:498
0.07845988	13.91	7.821	-23.129	-29.218	-28.909	-21.088	1	0	1	4	100	530	0.375	0	389:481,390:480,391:479,392:478
0.07850968	13.902	6.455	-28.082	-35.53	-43.421	-36.966	1	0	1	5	100	530	0.375	0	25:205,26:204,27:203,28:202,29:201
0.08024261	13.748	12.874	-58.985	-59.859	-45.473	-32.599	1	0	0.99	5	100	530	0.375	0	83:361,84:360,85:359,86:358,87:357
0.08082025	13.694	11.815	-106.046	-107.925	-48.432	-36.617	0.99	0.02	0.98	6	100	530	0.375	0	110:454,111:453,112:452,113:451,114:450,115:449
0.08091985	13.68	9.679	-22.352	-26.352	-37.633	-27.954	1	0	1	4	100	530	0.375	0	386:412,387:411,388:410,389:409
0.08112899	13.656	9.229	-16.906	-21.333	-31.933	-22.704	1	0	1	4	100	530	0.375	0	85:130,86:129,87:128,88:127
0.08158712	13.614	6.002	-11.688	-19.3	-28.399	-22.397	1	0	1	4	100	530	0.375	0	89:130,90:129,91:128,92:127
0.08165684	13.608	15.632	-38.273	-36.249	-31.347	-15.715	0.99	-0.01	0.99	4	100	530	0.375	0	136:199,137:198,138:197,139:196
0.08185603	13.581	7.89	-36.204	-41.895	-34.937	-27.047	1	0.01	0.99	4	100	530	0.375	0	38:525,39:524,40:523,41:522
0.08200542	13.561	4.236	-33.579	-42.904	-53.082	-48.846	1	0	1	6	100	530	0.375	0	201:380,202:379,203:378,204:377,205:376,206:375
0.08293164	13.475	14.864	-42.861	-41.472	-37.041	-22.176	1	0.01	0.99	5	100	530	0.375	0	196:267,197:266,198:265,199:264,200:263
0.08363875	13.409	10.575	-19.515	-22.349	-32.945	-22.369	1	0	1	4	100	530	0.375	0	96:215,97:214,98:213,99:212
0.08431599	13.341	2.961	-10.92	-21.299	-30.152	-27.192	1	0	1	4	100	530	0.375	0	266:301,267:300,268:299,269:298
0.08445542	13.333	6.92	-31.459	-37.873	-38.041	-31.121	1	0	1	4	100	530	0.375	0	376:502,377:501,378:500,379:499
0.08558083	13.223	8.591	-26.596	-31.228	-31.826	-23.234	1	0	1	4	100	530	0.375	0	128:306,129:305,130:304,131:303
0.08617839	13.167	9.846	-23.897	-27.219	-36.158	-26.313	1	0	1	4	100	530	0.375	0	34:256,35:255,36:254,37:253
0.08641742	13.149	9.622	-33.588	-37.114	-34.512	-24.89	1	-0.01	1	4	100	530	0.375	0	303:478,304:477,305:476,306:475
0.08720421	13.071	9.338	-23.519	-27.252	-32.464	-23.126	1	0	1	4	100	530	0.375	0	34:267,35:266,36:265,37:264
0.08915624	12.887	8.256	-26.595	-31.226	-34.376	-26.12	1	0	1	4	100	530	0.375	0	251:525,252:524,253:523,254:522
0.08988328	12.831	11.624	-58.21	-59.417	-31.593	-19.969	1	0	0.99	4	100	530	0.375	0	358:419,359:418,360:417,361:416
0.09126763	12.713	3.088	-93.341	-102.966	-29.733	-26.645	1	0.06	0.97	4	100	530	0.375	0	296:447,297:446,298:445,299:444
0.09147677	12.687	9.465	-33.247	-36.469	-31.695	-22.23	1	0	1	4	100	530	0.375	0	123:526,124:525,125:524,126:523
0.09151661	12.683	8.256	-16.906	-21.333	-31.944	-23.689	1	0	1	4	100	530	0.375	0	120:269,121:268,122:267,123:266
0.09261214	12.593	13.499	-30.164	-29.258	-34.575	-21.077	1	0	0.99	4	100	530	0.375	0	39:489,40:488,41:487,42:486
0.09306031	12.557	4.267	-27.02	-35.31	-39.439	-35.172	1	0.01	0.99	5	100	530	0.375	0	434:485,435:484,436:483,437:482,438:481
0.09351844	12.511	3.724	-13.529	-22.316	-32.579	-28.854	1	0	1	4	100	530	0.375	0	362:378,363:377,364:376,365:375
0.09369771	12.495	13.509	-29.65	-28.637	-41.194	-27.685	1	0	1	5	100	530	0.375	0	82:489,83:488,84:487,85:486,86:485
0.09420564	12.45	7.354	-45.015	-50.112	-44.315	-36.961	1	0	0.99	5	100	530	0.375	0	76:526,77:525,78:524,79:523,80:522
0.09506215	12.382	2.676	-27.856	-37.562	-41.041	-38.365	1	0	1	5	100	530	0.375	0	201:378,202:377,203:376,204:375,205:374
0.0954406	12.354	8.158	-26.713	-30.909	-32.609	-24.451	1	0	1	4	100	530	0.375	0	104:267,105:266,106:265,107:264
0.09583898	12.325	7.694	-26.595	-31.226	-33.211	-25.517	1	0	1	4	100	530	0.375	0	81:525,82:524,83:523,84:522
0.09661581	12.274	15.011	-51.415	-48.677	-53.926	-38.914	1	0	0.99	6	100	530	0.375	0	41:462,42:461,43:460,44:459,45:458,46:457
0.09780097	12.177	12.128	-37.824	-37.873	-36.068	-23.94	1	-0.01	1	4	100	530	0.375	0	136:500,137:499,138:498,139:497
0.09805992	12.161	8.864	-35.92	-39.216	-43.902	-35.038	1	0	0.99	5	100	530	0.375	0	84:444,85:443,86:442,87:441,88:440
0.1026412	11.769	7.342	-16.906	-21.333	-32.434	-25.092	1	0	1	4	100	530	0.375	0	264:297,265:296,266:295,267:294
0.1027309	11.759	4.946	-21.861	-28.673	-42.454	-37.508	1	0	1	5	100	530	0.375	0	83:270,84:269,85:268,86:267,87:266

