0	75.694	7.518	-187.084	-255.26	2.39	9.908	0.98	0.44	0.75	6	75	71	2.721	0	12:32,13:31,14:30,15:29,16:28,17:27
0.00003998	44.612	11.112	-294.711	-328.211	6.488	17.6	0.95	0.49	0.66	6	75	71	2.721	0	41:59,42:58,43:57,44:56,45:55,46:54
0.01853296	7.028	1.477	-128.064	-133.615	-8.977	-7.499	0.99	0	0.96	6	75	71	2.721	0	4:25,5:24,6:23,7:22,8:21,9:20
0.06327596	-3.667	5.379	-153.856	-144.811	0.545	5.924	0.82	-0.12	0.89	7	75	71	2.721	0	7:65,8:64,9:63,10:62,11:61,12:60,13:59
0.08708691	-7.426	7.082	-130.979	-116.471	1.74	8.823	0.95	-0.09	0.95	4	75	71	2.721	0	23:42,24:41,25:40,26:39
0.09760291	-8.892	1.463	-97.807	-87.452	-6.712	-5.249	0.97	-0.05	0.97	4	75	71	2.721	0	7:24,8:23,9:22,10:21
0.1088686	-10.319	4.802	-110.471	-95.349	4.655	9.457	0.96	0.12	0.86	4	75	71	2.721	0	10:27,11:26,12:25,13:24
0.1783422	-18.171	0.333	-153.071	-134.567	-0.944	-0.612	0.89	-0.12	0.88	4	75	71	2.721	0	4:20,5:19,6:18,7:17
0.255263	-25.945	3.071	-225.128	-196.113	1.138	4.208	0.96	0.17	0.81	5	75	71	2.721	0	28:39,29:38,30:37,31:36,32:35
0.2913093	-29.337	-2.331	-183.764	-156.757	3.142	0.811	0.98	0.22	0.84	4	75	71	2.721	0	32:62,33:61,34:60,35:59
0.3063036	-30.786	1.039	-185.3	-153.475	0.967	2.006	0.84	-0.09	0.87	5	75	71	2.721	0	17:64,18:63,19:62,20:61,21:60
0.3354925	-33.427	4.416	-304.373	-266.53	4.655	9.071	0.73	-0.33	0.65	4	75	71	2.721	0	35:46,36:45,37:44,38:43
0.4075251	-40.338	7.802	-284.588	-236.448	4.565	12.367	0.82	-0.25	0.79	5	75	71	2.721	0	24:48,25:47,26:46,27:45,28:44
0.4306763	-42.584	4.847	-306.436	-259.005	3.984	8.831	0.74	-0.29	0.71	4	75	71	2.721	0	33:47,34:46,35:45,36:44
0.4390732	-43.393	2.052	-234.273	-188.828	5.224	7.275	0.96	0.17	0.82	5	75	71	2.721	0	24:35,25:34,26:33,27:32,28:31
0.4562566	-45.105	6.451	-219.521	-167.965	0.808	7.259	0.87	-0.15	0.82	5	75	71	2.721	0	26:44,27:43,28:42,29:41,30:40
0.4766289	-47.329	-0.996	-225.16	-178.827	-3.98	-4.977	0.88	-0.13	0.92	7	75	71	2.721	0	21:65,22:64,23:63,24:62,25:61,26:60,27:59
0.5181331	-52.138	2.636	-168.816	-114.042	3.142	5.777	0.91	-0.1	0.84	4	75	71	2.721	0	26:67,27:66,28:65,29:64
0.544673	-55.651	2.993	-207.676	-149.033	1.899	4.892	0.71	-0.2	0.88	4	75	71	2.721	0	15:63,16:62,17:61,18:60
0.6134369	-66.844	1.87	-189.444	-120.73	-4.871	-3.001	0.93	0	0.86	4	75	71	2.721	0	3:31,4:30,5:29,6:28
0.7333413	-99.11	11.578	-510.443	-399.755	7.374	18.953	0.81	-0.13	0.78	10	75	71	2.721	0	27:60,28:59,29:58,30:57,31:56,32:55,33:54,34:53,35:52,36:51
0.7349907	-99.677	2.837	-409.397	-306.883	5.655	8.492	0.51	-0.54	0.69	4	75	71	2.721	0	49:60,50:59,51:58,52:57
0.7742058	-115.187	5.098	-262.85	-142.565	5.565	10.663	0.74	-0.21	0.87	5	75	71	2.721	0	33:69,34:68,35:67,36:66,37:65
0.8611228	-152.511	2.521	-239.38	-84.348	4.984	7.506	0.76	-0.23	0.87	4	75	71	2.721	0	25:69,26:68,27:67,28:66
0.9312761	-196.431	8.999	-663.021	-457.591	4.211	13.21	0.74	-0.33	0.76	8	75	71	2.721	0	24:55,25:54,26:53,27:52,28:51,29:50,30:49,31:48
0.9378736	-213.595	12.132	-366.632	-140.905	-2.721	9.411	0.76	-0.11	0.86	9	75	71	2.721	0	0:70,1:69,2:68,3:67,4:66,5:65,6:64,7:63,8:62
0.9442812	-226.98	6.774	-421.857	-188.103	3.654	10.428	0.59	-0.56	0.66	4	75	71	2.721	0	1:47,2:46,3:45,4:44
0.9524881	-239.314	9.21	-357.705	-109.181	0.137	9.347	0.83	-0.08	0.8	5	75	71	2.721	0	1:34,2:33,3:32,4:31,5:30

