0	52.496	15.207	-255.579	-292.868	-41.207	-26	0.99	0.62	0.67	5	100	75	2.672	0	26:42,27:41,28:40,29:39,30:38
0.00428906	2.61	2.137	-133.828	-134.301	-35.049	-32.912	0.92	-0.12	0.89	4	100	75	2.672	0	8:58,9:57,10:56,11:55
0.04804943	-35.947	8.465	-201.732	-157.32	-31.667	-23.202	0.96	0.1	0.87	4	100	75	2.672	0	14:64,15:63,16:62,17:61
0.06848493	-44.233	-6.306	-196.387	-158.459	-30.563	-36.868	0.98	0.17	0.85	4	100	75	2.672	0	15:36,16:35,17:34,18:33
0.07623323	-47.116	5.95	-209.8	-156.734	-31.659	-25.709	0.9	0.01	0.83	4	100	75	2.672	0	9:46,10:45,11:44,12:43
0.07828278	-47.76	6.846	-126.192	-71.586	-34.721	-27.875	0.9	-0.15	0.93	4	100	75	2.672	0	21:59,22:58,23:57,24:56
0.1539861	-68.653	10.941	-280.328	-200.734	-35.968	-25.027	0.91	-0.07	0.85	4	100	75	2.672	0	37:68,38:67,39:66,40:65
0.1653836	-71.221	-2.075	-236.881	-167.735	-23.006	-25.081	0.68	-0.31	0.82	4	100	75	2.672	0	26:35,27:34,28:33,29:32
0.1678931	-71.815	-7.729	-176.64	-112.554	-23.801	-31.531	0.98	0.21	0.86	4	100	75	2.672	0	14:34,15:33,16:32,17:31
0.2100638	-80.776	2.55	-265.041	-181.715	-30.734	-28.184	0.95	0.08	0.87	4	100	75	2.672	0	15:66,16:65,17:64,18:63
0.2263202	-84.121	13.937	-321.318	-223.26	-27.03	-13.093	0.65	-0.37	0.78	4	100	75	2.672	0	26:65,27:64,28:63,29:62
0.2511747	-89.228	26.479	-266.877	-151.169	-39.57	-13.091	0.97	0.02	0.92	5	100	75	2.672	0	47:63,48:62,49:61,50:60,51:59
0.2749995	-93.957	1.761	-196.128	-100.411	-32.842	-31.081	0.98	0.16	0.86	4	100	75	2.672	0	9:24,10:23,11:22,12:21
0.3491132	-109.007	7.335	-314.1	-197.757	-31.128	-23.793	0.73	-0.37	0.78	4	100	75	2.672	0	27:39,28:38,29:37,30:36
0.3621903	-111.687	3.84	-275.993	-160.466	-21.628	-17.787	0.92	-0.04	0.86	4	100	75	2.672	0	31:69,32:68,33:67,34:66
0.3812461	-115.611	2.795	-197.578	-79.173	-32.31	-29.515	0.9	-0.14	0.91	4	100	75	2.672	0	21:54,22:53,23:52,24:51
0.4010818	-119.858	1.95	-349.321	-227.514	-30.19	-28.241	0.64	-0.44	0.75	5	100	75	2.672	0	23:34,24:33,25:32,26:31,27:30
0.4479415	-130.297	11.862	-404.496	-262.337	-40.75	-28.888	0.64	-0.41	0.74	5	100	75	2.672	0	9:28,10:27,11:26,12:25,13:24
0.4721461	-136.005	16.695	-262.805	-110.104	-31.776	-15.081	0.94	-0.11	0.94	4	100	75	2.672	0	48:61,49:60,50:59,51:58
0.4924917	-141.075	16.901	-430.262	-272.286	-39.489	-22.588	0.61	-0.42	0.76	5	100	75	2.672	0	23:64,24:63,25:62,26:61,27:60
0.5220152	-148.811	5.994	-392.633	-237.828	-34.361	-28.367	0.67	-0.18	0.72	4	100	75	2.672	0	15:43,16:42,17:41,18:40
0.5269041	-150.158	4.681	-415.204	-260.365	-39.58	-34.899	0.86	-0.03	0.79	5	100	75	2.672	0	15:48,16:47,17:46,18:45,19:44
0.531633	-151.417	8.87	-236.028	-75.741	-31.845	-22.975	0.97	0.06	0.91	4	100	75	2.672	0	44:53,45:52,46:51,47:50
0.5901102	-168.256	5.986	-276.867	-102.625	-19.031	-13.045	0.96	0.05	0.9	4	100	75	2.672	0	29:52,30:51,31:50,32:49
0.6031473	-172.274	8.961	-302.261	-121.027	-22.176	-13.215	0.94	0	0.88	4	100	75	2.672	0	30:50,31:49,32:48,33:47
0.6034672	-172.355	16.315	-302.29	-113.619	-40.914	-24.598	0.95	-0.1	0.95	5	100	75	2.672	0	48:60,49:59,50:58,51:57,52:56
0.654696	-190.182	9.228	-492.233	-292.823	-40.13	-30.901	0.62	-0.31	0.74	5	100	75	2.672	0	24:55,25:54,26:53,27:52,28:51
0.7224111	-217.815	10.519	-488.792	-260.457	-32.033	-21.514	0.52	-0.68	0.65	4	100	75	2.672	0	1:26,2:25,3:24,4:23
0.7251505	-219.263	10.645	-438.233	-208.325	-30.06	-19.415	0.78	-0.24	0.8	4	100	75	2.672	0	4:48,5:47,6:46,7:45
0.7337086	-223.328	0.002	-390.938	-167.607	-30.486	-30.483	0.93	0.04	0.83	4	100	75	2.672	0	16:53,17:52,18:51,19:50
0.7472456	-230.19	-2.302	-424.606	-196.718	-20.627	-22.929	0.83	-0.21	0.8	4	100	75	2.672	0	3:34,4:33,5:32,6:31
0.7515447	-232.448	5.808	-349.901	-111.645	-40.57	-34.762	0.91	-0.14	0.92	5	100	75	2.672	0	8:53,9:52,10:51,11:50,12:49
0.7551839	-234.17	4.974	-513.372	-274.228	-28.232	-23.258	0.75	-0.3	0.75	4	100	75	2.672	0	4:20,5:19,6:18,7:17
0.8207394	-278.226	4.711	-493.896	-210.959	-35.638	-30.927	0.87	-0.11	0.78	4	100	75	2.672	0	2:40,3:39,4:38,5:37
0.8452141	-306.081	13.638	-467.602	-147.882	-30.607	-16.969	0.59	-0.29	0.82	4	100	75	2.672	0	62:71,63:70,64:69,65:68
0.8627602	-334.631	4.502	-642.045	-302.913	-56.45	-51.948	0.91	-0.11	0.85	8	100	75	2.672	0	2:38,3:37,4:36,5:35,6:34,7:33,8:32,9:31
0.8914939	-396.346	32.079	-806.959	-378.533	-56.859	-24.78	0.8	-0.11	0.82	8	100	75	2.672	0	0:70,1:69,2:68,3:67,4:66,5:65,6:64,7:63
0.9004019	-413.023	9.657	-651.94	-229.26	-37.161	-27.504	0.66	-0.3	0.75	5	100	75	2.672	0	0:18,1:17,2:16,3:15,4:14
0.9159485	-458.948	13.249	-727.775	-255.577	-54.267	-41.017	0.69	-0.3	0.84	7	100	75	2.672	0	32:71,33:70,34:69,35:68,36:67,37:66,38:65
0.9293255	-539.035	16.514	-796.143	-240.593	-41.386	-24.871	0.42	-0.46	0.69	6	100	75	2.672	0	26:73,27:72,28:71,29:70,30:69,31:68
0.9331247	-577.328	9.425	-752.921	-166.168	-39.781	-30.355	0.41	-0.42	0.67	4	100	75	2.672	0	36:72,37:71,38:70,39:69
0.9610286	-677.223	15.902	-903.292	-210.167	-48.713	-32.811	0.33	-0.61	0.66	5	100	75	2.672	0	38:72,39:71,40:70,41:69,42:68
0.9968607	-897.861	5.66	-1015.196	-111.675	-35.694	-30.034	0.28	-0.51	0.72	4	100	75	2.672	0	15:74,16:73,17:72,18:71

