0	81.711	20.788	-144.672	-205.596	-39.496	-18.708	1	0.27	0.86	5	100	76	1.959	0	48:64,49:63,50:62,51:61,52:60
0.00042998	22.438	10.95	-137.641	-149.128	-43.138	-32.188	0.99	0.23	0.87	5	100	76	1.959	0	26:42,27:41,28:40,29:39,30:38
0.01431943	-19.731	4.636	-101.66	-77.292	-34.416	-29.78	0.94	-0.11	0.94	4	100	76	1.959	0	29:47,30:46,31:45,32:44
0.1117955	-58.793	4.533	-175.1	-111.773	-33.672	-29.139	0.95	-0.08	0.94	4	100	76	1.959	0	16:61,17:60,18:59,19:58
0.1208052	-61.176	9.958	-202.873	-131.738	-35.252	-25.294	0.87	-0.18	0.88	4	100	76	1.959	0	40:61,41:60,42:59,43:58
0.1412144	-66.314	5.616	-189.883	-117.952	-34.677	-29.061	0.97	0.08	0.89	4	100	76	1.959	0	40:56,41:55,42:54,43:53
0.1544738	-69.496	6.995	-211.858	-135.367	-31.535	-24.54	0.95	0.06	0.87	4	100	76	1.959	0	15:29,16:28,17:27,18:26
0.1939122	-78.986	10.231	-229.827	-140.609	-32.67	-22.439	0.93	-0.12	0.9	4	100	76	1.959	0	38:65,39:64,40:63,41:62
0.1986121	-80.183	-0.695	-167.305	-87.816	-29.391	-30.085	0.98	0	0.96	4	100	76	1.959	0	32:56,33:55,34:54,35:53
0.200242	-80.602	-1.721	-180.441	-101.56	-31.743	-33.464	0.96	-0.07	0.94	4	100	76	1.959	0	15:34,16:33,17:32,18:31
0.2152614	-84.175	16.815	-242.587	-141.597	-47.746	-30.931	0.96	0	0.92	6	100	76	1.959	0	21:55,22:54,23:53,24:52,25:51,26:50
0.2427103	-91.133	7.783	-245.299	-146.383	-41.228	-33.445	0.92	-0.12	0.9	5	100	76	1.959	0	16:50,17:49,18:48,19:47,20:46
0.2771989	-99.949	8.378	-229.698	-121.371	-33.783	-25.405	0.91	-0.16	0.91	4	100	76	1.959	0	44:59,45:58,46:57,47:56
0.2950082	-104.986	0.063	-257.373	-152.324	-44.997	-44.934	0.96	0	0.89	5	100	76	1.959	0	15:42,16:41,17:40,18:39,19:38
0.3121375	-109.56	6.878	-216.299	-99.862	-36.143	-29.266	0.94	-0.01	0.89	4	100	76	1.959	0	11:42,12:41,13:40,14:39
0.350646	-120.454	19.485	-190.413	-50.473	-31.608	-12.122	0.98	-0.04	0.97	4	100	76	1.959	0	9:24,10:23,11:22,12:21
0.4046438	-137.45	3.807	-204.611	-63.353	-32.25	-28.443	0.96	-0.07	0.96	4	100	76	1.959	0	10:19,11:18,12:17,13:16
0.476241	-162.372	1.716	-294.087	-129.999	-47.762	-46.045	0.94	-0.1	0.94	6	100	76	1.959	0	11:34,12:33,13:32,14:31,15:30,16:29
0.4797908	-163.711	3.106	-332.414	-165.597	-50.523	-47.417	0.94	-0.1	0.93	6	100	76	1.959	0	14:58,15:57,16:56,17:55,18:54,19:53
0.5048298	-172.165	5.717	-281.383	-103.501	-41.307	-35.59	0.79	-0.19	0.91	5	100	76	1.959	0	36:47,37:46,38:45,39:44,40:43
0.5078397	-173.176	6.234	-286.502	-107.092	-32.085	-25.851	0.75	-0.17	0.9	4	100	76	1.959	0	36:59,37:58,38:57,39:56
0.5216691	-178.263	11.377	-373.168	-183.529	-31.65	-20.273	0.89	-0.13	0.86	4	100	76	1.959	0	52:67,53:66,54:65,55:64
0.6237051	-218.181	9.969	-360.171	-132.02	-43.761	-33.792	0.92	-0.06	0.86	5	100	76	1.959	0	5:43,6:42,7:41,8:40,9:39
0.6658234	-239.643	2.36	-343.887	-101.884	-37.969	-35.608	0.91	-0.15	0.92	5	100	76	1.959	0	5:35,6:34,7:33,8:32,9:31
0.7041418	-254.711	8.027	-452.616	-189.878	-31.665	-23.638	0.86	-0.21	0.81	4	100	76	1.959	0	40:70,41:69,42:68,43:67
0.7147514	-259.696	5.22	-490.66	-225.744	-30.951	-25.731	0.85	-0.18	0.79	4	100	76	1.959	0	13:68,14:67,15:66,16:65
0.7174813	-261.066	2.813	-433.792	-169.914	-30.084	-27.271	0.9	-0.1	0.87	4	100	76	1.959	0	16:70,17:69,18:68,19:67
0.7188712	-261.705	1.716	-423.163	-159.742	-26.379	-24.663	0.86	-0.25	0.88	4	100	76	1.959	0	32:70,33:69,34:68,35:67
0.7636195	-288.305	9.809	-400.965	-102.852	-33.161	-23.352	0.9	-0.19	0.89	4	100	76	1.959	0	49:72,50:71,51:70,52:69
0.7827587	-291.515	6.72	-472.977	-174.742	-31.622	-24.902	0.85	-0.22	0.8	4	100	76	1.959	0	3:16,4:15,5:14,6:13
0.8085577	-309.045	14.493	-515.382	-191.844	-38.876	-24.383	0.87	-0.19	0.85	5	100	76	1.959	0	2:60,3:59,4:58,5:57,6:56
0.8203472	-319.511	4.791	-479.173	-154.871	-51.225	-46.434	0.92	-0.09	0.89	6	100	76	1.959	0	5:19,6:18,7:17,8:16,9:15,10:14
0.874915	-377.141	8.694	-462.536	-76.701	-34.259	-25.565	0.72	-0.25	0.88	4	100	76	1.959	0	50:73,51:72,52:71,53:70
0.8895344	-390.77	12.051	-526.331	-123.511	-30.561	-18.51	0.86	-0.29	0.83	4	100	76	1.959	0	0:51,1:50,2:49,3:48
0.9044238	-407.388	16.117	-592.982	-169.476	-41.428	-25.31	0.88	-0.15	0.85	5	100	76	1.959	0	1:56,2:55,3:54,4:53,5:52
0.9351226	-428.183	17.008	-656.123	-210.932	-46.508	-29.5	0.89	-0.15	0.84	6	100	76	1.959	0	2:48,3:47,4:46,5:45,6:44,7:43
0.9903004	-607.29	8.009	-813.528	-198.229	-54.932	-46.923	0.78	-0.27	0.85	7	100	76	1.959	0	1:41,2:40,3:39,4:38,5:37,6:36,7:35
0.9987301	-708.694	25.006	-1094.358	-360.658	-58.743	-33.737	0.9	-0.08	0.8	8	100	76	1.959	0	0:71,1:70,2:69,3:68,4:67,5:66,6:65,7:64

