0	131.074	22.576	-475.104	-583.602	-44.971	-22.395	0.98	0.48	0.72	6	100	97	3.94	0	17:32,18:31,19:30,20:29,21:28,22:27
0.04131711	31.711	13.029	-166.224	-184.907	-51.417	-38.387	0.99	0.06	0.95	6	100	97	3.94	0	70:84,71:83,72:82,73:81,74:80,75:79
0.1338506	14.907	15.267	-131.932	-131.572	-34.252	-18.985	0.98	-0.02	0.98	4	100	97	3.94	0	10:51,11:50,12:49,13:48
0.1921066	7.369	14.503	-140.811	-133.677	-35.513	-21.01	0.98	0.05	0.93	4	100	97	3.94	0	10:44,11:43,12:42,13:41
0.1935465	7.208	20.201	-191.402	-178.409	-44	-23.799	0.97	0.04	0.93	5	100	97	3.94	0	43:79,44:78,45:77,46:76,47:75
0.2100153	5.231	13.295	-150.081	-142.018	-32.598	-19.303	0.97	0.05	0.92	4	100	97	3.94	0	41:72,42:71,43:70,44:69
0.2615917	-1.385	10.565	-189.11	-177.159	-33.339	-22.774	0.95	0.03	0.89	4	100	97	3.94	0	30:52,31:51,32:50,33:49
0.2745208	-3.148	14.906	-214.03	-195.976	-53.284	-38.378	0.98	0.04	0.94	6	100	97	3.94	0	40:81,41:80,42:79,43:78,44:77,45:76
0.3012489	-6.871	12.051	-197.257	-178.335	-42.394	-30.343	0.98	0	0.96	5	100	97	3.94	0	47:81,48:80,49:79,50:78,51:77
0.3179377	-9.151	10.896	-149.855	-129.808	-34.303	-23.407	0.98	0.01	0.96	4	100	97	3.94	0	15:81,16:80,17:79,18:78
0.3580549	-15.113	15.314	-267.201	-236.774	-38.648	-23.334	0.91	-0.16	0.87	5	100	97	3.94	0	48:72,49:71,50:70,51:69,52:68
0.3667843	-16.537	12.088	-161.241	-132.616	-31.732	-19.644	0.94	-0.09	0.94	4	100	97	3.94	0	30:47,31:46,32:45,33:44
0.4216805	-19.592	5.726	-399.288	-373.971	-36.498	-30.772	0.82	-0.15	0.67	4	100	97	3.94	0	54:68,55:67,56:66,57:65
0.471357	-28.715	9.644	-308.673	-270.314	-31.402	-21.759	0.97	0.32	0.78	4	100	97	3.94	0	20:33,21:32,22:31,23:30
0.529243	-40.395	9.54	-310.904	-260.968	-32.356	-22.815	0.97	0.26	0.81	4	100	97	3.94	0	19:80,20:79,21:78,22:77
0.5636105	-47.941	12.519	-333.367	-272.907	-33.646	-21.127	0.96	0.22	0.8	4	100	97	3.94	0	20:78,21:77,22:76,23:75
0.6017479	-56.663	15.651	-324.601	-252.287	-33.84	-18.189	0.93	0.01	0.88	5	100	97	3.94	0	17:89,18:88,19:87,20:86,21:85
0.6112372	-59.042	5.091	-351.731	-287.599	-33.071	-27.98	0.91	0.03	0.83	4	100	97	3.94	0	29:83,30:82,31:81,32:80
0.6454548	-68.844	3.002	-240.457	-168.611	-25.519	-22.517	0.96	0.07	0.88	4	100	97	3.94	0	79:90,80:89,81:88,82:87
0.7123001	-98.312	5.685	-204.673	-100.675	-24.797	-19.112	0.93	-0.13	0.91	4	100	97	3.94	0	0:90,1:89,2:88,3:87
0.7228794	-104.766	8.221	-328.009	-215.022	-34.524	-26.303	0.88	-0.17	0.88	4	100	97	3.94	0	1:32,2:31,3:30,4:29
0.7256392	-106.655	9.257	-343.473	-227.56	-36.11	-26.853	0.91	-0.1	0.87	4	100	97	3.94	0	53:81,54:80,55:79,56:78
0.7755257	-135.874	0.298	-424.119	-287.947	-34.52	-34.222	0.82	-0.14	0.74	4	100	97	3.94	0	65:82,66:81,67:80,68:79
0.8602298	-174.493	3.763	-398.267	-220.011	-33.798	-30.036	0.78	-0.38	0.77	4	100	97	3.94	0	0:68,1:67,2:66,3:65
0.9204356	-210.207	9.272	-575.635	-356.156	-50.35	-41.078	0.83	-0.26	0.82	6	100	97	3.94	0	65:85,66:84,67:83,68:82,69:81,70:80
0.943124	-258.832	11.56	-671.384	-400.993	-39.768	-28.208	0.68	-0.47	0.72	5	100	97	3.94	0	16:68,17:67,18:66,19:65,20:64
0.9474937	-288.883	5.976	-496.521	-201.662	-24.796	-18.82	0.31	-0.66	0.67	4	100	97	3.94	0	18:96,19:95,20:94,21:93

