0	196.171	13.698	-645.073	-827.547	-48.577	-34.879	0.95	0.37	0.69	6	100	118	12.172	..........................................................................................((((((.....))))))...........	90:106,91:105,92:104,93:103,94:102,95:101
0.00185994	108.951	16.198	-300.942	-393.694	-24.33	-8.132	0.96	0.28	0.76	5	100	118	12.172	............(((((....................)))))............................................................................	12:41,13:40,14:39,15:38,16:37
0.00241993	105.705	4.057	-123.107	-224.754	-21.382	-17.324	1	0.13	0.93	4	100	118	12.172	..........................................((((................................))))....................................	42:81,43:80,44:79,45:78
0.01965941	68.616	17.819	-256.912	-307.709	-34.956	-17.136	0.94	-0.03	0.91	4	100	118	12.172	........................((((..........................................................))))............................	24:89,25:88,26:87,27:86
0.05131846	42.252	5.364	-203.007	-239.895	-25.449	-20.085	0.98	0.03	0.96	4	100	118	12.172	.........................((((..................................................))))...................................	25:82,26:81,27:80,28:79
0.05301841	41.198	9.736	-175.546	-207.007	-25.942	-16.206	0.95	0.04	0.9	4	100	118	12.172	..................((((................))))............................................................................	18:41,19:40,20:39,21:38
0.09105727	21.124	9.149	-176.366	-188.341	-21.424	-12.275	0.98	-0.05	0.98	4	100	118	12.172	....((((....................................................................))))......................................	4:79,5:78,6:77,7:76
0.100497	17.048	4.452	-369.226	-381.822	-9.424	-4.972	0.94	0.25	0.78	4	100	118	12.172	..............((((............................................................))))....................................	14:81,15:80,16:79,17:78
0.1220863	7.816	9.79	-254.213	-252.239	-18.613	-8.822	0.96	-0.04	0.94	4	100	118	12.172	.((((.......................................................................................................))))......	1:111,2:110,3:109,4:108
0.1387058	1.044	13.53	-277.203	-264.717	-27.079	-13.549	0.92	-0.02	0.87	4	100	118	12.172	........................((((............))))..........................................................................	24:43,25:42,26:41,27:40
0.1439657	-0.987	11.274	-201.143	-188.882	-23.028	-11.754	0.98	-0.03	0.98	4	100	118	12.172	.((((...............))))..............................................................................................	1:23,2:22,3:21,4:20
0.1499055	-3.388	14.908	-283.766	-265.47	-20.627	-5.719	0.97	0.04	0.92	4	100	118	12.172	.......................................................................................................((((.....))))..	103:115,104:114,105:113,106:112
0.1757247	-13.39	7.384	-310.367	-289.593	-23.296	-15.912	0.92	-0.13	0.91	4	100	118	12.172	..............................................................................((((......))))..........................	78:91,79:90,80:89,81:88
0.1864544	-17.249	7.466	-542.048	-517.333	-37.649	-30.183	0.89	-0.02	0.82	5	100	118	12.172	......(((((............................................................................................)))))..........	6:107,7:106,8:105,9:104,10:103
0.232513	-33.972	12.149	-395.858	-349.736	-28.843	-16.694	0.92	-0.09	0.87	4	100	118	12.172	........................((((............................................................................))))..........	24:107,25:106,26:105,27:104
0.2394028	-36.494	11.001	-366.34	-318.844	-20.708	-9.707	0.89	0	0.78	4	100	118	12.172	.....................................((((..................................)))).......................................	37:78,38:77,39:76,40:75
0.2567223	-42.884	11.336	-507.411	-453.191	-30.564	-19.228	0.82	-0.11	0.8	5	100	118	12.172	.......................................(((((............................................................))))).........	39:108,40:107,41:106,42:105,43:104
0.2606222	-44.367	12.445	-457.757	-400.944	-19.978	-7.534	0.88	0	0.73	4	100	118	12.172	.............((((.....................................................................................))))............	13:105,14:104,15:103,16:102
0.2749218	-49.574	11.244	-533.352	-472.534	-40.247	-29.003	0.88	-0.14	0.87	5	100	118	12.172	.....................................................................................(((((..............))))).........	85:108,86:107,87:106,88:105,89:104
0.2771717	-50.43	3.94	-390.846	-336.476	-26.823	-22.883	0.88	-0.15	0.88	4	100	118	12.172	................................................................................((((....................))))..........	80:107,81:106,82:105,83:104
0.2877314	-54.377	7.714	-436.718	-374.627	-25.182	-17.468	0.86	-0.09	0.8	4	100	118	12.172	...........................................................................((((.......................))))............	75:105,76:104,77:103,78:102
0.2952611	-57.256	16.295	-614.751	-541.2	-42.935	-26.64	0.77	-0.26	0.76	5	100	118	12.172	.......................(((((...................)))))..................................................................	23:51,24:50,25:49,26:48,27:47
0.299101	-58.734	10.929	-335.549	-265.887	-21.083	-10.155	0.9	-0.16	0.91	4	100	118	12.172	.((((.....................................................................))))........................................	1:77,2:76,3:75,4:74
0.3067008	-61.639	6.925	-613.192	-544.627	-30.481	-23.556	0.7	-0.28	0.76	4	100	118	12.172	.............................((((.......................................................................))))..........	29:107,30:106,31:105,32:104
0.3509395	-78.981	11.034	-310.899	-220.884	-26.887	-15.853	0.95	-0.08	0.96	5	100	118	12.172	(((((..............)))))..............................................................................................	0:23,1:22,2:21,3:20,4:19
0.3689689	-86.406	5.761	-795.436	-703.269	-25.312	-19.551	0.52	-0.51	0.64	4	100	118	12.172	...((((.............................................))))..............................................................	3:55,4:54,5:53,6:52
0.3716489	-87.591	21.172	-456.107	-347.343	-27.233	-6.061	0.93	-0.11	0.92	8	100	118	12.172	((((((((......................................................................................................))))))))	0:117,1:116,2:115,3:114,4:113,5:112,6:111,7:110
0.3759287	-89.445	13.251	-468.415	-365.72	-24.747	-11.496	0.7	-0.32	0.8	4	100	118	12.172	......................................((((.................................................................)))).......	38:110,39:109,40:108,41:107
0.3772987	-90.063	13.342	-350.945	-247.54	-25.937	-12.595	0.94	-0.08	0.91	5	100	118	12.172	(((((.....))))).......................................................................................................	0:14,1:13,2:12,3:11,4:10
0.3863584	-93.908	9.504	-562.258	-458.846	-31.956	-22.451	0.72	-0.38	0.75	4	100	118	12.172	...............................................((((.....................................................))))..........	47:107,48:106,49:105,50:104
0.4244273	-111.703	10.154	-756.58	-634.724	-21.347	-11.193	0.59	-0.33	0.67	4	100	118	12.172	...((((.............................................................))))..............................................	3:71,4:70,5:69,6:68
0.432827	-115.777	11.765	-720.119	-592.577	-23.669	-11.904	0.38	-0.63	0.63	4	100	118	12.172	...((((................................................))))...........................................................	3:58,4:57,5:56,6:55
0.433737	-116.249	10.862	-345.587	-218.476	-26.135	-15.274	0.96	-0.07	0.96	5	100	118	12.172	(((((.............)))))...............................................................................................	0:22,1:21,2:20,3:19,4:18
0.4743458	-137.77	5.536	-504.76	-361.454	-26.457	-20.921	0.87	-0.17	0.87	5	100	118	12.172	(((((...))))).........................................................................................................	0:12,1:11,2:10,3:9,4:8
0.4902553	-147.007	7.337	-438.993	-284.649	-18.338	-11.001	0.89	-0.12	0.87	4	100	118	12.172	((((.............)))).................................................................................................	0:20,1:19,2:18,3:17
0.4914253	-147.747	17.186	-842.054	-677.12	-33.335	-16.149	0.64	-0.51	0.69	5	100	118	12.172	...................................(((((.............................................................)))))............	35:105,36:104,37:103,38:102,39:101
0.5061648	-156.246	8.112	-502.599	-338.24	-19.247	-11.135	0.84	-0.21	0.85	4	100	118	12.172	((((......................................................................................................))))........	0:109,1:108,2:107,3:106
0.533954	-173.618	4.188	-688.142	-510.336	-31.656	-27.468	0.55	-0.54	0.68	4	100	118	12.172	....((((.........................................)))).................................................................	4:52,5:51,6:50,7:49
0.5739228	-198.734	2.728	-912.416	-710.954	-31.128	-28.4	0.67	-0.29	0.66	5	100	118	12.172	.................................................(((((.......................)))))....................................	49:81,50:80,51:79,52:78,53:77
0.5851424	-205.426	14.835	-890.877	-670.616	-36.637	-21.802	0.56	-0.57	0.64	5	100	118	12.172	....................................(((((..................................................)))))......................	36:95,37:94,38:93,39:92,40:91
0.5928122	-209.725	13.749	-837.675	-614.201	-40.293	-26.543	0.72	-0.42	0.71	5	100	118	12.172	........................................................................(((((..........................)))))..........	72:107,73:106,74:105,75:104,76:103
0.6266312	-221.104	0.245	-831.315	-609.965	-26.855	-26.61	0.3	-0.74	0.58	4	100	118	12.172	..............................................................((((......................................))))..........	62:107,63:106,64:105,65:104
0.7531974	-275.817	6.446	-845.933	-563.67	-29.467	-23.021	0.25	-0.7	0.61	4	100	118	12.172	........................((((..................................))))....................................................	24:65,25:64,26:63,27:62
0.7960161	-293.947	18.504	-1702.241	-1389.79	-41.348	-22.844	0.44	-0.97	0.26	5	100	118	12.172	.......................................................(((((.....)))))................................................	55:69,56:68,57:67,58:66,59:65
0.8069758	-298.777	0.921	-1072.723	-773.025	-24.197	-23.276	0.46	-0.66	0.56	4	100	118	12.172	...............................................................................................((((.....))))..........	95:107,96:106,97:105,98:104
0.8473846	-319.395	2.383	-889.666	-567.888	-31.265	-28.882	0.23	-0.71	0.63	5	100	118	12.172	........................................................(((((.................)))))...................................	56:82,57:81,58:80,59:79,60:78
0.8742638	-333.863	15.708	-1122.336	-772.765	-31.82	-16.113	0.46	-0.57	0.61	4	100	118	12.172	.........................((((....................................)))).................................................	25:68,26:67,27:66,28:65

