0	134.082	12.355	-320.893	-442.62	-33.573	-21.218	0.96	0.38	0.74	4	100	154	10.538	...............................................((((....))))...............................................................................................	47:58,48:57,49:56,50:55
0	176.896	21.807	-352.107	-507.196	-43.055	-21.247	0.99	0.31	0.82	5	100	154	10.538	................................(((((.................................................................)))))...............................................	32:106,33:105,34:104,35:103,36:102
0	137.678	9.445	-1258.975	-1387.207	-22.356	-12.911	0.83	0.39	0.39	5	100	154	10.538	............................................................................................................(((((..)))))..................................	108:119,109:118,110:117,111:116,112:115
0	292.828	16.585	-727.728	-1003.972	-64.96	-48.375	0.96	0.45	0.68	8	100	154	10.538	..................((((((((..................................................................................................))))))))......................	18:131,19:130,20:129,21:128,22:127,23:126,24:125,25:124
0	237.872	31.712	-1285.338	-1491.498	-76.103	-44.391	0.85	0.21	0.63	10	100	154	10.538	........................................................................((((((((((.......)))))))))).......................................................	72:98,73:97,74:96,75:95,76:94,77:93,78:92,79:91,80:90,81:89
0.00104928	63.8	18.249	-368.631	-414.182	-43.26	-25.012	0.97	0.17	0.84	5	100	154	10.538	......................................(((((....................)))))......................................................................................	38:67,39:66,40:65,41:64,42:63
0.00549621	39.415	10.421	-203.132	-232.125	-35.655	-25.234	0.99	0.07	0.94	4	100	154	10.538	........((((.........................)))).................................................................................................................	8:40,9:39,10:38,11:37
0.00605582	38.104	5.012	-206.863	-239.956	-34.273	-29.261	0.98	0.08	0.91	4	100	154	10.538	......((((.......)))).....................................................................................................................................	6:20,7:19,8:18,9:17
0.01147208	26.578	9.351	-322.725	-339.952	-32.757	-23.406	0.99	0.21	0.87	4	100	154	10.538	........((((......................))))....................................................................................................................	8:37,9:36,10:35,11:34
0.01380048	23.151	9.88	-191.193	-204.464	-32.331	-22.452	0.96	-0.06	0.96	4	100	154	10.538	.....((((.............................................................................................................................))))................	5:137,6:136,7:135,8:134
0.015949	20.377	11.982	-314.107	-322.502	-33.416	-21.435	0.96	0.13	0.85	4	100	154	10.538	........((((.............................................)))).............................................................................................	8:60,9:59,10:58,11:57
0.01596898	20.367	18.742	-512.771	-514.396	-42.768	-24.027	0.87	0.01	0.83	5	100	154	10.538	...................................(((((..............................................................)))))...............................................	35:106,36:105,37:104,38:103,39:102
0.01627877	20.074	9.598	-257.853	-268.328	-31.021	-21.423	0.98	0.1	0.92	4	100	154	10.538	.............((((.......................................................................................))))..............................................	13:107,14:106,15:105,16:104
0.01809751	18.056	7.001	-244.063	-255.118	-36.174	-29.173	0.99	0.08	0.94	4	100	154	10.538	........((((........................................................................................................................))))..................	8:135,9:134,10:133,11:132
0.0205858	15.528	11.271	-434.289	-438.545	-43.47	-32.199	0.98	0.21	0.83	5	100	154	10.538	..................................(((((..........................................................................................)))))....................	34:133,35:132,36:131,37:130,38:129
0.02685147	10.049	8.627	-257.174	-258.596	-31.094	-22.468	0.97	0.14	0.87	4	100	154	10.538	.....((((.................................................................................................))))............................................	5:109,6:108,7:107,8:106
0.03281736	5.675	7.842	-305.061	-302.894	-34.666	-26.824	0.88	-0.12	0.91	4	100	154	10.538	.............((((.........................................................................................................................))))............	13:141,14:140,15:139,16:138
0.03359682	5.077	7.228	-371.504	-369.354	-27.246	-20.018	0.93	0.2	0.78	4	100	154	10.538	........((((..............................................................................................................))))............................	8:125,9:124,10:123,11:122
0.05630115	-7.171	13.751	-363.893	-342.972	-31.465	-17.714	0.85	-0.12	0.87	4	100	154	10.538	........................................................................................................((((..............................))))............	104:141,105:140,106:139,107:138
0.07546793	-15.466	12.699	-417.493	-389.327	-33.901	-21.202	0.79	0.01	0.83	4	100	154	10.538	.........................................................................................((((.......................................))))..................	89:135,90:134,91:133,92:132
0.07922533	-16.943	12.942	-347.467	-317.582	-34.028	-21.086	0.95	0.07	0.87	4	100	154	10.538	................................................................((((.......................................................................))))...........	64:142,65:141,66:140,67:139
0.08114401	-17.729	15.842	-399.906	-366.335	-33.383	-17.54	0.78	-0.04	0.82	4	100	154	10.538	.....................................((((................................................)))).............................................................	37:92,38:91,39:90,40:89
0.08214332	-18.1	3.747	-365.363	-343.515	-36.187	-32.44	0.96	0.14	0.84	4	100	154	10.538	........((((...................................)))).......................................................................................................	8:50,9:49,10:48,11:47
0.08889866	-20.536	10.808	-310.75	-279.406	-33.327	-22.519	0.96	0.09	0.86	4	100	154	10.538	.........................................................................................................((((....................)))).....................	105:132,106:131,107:130,108:129
0.1208066	-30.816	7.871	-337.24	-298.553	-31.55	-23.679	0.92	0.07	0.83	4	100	154	10.538	......((((............................................................................................................))))................................	6:121,7:120,8:119,9:118
0.1407429	-36.6	13.591	-454.511	-404.32	-43.997	-30.406	0.9	-0.07	0.84	5	100	154	10.538	.................(((((........................................))))).......................................................................................	17:66,18:65,19:64,20:63,21:62
0.1502263	-39.152	12.926	-555.641	-503.563	-24.973	-12.047	0.83	0.08	0.66	4	100	154	10.538	.........................................................................................((((.............................))))............................	89:125,90:124,91:123,92:122
0.1974638	-51.145	13.713	-571.354	-506.495	-33.163	-19.45	0.84	-0.07	0.74	4	100	154	10.538	...............................((((......................................................)))).............................................................	31:92,32:91,33:90,34:89
0.201501	-52.196	15.944	-398.5	-330.36	-34.013	-18.069	0.76	-0.25	0.84	4	100	154	10.538	..................((((................................................))))................................................................................	18:73,19:72,20:71,21:70
0.2049586	-52.996	0.957	-544.483	-490.53	-29.995	-29.038	0.88	0.04	0.7	4	100	154	10.538	..............................................................((((..........................................................))))..........................	62:127,63:126,64:125,65:124
0.2071471	-53.538	6.484	-432.308	-372.286	-35.435	-28.952	0.9	-0.01	0.86	4	100	154	10.538	........((((...................)))).......................................................................................................................	8:34,9:33,10:32,11:31
0.216011	-55.571	6.891	-577.399	-514.936	-26.949	-20.058	0.78	-0.26	0.66	4	100	154	10.538	................................................................................................((((.......))))...........................................	96:110,97:109,98:108,99:107
0.2462501	-62.452	8.796	-470.236	-398.989	-41.224	-32.428	0.9	-0.06	0.86	5	100	154	10.538	.............(((((..............................................))))).....................................................................................	13:68,14:67,15:66,16:65,17:64
0.2618793	-65.892	8.111	-465.733	-391.73	-34.592	-26.481	0.81	0.01	0.8	4	100	154	10.538	....................((((...........................................................................................................))))...................	20:134,21:133,22:132,23:131
0.2702136	-67.678	2.42	-590.913	-520.814	-31.508	-29.088	0.76	-0.06	0.66	4	100	154	10.538	....................((((......................))))........................................................................................................	20:49,21:48,22:47,23:46
0.302851	-74.981	14.662	-792.221	-702.577	-48.589	-33.927	0.82	-0.11	0.76	6	100	154	10.538	..................((((((............................................................................))))))................................................	18:105,19:104,20:103,21:102,22:101,23:100
0.3393858	-82.776	17.925	-557.412	-456.712	-31.144	-13.219	0.73	-0.27	0.73	4	100	154	10.538	.........................................................((((............................)))).............................................................	57:92,58:91,59:90,60:89
0.3409447	-83.117	14.713	-571.992	-474.162	-30.485	-15.771	0.74	-0.19	0.75	4	100	154	10.538	..................................((((...................................................)))).............................................................	34:92,35:91,36:90,37:89
0.3456615	-84.186	9.296	-510.682	-417.2	-35.996	-26.7	0.59	-0.46	0.74	4	100	154	10.538	...............((((.....))))..............................................................................................................................	15:27,16:26,17:25,18:24
0.3595319	-87.38	5.635	-466.909	-373.894	-34.934	-29.3	0.88	-0.07	0.79	4	100	154	10.538	...............................................................((((.............................))))......................................................	63:99,64:98,65:97,66:96
0.368166	-89.318	11.731	-644.385	-543.336	-44.726	-32.995	0.84	-0.13	0.79	5	100	154	10.538	...............................(((((.............................................................................................)))))....................	31:133,32:132,33:131,34:130,35:129
0.3723231	-90.156	0.973	-599.865	-508.736	-32.009	-31.037	0.64	-0.35	0.69	4	100	154	10.538	...........................((((................)))).......................................................................................................	27:50,28:49,29:48,30:47
0.3940681	-94.974	12.54	-545.898	-438.384	-28.437	-15.898	0.75	-0.38	0.73	4	100	154	10.538	...................((((.................................................................................................))))..............................	19:123,20:122,21:121,22:120
0.4001539	-96.3	9.847	-700.858	-594.71	-40.783	-30.935	0.85	-0.01	0.77	5	100	154	10.538	........(((((................................................................)))))........................................................................	8:81,9:80,10:79,11:78,12:77
0.4027821	-96.937	9.852	-588.744	-481.954	-41.634	-31.782	0.72	-0.28	0.75	5	100	154	10.538	....................................................(((((.....................................))))).......................................................	52:98,53:97,54:96,55:95,56:94
0.4232779	-101.65	12.095	-485.851	-372.105	-44.116	-32.021	0.79	-0.08	0.85	5	100	154	10.538	................................................(((((..........)))))......................................................................................	48:67,49:66,50:65,51:64,52:63
0.4309426	-103.463	2.552	-507.758	-401.744	-41.346	-38.795	0.83	-0.11	0.82	5	100	154	10.538	..........(((((................................................................................)))))......................................................	10:99,11:98,12:97,13:96,14:95
0.4338806	-104.23	4.355	-475.891	-367.306	-33.218	-28.863	0.68	-0.27	0.78	4	100	154	10.538	...........((((...............................................................................))))........................................................	11:97,12:96,13:95,14:94
0.4462121	-107.278	1.052	-466.619	-358.289	-33.696	-32.645	0.83	-0.12	0.75	4	100	154	10.538	...((((......................................)))).........................................................................................................	3:48,4:47,5:46,6:45
0.4479609	-107.692	10.749	-689.438	-570.996	-30.205	-19.456	0.7	-0.27	0.61	4	100	154	10.538	........................................................................((((..................))))........................................................	72:97,73:96,74:95,75:94
0.4538668	-109.128	5.769	-533.17	-418.273	-30.899	-25.13	0.63	-0.29	0.7	4	100	154	10.538	...........................................((((................................................)))).......................................................	43:98,44:97,45:96,46:95
0.4597028	-110.626	10.433	-598.783	-477.725	-33.914	-23.482	0.76	-0.24	0.73	4	100	154	10.538	...............................................((((......................................)))).............................................................	47:92,48:91,49:90,50:89
0.4703055	-113.242	6.36	-570.988	-451.386	-32.977	-26.617	0.61	-0.46	0.64	4	100	154	10.538	.........................((((..................................................................)))).......................................................	25:98,26:97,27:96,28:95
0.4708451	-113.345	8.17	-540.928	-419.412	-32.335	-24.164	0.77	-0.11	0.72	4	100	154	10.538	.....................................................((((......................................)))).......................................................	53:98,54:97,55:96,56:95
0.4926201	-119.257	5.926	-671.623	-546.44	-33.678	-27.751	0.6	-0.37	0.57	4	100	154	10.538	........................((((..................................................................))))........................................................	24:97,25:96,26:95,27:94
0.4949085	-119.893	11.987	-463.354	-331.473	-34.336	-22.349	0.85	-0.12	0.79	4	100	154	10.538	...((((................................................))))...............................................................................................	3:58,4:57,5:56,6:55
0.4950984	-119.952	13.116	-634.307	-501.238	-42.561	-29.444	0.76	-0.16	0.73	5	100	154	10.538	..............................................................(((((...................................................)))))...............................	62:122,63:121,64:120,65:119,66:118
0.5022035	-121.958	2.012	-339.551	-215.582	-37.363	-35.351	0.88	-0.12	0.9	4	100	154	10.538	...((((...........................................................................................................................))))....................	3:133,4:132,5:131,6:130
0.5031328	-122.262	12.333	-716.998	-582.402	-29.059	-16.726	0.63	-0.52	0.61	4	100	154	10.538	.........................................................................((((..................)))).......................................................	73:98,74:97,75:96,76:95
0.5033927	-122.318	9.41	-718.236	-586.508	-25.168	-15.758	0.75	-0.07	0.66	4	100	154	10.538	................................................................((((................................................))))..................................	64:119,65:118,66:117,67:116
0.5048517	-122.744	4.335	-393.1	-266.021	-33.936	-29.601	0.72	-0.23	0.87	4	100	154	10.538	......((((...................................................................................................................................)))).........	6:144,7:143,8:142,9:141
0.5230391	-128.081	8.587	-913.493	-776.824	-25.727	-17.14	0.66	-0.38	0.48	4	100	154	10.538	.............................................................................................((((...........))))..........................................	93:111,94:110,95:109,96:108
0.5503403	-136.813	16.048	-945.757	-792.896	-42.667	-26.619	0.69	-0.22	0.63	6	100	154	10.538	....................((((((.............................................................................................)))))).............................	20:124,21:123,22:122,23:121,24:120,25:119
0.55073	-136.951	5.122	-831.847	-689.774	-31.081	-25.96	0.47	-0.62	0.62	4	100	154	10.538	.....................((((...........................................................))))..................................................................	21:87,22:86,23:85,24:84
0.5572655	-139.074	6.719	-662.261	-516.468	-31.406	-24.687	0.69	-0.37	0.65	4	100	154	10.538	..........................................((((................................................))))........................................................	42:97,43:96,44:95,45:94
0.5576053	-139.221	1.448	-746.223	-605.554	-57.411	-55.963	0.88	-0.02	0.82	7	100	154	10.538	...(((((((......................................................................................)))))))...................................................	3:102,4:101,5:100,6:99,7:98,8:97,9:96
0.5602135	-140.185	8.625	-623.93	-475.12	-41.097	-32.473	0.76	-0.25	0.78	5	100	154	10.538	......................................................................................(((((....)))))......................................................	86:99,87:98,88:97,89:96,90:95
0.5631214	-141.177	2.413	-539.297	-395.708	-33.045	-30.633	0.55	-0.42	0.76	4	100	154	10.538	.......((((..................................................................................)))).........................................................	7:96,8:95,9:94,10:93
0.5682379	-143.024	8.219	-689.367	-538.124	-38.947	-30.728	0.67	-0.41	0.75	5	100	154	10.538	...............................................................................................(((((...................................)))))..............	95:139,96:138,97:137,98:136,99:135
0.5690074	-143.303	3.569	-1179.384	-1032.512	-22.595	-19.026	0.51	-0.7	0.44	4	100	154	10.538	..................................................................................((((.............................))))...................................	82:118,83:117,84:116,85:115
0.5692272	-143.385	0.61	-1083.949	-939.954	-21.496	-20.886	0.38	-0.83	0.49	4	100	154	10.538	...........................((((....................................................................................))))...................................	27:118,28:117,29:116,30:115
0.5693072	-143.414	9.465	-762.468	-609.589	-33.522	-24.058	0.79	-0.07	0.65	4	100	154	10.538	..............................................................((((...........)))).........................................................................	62:80,63:79,64:78,65:77
0.5746635	-145.333	3.223	-849.559	-701.002	-37.444	-34.221	0.72	-0.41	0.71	5	100	154	10.538	...................(((((....))))).........................................................................................................................	19:32,20:31,21:30,22:29,23:28
0.5764223	-146.005	7.871	-616.07	-462.194	-31.558	-23.687	0.62	-0.33	0.71	4	100	154	10.538	..............................................................................................((((......................................))))..............	94:139,95:138,96:137,97:136
0.5841369	-149.169	7.191	-512.173	-355.813	-32.36	-25.169	0.63	-0.41	0.78	4	100	154	10.538	.......................................................................................((((...))))........................................................	87:97,88:96,89:95,90:94
0.5860156	-149.87	9.502	-1399.208	-1239.836	-29.35	-19.848	0.59	-0.46	0.49	5	100	154	10.538	.........................................................................................(((((....................)))))...................................	89:118,90:117,91:116,92:115,93:114
0.6236597	-166.332	6.887	-1140.796	-967.578	-23.065	-16.178	0.43	-0.78	0.45	4	100	154	10.538	..............................................................................((((...........................)))).........................................	78:112,79:111,80:110,81:109
0.6264278	-167.715	7.529	-611.048	-435.804	-33.757	-26.228	0.72	-0.27	0.7	4	100	154	10.538	....................................................((((......................................))))........................................................	52:97,53:96,54:95,55:94
0.6281266	-168.67	3.758	-1213.619	-1041.191	-23.662	-19.904	0.45	-0.79	0.44	4	100	154	10.538	....................((((......................................................................................))))........................................	20:113,21:112,22:111,23:110
0.6371204	-173.359	10	-688.906	-505.547	-41.901	-31.901	0.65	-0.42	0.71	5	100	154	10.538	..(((((..................................................................................)))))............................................................	2:93,3:92,4:91,5:90,6:89
0.6374602	-173.482	5.165	-597.652	-419.004	-32.748	-27.583	0.53	-0.42	0.77	4	100	154	10.538	....((((...................................................................................))))...........................................................	4:94,5:93,6:92,7:91
0.6400184	-174.683	7.867	-773.161	-590.611	-30.166	-22.299	0.48	-0.61	0.66	4	100	154	10.538	....................................................................................((((................................))))..............................	84:123,85:122,86:121,87:120
0.6450449	-177.424	5.274	-924.378	-741.68	-40.405	-35.131	0.56	-0.56	0.64	5	100	154	10.538	..............................................(((((...............................)))))...................................................................	46:86,47:85,48:84,49:83,50:82
0.6601345	-186.193	10.239	-977.519	-781.088	-30.828	-20.59	0.7	-0.26	0.52	4	100	154	10.538	......................((((...................................................)))).........................................................................	22:80,23:79,24:78,25:77
0.6737651	-194.988	5.746	-1172.433	-971.699	-57.055	-51.309	0.64	-0.36	0.62	7	100	154	10.538	.......................(((((((...............................................................)))))))......................................................	23:99,24:98,25:97,26:96,27:95,28:94,29:93
0.6868561	-204.699	8.186	-823.356	-610.471	-31.105	-22.918	0.55	-0.41	0.62	4	100	154	10.538	...............................................................................((((........))))...........................................................	79:94,80:93,81:92,82:91
0.6921024	-208.952	7.595	-1017.032	-800.485	-46.33	-38.735	0.62	-0.35	0.64	6	100	154	10.538	..........................................((((((.............................................)))))).......................................................	42:98,43:97,44:96,45:95,46:94,47:93
0.7109894	-225.203	10.095	-1109.137	-873.838	-23.059	-12.964	0.52	-0.58	0.54	4	100	154	10.538	.......................................................((((........................................................))))...................................	55:118,56:117,57:116,58:115
0.7136676	-227.666	10.835	-814.412	-575.911	-43.804	-32.969	0.51	-0.63	0.68	5	100	154	10.538	.......................(((((................................................................................................................))))).........	23:144,24:143,25:142,26:141,27:140
0.7175649	-231.489	17.158	-1003.232	-754.585	-46.894	-29.736	0.63	-0.4	0.67	6	100	154	10.538	................................................................((((((.....................)))))).........................................................	64:96,65:95,66:94,67:93,68:92,69:91
0.7283574	-243.108	7.067	-594.356	-344.181	-35.919	-28.853	0.71	-0.33	0.8	4	100	154	10.538	...............................................................((((..........................................................................)))).........	63:144,64:143,65:142,66:141
0.7328044	-248.093	14.42	-677.42	-414.907	-34.231	-19.811	0.6	-0.45	0.77	4	100	154	10.538	.......................((((......................)))).....................................................................................................	23:52,24:51,25:50,26:49
0.7431272	-261.734	0.072	-1017.595	-755.789	-26.177	-26.105	0.57	-0.45	0.57	4	100	154	10.538	...((((......................................................................................................)))).........................................	3:112,4:111,5:110,6:109
0.7456255	-265.04	4.032	-1418.769	-1149.698	-24.706	-20.674	0.44	-0.86	0.43	4	100	154	10.538	......................((((........................................................................................))))....................................	22:117,23:116,24:115,25:114
0.7513216	-272.575	6.953	-764.751	-485.223	-27.934	-20.981	0.5	-0.53	0.67	4	100	154	10.538	...........................................................................................................((((..............................)))).........	107:144,108:143,109:142,110:141
0.7688995	-297.621	3.786	-1294.493	-993.086	-28.011	-24.224	0.42	-0.75	0.54	4	100	154	10.538	..................................................................................................................((((..........))))......................	114:131,115:130,116:129,117:128
0.7731265	-304.177	11.257	-1334.216	-1018.781	-40.747	-29.49	0.46	-0.64	0.62	6	100	154	10.538	...............................................((((((......................................................)))))).........................................	47:112,48:111,49:110,50:109,51:108,52:107
0.7858278	-322.457	2.796	-1348.906	-1023.653	-27.771	-24.976	0.38	-0.79	0.57	4	100	154	10.538	................................................................................................................((((.....................)))).............	112:140,113:139,114:138,115:137
0.7876465	-324.782	5.477	-1311.763	-981.504	-24.365	-18.888	0.36	-0.79	0.58	4	100	154	10.538	......................................................................((((........................................))))....................................	70:117,71:116,72:115,73:114
0.7921434	-331.266	7.733	-746.524	-407.526	-31.618	-23.886	0.47	-0.61	0.68	4	100	154	10.538	...................((((........................................................................................................................)))).......	19:146,20:145,21:144,22:143
0.8047847	-350.232	7.251	-1377.428	-1019.945	-25.621	-18.37	0.48	-0.67	0.55	4	100	154	10.538	......................................................................................................((((........))))....................................	102:117,103:116,104:115,105:114
0.8186851	-370.95	8.429	-800.492	-421.113	-29.045	-20.616	0.56	-0.6	0.58	4	100	154	10.538	.((((......................................................................................................))))...........................................	1:110,2:109,3:108,4:107
0.8255704	-381.617	1.53	-1688.04	-1304.893	-30.448	-28.917	0.47	-0.64	0.54	5	100	154	10.538	.....................................................................................(((((.......................)))))....................................	85:117,86:116,87:115,88:114,89:113
0.8310965	-389.537	4.189	-1326.982	-933.256	-24.891	-20.702	0.31	-1.02	0.46	4	100	154	10.538	..................................................................................................................((((..........................))))......	114:147,115:146,116:145,117:144
0.837722	-399.212	11.063	-1005.569	-595.294	-50.509	-39.446	0.55	-0.43	0.63	6	100	154	10.538	((((((................))))))..............................................................................................................................	0:27,1:26,2:25,3:24,4:23,5:22
0.8534611	-423.261	7.336	-810.186	-379.589	-54.927	-47.591	0.71	-0.29	0.79	6	100	154	10.538	.((((((......................................................)))))).......................................................................................	1:66,2:65,3:64,4:63,5:62,6:61
0.853621	-423.468	12.183	-854.084	-418.432	-30.791	-18.608	0.57	-0.69	0.61	4	100	154	10.538	...............................................................................((((..............................................................)))).....	79:148,80:147,81:146,82:145
0.8543505	-424.364	11.18	-691.249	-255.705	-35.79	-24.61	0.62	-0.6	0.66	4	100	154	10.538	..((((..........................................................................................................................................))))......	2:147,3:146,4:145,5:144
0.8569987	-427.953	10.589	-810.354	-371.812	-14.755	-4.166	0.31	-0.74	0.61	4	100	154	10.538	...................................................................((((.............................................................................))))..	67:151,68:150,69:149,70:148
0.8580979	-429.429	5.996	-783.194	-347.768	-13.657	-7.661	0.18	-0.78	0.59	4	100	154	10.538	..............................................................................................((((....................................................))))	94:153,95:152,96:151,97:150
0.8779942	-456.353	0.712	-1360.905	-903.84	-28.549	-27.837	0.46	-0.61	0.63	4	100	154	10.538	...............................................................................................................((((...............))))....................	111:133,112:132,113:131,114:130
0.8805025	-460.244	4.656	-760.795	-295.895	-50.527	-45.871	0.59	-0.28	0.82	6	100	154	10.538	((((((...))))))...........................................................................................................................................	0:14,1:13,2:12,3:11,4:10,5:9
0.8828109	-463.49	14.191	-1057.286	-579.605	-23.581	-9.391	0.37	-0.94	0.48	4	100	154	10.538	...........................................................................((((...................................................................))))....	75:149,76:148,77:147,78:146
0.9030669	-497.139	-1.836	-1438.436	-943.133	-27.411	-29.248	0.41	-0.69	0.62	4	100	154	10.538	............((((................................................................................................))))......................................	12:115,13:114,14:113,15:112
0.9052254	-501.032	2.736	-1719.781	-1216.014	-39.551	-36.815	0.6	-0.38	0.65	6	100	154	10.538	........((((((...................................................................................................))))))...................................	8:118,9:117,10:116,11:115,12:114,13:113
0.9179266	-523.294	10.734	-847.665	-313.637	-23.32	-12.586	0.44	-0.68	0.63	4	100	154	10.538	............................................................((((...................................................................................))))...	60:150,61:149,62:148,63:147
0.920235	-527.695	3.513	-747.289	-216.082	-18.039	-14.526	0.33	-0.53	0.73	4	100	154	10.538	.....((((...........................................................................................................................................))))..	5:151,6:150,7:149,8:148
0.94199	-568.191	4.383	-1878.272	-1305.698	-32.302	-27.919	0.46	-0.73	0.53	5	100	154	10.538	........................................................................................(((((..................)))))......................................	88:115,89:114,90:113,91:112,92:111
0.9461272	-572.263	9.574	-816.443	-234.606	-17.171	-7.597	0.21	-0.8	0.59	5	100	154	10.538	(((((................................................................................................................................................)))))	0:153,1:152,2:151,3:150,4:149
0.9470465	-574.621	6.172	-855.442	-274.649	-23.954	-17.782	0.44	-0.63	0.65	4	100	154	10.538	.................................................................................................................................((((..............))))...	129:150,130:149,131:148,132:147
0.9474363	-575.632	6.18	-952.852	-371.04	-17.05	-10.87	0.29	-0.84	0.56	4	100	154	10.538	................................................................................((((................................................................))))..	80:151,81:150,82:149,83:148
0.9506241	-583.956	4.529	-1993.754	-1405.269	-39.3	-34.771	0.47	-0.64	0.58	6	100	154	10.538	..............................................................((((((............................................))))))....................................	62:117,63:116,64:115,65:114,66:113,67:112
0.9604473	-610.146	14.492	-973.342	-348.705	-26.575	-12.083	0.48	-0.65	0.63	4	100	154	10.538	.................................................................((((.............................................................................))))....	65:149,66:148,67:147,68:146
0.9642147	-621.833	11.95	-1217.645	-583.862	-29.599	-17.649	0.4	-0.88	0.49	5	100	154	10.538	...........................................................................................(((((..................................................)))))...	91:150,92:149,93:148,94:147,95:146
0.9653239	-625.701	0.488	-2026.986	-1400.796	-41.373	-40.884	0.46	-0.6	0.63	6	100	154	10.538	......((((((...................................................................................................)))))).....................................	6:116,7:115,8:114,9:113,10:112,11:111
0.9936144	-784.47	8.633	-1430.809	-637.707	-28.591	-19.958	0.26	-0.77	0.61	7	100	154	10.538	...............................................................................................(((((((.............................................)))))))	95:153,96:152,97:151,98:150,99:149,100:148,101:147

