0.00348941	-88.949	3.892	-482.929	-390.089	-1.613	2.279	0.86	-0.21	0.88	4	100	155	19.678	.............................................................................................................................................((((......))))	141:154,142:153,143:152,144:151
0.00681884	-108.71	3.103	-671.805	-559.992	1.899	5.002	0.64	-0.44	0.77	4	100	155	19.678	...........................((((..................................................................................................................))))......	27:148,28:147,29:146,30:145
0.00744873	-110.815	3.892	-696.542	-581.835	-1.613	2.279	0.55	-0.5	0.73	4	100	155	19.678	......................................................................................................((((.............................................))))	102:154,103:153,104:152,105:151
0.01249788	-119.998	-0.179	-725.841	-606.022	-5.13	-5.31	0.71	-0.38	0.79	5	100	155	19.678	.....................................................................................(((((.......................................................))))).....	85:149,86:148,87:147,88:146,89:145
0.0194367	-130.316	3.892	-733.905	-599.697	-1.613	2.279	0.5	-0.57	0.72	4	100	155	19.678	.........................................................................((((..........................................................................))))	73:154,74:153,75:152,76:151
0.02224622	-134.107	2.993	-690.926	-553.826	1.899	4.892	0.56	-0.51	0.74	4	100	155	19.678	................................................................................((((..............................................................)))).....	80:149,81:148,82:147,83:146
0.02504574	-137.885	2.653	-850.297	-709.759	-0.032	2.621	0.63	-0.46	0.76	5	100	155	19.678	...........................(((((....................................................................................................................)))))..	27:152,28:151,29:150,30:149,31:148
0.02679544	-140.612	2.476	-862.295	-719.208	-0.032	2.444	0.56	-0.5	0.74	5	100	155	19.678	...............................................................................(((((..................................................................)))))	79:154,80:153,81:152,82:151,83:150
0.03093474	-146.329	0.672	-649.619	-502.618	4.484	5.156	0.66	-0.41	0.78	4	100	155	19.678	...............................................................................................((((.............................................)))).......	95:147,96:146,97:145,98:144
0.03632382	-154.369	0.695	-680.899	-525.834	1.899	2.594	0.7	-0.37	0.78	4	100	155	19.678	...................................................................................................((((.............................................))))...	99:151,100:150,101:149,102:148
0.03902337	-157.26	1.336	-682.898	-524.302	1.228	2.563	0.51	-0.47	0.75	4	100	155	19.678	....................................................................((((...........................................................................))))....	68:150,69:149,70:148,71:147
0.0576402	-175.742	6.479	-987.933	-805.712	-0.442	6.037	0.5	-0.55	0.55	4	100	155	19.678	................................................................................((((...))))................................................................	80:90,81:89,82:88,83:87
0.0611596	-178.395	2.993	-570.312	-388.924	1.899	4.892	0.5	-0.37	0.81	4	100	155	19.678	...........................................................((((...................................................................................)))).....	59:149,60:148,61:147,62:146
0.07207775	-187.733	3.892	-555.794	-364.17	-1.613	2.279	0.78	-0.3	0.84	4	100	155	19.678	........................((((...........................................................................................................................))))	24:154,25:153,26:152,27:151
0.07217773	-187.836	3.103	-578.319	-387.38	1.899	5.002	0.78	-0.35	0.8	4	100	155	19.678	...........................................((((..................................................................................................))))......	43:148,44:147,45:146,46:145
0.07307758	-188.678	2.963	-1209.637	-1017.997	-8.325	-5.362	0.68	-0.39	0.79	8	100	155	19.678	....................................................................................((((((((.......................................................))))))))	84:154,85:153,86:152,87:151,88:150,89:149,90:148,91:147
0.07617705	-190.768	0.04	-1002.629	-811.821	0.301	0.341	0.57	-0.51	0.56	4	100	155	19.678	....................................................................................((((.........))))......................................................	84:100,85:99,86:98,87:97
0.08568543	-196.636	3.027	-825.762	-626.099	5.655	8.683	0.57	-0.48	0.68	4	100	155	19.678	...................................................................((((.......................................................................)))).........	67:145,68:144,69:143,70:142
0.0900147	-198.972	-0.527	-615.61	-417.165	0.056	-0.471	0.37	-0.66	0.67	4	100	155	19.678	...................................................((((.........................................................................................)))).......	51:147,52:146,53:145,54:144
0.09146445	-199.995	-0.398	-726.999	-527.403	-7.71	-8.108	0.6	-0.51	0.74	4	100	155	19.678	.............................................................................................................................((((.....................)))).	125:153,126:152,127:151,128:150
0.09333413	-201.068	4.026	-1038.296	-833.202	-3.954	0.072	0.5	-0.58	0.5	4	100	155	19.678	....................................................................((((....................................................))))...........................	68:127,69:126,70:125,71:124
0.09415399	-201.554	4.215	-943.822	-738.054	6.327	10.542	0.53	-0.55	0.63	4	100	155	19.678	.........................................................................................((((...)))).......................................................	89:99,90:98,91:97,92:96
0.0970535	-203.649	2.413	-991.778	-785.716	5.655	8.069	0.51	-0.57	0.56	4	100	155	19.678	.....................................................................((((.......................)))).......................................................	69:99,70:98,71:97,72:96
0.09726347	-203.748	4.047	-1090.909	-883.114	6.327	10.373	0.54	-0.6	0.51	4	100	155	19.678	.............................................................................................((((........................................))))..............	93:140,94:139,95:138,96:137
0.09757341	-203.986	-4.26	-633.632	-433.906	-11.222	-15.483	0.44	-0.6	0.7	4	100	155	19.678	....................................((((............................................................................................................))))...	36:151,37:150,38:149,39:148
0.1071218	-209.446	4.191	-1145.91	-932.273	6.327	10.518	0.52	-0.51	0.49	4	100	155	19.678	............................((((................................................)))).......................................................................	28:83,29:82,30:81,31:80
0.1133707	-212.422	5.62	-934.371	-716.33	5.062	10.682	0.67	-0.4	0.8	6	100	155	19.678	................................................................((((((..........................................................................)))))).....	64:149,65:148,66:147,67:146,68:145,69:144
0.1239289	-217.52	6.433	-1159.635	-935.681	4.652	11.085	0.5	-0.52	0.59	5	100	155	19.678	...................................................................(((((................)))))..............................................................	67:92,68:91,69:90,70:89,71:88
0.1259786	-218.266	0.297	-992.131	-773.567	1.899	2.196	0.54	-0.55	0.55	4	100	155	19.678	.....................................................................................................((((.........................)))).....................	101:133,102:132,103:131,104:130
0.1277983	-219.065	3.789	-965.394	-742.539	1.55	5.339	0.73	-0.41	0.79	6	100	155	19.678	...............................................................((((((................................................................................))))))	63:154,64:153,65:152,66:151,67:150,68:149
0.1301779	-220.451	1.401	-1270.807	-1048.955	-0.703	0.698	0.61	-0.41	0.55	5	100	155	19.678	...........................(((((.....................................................))))).................................................................	27:89,28:88,29:87,30:86,31:85
0.1314577	-221.089	6.652	-1100.271	-872.53	6.908	13.56	0.46	-0.62	0.57	5	100	155	19.678	........................................(((((.......................)))))..................................................................................	40:72,41:71,42:70,43:69,44:68
0.170471	-238.324	4.423	-1051.354	-808.606	6.327	10.75	0.46	-0.68	0.56	4	100	155	19.678	..................................................................((((.......))))..........................................................................	66:80,67:79,68:78,69:77
0.1742104	-239.561	2.882	-1014.392	-771.949	4.484	7.366	0.59	-0.45	0.58	4	100	155	19.678	...................................................................................((((.....................................................))))...........	83:143,84:142,85:141,86:140
0.1747903	-239.784	3.027	-1143.295	-900.484	5.655	8.683	0.52	-0.56	0.49	4	100	155	19.678	...................................................................((((...)))).............................................................................	67:77,68:76,69:75,70:74
0.1816291	-242.384	6.479	-889.673	-640.81	-0.442	6.037	0.39	-0.59	0.62	4	100	155	19.678	...........................................................((((........................))))................................................................	59:90,60:89,61:88,62:87
0.1865683	-244.602	4.302	-982.814	-733.911	6.327	10.629	0.52	-0.7	0.57	4	100	155	19.678	...........................((((............))))............................................................................................................	27:46,28:45,29:44,30:43
0.1914475	-245.929	2.486	-955.074	-706.658	0.229	2.716	0.43	-0.74	0.5	4	100	155	19.678	......................................((((..................................................))))...........................................................	38:95,39:94,40:93,41:92
0.1936971	-246.692	1.151	-1039.057	-791.215	4.984	6.135	0.39	-0.73	0.51	4	100	155	19.678	....................................................................((((..........................................)))).....................................	68:117,69:116,70:115,71:114
0.1996061	-248.981	1.644	-1039.434	-788.809	4.984	6.628	0.43	-0.6	0.5	4	100	155	19.678	...................................................................((((................................))))................................................	67:106,68:105,69:104,70:103
0.2044652	-250.731	4.423	-990.738	-735.584	6.327	10.75	0.58	-0.55	0.6	4	100	155	19.678	..................................................................((((.....................))))............................................................	66:94,67:93,68:92,69:91
0.2081246	-252.084	4.192	-1050.147	-793.871	6.327	10.519	0.41	-0.78	0.49	4	100	155	19.678	................................................................................((((.............................))))......................................	80:116,81:115,82:114,83:113
0.2104842	-252.623	2.837	-984.988	-729.528	5.655	8.492	0.42	-0.65	0.54	4	100	155	19.678	.............................................((((...................))))...................................................................................	45:71,46:70,47:69,48:68
0.2110041	-252.763	3.103	-675.026	-419.16	1.899	5.002	0.55	-0.49	0.74	4	100	155	19.678	................................................................................................................((((.............................))))......	112:148,113:147,114:146,115:145
0.211574	-252.891	4.047	-1033.593	-776.655	6.327	10.373	0.59	-0.5	0.57	4	100	155	19.678	.............................................................................................((((..........................................))))............	93:142,94:141,95:140,96:139
0.217913	-254.667	1.462	-1146.432	-890.303	6.327	7.788	0.45	-0.71	0.51	4	100	155	19.678	.............................................................((((..............................................................))))........................	61:130,62:129,63:128,64:127
0.2186528	-254.919	6.666	-1186.396	-924.81	3.742	10.408	0.5	-0.68	0.49	4	100	155	19.678	.....................................................................................................((((...............................))))...............	101:139,102:138,103:137,104:136
0.2241519	-256.758	-3.351	-1210.632	-957.225	-0.205	-3.556	0.56	-0.52	0.56	5	100	155	19.678	..................................................................................(((((...........................................)))))....................	82:134,83:133,84:132,85:131,86:130
0.2284512	-258.403	4.191	-1029.965	-767.371	6.327	10.518	0.37	-0.66	0.56	4	100	155	19.678	............................((((...........................))))............................................................................................	28:62,29:61,30:60,31:59
0.2297209	-258.797	2.848	-1028.832	-767.187	1.899	4.747	0.52	-0.68	0.54	4	100	155	19.678	.............................................................................................((((................................))))......................	93:132,94:131,95:130,96:129
0.2319306	-259.575	4.07	-1045.307	-781.662	6.327	10.397	0.56	-0.6	0.58	4	100	155	19.678	............................................................................................((((..)))).....................................................	92:101,93:100,94:99,95:98
0.2344201	-260.529	2.476	-703.825	-440.82	-0.032	2.444	0.42	-0.34	0.82	5	100	155	19.678	..........................................................(((((.......................................................................................)))))	58:154,59:153,60:152,61:151,62:150
0.2380695	-261.728	5.627	-1058.23	-790.876	7.908	13.535	0.65	-0.43	0.7	5	100	155	19.678	................................................................................................(((((........................................))))).........	96:145,97:144,98:143,99:142,100:141
0.2480678	-265.377	3.929	-1281.35	-1012.044	6.066	9.995	0.61	-0.45	0.56	5	100	155	19.678	..................................................................................(((((...................................................)))))............	82:142,83:141,84:140,85:139,86:138
0.2536669	-267.607	1.284	-1075.038	-806.148	-1.613	-0.33	0.48	-0.72	0.5	4	100	155	19.678	...............................................................................................................................((((..))))..................	127:136,128:135,129:134,130:133
0.2557165	-268.571	4.07	-1065.585	-792.943	6.327	10.397	0.62	-0.5	0.6	4	100	155	19.678	...............................................................((((..............................))))......................................................	63:100,64:99,65:98,66:97
0.2611656	-270.673	-0.649	-991.423	-721.398	0.056	-0.592	0.58	-0.57	0.57	4	100	155	19.678	.............................................................................................((((..................................))))....................	93:134,94:133,95:132,96:131
0.2678045	-273.118	4.081	-1131.423	-854.224	6.327	10.408	0.57	-0.53	0.53	4	100	155	19.678	.....................................................................................................((((.................................)))).............	101:141,102:140,103:139,104:138
0.270584	-274.422	0.509	-1040.873	-765.942	5.655	6.164	0.57	-0.57	0.57	4	100	155	19.678	..............................................................................................((((.....................))))................................	94:122,95:121,96:120,97:119
0.2727236	-275.048	4.191	-805.19	-525.951	6.327	10.518	0.43	-0.61	0.63	4	100	155	19.678	............................................((((...........))))............................................................................................	44:62,45:61,46:60,47:59
0.2789526	-277.057	4.07	-1192.39	-911.263	6.327	10.397	0.51	-0.62	0.49	4	100	155	19.678	.........................................................................((((.......................))))...................................................	73:103,74:102,75:101,76:100
0.282622	-278.235	2.486	-1063.291	-782.57	0.229	2.716	0.46	-0.73	0.46	4	100	155	19.678	......................................((((.......................................))))......................................................................	38:84,39:83,40:82,41:81
0.2861014	-279.542	5.239	-1312.474	-1027.693	7.908	13.147	0.51	-0.57	0.53	5	100	155	19.678	.................................................................................(((((.......))))).........................................................	81:97,82:96,83:95,84:94,85:93
0.288061	-280.189	4.108	-1190.77	-906.474	-0.703	3.405	0.62	-0.48	0.62	5	100	155	19.678	................................................................(((((.................)))))................................................................	64:90,65:89,66:88,67:87,68:86
0.2917704	-281.429	2.73	-1294.338	-1010.178	1.638	4.368	0.58	-0.51	0.54	5	100	155	19.678	..................................................................................(((((.........................................)))))......................	82:132,83:131,84:130,85:129,86:128
0.2931902	-282.074	-0.021	-892.692	-610.639	-5.386	-5.407	0.73	-0.42	0.79	5	100	155	19.678	.........................................................................................................................(((((...................))))).....	121:149,122:148,123:147,124:146,125:145
0.2971095	-282.808	7.247	-1195.905	-905.85	0.229	7.476	0.56	-0.52	0.49	4	100	155	19.678	............................((((.............................................................................................))))..........................	28:128,29:127,30:126,31:125
0.2972995	-282.843	2.45	-1110.813	-825.521	-5.125	-2.675	0.51	-0.64	0.51	4	100	155	19.678	................................................................................((((.......................................))))............................	80:126,81:125,82:124,83:123
0.299849	-283.607	3.114	-962.435	-675.714	1.899	5.013	0.43	-0.77	0.57	4	100	155	19.678	.................................................((((........................................................................................))))..........	49:144,50:143,51:142,52:141
0.3032984	-284.743	7.102	-1081.878	-790.033	0.229	7.332	0.5	-0.74	0.52	4	100	155	19.678	.............................................................................................((((......................................))))................	93:138,94:137,95:136,96:135
0.3035384	-284.828	1.462	-1183.087	-896.798	6.327	7.788	0.44	-0.69	0.48	4	100	155	19.678	..................................................................................((((.........................................))))........................	82:130,83:129,84:128,85:127
0.305768	-285.983	1.284	-1014.495	-727.228	-1.613	-0.33	0.52	-0.68	0.53	4	100	155	19.678	.............................................................................................((((....................................))))..................	93:136,94:135,95:134,96:133
0.3087075	-287.105	1.336	-717.762	-429.322	1.228	2.563	0.65	-0.48	0.73	4	100	155	19.678	.................((((..............................................................................................................................))))....	17:150,18:149,19:148,20:147
0.3145865	-289.402	5.21	-1014.914	-720.302	-5.462	-0.253	0.63	-0.5	0.74	6	100	155	19.678	..............................................((((((................................................................................................)))))).	46:153,47:152,48:151,49:150,50:149,51:148
0.3195857	-291.502	1.462	-1122.032	-829.068	6.327	7.788	0.53	-0.62	0.54	4	100	155	19.678	.............................................................((((.................)))).....................................................................	61:85,62:84,63:83,64:82
0.3222252	-292.629	0.922	-873.986	-580.434	-3.283	-2.36	0.41	-0.73	0.57	4	100	155	19.678	.....................................((((....................................................................................................))))..........	37:144,38:143,39:142,40:141
0.323275	-293.163	5.395	-1217.155	-918.597	7.908	13.303	0.59	-0.48	0.62	5	100	155	19.678	....................................................................................................(((((...................................)))))..........	100:144,101:143,102:142,103:141,104:140
0.3279842	-294.749	4.192	-1080.833	-781.892	6.327	10.519	0.5	-0.73	0.54	4	100	155	19.678	..............................................((((.................................................))))....................................................	46:102,47:101,48:100,49:99
0.3325735	-296.466	-2	-1155	-860.534	4.484	2.484	0.49	-0.72	0.52	4	100	155	19.678	..............................................................((((.................))))....................................................................	62:86,63:85,64:84,65:83
0.3347431	-297.258	5.262	-1322.713	-1020.192	7.908	13.17	0.56	-0.52	0.52	5	100	155	19.678	.......................................................................(((((..................)))))........................................................	71:98,72:97,73:96,74:95,75:94
0.3378726	-298.594	3.027	-1105.216	-803.594	5.655	8.683	0.44	-0.87	0.48	4	100	155	19.678	................((((......................................................)))).............................................................................	16:77,17:76,18:75,19:74
0.3385025	-298.797	4.081	-1115.413	-812.535	6.327	10.408	0.56	-0.65	0.58	4	100	155	19.678	..............................................................((((..........................................................................))))...........	62:143,63:142,64:141,65:140
0.3399522	-299.144	2.993	-512.306	-210.169	1.899	4.892	0.13	-0.32	0.84	4	100	155	19.678	........................................................((((......................................................................................)))).....	56:149,57:148,58:147,59:146
0.3427117	-300.288	5.262	-1390.055	-1084.504	7.908	13.17	0.53	-0.59	0.52	5	100	155	19.678	.............................................................................(((((............)))))........................................................	77:98,78:97,79:96,80:95,81:94
0.3448814	-300.956	-2.206	-1036.467	-737.717	-7.722	-9.928	0.39	-0.82	0.5	4	100	155	19.678	...................................((((.................................))))...............................................................................	35:75,36:74,37:73,38:72
0.3449114	-300.972	6.514	-1418.315	-1110.829	3.481	9.995	0.49	-0.67	0.51	5	100	155	19.678	..................................................................................(((((.................................................)))))..............	82:140,83:139,84:138,85:137,86:136
0.3477009	-302.334	5.239	-1300.143	-992.569	7.908	13.147	0.5	-0.63	0.56	5	100	155	19.678	............................................................(((((............................))))).........................................................	60:97,61:96,62:95,63:94,64:93
0.3608986	-307.832	4.191	-1002.877	-690.854	6.327	10.518	0.46	-0.72	0.56	4	100	155	19.678	............................................((((................................)))).......................................................................	44:83,45:82,46:81,47:80
0.3621184	-308.519	4.969	-1338.153	-1024.665	-8.469	-3.501	0.54	-0.58	0.55	5	100	155	19.678	.......................................................................................(((((................................)))))..........................	87:128,88:127,89:126,90:125,91:124
0.3637082	-309.042	3.903	-1128.408	-815.463	-1.613	2.29	0.46	-0.74	0.5	4	100	155	19.678	.....................................................................................................((((.............................)))).................	101:137,102:136,103:135,104:134
0.3677975	-310.237	0.33	-1178.019	-867.452	4.484	4.814	0.47	-0.7	0.5	4	100	155	19.678	.....................................................................................................((((.......................)))).......................	101:131,102:130,103:129,104:128
0.3729066	-311.277	4.192	-944.438	-628.969	6.327	10.519	0.31	-0.74	0.56	4	100	155	19.678	...........................................................((((..................................................))))......................................	59:116,60:115,61:114,62:113
0.3754462	-312.576	1.956	-1580.695	-1266.162	0.879	2.835	0.59	-0.42	0.52	6	100	155	19.678	...................................................................................((((((..........))))))..................................................	83:104,84:103,85:102,86:101,87:100,88:99
0.3756561	-312.634	1.351	-1052.746	-738.761	-1.613	-0.262	0.57	-0.58	0.57	4	100	155	19.678	......................................................................................................................................((((..))))...........	134:143,135:142,136:141,137:140
0.3891438	-318.253	2.486	-1060.61	-739.871	0.229	2.716	0.42	-0.81	0.49	4	100	155	19.678	......................................((((..................))))...........................................................................................	38:63,39:62,40:61,41:60
0.3927532	-319.838	-6.617	-1224.423	-911.203	-14.08	-20.697	0.53	-0.64	0.57	5	100	155	19.678	.................................(((((...........................................................................................))))).....................	33:133,34:132,35:131,36:130,37:129
0.3986122	-321.889	1.379	-1019.152	-695.884	-0.964	0.415	0.61	-0.44	0.74	6	100	155	19.678	................................................................................................................((((((.............................))))))..	112:152,113:151,114:150,115:149,116:148,117:147
0.4025416	-323.603	3.074	-1117.771	-791.094	5.655	8.73	0.37	-0.77	0.52	4	100	155	19.678	................................................................................................((((...))))................................................	96:106,97:105,98:104,99:103
0.4063409	-324.691	6.505	-1690.733	-1359.537	10.4	16.905	0.49	-0.57	0.59	7	100	155	19.678	.........................(((((((................................)))))))....................................................................................	25:70,26:69,27:68,28:67,29:66,30:65,31:64
0.4080106	-325.135	2.993	-652.66	-324.532	1.899	4.892	0.59	-0.49	0.75	4	100	155	19.678	......................((((........................................................................................................................)))).....	22:149,23:148,24:147,25:146
0.4128098	-327.194	-2.438	-1164.115	-839.358	-7.722	-10.16	0.52	-0.59	0.56	4	100	155	19.678	.................................((((................................................................))))..................................................	33:104,34:103,35:102,36:101
0.4128198	-327.205	-2.206	-1089.95	-764.95	-7.722	-9.928	0.36	-0.83	0.5	4	100	155	19.678	...................................((((.......................................)))).........................................................................	35:81,36:80,37:79,38:78
0.417559	-329.097	5.36	-1377.875	-1043.419	5.323	10.683	0.51	-0.63	0.52	5	100	155	19.678	.............................................................................................(((((............................)))))........................	93:130,94:129,95:128,96:127,97:126
0.4183089	-329.36	5.071	-1116.469	-782.037	-2.356	2.716	0.36	-0.85	0.45	4	100	155	19.678	......................................((((....................................................................................)))).........................	38:129,39:128,40:127,41:126
0.4207085	-330.74	0.222	-1298.891	-967.929	-15.75	-15.527	0.48	-0.68	0.53	5	100	155	19.678	.................................(((((.................................................................................................)))))...............	33:139,34:138,35:137,36:136,37:135
0.4250077	-331.756	3.114	-1202.331	-867.46	1.899	5.013	0.48	-0.74	0.42	4	100	155	19.678	.................................................((((.................................................)))).................................................	49:105,50:104,51:103,52:102
0.4253777	-331.83	-3.349	-1018.445	-689.964	-6.795	-10.144	0.36	-0.95	0.46	4	100	155	19.678	....................................((((......)))).........................................................................................................	36:49,37:48,38:47,39:46
0.4263875	-332.426	4.07	-1012.231	-675.735	6.327	10.397	0.54	-0.65	0.61	4	100	155	19.678	........................((((........................................................................))))...................................................	24:103,25:102,26:101,27:100
0.4337163	-335.361	8.764	-1781.269	-1437.143	4.059	12.823	0.54	-0.59	0.55	7	100	155	19.678	...............................................................................................................................(((((((..)))))))............	127:142,128:141,129:140,130:139,131:138,132:137,133:136
0.435096	-335.884	5.732	-1141.095	-799.479	-0.686	5.046	0.4	-0.88	0.42	4	100	155	19.678	..................................................((((........................................................................)))).........................	50:129,51:128,52:127,53:126
0.4365758	-336.481	3.027	-868.717	-529.209	5.655	8.683	0.7	-0.41	0.67	4	100	155	19.678	................((((..........................................................................................................................)))).........	16:145,17:144,18:143,19:142
0.4423148	-338.979	1.632	-1371.92	-1031.31	6.066	7.698	0.53	-0.67	0.52	5	100	155	19.678	...........................(((((..............)))))........................................................................................................	27:50,28:49,29:48,30:47,31:46
0.4430947	-339.028	0.672	-661.574	-321.874	1.899	2.571	0.75	-0.41	0.8	4	100	155	19.678	...............((((.............................................................................................................................)))).......	15:147,16:146,17:145,18:144
0.4432546	-339.147	3.147	-1142.306	-800.012	1.899	5.046	0.34	-0.98	0.42	4	100	155	19.678	..................................................((((...........................))))......................................................................	50:84,51:83,52:82,53:81
0.4438645	-339.407	4.423	-953.505	-609.675	3.742	8.165	0.58	-0.61	0.58	4	100	155	19.678	...............((((........................................................................))))............................................................	15:94,16:93,17:92,18:91
0.4478539	-340.335	1.151	-1037.721	-696.234	4.984	6.135	0.45	-0.85	0.49	4	100	155	19.678	.................((((.............................................................................................)))).....................................	17:117,18:116,19:115,20:114
0.4496636	-341.035	-2.152	-1295.337	-956.454	1.638	-0.514	0.53	-0.67	0.57	5	100	155	19.678	.............................................................(((((................................................................)))))....................	61:134,62:133,63:132,64:131,65:130
0.4509733	-341.702	-6.01	-1022.954	-687.262	-8.393	-14.403	0.48	-0.75	0.55	4	100	155	19.678	...................................((((................................................................................))))................................	35:122,36:121,37:120,38:119
0.4511233	-341.778	3.751	-1254.064	-908.536	-4.459	-0.708	0.53	-0.68	0.56	5	100	155	19.678	..................................................................................(((((.............................................)))))..................	82:136,83:135,84:134,85:133,86:132
0.452923	-342.248	5.139	-1297.456	-950.069	0.139	5.278	0.57	-0.57	0.55	5	100	155	19.678	.......................................................................................(((((......................)))))....................................	87:118,88:117,89:116,90:115,91:114
0.453113	-342.393	4.423	-1066.789	-719.972	6.327	10.75	0.41	-0.82	0.49	4	100	155	19.678	...............................................................................................((((............))))........................................	95:114,96:113,97:112,98:111
0.4580421	-344.37	1.644	-1037.934	-691.92	4.984	6.628	0.37	-0.79	0.49	4	100	155	19.678	................((((...................................................................................))))................................................	16:106,17:105,18:104,19:103
0.4720398	-350.087	1.759	-984.456	-632.61	1.228	2.987	0.25	-0.92	0.48	4	100	155	19.678	....................................................((((.............))))..................................................................................	52:72,53:71,54:70,55:69
0.4741694	-350.903	6.32	-1693.723	-1336.499	9.49	15.81	0.52	-0.6	0.5	6	100	155	19.678	...............................................................................((((((.............))))))...................................................	79:103,80:102,81:101,82:100,83:99,84:98
0.4747093	-351.244	4.07	-948.104	-592.79	6.327	10.397	0.52	-0.7	0.58	4	100	155	19.678	.......................((((...................................................................)))).........................................................	23:97,24:96,25:95,26:94
0.4752292	-351.468	-1.674	-1299.462	-949.668	5.394	3.72	0.58	-0.51	0.6	5	100	155	19.678	.................................................................................................(((((.................)))))...............................	97:123,98:122,99:121,100:120,101:119
0.4754892	-351.556	4.423	-1038.677	-682.698	3.742	8.165	0.53	-0.7	0.55	4	100	155	19.678	...............((((..........................................................))))..........................................................................	15:80,16:79,17:78,18:77
0.4813182	-353.874	7.713	-1471.645	-1110.057	5.323	13.036	0.51	-0.69	0.52	5	100	155	19.678	.............................................................(((((......................................................................)))))..............	61:140,62:139,63:138,64:137,65:136
0.4829879	-354.69	3.751	-1397.64	-1039.199	-1.874	1.877	0.45	-0.76	0.49	5	100	155	19.678	...............................................................................................................................(((((..)))))................	127:138,128:137,129:136,130:135,131:134
0.4863473	-355.701	2.45	-1018.77	-660.618	-5.125	-2.675	0.46	-0.63	0.58	4	100	155	19.678	...........................................................((((............................................................))))............................	59:126,60:125,61:124,62:123
0.4922363	-358.68	5.262	-1420.377	-1056.435	7.908	13.17	0.56	-0.6	0.56	5	100	155	19.678	..............................................................................(((((..............))))).....................................................	78:101,79:100,80:99,81:98,82:97
0.4991451	-360.736	3.147	-1121.195	-757.313	1.899	5.046	0.38	-0.9	0.45	4	100	155	19.678	..................................................((((......))))...........................................................................................	50:63,51:62,52:61,53:60
0.499945	-360.975	8.45	-1439.487	-1070.061	1.811	10.261	0.5	-0.62	0.51	5	100	155	19.678	..................................................................................................(((((......................))))).........................	98:129,99:128,100:127,101:126,102:125
0.505634	-363.552	1.351	-1084.304	-719.401	-1.613	-0.262	0.51	-0.66	0.56	4	100	155	19.678	.....................................................................................................((((...........................))))...................	101:135,102:134,103:133,104:132
0.5137627	-367.85	4.95	-1384.3	-1011.5	-0.032	4.919	0.53	-0.7	0.54	5	100	155	19.678	.............................................................(((((....................................................................)))))................	61:138,62:137,63:136,64:135,65:134
0.5137827	-367.898	1.401	-1178.218	-808.919	-0.703	0.698	0.58	-0.62	0.6	5	100	155	19.678	...........................................(((((.....................................))))).................................................................	43:89,44:88,45:87,46:86,47:85
0.5148125	-368.522	4.302	-1138.514	-765.691	6.327	10.629	0.55	-0.68	0.51	4	100	155	19.678	...........................((((.................................................................................)))).......................................	27:115,28:114,29:113,30:112
0.5202416	-369.396	1.214	-669.359	-298.748	1.228	2.442	0.1	-0.92	0.54	4	100	155	19.678	...((((.............................................))))...................................................................................................	3:55,4:54,5:53,6:52
0.5245708	-371.529	4.192	-940.298	-564.577	6.327	10.519	0.4	-0.88	0.5	4	100	155	19.678	......................((((.......................................................................................))))......................................	22:116,23:115,24:114,25:113
0.5301499	-374.305	0.922	-1147.407	-772.18	-3.283	-2.36	0.33	-0.95	0.42	4	100	155	19.678	.....................................((((.............................................................)))).................................................	37:105,38:104,39:103,40:102
0.5335893	-375.744	2.476	-646.346	-268.126	-2.616	-0.141	0.14	-0.33	0.84	5	100	155	19.678	.......................................................(((((..........................................................................................)))))	55:154,56:153,57:152,58:151,59:150
0.5338093	-375.805	3.259	-964.011	-584.947	1.899	5.158	0.3	-0.81	0.55	4	100	155	19.678	....................................................((((.................................))))..............................................................	52:92,53:91,54:90,55:89
0.5342492	-376.141	6.442	-1597.584	-1215.001	9.49	15.932	0.58	-0.56	0.56	6	100	155	19.678	..............................................................((((((...............................))))))..................................................	62:104,63:103,64:102,65:101,66:100,67:99
0.5345591	-376.425	6.454	-1664.828	-1281.949	9.49	15.944	0.5	-0.64	0.53	6	100	155	19.678	........................................................................((((((..................)))))).....................................................	72:101,73:100,74:99,75:98,76:97,77:96
0.5358389	-377.326	4.074	-1191.302	-809.902	4.652	8.726	0.55	-0.65	0.59	5	100	155	19.678	...............(((((.....))))).............................................................................................................................	15:29,16:28,17:27,18:26,19:25
0.5370587	-378.176	1.344	-1257.593	-878.072	1.028	2.372	0.7	-0.42	0.78	8	100	155	19.678	...........................................((((((((..............................................................................................))))))))..	43:152,44:151,45:150,46:149,47:148,48:147,49:146,50:145
0.5387584	-379.333	-2.833	-1385.813	-1009.313	-9.652	-12.486	0.51	-0.67	0.55	5	100	155	19.678	.................................(((((...................................................................................................))))).............	33:141,34:140,35:139,36:138,37:137
0.5394083	-379.823	5.128	-1396.224	-1011.273	7.908	13.036	0.59	-0.61	0.58	5	100	155	19.678	.............................................................(((((........................................................................)))))............	61:142,62:141,63:140,64:139,65:138
0.5399382	-380.072	2.236	-1337.327	-955.019	-1.701	0.535	0.34	-0.89	0.45	5	100	155	19.678	.....................................(((((..............................)))))..............................................................................	37:76,38:75,39:74,40:73,41:72
0.5424078	-381.214	4.026	-1123.462	-738.222	-3.954	0.072	0.44	-0.87	0.48	4	100	155	19.678	.................((((.......................................................................................................))))...........................	17:127,18:126,19:125,20:124
0.5466871	-383.797	1.178	-1297.165	-912.189	-3.544	-2.365	0.59	-0.61	0.59	5	100	155	19.678	................................................................(((((.....................................................)))))............................	64:126,65:125,66:124,67:123,68:122
0.5487767	-384.905	3.751	-1400.927	-1012.271	-1.874	1.877	0.5	-0.71	0.52	5	100	155	19.678	..................................................................................(((((...............................................)))))................	82:138,83:137,84:136,85:135,86:134
0.5553556	-388.274	6.048	-1248.537	-854.215	-4.198	1.85	0.44	-0.84	0.44	4	100	155	19.678	................................................((((.........................................................................))))..........................	48:128,49:127,50:126,51:125
0.5628543	-390.267	3.224	-1028.01	-634.519	1.899	5.123	0.22	-1.18	0.37	4	100	155	19.678	...................................................((((........................................................))))........................................	51:114,52:113,53:112,54:111
0.5661338	-392.464	-2.723	-1290.767	-901.027	-9.652	-12.376	0.42	-0.74	0.54	5	100	155	19.678	..................................(((((.....................................................)))))..........................................................	34:96,35:95,36:94,37:93,38:92
0.5662337	-392.551	3.929	-1405.888	-1009.407	3.481	7.41	0.53	-0.66	0.55	5	100	155	19.678	.............................................................(((((..............................................................)))))......................	61:132,62:131,63:130,64:129,65:128
0.5717028	-394.741	6.479	-977.638	-576.418	-0.442	6.037	0.43	-0.78	0.57	4	100	155	19.678	......................((((.............................................................))))................................................................	22:90,23:89,24:88,25:87
0.5746723	-396.504	-3.054	-1415.278	-1021.828	1.882	-1.172	0.56	-0.6	0.56	5	100	155	19.678	...................................................................................................(((((................)))))..............................	99:124,100:123,101:122,102:121,103:120
0.5815811	-399.809	0.405	-1297.134	-896.921	-5.213	-4.808	0.4	-0.83	0.51	5	100	155	19.678	....................................(((((......................))))).......................................................................................	36:67,37:66,38:65,39:64,40:63
0.5832608	-400.406	2.534	-1037.489	-634.548	5.655	8.19	0.48	-0.82	0.52	4	100	155	19.678	.................((((........................))))..........................................................................................................	17:48,18:47,19:46,20:45
0.5844007	-400.855	4.302	-998.235	-593.079	6.327	10.629	0.44	-0.81	0.54	4	100	155	19.678	...........................................((((.................................................................)))).......................................	43:115,44:114,45:113,46:112
0.5913295	-404.605	4.423	-1006.956	-597.928	3.742	8.165	0.5	-0.73	0.55	4	100	155	19.678	...............((((....................................................))))................................................................................	15:74,16:73,17:72,18:71
0.5935591	-406.097	-2.833	-1343.231	-939.968	-9.652	-12.486	0.54	-0.63	0.58	5	100	155	19.678	.................................(((((.....................................................................................................)))))...........	33:143,34:142,35:141,36:140,37:139
0.611506	-414.401	3.095	-989.765	-572.269	-3.529	-0.434	0.42	-1.01	0.45	4	100	155	19.678	............((((..)))).....................................................................................................................................	12:21,13:20,14:19,15:18
0.6138956	-416.222	4.95	-1328.936	-907.764	-2.616	2.334	0.55	-0.68	0.57	5	100	155	19.678	.............................................................(((((..................................................................)))))..................	61:136,62:135,63:134,64:133,65:132
0.6190748	-418.361	4.191	-769.748	-347.196	6.327	10.518	0.13	-0.67	0.66	4	100	155	19.678	............................................((((........))))...............................................................................................	44:59,45:58,46:57,47:56
0.6211244	-418.857	4.601	-992.121	-568.663	0.898	5.499	0.3	-1	0.45	4	100	155	19.678	..........((((..........................................................................................))))...............................................	10:107,11:106,12:105,13:104
0.6247838	-419.991	5.353	-1582.261	-1156.917	5.062	10.415	0.49	-0.74	0.51	6	100	155	19.678	...............................................((((((..........))))))......................................................................................	47:68,48:67,49:66,50:65,51:64,52:63
0.6248738	-420.127	-3.577	-1373.027	-956.477	-13.824	-17.401	0.38	-0.87	0.46	5	100	155	19.678	....................................(((((...........................................)))))..................................................................	36:88,37:87,38:86,39:85,40:84
0.6250737	-420.252	5.102	-1847.815	-1422.46	4.801	9.904	0.53	-0.61	0.56	7	100	155	19.678	................................................................................................................................(((((((..)))))))...........	128:143,129:142,130:141,131:140,132:139,133:138,134:137
0.6258436	-420.908	1.02	-1312.906	-890.979	-0.703	0.317	0.51	-0.7	0.53	5	100	155	19.678	.....................................................................................(((((......................)))))......................................	85:116,86:115,87:114,88:113,89:112
0.6289331	-421.928	2.487	-1298.457	-874.042	-2.616	-0.13	0.57	-0.65	0.6	5	100	155	19.678	....................................................................................................................................(((((..)))))...........	132:143,133:142,134:141,135:140,136:139
0.635072	-424.836	4.07	-985.071	-556.166	6.327	10.397	0.19	-0.68	0.6	4	100	155	19.678	.........................................................((((.................................)))).........................................................	57:97,58:96,59:95,60:94
0.6387614	-427.757	2.369	-1495.678	-1065.552	-0.292	2.077	0.59	-0.56	0.59	6	100	155	19.678	..................................................................................................................................((((((..))))))...........	130:143,131:142,132:141,133:140,134:139,135:138
0.6397013	-427.983	3.095	-1085.778	-654.7	-3.529	-0.434	0.42	-0.86	0.52	4	100	155	19.678	............((((.....................................................))))..................................................................................	12:72,13:71,14:70,15:69
0.6416609	-428.862	3.261	-1341.641	-909.518	1.638	4.899	0.36	-0.91	0.46	5	100	155	19.678	..................................................(((((....................................)))))...........................................................	50:95,51:94,52:93,53:92,54:91
0.6440605	-430.775	2.476	-831.128	-397.877	-0.032	2.444	0.59	-0.51	0.74	5	100	155	19.678	.....................(((((............................................................................................................................)))))	21:154,22:153,23:152,24:151,25:150
0.6443305	-430.995	6.433	-1251.563	-814.135	4.652	11.085	0.53	-0.68	0.58	5	100	155	19.678	................(((((...................................................................)))))..............................................................	16:92,17:91,18:90,19:89,20:88
0.6463901	-431.913	5.383	-1219.848	-782.552	7.908	13.292	0.62	-0.57	0.62	5	100	155	19.678	...........................................(((((................)))))......................................................................................	43:68,44:67,45:66,46:65,47:64
0.6478499	-432.281	-0.869	-929.492	-498.08	-2.529	-3.398	0.2	-0.8	0.58	4	100	155	19.678	......................................................((((........................................................................)))).....................	54:133,55:132,56:131,57:130
0.6546987	-437.149	-5.596	-1352.45	-920.898	-17.592	-23.189	0.49	-0.72	0.54	5	100	155	19.678	.................................(((((...............................................................................................))))).................	33:137,34:136,35:135,36:134,37:133
0.670606	-441.512	5.446	-767.798	-320.839	-3.529	1.917	0.19	-0.84	0.58	4	100	155	19.678	...((((.....))))...........................................................................................................................................	3:15,4:14,5:13,6:12
0.6720358	-442.19	-7.146	-1531.531	-1096.487	-9.657	-16.804	0.41	-0.74	0.5	6	100	155	19.678	....................................((((((.............................................................................))))))..............................	36:124,37:123,38:122,39:121,40:120,41:119
0.676475	-446.838	-6.763	-1243.173	-803.098	-19.435	-26.198	0.53	-0.65	0.59	5	100	155	19.678	.................................(((((.............................................................................................)))))...................	33:135,34:134,35:133,36:132,37:131
0.676505	-446.876	1.626	-1606.787	-1158.286	-10.256	-8.63	0.64	-0.46	0.77	9	100	155	19.678	........................................................................................................................(((((((((.................)))))))))	120:154,121:153,122:152,123:151,124:150,125:149,126:148,127:147,128:146
0.6779947	-448.099	5.608	-1457.223	-1003.516	-2.372	3.236	0.5	-0.76	0.49	5	100	155	19.678	.................................................................................................................(((((......)))))..........................	113:128,114:127,115:126,116:125,117:124
0.6795745	-448.569	-1.496	-1342.668	-895.595	-0.959	-2.455	0.5	-0.75	0.53	5	100	155	19.678	................................................................................................................(((((....))))).............................	112:125,113:124,114:123,115:122,116:121
0.6800844	-448.66	1.478	-1218.354	-768.215	3.481	4.959	0.39	-0.93	0.49	5	100	155	19.678	.......................(((((.....................))))).....................................................................................................	23:53,24:52,25:51,26:50,27:49
0.6852035	-451.887	-2.226	-1580.459	-1130.798	-10.573	-12.799	0.59	-0.58	0.59	6	100	155	19.678	.....................................................................................((((((..............................))))))............................	85:126,86:125,87:124,88:123,89:122,90:121
0.6974014	-460.257	-0.119	-976.69	-516.552	-7.722	-7.841	0.3	-1.04	0.47	4	100	155	19.678	....................((((...........))))....................................................................................................................	20:38,21:37,22:36,23:35
0.7004409	-462.014	1.607	-1166.6	-702.979	6.327	7.934	0.38	-0.91	0.5	4	100	155	19.678	......................((((..))))...........................................................................................................................	22:31,23:30,24:29,25:28
0.7009508	-462.253	8.153	-1696.902	-1226.496	-1.035	7.119	0.52	-0.65	0.51	6	100	155	19.678	...............................................................................................................................((((((..))))))..............	127:140,128:139,129:138,130:137,131:136,132:135
0.7067499	-465.37	6.754	-1167.611	-695.487	-1.701	5.053	0.33	-0.86	0.51	5	100	155	19.678	.......................(((((.........))))).................................................................................................................	23:41,24:40,25:39,26:38,27:37
0.7157583	-468.827	4.192	-923.233	-450.214	6.327	10.519	0.1	-0.8	0.59	4	100	155	19.678	........................................................((((.....................................................))))......................................	56:116,57:115,58:114,59:113
0.7218473	-470.543	-3.736	-1023.379	-556.572	-0.615	-4.35	0.24	-0.85	0.54	4	100	155	19.678	.....................................................((((...............................................................))))...............................	53:123,54:122,55:121,56:120
0.7311757	-474.101	7.126	-907.748	-426.521	0.229	7.355	0.24	-1.09	0.45	4	100	155	19.678	......((((............................)))).................................................................................................................	6:41,7:40,8:39,9:38
0.7380445	-475.929	4.423	-1019.58	-539.228	3.742	8.165	0.38	-0.89	0.5	4	100	155	19.678	...............((((............................................................................................))))........................................	15:114,16:113,17:112,18:111
0.7422438	-477.487	-1.496	-1289.527	-813.536	-0.959	-2.455	0.59	-0.66	0.6	5	100	155	19.678	...........................................(((((.........................................................................))))).............................	43:125,44:124,45:123,46:122,47:121
0.7435836	-479.003	0.184	-923.101	-443.914	-6.041	-5.857	0.2	-0.81	0.59	4	100	155	19.678	......................................................((((..........................................................................))))...................	54:135,55:134,56:133,57:132
0.7491926	-485.398	-0.834	-1963.866	-1479.302	-4.151	-4.985	0.53	-0.6	0.54	7	100	155	19.678	...........................(((((((.....................................................................................))))))).............................	27:125,28:124,29:123,30:122,31:121,32:120,33:119

