0	70.808	22.255	-80.753	-129.307	-65.862	-43.607	1	0.59	0.71	8	11	174	1.124	....................................................................................................................((((((((.....)))))))).....................................	116:136,117:135,118:134,119:133,120:132,121:131,122:130,123:129
0	65.19	24.06	-157.797	-198.927	-80.125	-56.065	0.95	0.55	0.57	9	11	174	1.124	.............................(((((((((................)))))))))...............................................................................................................	29:62,30:61,31:60,32:59,33:58,34:57,35:56,36:55,37:54
0.00000998	58.324	10.404	-152.097	-200.017	-61.189	-50.785	0.97	0.55	0.64	9	11	174	1.124	....................................................................................(((((((((.......))))))))).................................................................	84:108,85:107,86:106,87:105,88:104,89:103,90:102,91:101,92:100
0.00001996	51.085	17.264	-45.668	-79.489	-52.177	-34.913	0.98	0.28	0.8	6	11	174	1.124	.............((((((.....................................................))))))................................................................................................	13:77,14:76,15:75,16:74,17:73,18:72
0.00237558	32.329	14.097	-67.118	-85.35	-28.196	-14.098	0.96	0.33	0.73	5	11	174	1.124	.....................................................(((((...................................)))))............................................................................	53:97,54:96,55:95,56:94,57:93
0.01229713	25.184	14.86	-35.056	-45.38	-34.166	-19.307	0.98	0.22	0.85	4	11	174	1.124	..............................................................................................................((((......))))..................................................	110:123,111:122,112:121,113:120
0.01382429	24.569	7.894	-25.129	-41.805	-31.612	-23.719	0.98	-0.05	0.94	4	11	174	1.124	...................................................................((((....))))...............................................................................................	67:78,68:77,69:76,70:75
0.01964346	22.845	20.134	-56.517	-59.228	-18.771	1.363	0.91	-0.09	0.85	5	11	174	1.124	.......(((((..................................................................................)))))...........................................................................	7:98,8:97,9:96,10:95,11:94
0.02131036	22.418	15.869	-61.294	-67.844	-38.272	-22.403	0.89	-0.04	0.85	5	11	174	1.124	..........(((((...........................................................)))))...............................................................................................	10:78,11:77,12:76,13:75,14:74
0.03044338	20.501	8.347	-27.203	-39.356	-31.992	-23.645	1	0.26	0.87	4	11	174	1.124	.......................................................................................................................((((...............))))................................	119:141,120:140,121:139,122:138
0.03429621	19.842	8.428	-55.034	-66.448	-46.213	-37.785	0.96	0.08	0.89	5	11	174	1.124	..................................................................(((((.....................................))))).............................................................	66:112,67:111,68:110,69:109,70:108
0.03734055	19.371	15.002	-83.335	-87.704	-42.268	-27.266	0.95	0.19	0.78	5	11	174	1.124	..................................(((((.........................................................................))))).........................................................	34:116,35:115,36:114,37:113,38:112
0.04254087	18.56	10.133	-77.672	-86.099	-39.402	-29.269	0.97	0.23	0.78	6	11	174	1.124	...........................................................................................((((((................)))))).......................................................	91:118,92:117,93:116,94:115,95:114,96:113
0.04255086	18.556	14.321	-83.317	-87.553	-39.028	-24.707	0.95	0.16	0.76	5	11	174	1.124	.....................................................................................................(((((......))))).........................................................	101:116,102:115,103:114,104:113,105:112
0.04782105	17.819	13.749	-67.202	-71.272	-36.52	-22.771	0.95	0.22	0.78	5	11	174	1.124	..........................................................................(((((....)))))......................................................................................	74:87,75:86,76:85,77:84,78:83
0.06312259	16.088	12.033	-41.142	-45.198	-37.743	-25.711	0.93	0	0.87	4	11	174	1.124	..............((((.................................................)))).......................................................................................................	14:70,15:69,16:68,17:67
0.06514882	15.851	14.85	-88.944	-89.944	-33.84	-18.99	0.95	0.31	0.71	5	11	174	1.124	..........................(((((.......................................................................)))))...................................................................	26:106,27:105,28:104,29:103,30:102
0.06676582	15.681	10.144	-44.12	-49.656	-36.318	-26.175	0.98	0.25	0.82	4	11	174	1.124	................................................................................................................((((.............)))).........................................	112:132,113:131,114:130,115:129
0.0677939	15.579	12.957	-77.556	-80.178	-42.37	-29.413	0.93	-0.07	0.84	5	11	174	1.124	.........(((((..............................................................................................))))).............................................................	9:112,10:111,11:110,12:109,13:108
0.07390254	14.944	12.965	-86.724	-88.704	-36.231	-23.266	0.89	0.05	0.69	5	11	174	1.124	.....................................................................................................(((((..............))))).................................................	101:124,102:123,103:122,104:121,105:120
0.07567924	14.789	12.702	-52.909	-54.996	-37.896	-25.194	0.95	0.06	0.85	4	11	174	1.124	................((((............................................................................................))))..........................................................	16:115,17:114,18:113,19:112
0.08498193	13.919	13.861	-77.676	-77.734	-42.712	-28.85	0.91	-0.16	0.83	5	11	174	1.124	..................................................................................(((((.....................))))).............................................................	82:112,83:111,84:110,85:109,86:108
0.09192901	13.347	10.875	-63.789	-66.261	-38.556	-27.68	0.95	0.05	0.83	5	11	174	1.124	..................................................................................(((((........................................)))))..........................................	82:131,83:130,84:129,85:128,86:127
0.0972591	12.883	13.905	-80.523	-79.501	-34.467	-20.562	0.84	-0.01	0.8	5	11	174	1.124	......(((((..........................................................................................)))))....................................................................	6:105,7:104,8:103,9:102,10:101
0.1006927	12.629	11.782	-51.769	-52.616	-14.842	-3.06	0.84	-0.22	0.82	4	11	174	1.124	...............................................................................................((((......................)))).................................................	95:124,96:123,97:122,98:121
0.1027788	12.462	8.17	-60.36	-64.652	-34.512	-26.342	0.93	0.22	0.78	4	11	174	1.124	......................................................................................((((................................................))))................................	86:141,87:140,88:139,89:138
0.1084682	12.058	14.398	-77.713	-75.373	-30.183	-15.786	0.91	0.13	0.69	4	11	174	1.124	..................................((((.....))))...............................................................................................................................	34:46,35:45,36:44,37:43
0.113429	11.678	20.675	-96.777	-87.78	-50.388	-29.713	0.91	0.02	0.79	6	11	174	1.124	.............((((((...............................................................))))))......................................................................................	13:87,14:86,15:85,16:84,17:83,18:82
0.1168527	11.415	9.519	-64.453	-66.348	-22.673	-13.154	0.91	0.15	0.8	4	11	174	1.124	........................((((........................................................................))))......................................................................	24:103,25:102,26:101,27:100
0.1219332	11.048	2.789	-30.598	-38.858	-32.374	-29.586	1	0.21	0.9	4	11	174	1.124	.........................................................................((((..............................................................))))...............................	73:142,74:141,75:140,76:139
0.128501	10.571	3.953	-30.511	-37.129	-36.28	-32.327	0.98	-0.05	0.98	4	11	174	1.124	...................................................................((((....................................................................))))...............................	67:142,68:141,69:140,70:139
0.1552612	8.81	14.085	-79.583	-74.308	-30.915	-16.83	0.91	0.01	0.75	4	11	174	1.124	...........((((.....................................................................))))......................................................................................	11:87,12:86,13:85,14:84
0.1578264	8.65	13.881	-41.331	-36.1	-40.781	-26.9	0.86	-0.18	0.91	4	11	174	1.124	...............................................................................................................................................((((..................)))).....	143:168,144:167,145:166,146:165
0.1676582	8.053	11.858	-101.8	-97.994	-30.863	-19.005	0.91	0.03	0.71	5	11	174	1.124	....................................................................................................(((((.........))))).......................................................	100:118,101:117,102:116,103:115,104:114
0.1750045	7.603	11.435	-62.836	-59.004	-32.462	-21.026	0.89	-0.01	0.81	4	11	174	1.124	..................................((((....................................................................................))))................................................	34:125,35:124,36:123,37:122
0.1758629	7.558	8.017	-77.259	-76.8	-43.356	-35.339	0.87	-0.13	0.79	5	11	174	1.124	........................................................................(((((...............................))))).............................................................	72:112,73:111,74:110,75:109,76:108
0.1777494	7.453	7.487	-75.395	-75.362	-24.163	-16.676	0.89	0.11	0.77	4	11	174	1.124	...................................................................((((............................)))).......................................................................	67:102,68:101,69:100,70:99
0.1807638	7.283	7.663	-82.018	-81.638	-25.187	-17.524	0.91	0.12	0.7	4	11	174	1.124	..........................................((((.......................................................)))).....................................................................	42:104,43:103,44:102,45:101
0.1809135	7.272	6.135	-65.936	-67.074	-44.524	-38.389	0.96	0	0.93	5	11	174	1.124	...................................................(((((......................................................)))))...........................................................	51:114,52:113,53:112,54:111,55:110
0.1819516	7.213	15.652	-79.827	-71.388	-22.01	-6.359	0.87	-0.13	0.79	5	11	174	1.124	..............................................................................................(((((..............)))))........................................................	94:117,95:116,96:115,97:114,98:113
0.1879005	6.86	6.238	-46.311	-46.932	-32.876	-26.638	0.98	0.11	0.9	4	11	174	1.124	...................................................................................((((....................................................))))...............................	83:142,84:141,85:140,86:139
0.1879504	6.855	7.565	-51.57	-50.86	-33.205	-25.64	0.95	0	0.92	4	11	174	1.124	..........((((.............................................................................................................................))))...............................	10:142,11:141,12:140,13:139
0.1887889	6.805	2.338	-53.414	-57.881	-32.562	-30.224	0.95	0	0.91	4	11	174	1.124	...................................................((((......................)))).............................................................................................	51:80,52:79,53:78,54:77
0.1976923	6.285	12.018	-67.955	-62.222	-33.677	-21.658	0.86	-0.01	0.72	4	11	174	1.124	................((((....................................................................................................))))..................................................	16:123,17:122,18:121,19:120
0.1997684	6.175	12.54	-71.671	-65.306	-28.163	-15.623	0.93	0.24	0.7	4	11	174	1.124	....................................................................................((((.............................)))).....................................................	84:120,85:119,86:118,87:117
0.2162079	5.257	9.334	-57.448	-53.371	-17.598	-8.265	0.89	-0.28	0.86	4	11	174	1.124	...............................................................................................((((............................................................))))...........	95:162,96:161,97:160,98:159
0.2261793	4.707	11.338	-92.733	-86.102	-43.279	-31.941	0.9	0.01	0.82	7	11	174	1.124	...........................................................................................(((((((.......................)))))))..............................................	91:127,92:126,93:125,94:124,95:123,96:122,97:121
0.2266784	4.682	12.143	-65.565	-58.104	-44.215	-32.072	0.87	-0.19	0.91	5	11	174	1.124	.......................................(((((..................................................................)))))...........................................................	39:114,40:113,41:112,42:111,43:110
0.2281756	4.597	11.712	-79.52	-72.404	-26.375	-14.662	0.91	-0.11	0.79	5	11	174	1.124	.............................................................................................(((((...............)))))........................................................	93:117,94:116,95:115,96:114,97:113
0.2351127	4.222	5.884	-110.537	-108.874	-38.546	-32.662	0.85	0.13	0.69	5	11	174	1.124	....................................................(((((............................................)))))....................................................................	52:105,53:104,54:103,55:102,56:101
0.2364901	4.148	11.186	-118.951	-111.913	-32.711	-21.525	0.91	0.02	0.74	6	11	174	1.124	.................................................................................((((((............)))))).....................................................................	81:104,82:103,83:102,84:101,85:100,86:99
0.2421596	3.826	10.37	-73.21	-66.665	-35.074	-24.703	0.89	-0.11	0.81	4	11	174	1.124	............((((............................................................................................................................................))))..............	12:159,13:158,14:157,15:156
0.2452538	3.663	11.654	-57.471	-49.479	-42.067	-30.413	0.82	-0.21	0.86	5	11	174	1.124	....(((((.................................................................................................................................)))))...............................	4:142,5:141,6:140,7:139,8:138
0.2503943	3.397	8.138	-62.892	-58.151	-17.334	-9.197	0.82	-0.15	0.81	4	11	174	1.124	.....................................................((((......................................))))...........................................................................	53:98,54:97,55:96,56:95
0.2511628	3.364	7.044	-90.516	-86.835	-42.71	-35.665	0.93	0.09	0.8	5	11	174	1.124	................(((((..............................)))))......................................................................................................................	16:55,17:54,18:53,19:52,20:51
0.2533588	3.262	12.991	-76.272	-66.543	-13.42	-0.429	0.82	-0.16	0.76	4	11	174	1.124	..........................................((((.................................................))))...........................................................................	42:98,43:97,44:96,45:95
0.2585291	2.993	12.579	-62.503	-52.918	-35.568	-22.989	0.89	-0.29	0.86	4	11	174	1.124	...................................................................................((((.................................................))))..................................	83:139,84:138,85:137,86:136
0.2590981	2.96	19.694	-84.144	-67.411	-34.916	-15.222	0.8	-0.35	0.75	4	11	174	1.124	..................................................................................................................((((...................................)))).................	114:156,115:155,116:154,117:153
0.2622822	2.799	6.265	-46.22	-42.754	-34.588	-28.323	0.86	-0.24	0.86	4	11	174	1.124	.......................................((((..................)))).............................................................................................................	39:64,40:63,41:62,42:61
0.2656758	2.618	5.362	-46.531	-43.788	-32.205	-26.843	0.95	0.04	0.89	4	11	174	1.124	....................................................................................................................((((...................))))...............................	116:142,117:141,118:140,119:139
0.2687801	2.449	8.337	-46.409	-40.521	-33.351	-25.014	0.95	-0.08	0.96	4	11	174	1.124	.....................((((..................................................................................................................))))...............................	21:142,22:141,23:140,24:139
0.276905	2.028	15.874	-65.124	-51.279	-21.349	-5.474	0.89	-0.11	0.82	4	11	174	1.124	.................................................................................((((........)))).............................................................................	81:96,82:95,83:94,84:93
0.2808975	1.828	11.099	-98.362	-89.092	-21.089	-9.99	0.86	0	0.71	4	11	174	1.124	..........((((.....................................................................................)))).......................................................................	10:102,11:101,12:100,13:99
0.2874953	1.51	17.073	-97.712	-82.149	-27.922	-10.849	0.87	-0.07	0.68	5	11	174	1.124	..........................................(((((.............................................))))).............................................................................	42:96,43:95,44:94,45:93,46:92
0.2914279	1.303	13.352	-105.767	-93.718	-36.815	-23.463	0.82	-0.09	0.72	5	11	174	1.124	........................................(((((........................................................)))))....................................................................	40:105,41:104,42:103,43:102,44:101
0.2976963	0.966	6.885	-44.658	-38.739	-31.992	-25.106	0.93	-0.11	0.95	4	11	174	1.124	..........................((((............................................................................................................))))................................	26:141,27:140,28:139,29:138
0.2982652	0.935	7.448	-64.322	-57.809	-40.241	-32.793	0.93	-0.05	0.85	4	11	174	1.124	.......................................................................................................................................((((..................)))).............	135:160,136:159,137:158,138:157
0.2989739	0.897	14.44	-56.888	-43.346	-24.814	-10.375	0.91	-0.05	0.85	4	11	174	1.124	.......((((.................................................................................))))..............................................................................	7:95,8:94,9:93,10:92
0.3003314	0.827	9.774	-112.964	-104.018	-46.371	-36.597	0.89	0.07	0.76	6	11	174	1.124	.....................................................................................................((((((..................................................))))))...........	101:162,102:161,103:160,104:159,105:158,106:157
0.307518	0.472	7.497	-65.907	-58.882	-30.055	-22.558	0.91	-0.12	0.9	4	11	174	1.124	.....................((((............)))).....................................................................................................................................	21:40,22:39,23:38,24:37
0.326323	-0.489	3.844	-54.77	-50.438	-35.726	-31.882	0.95	0.14	0.82	4	11	174	1.124	..................................................................................................................................((((.......................)))).............	130:160,131:159,132:158,133:157
0.3366638	-0.997	13.17	-90.286	-76.119	-13.42	-0.25	0.8	-0.25	0.7	4	11	174	1.124	..........................................((((..................................................))))..........................................................................	42:99,43:98,44:97,45:96
0.3412652	-1.218	9.963	-105.235	-94.054	-39.399	-29.436	0.76	-0.19	0.73	5	11	174	1.124	.....................................................................................................(((((......................................))))).........................	101:148,102:147,103:146,104:145,105:144
0.3458467	-1.444	14.024	-59.057	-43.588	-35.519	-21.495	0.77	-0.17	0.78	4	11	174	1.124	.......................................................................................................................((((..........................................)))).....	119:168,120:167,121:166,122:165
0.3509872	-1.687	14.413	-111.181	-95.081	-45.419	-31.006	0.82	-0.07	0.76	6	11	174	1.124	..................................((((((...............................................................................)))))).................................................	34:124,35:123,36:122,37:121,38:120,39:119
0.3539117	-1.85	10.007	-65.796	-53.939	-29.4	-19.393	0.93	0.13	0.78	4	11	174	1.124	.....................................................((((...................................))))..............................................................................	53:95,54:94,55:93,56:92
0.3657297	-2.447	10.767	-55.536	-42.322	-29.618	-18.85	0.93	0.04	0.85	4	11	174	1.124	........................((((...............................................................))))...............................................................................	24:94,25:93,26:92,27:91
0.3753319	-2.932	11.738	-106.815	-92.144	-22.428	-10.69	0.8	-0.24	0.71	5	11	174	1.124	..............................................................................................(((((..............................................)))))........................	94:149,95:148,96:147,97:146,98:145
0.3761204	-2.966	5.932	-66.796	-57.898	-28.978	-23.046	0.91	0.01	0.76	4	11	174	1.124	............................................................................................((((.................................................)))).........................	92:148,93:147,94:146,95:145
0.3846745	-3.403	7.408	-80.176	-69.365	-34.769	-27.36	0.89	-0.05	0.75	4	11	174	1.124	..................................((((...............)))).....................................................................................................................	34:56,35:55,36:54,37:53
0.3889665	-3.632	0.252	-66.026	-62.142	-33.245	-32.993	0.95	0.11	0.84	4	11	174	1.124	...................................................((((......)))).............................................................................................................	51:64,52:63,53:62,54:61
0.3894656	-3.658	7.495	-82.207	-71.054	-20.675	-13.181	0.89	-0.06	0.77	4	11	174	1.124	..................................................................................................((((.......................................................)))).............	98:160,99:159,100:158,101:157
0.3898349	-3.676	14.592	-164.205	-145.937	-79.675	-65.083	0.88	-0.17	0.81	9	11	174	1.124	.............................................................................................................................................(((((((((..))))))))).............	141:160,142:159,143:158,144:157,145:156,146:155,147:154,148:153,149:152
0.3936578	-3.881	15.914	-85.427	-65.633	-35.2	-19.286	0.86	-0.05	0.72	4	11	174	1.124	...............((((................................................................................................)))).......................................................	15:118,16:117,17:116,18:115
0.3981095	-4.105	8.491	-88.165	-75.569	-34.434	-25.943	0.93	0.24	0.73	4	11	174	1.124	...................................................................................((((..............................................)))).....................................	83:136,84:135,85:134,86:133
0.4051265	-4.449	15.996	-116.781	-96.336	-50.313	-34.316	0.88	-0.12	0.79	6	11	174	1.124	................................................................................................................((((((..................................))))))................	112:157,113:156,114:155,115:154,116:153,117:152
0.4070828	-4.552	11.931	-103.011	-86.527	-17.95	-6.018	0.78	-0.28	0.7	5	11	174	1.124	................................................................................................(((((...................))))).................................................	96:124,97:123,98:122,99:121,100:120
0.4109856	-4.755	2.12	-48.345	-41.469	-37.036	-34.916	0.95	-0.09	0.95	4	11	174	1.124	..........................................................................................................................................((((...............)))).............	138:160,139:159,140:158,141:157
0.4210868	-5.276	15.398	-100.22	-79.546	-46.622	-31.224	0.82	-0.17	0.8	6	11	174	1.124	...................................................................................................................((((((.....))))))..........................................	115:131,116:130,117:129,118:128,119:127,120:126
0.4272254	-5.592	17.828	-120.614	-97.195	-24.184	-6.356	0.86	-0.17	0.78	6	11	174	1.124	...............................................................................................((((((...........))))))........................................................	95:117,96:116,97:115,98:114,99:113,100:112
0.4382748	-6.151	4.965	-60.275	-49.159	-29.664	-24.699	0.93	0.07	0.82	4	11	174	1.124	............................................................................................((((...............................................................))))...........	92:162,93:161,94:160,95:159
0.450542	-6.781	20.929	-118.928	-91.218	-53.568	-32.64	0.83	-0.2	0.84	7	11	174	1.124	.....(((((((............................................................................................................................................)))))))...............	5:158,6:157,7:156,8:155,9:154,10:153,11:152
0.4555227	-7.021	6.676	-78.99	-65.293	-29.58	-22.904	0.86	-0.17	0.84	4	11	174	1.124	.....................................((((..........................................)))).......................................................................................	37:86,38:85,39:84,40:83
0.4581478	-7.151	10.492	-75.01	-57.367	-15.027	-4.535	0.84	-0.29	0.82	4	11	174	1.124	................................................................................................((((......................))))................................................	96:125,97:124,98:123,99:122
0.4631386	-7.412	2.382	-69.624	-59.83	-34.46	-32.078	0.91	-0.14	0.89	4	11	174	1.124	....................................((((.....................................................................................................................)))).............	36:160,37:159,38:158,39:157
0.4729503	-7.95	8.303	-64.656	-48.403	-26.908	-18.605	0.84	-0.18	0.78	4	11	174	1.124	............................................................................................((((.........................)))).................................................	92:124,93:123,94:122,95:121
0.4804464	-8.379	16.117	-107.006	-82.51	-38.204	-22.087	0.82	-0.18	0.69	5	11	174	1.124	................................(((((.............................................))))).......................................................................................	32:86,33:85,34:84,35:83,36:82
0.488152	-8.801	8.008	-69.462	-52.653	-28.054	-20.046	0.89	-0.14	0.8	4	11	174	1.124	............................................................................................((((.................)))).........................................................	92:116,93:115,94:114,95:113
0.50539	-9.721	11.181	-78.609	-57.707	-32.609	-21.429	0.91	0.18	0.7	4	11	174	1.124	........................................................................((((...............))))...............................................................................	72:94,73:93,74:92,75:91
0.5156509	-10.269	8.121	-80.661	-62.271	-30.201	-22.08	0.91	0.01	0.78	5	11	174	1.124	............................................................................................(((((........................)))))................................................	92:125,93:124,94:123,95:122,96:121
0.5183658	-10.423	9.397	-83.561	-63.741	-34.152	-24.756	0.8	-0.07	0.69	4	11	174	1.124	................................((((...............................)))).......................................................................................................	32:70,33:69,34:68,35:67
0.5208313	-10.553	7.164	-104.711	-86.993	-35.194	-28.03	0.84	0.09	0.62	4	11	174	1.124	...........................................................((((...........................))))................................................................................	59:93,60:92,61:91,62:90
0.5255824	-10.819	8.103	-89.796	-70.874	-24.515	-16.412	0.8	-0.12	0.65	4	11	174	1.124	............................................((((.....................................................)))).....................................................................	44:104,45:103,46:102,47:101
0.5281377	-10.951	12.219	-60.738	-37.568	-31.341	-19.122	0.77	-0.27	0.76	4	11	174	1.124	.........................................................................((((.........................................................................................))))....	73:169,74:168,75:167,76:166
0.544617	-11.878	5.446	-128.302	-110.978	-32.474	-27.028	0.83	-0.03	0.71	6	11	174	1.124	.......................................................................((((((......................)))))).....................................................................	71:104,72:103,73:102,74:101,75:100,76:99
0.546214	-11.983	4.508	-93.934	-77.443	-29.943	-25.435	0.86	-0.25	0.74	4	11	174	1.124	..........................................................................................................((((..............................................))))..............	106:159,107:158,108:157,109:156
0.5473819	-12.05	12.285	-122.237	-97.902	-34.02	-21.735	0.66	-0.72	0.49	4	11	174	1.124	...............................((((...................................................))))....................................................................................	31:89,32:88,33:87,34:86
0.5498573	-12.193	13.47	-103.419	-77.756	-30.854	-17.384	0.82	-0.1	0.7	4	11	174	1.124	..................................((((....))))................................................................................................................................	34:45,35:44,36:43,37:42
0.555367	-12.529	16.916	-127.769	-98.324	-48.918	-32.002	0.79	-0.32	0.71	6	11	174	1.124	................................((((((............................................................................))))))......................................................	32:119,33:118,34:117,35:116,36:115,37:114
0.557523	-12.663	14.173	-130.325	-103.49	-42.975	-28.802	0.83	-0.07	0.69	6	11	174	1.124	.....................................................((((((................................)))))).............................................................................	53:96,54:95,55:94,56:93,57:92,58:91
0.5600882	-12.823	14.147	-98.421	-71.452	-28.097	-13.95	0.85	-0.11	0.77	5	11	174	1.124	......................................................................(((((..................)))))............................................................................	70:97,71:96,72:95,73:94,74:93
0.5626435	-12.994	13.474	-93.601	-67.133	-31.223	-17.749	0.77	-0.15	0.67	4	11	174	1.124	.....................((((.......))))..........................................................................................................................................	21:35,22:34,23:33,24:32
0.5815284	-14.132	19.814	-127.1	-93.153	-31.359	-11.545	0.8	-0.22	0.67	6	11	174	1.124	..........................................((((((............................................))))))............................................................................	42:97,43:96,44:95,45:94,46:93,47:92
0.5875072	-14.5	13.38	-124.949	-97.069	-33.898	-20.518	0.61	-0.47	0.6	4	11	174	1.124	.........................................................((((..............................................................................................))))...............	57:158,58:157,59:156,60:155
0.5908211	-14.691	6.501	-127.889	-106.698	-20.265	-13.765	0.84	-0.13	0.69	5	11	174	1.124	....................................................(((((.......................................))))).........................................................................	52:100,53:99,54:98,55:97,56:96
0.5954724	-14.975	11.188	-77.122	-50.959	-30.289	-19.101	0.91	-0.06	0.8	4	11	174	1.124	..................................................................................((((.....))))...............................................................................	82:94,83:93,84:92,85:91
0.5955323	-14.978	5.196	-113.766	-93.592	-35.324	-30.128	0.78	-0.23	0.75	5	11	174	1.124	....................................................................................................(((((........................................................)))))........	100:165,101:164,102:163,103:162,104:161
0.6101152	-15.868	0.745	-71.296	-54.684	-37.25	-36.506	0.89	-0.1	0.78	4	11	174	1.124	...........................................................................................((((...................................................................))))........	91:165,92:164,93:163,94:162
0.6102449	-15.878	13.384	-65.101	-35.839	-35.247	-21.863	0.75	-0.32	0.84	4	11	174	1.124	...................................................................((((...............................................................................................))))....	67:169,68:168,69:167,70:166
0.6102749	-15.88	16.996	-82.445	-49.57	-32.172	-15.176	0.73	-0.27	0.78	4	11	174	1.124	..........((((........................................................................................................................................................))))....	10:169,11:168,12:167,13:166
0.6153554	-16.229	6.983	-68.912	-45.701	-40.564	-33.581	0.84	-0.27	0.86	4	11	174	1.124	.............................................................................................................................................................((((....)))).....	157:168,158:167,159:166,160:165
0.6198072	-16.521	6.59	-97.949	-74.838	-34.64	-28.051	0.64	-0.41	0.71	4	11	174	1.124	..........................................................((((..............))))..............................................................................................	58:79,59:78,60:77,61:76
0.6327631	-17.414	12.702	-107.587	-77.471	-31.078	-18.376	0.77	-0.19	0.63	4	11	174	1.124	..........((((..................))))..........................................................................................................................................	10:35,11:34,12:33,13:32
0.6389016	-17.807	5.671	-94.56	-71.082	-35.426	-29.756	0.82	-0.18	0.75	4	11	174	1.124	.....................................................((((...............................................................................................))))..................	53:155,54:154,55:153,56:152
0.6416266	-18.02	11.842	-112.102	-82.241	-18.315	-6.474	0.7	-0.46	0.67	4	11	174	1.124	......................................................((((......................................))))..........................................................................	54:99,55:98,56:97,57:96
0.6441918	-18.201	14.088	-113.865	-81.576	-38.849	-24.761	0.76	-0.28	0.65	5	11	174	1.124	................................(((((...................................))))).................................................................................................	32:76,33:75,34:74,35:73,36:72
0.6491526	-18.55	12.213	-100.058	-69.295	-15.988	-3.775	0.8	-0.38	0.74	4	11	174	1.124	................................................................................................((((..............))))........................................................	96:117,97:116,98:115,99:114
0.6496516	-18.596	13.725	-102.244	-69.923	-30.969	-17.245	0.57	-0.82	0.51	4	11	174	1.124	..........................................................((((.........................................................................................................))))...	58:170,59:169,60:168,61:167
0.6514583	-18.734	16.364	-151.12	-116.022	-64.294	-47.93	0.84	-0.15	0.8	8	11	174	1.124	......................................................................................................................((((((((..........................))))))))..............	118:159,119:158,120:157,121:156,122:155,123:154,124:153,125:152
0.6796958	-20.826	13.216	-102.147	-68.105	-43.112	-29.895	0.8	-0.34	0.83	5	11	174	1.124	...........................(((((.............................................................................)))))............................................................	27:113,28:112,29:111,30:110,31:109
0.6836883	-21.137	16.245	-116.538	-79.157	-38.296	-22.051	0.78	-0.4	0.67	5	11	174	1.124	............................................(((((.......................................................................................................))))).................	44:156,45:155,46:154,47:153,48:152
0.6948376	-22.013	15.266	-76.51	-39.231	-32.318	-17.052	0.73	-0.35	0.82	4	11	174	1.124	.....................((((.............................................................................................................................................))))....	21:169,22:168,23:167,24:166
0.7098996	-23.262	9.573	-98.582	-65.747	-32.853	-23.28	0.77	-0.36	0.8	4	11	174	1.124	...................((((.................................................................................................................................))))..................	19:155,20:154,21:153,22:152
0.7110375	-23.359	10.524	-113.357	-79.474	-31.512	-20.988	0.7	-0.44	0.7	4	11	174	1.124	..........................................((((..........................................................................................................))))..................	42:155,43:154,44:153,45:152
0.7174755	-23.95	19.767	-159.087	-115.37	-54.116	-34.349	0.73	-0.41	0.74	7	11	174	1.124	..........................................................................................................(((((((..)))))))....................................................	106:121,107:120,108:119,109:118,110:117,111:116,112:115
0.7208293	-24.229	18.311	-118.739	-76.198	-30.777	-12.465	0.76	-0.42	0.74	5	11	174	1.124	.........................................(((((..............................................))))).............................................................................	41:96,42:95,43:94,44:93,45:92
0.732248	-25.258	12.341	-127.619	-90.021	-52.715	-40.374	0.76	-0.37	0.77	6	11	174	1.124	.......................................................................................................................................................((((((..)))))).........	151:164,152:163,153:162,154:161,155:160,156:159
0.7425489	-26.247	9.047	-89.623	-54.329	-31.985	-22.939	0.7	-0.4	0.78	4	11	174	1.124	.................................................................................((((..................................................................))))...................	81:154,82:153,83:152,84:151
0.7530793	-27.33	31.19	-134.647	-76.127	-63.628	-32.438	0.54	-0.63	0.69	9	11	174	1.124	(((((((((............................................................................................................................................................)))))))))	0:173,1:172,2:171,3:170,4:169,5:168,6:167,7:166,8:165
0.7573513	-27.76	11.483	-118.825	-79.582	-41.03	-29.547	0.75	-0.41	0.73	5	11	174	1.124	.................................................................................................................(((((.................................)))))..................	113:155,114:154,115:153,116:152,117:151
0.7616733	-28.19	2.267	-113.761	-83.305	-34.115	-31.848	0.7	-0.34	0.61	4	11	174	1.124	........................................................................................((((...........................................................))))...................	88:154,89:153,90:152,91:151
0.7724532	-29.325	12.504	-171.147	-129.318	-50.306	-37.802	0.82	-0.28	0.7	6	11	174	1.124	....................................................((((((..............................................................................................))))))................	52:157,53:156,54:155,55:154,56:153,57:152
0.7765456	-29.754	10.958	-105.83	-65.118	-36.761	-25.803	0.66	-0.44	0.71	4	11	174	1.124	...............................((((............................................................................................................))))...........................	31:146,32:145,33:144,34:143
0.7772343	-29.84	9.265	-138.934	-99.829	-46.058	-36.793	0.65	-0.29	0.68	5	11	174	1.124	........................................................(((((.............................................................................)))))...............................	56:142,57:141,58:140,59:139,60:138
0.7789012	-30.033	6.404	-108.236	-71.8	-38.332	-31.928	0.73	-0.45	0.7	4	11	174	1.124	.............................((((..................................................................................................................................)))).......	29:166,30:165,31:164,32:163
0.7797896	-30.136	24.502	-183.793	-129.155	-46.983	-22.481	0.81	-0.25	0.72	9	11	174	1.124	...........................................(((((((((.......................................)))))))))..........................................................................	43:99,44:98,45:97,46:96,47:95,48:94,49:93,50:92,51:91
0.7810572	-30.301	9.064	-104.912	-65.547	-32.934	-23.87	0.73	-0.44	0.76	4	11	174	1.124	.........................................................................................................................((((...........................))))..................	121:155,122:154,123:153,124:152
0.7856088	-30.822	4.607	-104.311	-68.882	-34.498	-29.891	0.7	-0.51	0.69	4	11	174	1.124	.................................................................................................................................................((((..))))...................	145:154,146:153,147:152,148:151
0.7911984	-31.46	13.167	-90.269	-45.642	-31.843	-18.676	0.68	-0.47	0.76	4	11	174	1.124	...................................................................................((((...............................................................................))))....	83:169,84:168,85:167,86:166
0.7923363	-31.578	6.14	-112.437	-74.719	-36.545	-30.405	0.7	-0.31	0.66	4	11	174	1.124	...............................((((..........................................................................................................................)))).............	31:160,32:159,33:158,34:157
0.7962091	-32.052	6.273	-99.982	-61.657	-31.219	-24.946	0.59	-0.71	0.63	4	11	174	1.124	..((((.............................................)))).......................................................................................................................	2:54,3:53,4:52,5:51
0.7989839	-32.37	12.581	-117.557	-72.606	-31.5	-18.919	0.64	-0.61	0.58	4	11	174	1.124	...............................((((....................................................................................))))...................................................	31:122,32:121,33:120,34:119
0.8102629	-33.787	9.042	-122.499	-79.669	-34.388	-25.346	0.8	-0.19	0.62	4	11	174	1.124	.............................((((.........................................................))))................................................................................	29:93,30:92,31:91,32:90
0.8108718	-33.85	8.482	-120.962	-78.63	-42.752	-34.269	0.73	-0.49	0.72	5	11	174	1.124	......................................................................(((((............................................................................)))))..................	70:155,71:154,72:153,73:152,74:151
0.8131775	-34.15	16.13	-180.636	-130.355	-66.06	-49.93	0.64	-0.55	0.62	7	11	174	1.124	........................................................(((((((....................................................................................................)))))))....	56:169,57:168,58:167,59:166,60:165,61:164,62:163
0.8296768	-36.374	5.021	-113.643	-72.249	-34.817	-29.796	0.66	-0.45	0.69	4	11	174	1.124	.............................................................................................................((((..................................)))).......................	109:150,110:149,111:148,112:147
0.8416346	-38.073	17.924	-142.304	-86.307	-40.431	-22.507	0.58	-0.72	0.57	5	11	174	1.124	....(((((......................)))))..........................................................................................................................................	4:35,5:34,6:33,7:32,8:31
0.8579043	-40.842	9.684	-128.402	-77.876	-39.809	-30.125	0.64	-0.5	0.67	5	11	174	1.124	.........................................(((((........................................................................................................)))))...................	41:154,42:153,43:152,44:151,45:150
0.8672769	-42.623	18.491	-170.519	-109.405	-51.866	-33.374	0.65	-0.63	0.62	7	11	174	1.124	..........................................(((((((.....................................................................................................))))))).................	42:156,43:155,44:154,45:153,46:152,47:151,48:150
0.8686343	-42.884	5.534	-112.368	-63.949	-39.233	-33.699	0.65	-0.33	0.71	5	11	174	1.124	.........................................................................................................................(((((........................)))))...................	121:154,122:153,123:152,124:151,125:150
0.8706905	-43.328	8.656	-135.811	-83.827	-36.954	-28.298	0.64	-0.54	0.61	5	11	174	1.124	..........................................(((((.......................................................................................................)))))...................	42:154,43:153,44:152,45:151,46:150
0.8711197	-43.401	1.11	-135.951	-91.439	-31.381	-30.271	0.55	-0.71	0.48	4	11	174	1.124	...........................................................((((.....................................................................................))))......................	59:151,60:150,61:149,62:148
0.8781666	-44.934	3.61	-106.266	-57.722	-31.922	-28.312	0.57	-0.62	0.64	4	11	174	1.124	.........................................................................................................................((((.........................))))....................	121:153,122:152,123:151,124:150
0.8794043	-45.191	2.316	-108.036	-60.529	-33.934	-31.618	0.59	-0.51	0.67	4	11	174	1.124	......................................................................((((............................................................................))))....................	70:153,71:152,72:151,73:150
0.8890464	-47.606	2.02	-148.787	-99.161	-36.524	-34.504	0.65	-0.53	0.55	5	11	174	1.124	............................(((((...................................................................................................................))))).....................	28:152,29:151,30:150,31:149,32:148
0.8934881	-48.899	4.251	-173.396	-120.246	-50.387	-46.135	0.67	-0.57	0.59	6	11	174	1.124	.....................................................((((((..........................................................................................))))))...................	53:154,54:153,55:152,56:151,57:150,58:149
0.895185	-49.361	0.217	-112.835	-63.257	-34.414	-34.197	0.57	-0.6	0.64	4	11	174	1.124	.....................................................((((.............................................................................................))))....................	53:153,54:152,55:151,56:150
0.8963428	-49.706	13.073	-108.416	-45.637	-24.533	-11.46	0.55	-0.68	0.64	4	11	174	1.124	.................((((...................................................................................................................................................))))..	17:171,18:170,19:169,20:168
0.8997365	-50.796	11.275	-167.283	-105.212	-43.904	-32.629	0.62	-0.48	0.69	6	11	174	1.124	.......((((((........................................................................................................................................))))))...................	7:154,8:153,9:152,10:151,11:150,12:149
0.9003054	-50.996	5.837	-159.688	-102.855	-46.814	-40.976	0.68	-0.44	0.68	6	11	174	1.124	.................................................................................................................((((((..............................))))))...................	113:154,114:153,115:152,116:151,117:150,118:149
0.9008245	-51.146	17.074	-154.782	-86.562	-42.81	-25.736	0.33	-0.84	0.54	5	11	174	1.124	(((((.....................................................)))))...............................................................................................................	0:62,1:61,2:60,3:59,4:58
0.9010041	-51.199	7.069	-110.699	-52.43	-29.01	-21.94	0.34	-0.93	0.53	4	11	174	1.124	((((................................................................................................................................................))))......................	0:151,1:150,2:149,3:148
0.9018326	-51.394	4.118	-149.415	-93.903	-38.46	-34.342	0.58	-0.51	0.65	5	11	174	1.124	...................(((((.............................................................................................................................)))))....................	19:153,20:152,21:151,22:150,23:149
0.9031302	-51.761	-0.206	-114.289	-62.734	-26.809	-27.015	0.59	-0.53	0.69	4	11	174	1.124	..................................................................................((((...............................................................)))).....................	82:152,83:151,84:150,85:149
0.9060747	-52.728	5.817	-127.175	-68.63	-41.813	-35.997	0.62	-0.51	0.73	5	11	174	1.124	......................................................................................................................................................(((((....)))))..........	150:163,151:162,152:161,153:160,154:159
0.9098177	-54.1	11.302	-93.981	-28.58	-25.274	-13.972	0.55	-0.55	0.73	4	11	174	1.124	...............................................................................................................((((.....................................................))))..	111:171,112:170,113:169,114:168
0.9103567	-54.281	-0.213	-123.55	-69.482	-29.13	-29.343	0.57	-0.65	0.59	4	11	174	1.124	........................................................................((((.........................................................................)))).....................	72:152,73:151,74:150,75:149
0.9144791	-55.911	-0.516	-110.747	-55.353	-29.542	-30.058	0.57	-0.53	0.74	4	11	174	1.124	..................................................................((((...............................................................................)))).....................	66:152,67:151,68:150,69:149
0.9178827	-57.417	3.654	-123.043	-61.972	-33.068	-29.414	0.57	-0.63	0.66	4	11	174	1.124	.................................................................................................................((((.................................))))....................	113:153,114:152,115:151,116:150
0.9233925	-60.213	14.448	-131.466	-56.805	-31.98	-17.532	0.3	-0.8	0.6	4	11	174	1.124	((((.........................)))).............................................................................................................................................	0:32,1:31,2:30,3:29
0.9412992	-69.057	0.639	-96.124	-26.428	-22.46	-21.821	0.43	-0.45	0.77	4	11	174	1.124	.........................................................................................................................................((((............................)))).	137:172,138:171,139:170,140:169
0.9565907	-74.76	9.411	-118.413	-34.243	-28.817	-19.406	0.45	-0.47	0.76	5	11	174	1.124	............................................................................(((((.......................................................................................))))).	76:172,77:171,78:170,79:169,80:168
0.9706346	-80.064	-4.957	-126.228	-51.121	-19.205	-24.162	0.3	-0.99	0.51	4	11	174	1.124	....................................................................................................................................................((((..................))))	148:173,149:172,150:171,151:170
0.9728405	-80.937	10.126	-156.965	-65.902	-29.344	-19.217	0.33	-0.89	0.53	5	11	174	1.124	.............................(((((.......................................................................................................................................)))))	29:173,30:172,31:171,32:170,33:169
0.9863753	-89.981	1.957	-149.682	-57.743	-27.015	-25.058	0.44	-0.59	0.69	5	11	174	1.124	..................................................(((((.................................................................................................................))))).	50:172,51:171,52:170,53:169,54:168
0.9965364	-103.632	12.642	-191.741	-75.466	-40.183	-27.541	0.41	-0.75	0.63	6	11	174	1.124	...........................................................((((((.......................................................................................................))))))	59:173,60:172,61:171,62:170,63:169,64:168

