0	54.907	7.518	-200.388	-247.777	2.39	9.908	0.98	0.44	0.75	6	75	71	2.686	............((((((.........))))))......................................	12:32,13:31,14:30,15:29,16:28,17:27
0	57.276	11.112	-297.915	-344.078	6.488	17.6	0.95	0.49	0.66	6	75	71	2.686	.........................................((((((.......))))))...........	41:59,42:58,43:57,44:56,45:55,46:54
0.03549681	3.146	1.477	-129.265	-130.934	-8.977	-7.499	0.99	0	0.96	6	75	71	2.686	....((((((..........)))))).............................................	4:25,5:24,6:23,7:22,8:21,9:20
0.04611585	0.851	7.082	-120.005	-113.774	1.74	8.823	0.95	-0.09	0.95	4	75	71	2.686	.......................((((............))))............................	23:42,24:41,25:40,26:39
0.05252527	-0.378	1.463	-86.97	-85.129	-6.712	-5.249	0.97	-0.05	0.97	4	75	71	2.686	.......((((..........))))..............................................	7:24,8:23,9:22,10:21
0.1120699	-9.027	4.802	-107.893	-94.064	4.655	9.457	0.96	0.12	0.86	4	75	71	2.686	..........((((..........))))...........................................	10:27,11:26,12:25,13:24
0.1156496	-9.447	-2.331	-160.593	-153.477	3.142	0.811	0.98	0.23	0.84	4	75	71	2.686	................................((((.......................))))........	32:62,33:61,34:60,35:59
0.1193093	-9.88	5.379	-160.923	-145.664	0.545	5.924	0.82	-0.12	0.89	7	75	71	2.686	.......(((((((.............................................))))))).....	7:65,8:64,9:63,10:62,11:61,12:60,13:59
0.1344479	-11.649	0.333	-151.582	-139.6	-0.944	-0.612	0.89	-0.12	0.88	4	75	71	2.686	....((((.........))))..................................................	4:20,5:19,6:18,7:17
0.2291094	-21.865	2.052	-203.728	-179.812	5.224	7.275	0.96	0.17	0.83	5	75	71	2.686	........................(((((..)))))...................................	24:35,25:34,26:33,27:32,28:31
0.3391195	-33	1.039	-194.384	-160.345	0.967	2.006	0.84	-0.09	0.87	5	75	71	2.686	.................(((((......................................)))))......	17:64,18:63,19:62,20:61,21:60
0.344789	-33.58	4.847	-315.053	-276.625	3.984	8.831	0.74	-0.29	0.71	4	75	71	2.686	.................................((((.......)))).......................	33:47,34:46,35:45,36:44
0.3517483	-34.261	4.416	-316.549	-277.871	4.655	9.071	0.73	-0.33	0.65	4	75	71	2.686	...................................((((....))))........................	35:46,36:45,37:44,38:43
0.3942445	-38.545	-0.996	-216.165	-178.616	-3.98	-4.977	0.88	-0.13	0.92	7	75	71	2.686	.....................(((((((...............................))))))).....	21:65,22:64,23:63,24:62,25:61,26:60,27:59
0.477477	-47.425	3.071	-237.61	-187.115	1.138	4.208	0.95	0.16	0.81	5	75	71	2.686	............................(((((..)))))...............................	28:39,29:38,30:37,31:36,32:35
0.4814167	-47.859	7.802	-311.975	-256.314	4.565	12.367	0.81	-0.26	0.79	5	75	71	2.686	........................(((((...............)))))......................	24:48,25:47,26:46,27:45,28:44
0.5528702	-56.327	2.993	-210.577	-151.256	1.899	4.892	0.71	-0.2	0.88	4	75	71	2.686	...............((((.........................................)))).......	15:63,16:62,17:61,18:60
0.6437121	-70.514	2.636	-189.694	-116.544	3.142	5.777	0.9	-0.11	0.84	4	75	71	2.686	..........................((((..................................))))...	26:67,27:66,28:65,29:64
0.6601006	-73.661	6.451	-257.391	-177.279	0.808	7.259	0.86	-0.15	0.82	5	75	71	2.686	..........................(((((.........)))))..........................	26:44,27:43,28:42,29:41,30:40
0.677869	-77.635	2.837	-373.682	-293.21	5.655	8.492	0.49	-0.56	0.68	4	75	71	2.686	.................................................((((....))))..........	49:60,50:59,51:58,52:57
0.7299543	-91.946	1.87	-209.511	-115.695	-4.871	-3.001	0.93	0	0.85	4	75	71	2.686	...((((.....................)))).......................................	3:31,4:30,5:29,6:28
0.7626714	-102.946	5.098	-248.923	-140.88	5.565	10.663	0.74	-0.21	0.87	5	75	71	2.686	.................................(((((...........................))))).	33:69,34:68,35:67,36:66,37:65
0.7803198	-109.671	11.578	-524.959	-403.709	7.374	18.953	0.8	-0.14	0.77	10	75	71	2.686	...........................((((((((((..............))))))))))..........	27:60,28:59,29:58,30:57,31:56,32:55,33:54,34:53,35:52,36:51
0.8407343	-137.688	2.521	-225.367	-85.157	4.984	7.506	0.76	-0.23	0.87	4	75	71	2.686	.........................((((.....................................)))).	25:69,26:68,27:67,28:66
0.9293364	-188.482	8.999	-646.702	-449.222	4.211	13.21	0.73	-0.35	0.75	8	75	71	2.686	........................((((((((................))))))))...............	24:55,25:54,26:53,27:52,28:51,29:50,30:49,31:48
0.9350658	-200.767	12.132	-354.546	-141.647	-2.721	9.411	0.76	-0.11	0.86	9	75	71	2.686	(((((((((.....................................................)))))))))	0:70,1:69,2:68,3:67,4:66,5:65,6:64,7:63,8:62
0.9408853	-210.651	9.21	-320.003	-100.143	0.137	9.347	0.83	-0.08	0.81	5	75	71	2.686	.(((((........................)))))....................................	1:34,2:33,3:32,4:31,5:30
0.9491946	-223.938	6.774	-438.029	-207.316	3.654	10.428	0.59	-0.57	0.66	4	75	71	2.686	.((((.......................................)))).......................	1:47,2:46,3:45,4:44

