0	64.473	15.207	-241.007	-290.273	-41.207	-26	0.99	0.62	0.67	5	100	75	2.722	..........................(((((.......)))))................................	26:42,27:41,28:40,29:39,30:38
0.00494797	2.731	2.137	-134.37	-134.964	-35.049	-32.912	0.92	-0.12	0.89	4	100	75	2.722	........((((...........................................))))................	8:58,9:57,10:56,11:55
0.0470707	-35.86	8.465	-208.345	-164.02	-31.667	-23.202	0.96	0.09	0.87	4	100	75	2.722	..............((((...........................................))))..........	14:64,15:63,16:62,17:61
0.07217041	-46.267	5.95	-206.115	-153.898	-31.659	-25.709	0.9	0.01	0.83	4	100	75	2.722	.........((((..............................))))............................	9:46,10:45,11:44,12:43
0.1016283	-55.883	-2.075	-224.075	-170.268	-23.006	-25.081	0.68	-0.31	0.82	4	100	75	2.722	..........................((((..)))).......................................	26:35,27:34,28:33,29:32
0.1145031	-59.621	-6.306	-208.43	-155.115	-30.563	-36.868	0.97	0.16	0.85	4	100	75	2.722	...............((((..............))))......................................	15:36,16:35,17:34,18:33
0.1485691	-68.476	10.941	-280.617	-201.2	-35.968	-25.027	0.91	-0.07	0.85	4	100	75	2.722	.....................................((((........................))))......	37:68,38:67,39:66,40:65
0.1499885	-68.795	13.937	-308.529	-225.797	-27.03	-13.093	0.65	-0.37	0.78	4	100	75	2.722	..........................((((................................)))).........	26:65,27:64,28:63,29:62
0.160924	-71.437	6.846	-144.375	-66.091	-34.721	-27.875	0.9	-0.15	0.93	4	100	75	2.722	.....................((((...............................))))...............	21:59,22:58,23:57,24:56
0.1615838	-71.635	-7.729	-182.472	-118.567	-23.801	-31.531	0.98	0.21	0.86	4	100	75	2.722	..............((((.............))))........................................	14:34,15:33,16:32,17:31
0.2616527	-92.932	7.335	-307.051	-206.783	-31.128	-23.793	0.73	-0.37	0.78	4	100	75	2.722	...........................((((.....))))...................................	27:39,28:38,29:37,30:36
0.2777261	-96.014	2.55	-276.954	-178.39	-30.734	-28.184	0.95	0.06	0.87	4	100	75	2.722	...............((((............................................))))........	15:66,16:65,17:64,18:63
0.326856	-105.639	5.986	-229.65	-118.026	-19.031	-13.045	0.98	0.09	0.91	4	100	75	2.722	.............................((((................))))......................	29:52,30:51,31:50,32:49
0.3545546	-110.96	1.761	-206.925	-94.205	-32.842	-31.081	0.98	0.15	0.86	4	100	75	2.722	.........((((........))))..................................................	9:24,10:23,11:22,12:21
0.3568137	-111.398	3.84	-275.683	-160.444	-21.628	-17.787	0.92	-0.04	0.86	4	100	75	2.722	...............................((((...............................)))).....	31:69,32:68,33:67,34:66
0.3810138	-116.114	8.87	-200.833	-75.849	-31.845	-22.975	0.98	0.08	0.92	4	100	75	2.722	............................................((((..)))).....................	44:53,45:52,46:51,47:50
0.3823632	-116.355	11.862	-388.266	-260.049	-40.75	-28.888	0.64	-0.41	0.74	5	100	75	2.722	.........(((((..........)))))..............................................	9:28,10:27,11:26,12:25,13:24
0.4296838	-125.776	1.95	-352.088	-224.363	-30.19	-28.241	0.64	-0.44	0.75	5	100	75	2.722	.......................(((((..)))))........................................	23:34,24:33,25:32,26:31,27:30
0.4428384	-128.702	26.479	-315.679	-160.499	-39.57	-13.091	0.97	0.01	0.93	5	100	75	2.722	...............................................(((((.......)))))...........	47:63,48:62,49:61,50:60,51:59
0.4865405	-137.87	2.795	-214.374	-73.71	-32.31	-29.515	0.9	-0.14	0.91	4	100	75	2.722	.....................((((..........................))))....................	21:54,22:53,23:52,24:51
0.5047531	-142.124	16.315	-281.309	-122.87	-40.914	-24.598	0.95	-0.1	0.95	5	100	75	2.722	................................................(((((...)))))..............	48:60,49:59,50:58,51:57,52:56
0.5076119	-142.759	16.695	-278.696	-119.242	-31.776	-15.081	0.94	-0.1	0.94	4	100	75	2.722	................................................((((......)))).............	48:61,49:60,50:59,51:58
0.5183475	-145.261	16.901	-431.985	-269.823	-39.489	-22.588	0.61	-0.42	0.76	5	100	75	2.722	.......................(((((................................)))))..........	23:64,24:63,25:62,26:61,27:60
0.590248	-163.77	5.994	-396.831	-227.068	-34.361	-28.367	0.67	-0.2	0.71	4	100	75	2.722	...............((((.....................))))...............................	15:43,16:42,17:41,18:40
0.6111794	-169.835	5.808	-302.738	-127.095	-40.57	-34.762	0.92	-0.11	0.92	5	100	75	2.722	........(((((....................................))))).....................	8:53,9:52,10:51,11:50,12:49
0.6434862	-180.432	9.228	-488.68	-299.019	-40.13	-30.901	0.62	-0.31	0.74	5	100	75	2.722	........................(((((......................)))))...................	24:55,25:54,26:53,27:52,28:51
0.6526824	-183.623	8.961	-322.064	-129.481	-22.176	-13.215	0.94	0.01	0.88	4	100	75	2.722	..............................((((.............))))........................	30:50,31:49,32:48,33:47
0.6895873	-197.95	0.002	-361.224	-163.271	-30.486	-30.483	0.94	0.07	0.84	4	100	75	2.722	................((((..............................)))).....................	16:53,17:52,18:51,19:50
0.7125079	-208.037	4.974	-490.006	-276.995	-28.232	-23.258	0.75	-0.3	0.74	4	100	75	2.722	....((((.........))))......................................................	4:20,5:19,6:18,7:17
0.7211843	-212.831	4.681	-466.152	-248.64	-39.58	-34.899	0.85	-0.05	0.79	5	100	75	2.722	...............(((((........................)))))..........................	15:48,16:47,17:46,18:45,19:44
0.7521416	-232.67	10.519	-512.288	-269.099	-32.033	-21.514	0.51	-0.7	0.64	4	100	75	2.722	.((((..................))))................................................	1:26,2:25,3:24,4:23
0.7659759	-243.093	-2.302	-442.88	-202.089	-20.627	-22.929	0.82	-0.21	0.8	4	100	75	2.722	...((((........................))))........................................	3:34,4:33,5:32,6:31
0.8237623	-292.186	10.645	-511.425	-208.594	-30.06	-19.415	0.76	-0.28	0.79	4	100	75	2.722	....((((.....................................))))..........................	4:48,5:47,6:46,7:45
0.8286503	-298.343	4.711	-526.298	-223.244	-35.638	-30.927	0.86	-0.12	0.78	4	100	75	2.722	..((((...............................))))..................................	2:40,3:39,4:38,5:37
0.8393159	-311.062	13.638	-473.016	-148.316	-30.607	-16.969	0.59	-0.29	0.82	4	100	75	2.722	..............................................................((((..))))...	62:71,63:70,64:69,65:68
0.8644956	-342.112	4.502	-669.419	-322.805	-56.45	-51.948	0.9	-0.11	0.85	8	100	75	2.722	..((((((((.....................))))))))....................................	2:38,3:37,4:36,5:35,6:34,7:33,8:32,9:31
0.8983317	-403.779	32.079	-841.666	-405.808	-56.859	-24.78	0.8	-0.12	0.81	8	100	75	2.722	((((((((.......................................................))))))))....	0:70,1:69,2:68,3:67,4:66,5:65,6:64,7:63
0.9045791	-418.319	9.657	-678.759	-250.784	-37.161	-27.504	0.65	-0.33	0.74	5	100	75	2.722	(((((.........)))))........................................................	0:18,1:17,2:16,3:15,4:14
0.9176738	-463.303	13.249	-733.052	-256.499	-54.267	-41.017	0.69	-0.3	0.84	7	100	75	2.722	................................(((((((..........................)))))))...	32:71,33:70,34:69,35:68,36:67,37:66,38:65
0.9328475	-552.13	16.514	-811.05	-242.406	-41.386	-24.871	0.42	-0.46	0.69	6	100	75	2.722	..........................((((((....................................)))))).	26:73,27:72,28:71,29:70,30:69,31:68
0.936606	-583.982	9.425	-759.824	-166.416	-39.781	-30.355	0.41	-0.42	0.67	4	100	75	2.722	....................................((((.............................))))..	36:72,37:71,38:70,39:69
0.9646345	-684.521	15.902	-905.758	-205.335	-48.713	-32.811	0.33	-0.61	0.66	5	100	75	2.722	......................................(((((.........................)))))..	38:72,39:71,40:70,41:69,42:68
0.9979209	-909.51	5.66	-1023.208	-108.038	-35.694	-30.034	0.28	-0.52	0.72	4	100	75	2.722	...............((((....................................................))))	15:74,16:73,17:72,18:71

