0	76.088	20.788	-168.507	-223.808	-39.496	-18.708	0.99	0.24	0.86	5	100	76	2.301	................................................(((((.......)))))...........	48:64,49:63,50:62,51:61,52:60
0.0042794	-7.391	10.95	-166.671	-148.329	-43.138	-32.188	0.98	0.21	0.86	5	100	76	2.301	..........................(((((.......))))).................................	26:42,27:41,28:40,29:39,30:38
0.00512928	-9.429	4.636	-97.774	-83.708	-34.416	-29.78	0.94	-0.1	0.94	4	100	76	2.301	.............................((((...........))))............................	29:47,30:46,31:45,32:44
0.09245706	-57.448	9.958	-209.44	-142.034	-35.252	-25.294	0.86	-0.19	0.87	4	100	76	2.301	........................................((((..............))))..............	40:61,41:60,42:59,43:58
0.1095247	-62.227	4.533	-187.738	-120.978	-33.672	-29.139	0.95	-0.07	0.94	4	100	76	2.301	................((((......................................))))..............	16:61,17:60,18:59,19:58
0.1107045	-62.558	5.616	-201.507	-133.333	-34.677	-29.061	0.96	0.08	0.88	4	100	76	2.301	........................................((((.........))))...................	40:56,41:55,42:54,43:53
0.1977123	-84.447	-0.695	-175.996	-92.243	-29.391	-30.085	0.98	0	0.96	4	100	76	2.301	................................((((.................))))...................	32:56,33:55,34:54,35:53
0.2020817	-85.476	16.815	-243.605	-141.314	-47.746	-30.931	0.96	0	0.92	6	100	76	2.301	.....................((((((.......................))))))....................	21:55,22:54,23:53,24:52,25:51,26:50
0.2298078	-92.425	6.995	-239.466	-140.046	-31.535	-24.54	0.95	0.06	0.87	4	100	76	2.301	...............((((.......))))..............................................	15:29,16:28,17:27,18:26
0.2452257	-96.387	-1.721	-204.338	-109.671	-31.743	-33.464	0.95	-0.08	0.94	4	100	76	2.301	...............((((............)))).........................................	15:34,16:33,17:32,18:31
0.2479253	-97.114	8.378	-231.722	-126.229	-33.783	-25.405	0.91	-0.16	0.92	4	100	76	2.301	............................................((((........))))................	44:59,45:58,46:57,47:56
0.2617734	-100.661	5.717	-224.184	-117.806	-41.307	-35.59	0.93	-0.13	0.93	5	100	76	2.301	....................................(((((..)))))............................	36:47,37:46,38:45,39:44,40:43
0.2723019	-103.466	10.231	-269.167	-155.47	-32.67	-22.439	0.92	-0.15	0.89	4	100	76	2.301	......................................((((....................))))..........	38:65,39:64,40:63,41:62
0.2781011	-104.959	7.783	-274.366	-161.624	-41.228	-33.445	0.92	-0.12	0.9	5	100	76	2.301	................(((((.........................))))).........................	16:50,17:49,18:48,19:47,20:46
0.2908593	-108.281	6.234	-221.064	-106.548	-32.085	-25.851	0.94	-0.11	0.94	4	100	76	2.301	....................................((((................))))................	36:59,37:58,38:57,39:56
0.3564601	-126.229	19.485	-210.897	-65.182	-31.608	-12.122	0.97	-0.04	0.97	4	100	76	2.301	.........((((........))))...................................................	9:24,10:23,11:22,12:21
0.3584598	-126.821	6.878	-254.879	-121.18	-36.143	-29.266	0.93	-0.02	0.86	4	100	76	2.301	...........((((........................)))).................................	11:42,12:41,13:40,14:39
0.4101626	-141.679	0.063	-305.654	-163.912	-44.997	-44.934	0.95	0.02	0.88	5	100	76	2.301	...............(((((..................))))).................................	15:42,16:41,17:40,18:39,19:38
0.4464375	-153.687	3.807	-244.309	-86.814	-32.25	-28.443	0.96	-0.07	0.96	4	100	76	2.301	..........((((..))))........................................................	10:19,11:18,12:17,13:16
0.4843622	-168.469	3.106	-355.973	-184.398	-50.523	-47.417	0.94	-0.1	0.92	6	100	76	2.301	..............((((((.................................)))))).................	14:58,15:57,16:56,17:55,18:54,19:53
0.4951407	-172.914	11.377	-378.032	-193.742	-31.65	-20.273	0.89	-0.13	0.86	4	100	76	2.301	....................................................((((........))))........	52:67,53:66,54:65,55:64
0.5608215	-202.886	1.716	-360.989	-156.387	-47.762	-46.045	0.94	-0.1	0.93	6	100	76	2.301	...........((((((............)))))).........................................	11:34,12:33,13:32,14:31,15:30,16:29
0.6666367	-247.296	9.969	-417.605	-160.339	-43.761	-33.792	0.91	-0.08	0.85	5	100	76	2.301	.....(((((.............................)))))................................	5:43,6:42,7:41,8:40,9:39
0.7020217	-262.445	5.22	-511.448	-243.783	-30.951	-25.731	0.84	-0.19	0.78	4	100	76	2.301	.............((((................................................)))).......	13:68,14:67,15:66,16:65
0.71393	-268.31	8.027	-468.663	-192.326	-31.665	-23.638	0.86	-0.21	0.8	4	100	76	2.301	........................................((((.......................)))).....	40:70,41:69,42:68,43:67
0.721469	-272.012	2.36	-395.29	-120.918	-37.969	-35.608	0.91	-0.16	0.91	5	100	76	2.301	.....(((((.....................)))))........................................	5:35,6:34,7:33,8:32,9:31
0.7328274	-277.873	2.813	-451.956	-171.27	-30.084	-27.271	0.9	-0.1	0.87	4	100	76	2.301	................((((...............................................)))).....	16:70,17:69,18:68,19:67
0.7370368	-280.094	1.716	-433.047	-151.237	-26.379	-24.663	0.86	-0.25	0.88	4	100	76	2.301	................................((((...............................)))).....	32:70,33:69,34:68,35:67
0.7608935	-295.231	9.809	-413.769	-108.73	-33.161	-23.352	0.9	-0.19	0.89	4	100	76	2.301	.................................................((((................))))...	49:72,50:71,51:70,52:69
0.8075369	-322.724	6.72	-536.533	-207.089	-31.622	-24.902	0.84	-0.25	0.79	4	100	76	2.301	...((((......))))...........................................................	3:16,4:15,5:14,6:13
0.8522207	-361.7	4.791	-555.784	-189.293	-51.225	-46.434	0.92	-0.09	0.89	6	100	76	2.301	.....((((((...))))))........................................................	5:19,6:18,7:17,8:16,9:15,10:14
0.8544404	-363.843	14.493	-594.029	-215.693	-38.876	-24.383	0.86	-0.2	0.84	5	100	76	2.301	..(((((.................................................)))))...............	2:60,3:59,4:58,5:57,6:56
0.8585698	-367.255	8.694	-455.921	-79.973	-34.259	-25.565	0.72	-0.25	0.88	4	100	76	2.301	..................................................((((................))))..	50:73,51:72,52:71,53:70
0.8731978	-380.723	12.051	-530.246	-137.473	-30.561	-18.51	0.86	-0.3	0.83	4	100	76	2.301	((((............................................))))........................	0:51,1:50,2:49,3:48
0.9414382	-455.611	16.117	-669.66	-197.932	-41.428	-25.31	0.88	-0.16	0.84	5	100	76	2.301	.(((((..............................................)))))...................	1:56,2:55,3:54,4:53,5:52
0.942688	-460.539	17.008	-725.024	-247.476	-46.508	-29.5	0.89	-0.14	0.83	6	100	76	2.301	..((((((...................................))))))...........................	2:48,3:47,4:46,5:45,6:44,7:43
0.9883016	-588.518	8.009	-826.331	-229.805	-54.932	-46.923	0.87	-0.23	0.86	7	100	76	2.301	.(((((((...........................)))))))..................................	1:41,2:40,3:39,4:38,5:37,6:36,7:35
0.9981803	-798.349	25.006	-1211.6	-388.245	-58.743	-33.737	0.89	-0.09	0.79	8	100	76	2.301	((((((((........................................................))))))))....	0:71,1:70,2:69,3:68,4:67,5:66,6:65,7:64

