0.01152631	27.303	8.488	-45.291	-64.105	-44.303	-35.814	1	0.03	0.98	5	48	79	0.725	............(((((.....)))))....................................................	12:26,13:25,14:24,15:23,16:22
0.0143654	26.317	18.94	-40.717	-48.095	-35.488	-16.548	0.99	0.01	0.98	4	48	79	0.725	..........................((((.................................))))............	26:66,27:65,28:64,29:63
0.01539507	25.944	12.172	-26.129	-39.901	-39.029	-26.857	1	0.02	0.99	4	48	79	0.725	....................................................((((......)))).............	52:65,53:64,54:63,55:62
0.1474828	11.59	10.899	-41.558	-42.249	-33.923	-23.024	0.99	0	0.99	4	48	79	0.725	........((((.....................................................))))..........	8:68,9:67,10:66,11:65
0.1545505	11.097	5.707	-28.518	-33.907	-36.737	-31.029	0.99	-0.01	0.99	4	48	79	0.725	...........................................................((((..))))..........	59:68,60:67,61:66,62:65
0.1550804	11.064	19.189	-70.23	-62.104	-35.948	-16.759	0.98	-0.03	0.98	5	48	79	0.725	..(((((....................)))))...............................................	2:31,3:30,4:29,5:28,6:27
0.2193698	7.15	14.462	-73.95	-66.639	-40.45	-25.988	0.98	-0.03	0.98	5	48	79	0.725	......(((((........................))))).......................................	6:39,7:38,8:37,9:36,10:35
0.2220789	6.98	10.755	-58.969	-55.195	-34.111	-23.357	0.99	0	0.98	4	48	79	0.725	.......((((.................................................))))...............	7:63,8:62,9:61,10:60
0.2421425	5.741	14.789	-74.658	-65.611	-31.084	-16.295	0.98	-0.01	0.96	4	48	79	0.725	.....((((..))))................................................................	5:14,6:13,7:12,8:11
0.2453115	5.537	11.69	-64.384	-58.23	-32.349	-20.659	0.98	0	0.97	4	48	79	0.725	.....((((...))))...............................................................	5:15,6:14,7:13,8:12
0.2660649	4.261	17.043	-69.574	-56.792	-32.821	-15.777	0.97	-0.05	0.97	4	48	79	0.725	....((((.............................))))......................................	4:40,5:39,6:38,7:37
0.2948956	2.389	10.688	-69.358	-61.059	-42.25	-31.562	0.99	-0.01	0.98	5	48	79	0.725	...(((((...........................................))))).......................	3:55,4:54,5:53,6:52,7:51
0.2989044	2.128	17.154	-88.03	-73.004	-41.868	-24.714	0.98	-0.03	0.97	5	48	79	0.725	...(((((......................................)))))............................	3:50,4:49,5:48,6:47,7:46
0.3138896	1.143	7.87	-53.369	-46.642	-33.064	-25.194	0.99	-0.01	0.98	4	48	79	0.725	......((((........................................)))).........................	6:53,7:52,8:51,9:50
0.4178763	-6.402	15.504	-120.753	-98.847	-39.822	-24.319	0.98	0.04	0.93	5	48	79	0.725	......(((((.................................)))))..............................	6:48,7:47,8:46,9:45,10:44
0.4179762	-6.409	1.227	-56.906	-49.27	-34.425	-33.197	0.95	-0.07	0.95	4	48	79	0.725	........................................((((...............))))................	40:62,41:61,42:60,43:59
0.4390695	-8.191	10.106	-87.328	-69.031	-33.495	-23.389	0.98	0	0.96	4	48	79	0.725	.....((((....))))..............................................................	5:16,6:15,7:14,8:13
0.4395493	-8.231	11.005	-64.944	-45.707	-38.768	-27.763	0.99	0	0.98	4	48	79	0.725	..............................................((((..................)))).......	46:71,47:70,48:69,49:68
0.4587632	-9.97	3.881	-46.378	-32.527	-38.189	-34.308	0.99	0	0.99	4	48	79	0.725	...................................................((((.............)))).......	51:71,52:70,53:69,54:68
0.4801963	-12.045	2.889	-67.258	-52.323	-34.054	-31.165	0.94	-0.12	0.94	4	48	79	0.725	..................................((((..))))...................................	34:43,35:42,36:41,37:40
0.5129059	-15.619	10.428	-122.958	-96.911	-39.805	-29.377	0.98	0.09	0.9	5	48	79	0.725	.......(((((............................)))))..................................	7:44,8:43,9:42,10:41,11:40
0.5604507	-22.374	7.345	-95.432	-65.713	-34.722	-27.377	0.93	-0.05	0.89	4	48	79	0.725	.........................................((((..........))))....................	41:58,42:57,43:56,44:55
0.5639195	-23	7.185	-86.792	-56.607	-33.936	-26.751	0.96	-0.08	0.95	4	48	79	0.725	..............((((............)))).............................................	14:33,15:32,16:31,17:30
0.5849028	-27.088	0.027	-124.301	-97.186	-31.477	-31.45	0.91	-0.05	0.86	4	48	79	0.725	....................((((...................))))................................	20:46,21:45,22:44,23:43
0.5871321	-27.649	8.132	-148.062	-112.28	-37.415	-29.283	0.95	0.02	0.9	4	48	79	0.725	...............((((..................................))))......................	15:56,16:55,17:54,18:53
0.6024372	-31.283	1.7	-108.621	-75.638	-32.563	-30.862	0.93	-0.04	0.89	4	48	79	0.725	..........................................((((..))))...........................	42:51,43:50,44:49,45:48
0.6725748	-49.299	10.566	-109.827	-49.961	-34.202	-23.635	0.96	-0.05	0.95	4	48	79	0.725	...........((((......................................................))))......	11:72,12:71,13:70,14:69
0.6753539	-49.941	7.112	-99.634	-42.581	-35.467	-28.356	0.97	-0.04	0.96	4	48	79	0.725	............((((.....................................................))))......	12:72,13:71,14:70,15:69
0.7824796	-77.613	10.745	-239.564	-151.206	-42.722	-31.977	0.92	-0.07	0.9	5	48	79	0.725	....(((((.....)))))............................................................	4:18,5:17,6:16,7:15,8:14
0.7909769	-81.61	1.528	-218.092	-134.954	-31.681	-30.153	0.89	-0.12	0.85	4	48	79	0.725	.................((((..................))))....................................	17:42,18:41,19:40,20:39
0.8049224	-90.938	4.003	-234.353	-139.412	-28.384	-24.381	0.9	-0.08	0.87	4	48	79	0.725	........((((......)))).........................................................	8:21,9:20,10:19,11:18
0.8133097	-97.328	-3.013	-225.384	-131.07	-31.198	-34.211	0.9	-0.1	0.88	4	48	79	0.725	..................((((.....................................))))................	18:62,19:61,20:60,21:59
0.8450896	-144.162	6.471	-342.482	-191.848	-70.788	-64.317	0.93	-0.04	0.9	8	48	79	0.725	..............((((((((...........................................))))))))......	14:72,15:71,16:70,17:69,18:68,19:67,20:66,21:65
0.865563	-216.215	8.033	-283.978	-59.73	-38.133	-30.1	0.91	-0.08	0.88	4	48	79	0.725	..............((((....................................................)))).....	14:73,15:72,16:71,17:70
0.8746801	-272.076	8.979	-309.577	-28.522	-34.915	-25.936	0.38	-0.23	0.89	4	48	79	0.725	......................................................((((.................))))	54:78,55:77,56:76,57:75
0.8991323	-290.78	10.065	-351.461	-50.616	-32.249	-22.184	0.37	-0.26	0.87	4	48	79	0.725	......((((.................................................................))))	6:78,7:77,8:76,9:75
0.9341711	-375.873	11.223	-421.937	-34.841	-25.772	-14.549	0.56	-0.29	0.84	4	48	79	0.725	((((......................................................................)))).	0:77,1:76,2:75,3:74
0.9512956	-397.048	11.054	-452.372	-44.271	-34.094	-23.04	0.56	-0.3	0.83	4	48	79	0.725	.........................((((.............................................)))).	25:77,26:76,27:75,28:74
0.9762876	-459.011	8.539	-545.42	-77.871	-43.209	-34.67	0.82	-0.24	0.82	5	48	79	0.725	.............(((((.....................................................)))))...	13:75,14:74,15:73,16:72,17:71

