0.00007998	45.746	27.171	-28.684	-47.259	-40.196	-13.025	1	0	1	11	6	82	0.026	............(((((((((((..........)))))))))))......................................	12:43,13:42,14:41,15:40,16:39,17:38,18:37,19:36,20:35,21:34,22:33
0.01154642	29.377	16.024	-10.271	-23.624	-4.157	11.867	0.97	-0.07	0.97	5	6	82	0.026	..........................(((((.............................................))))).	26:80,27:79,28:78,29:77,30:76
0.02082354	27.188	13.217	-17.244	-31.214	-36.487	-23.269	1	0	1	7	6	82	0.026	.....(((((((..............))))))).................................................	5:32,6:31,7:30,8:29,9:28,10:27,11:26
0.0403375	24.715	15.597	-10.245	-19.364	-16.645	-1.048	1	0	1	4	6	82	0.026	.............((((............)))).................................................	13:32,14:31,15:30,16:29
0.06018134	23.164	16.798	-19.725	-26.092	-40.363	-23.564	1	0	1	6	6	82	0.026	..............((((((......................................))))))..................	14:63,15:62,16:61,17:60,18:59,19:58
0.0761164	22.214	13.096	-10.245	-19.364	-11.194	1.902	1	0	1	4	6	82	0.026	.............................((((..........))))...................................	29:46,30:45,31:44,32:43
0.112755	20.496	14.378	-24.167	-30.285	-43.114	-28.736	1	0	1	7	6	82	0.026	.............(((((((............................................)))))))...........	13:70,14:69,15:68,16:67,17:66,18:65,19:64
0.1269506	19.956	10.22	-17.219	-26.954	-23.966	-13.746	1	0	1	6	6	82	0.026	...........................................((((((................))))))...........	43:70,44:69,45:68,46:67,47:66,48:65
0.1679479	18.638	12.024	-15.284	-21.898	-14.301	-2.277	0.97	-0.07	0.97	5	6	82	0.026	...............................(((((.......................................)))))..	31:79,32:78,33:77,34:76,35:75
0.1689776	18.607	10.881	-13.375	-21.101	-24.826	-13.946	1	0	1	5	6	82	0.026	.....................(((((................................)))))...................	21:62,22:61,23:60,24:59,25:58
0.1800242	18.292	12.791	-17.194	-22.695	-18.829	-6.037	1	0	1	5	6	82	0.026	...........(((((..........................)))))...................................	11:46,12:45,13:44,14:43,15:42
0.2165529	17.327	10.713	-15.284	-21.898	-19.889	-9.175	1	0	1	5	6	82	0.026	...........(((((.......)))))......................................................	11:27,12:26,13:25,14:24,15:23
0.2689566	16.098	9.236	-10.843	-17.704	-34.333	-25.096	1	0	1	4	6	82	0.026	.....((((..........................................................))))...........	5:70,6:69,7:68,8:67
0.2776539	15.898	10.149	-12.752	-18.501	-21.152	-11.003	1	0	1	4	6	82	0.026	...............((((...........))))................................................	15:33,16:32,17:31,18:30
0.2810129	15.826	5.595	-8.336	-18.567	-20.511	-14.916	1	0	1	4	6	82	0.026	.....((((..............................)))).......................................	5:42,6:41,7:40,8:39
0.2878108	15.673	9.956	-9.53	-15.248	-21.28	-11.324	1	0	1	4	6	82	0.026	.................((((...................................................))))......	17:75,18:74,19:73,20:72
0.2910298	15.609	8.747	-10.843	-17.704	-12.419	-3.672	1	0	1	4	6	82	0.026	................((((..........................))))................................	16:49,17:48,18:47,19:46
0.2957083	15.512	5.281	-8.336	-18.567	-6.469	-1.188	1	0	1	4	6	82	0.026	......................((((....................))))................................	22:49,23:48,24:47,25:46
0.3042557	15.337	8.476	-10.843	-17.704	-19.916	-11.441	1	0	1	4	6	82	0.026	.........................................((((.............))))....................	41:61,42:60,43:59,44:58
0.306425	15.29	8.429	-10.843	-17.704	-14.201	-5.773	1	0	1	4	6	82	0.026	.......................((((...............))))....................................	23:45,24:44,25:43,26:42
0.3529706	14.353	7.492	-10.843	-17.704	-32.112	-24.62	1	0	1	4	6	82	0.026	...................................................((((..........)))).............	51:68,52:67,53:66,54:65
0.3535204	14.345	7.483	-10.843	-17.704	-10.794	-3.311	1	0	1	4	6	82	0.026	..................................................((((........................))))	50:81,51:80,52:79,53:78
0.3574892	14.264	9.66	-11.44	-16.044	-19.778	-10.118	1	0	1	4	6	82	0.026	.................((((..)))).......................................................	17:26,18:25,19:24,20:23
0.3653367	14.111	10.62	-13.349	-16.841	-18.718	-8.099	1	0	1	4	6	82	0.026	.................((((.....................))))....................................	17:45,18:44,19:43,20:42
0.4141216	13.204	7.455	-12.752	-18.501	-14.13	-6.675	1	0	1	4	6	82	0.026	......................((((...............)))).....................................	22:44,23:43,24:42,25:41
0.4456818	12.623	6.01	-15.284	-21.898	-43.436	-37.426	1	0	1	5	6	82	0.026	...............(((((................................))))).........................	15:56,16:55,17:54,18:53,19:52
0.4471914	12.594	5.733	-10.843	-17.704	-19.164	-13.431	1	0	1	4	6	82	0.026	...............................((((...............))))............................	31:53,32:52,33:51,34:50
0.4523098	12.5	10.616	-24.142	-26.025	-24.525	-13.908	0.97	-0.06	0.97	6	6	82	0.026	.......((((((...............................................................))))))	7:81,8:80,9:79,10:78,11:77,12:76
0.4698943	12.197	1.101	-10.868	-21.964	-32.796	-31.695	1	0	1	5	6	82	0.026	.....................(((((..........................))))).........................	21:56,22:55,23:54,24:53,25:52
0.4891284	11.853	7.744	-20.323	-24.432	-26.572	-18.828	1	0	1	6	6	82	0.026	.........((((((...))))))..........................................................	9:23,10:22,11:21,12:20,13:19,14:18
0.5159301	11.362	1.131	-8.336	-18.567	-25.031	-23.9	1	0	1	4	6	82	0.026	.........................................((((.......))))..........................	41:55,42:54,43:53,44:52
0.5168498	11.348	8.969	-15.259	-17.638	-20.081	-11.111	1	0	1	4	6	82	0.026	................((((.....................)))).....................................	16:44,17:43,18:42,19:41
0.5457508	10.817	7.325	-13.349	-16.841	-16.193	-8.868	0.96	-0.08	0.96	4	6	82	0.026	..........((((............................................................))))....	10:77,11:76,12:75,13:74
0.5557877	10.619	5.15	-13.972	-19.441	-35.329	-30.18	1	0	1	5	6	82	0.026	..(((((..)))))....................................................................	2:13,3:12,4:11,5:10,6:9
0.5759615	10.246	7.867	-15.259	-17.638	-22.554	-14.687	1	0	1	4	6	82	0.026	................((((..))))........................................................	16:25,17:24,18:23,19:22
0.603303	9.74	3.126	-15.284	-21.898	-27.575	-24.449	1	0	1	5	6	82	0.026	.........(((((...................................)))))............................	9:53,10:52,11:51,12:50,13:49
0.6076516	9.658	2.797	-10.843	-17.704	-14.931	-12.134	1	0	1	4	6	82	0.026	..............................((((.............................))))...............	30:66,31:65,32:64,33:63
0.6375124	9.066	4.462	-11.44	-16.044	0.227	4.689	1	0	1	4	6	82	0.026	....................((((......................................................))))	20:81,21:80,22:79,23:78
0.7141686	7.479	5.131	-12.037	-14.385	-14.091	-8.96	1	0	1	4	6	82	0.026	((((...............))))...........................................................	0:22,1:21,2:20,3:19
0.8701303	2.879	0.5	-15.259	-17.638	-24.381	-23.882	1	0	1	4	6	82	0.026	.......((((....................))))...............................................	7:34,8:33,9:32,10:31
0.941978	-1.802	11.85	-48.496	-34.844	-27.411	-15.561	0.79	-0.23	0.88	4	6	82	0.026	...............((((.................................................))))..........	15:71,16:70,17:69,18:68
0.9471164	-2.391	11.261	-48.496	-34.844	-11.435	-0.175	0.79	-0.32	0.84	4	6	82	0.026	.....................................................................((((...))))..	69:79,70:78,71:77,72:76
0.9607122	-4.306	8.233	-46.587	-34.048	-22.627	-14.394	0.79	-0.23	0.88	4	6	82	0.026	..................................................((((...............)))).........	50:72,51:71,52:70,53:69
0.9973708	-14.357	2.665	-51.003	-33.982	-27.845	-25.181	0.79	-0.23	0.88	4	6	82	0.026	.......((((..........................................................)))).........	7:72,8:71,9:70,10:69

