0	134.448	22.576	-507.676	-619.548	-44.971	-22.395	0.98	0.47	0.72	6	100	97	4.612	.................((((((....))))))................................................................	17:32,18:31,19:30,20:29,21:28,22:27
0.01887792	46.028	13.029	-185.947	-218.946	-51.417	-38.387	0.99	0.07	0.95	6	100	97	4.612	......................................................................((((((...))))))............	70:84,71:83,72:82,73:81,74:80,75:79
0.09300977	25.078	13.295	-157.751	-169.535	-32.598	-19.303	0.94	0.03	0.88	4	100	97	4.612	.........................................((((........................))))........................	41:72,42:71,43:70,44:69
0.1461139	16.33	20.201	-211.702	-207.831	-44	-23.799	0.97	0.04	0.93	5	100	97	4.612	...........................................(((((...........................))))).................	43:79,44:78,45:77,46:76,47:75
0.1671616	13.37	15.267	-144.97	-143.073	-34.252	-18.985	0.98	-0.02	0.98	4	100	97	4.612	..........((((..................................)))).............................................	10:51,11:50,12:49,13:48
0.1689614	13.139	10.565	-164.402	-166.976	-33.339	-22.774	0.95	0.03	0.89	4	100	97	4.612	..............................((((...............))))............................................	30:52,31:51,32:50,33:49
0.1700413	12.974	14.503	-162.685	-161.156	-35.513	-21.01	0.98	0.05	0.93	4	100	97	4.612	..........((((...........................))))....................................................	10:44,11:43,12:42,13:41
0.1886992	10.494	10.896	-134.314	-133.912	-34.303	-23.407	0.98	0.01	0.96	4	100	97	4.612	...............((((...........................................................))))...............	15:81,16:80,17:79,18:78
0.2448231	3.228	14.906	-237.889	-226.211	-53.284	-38.378	0.98	0.04	0.94	6	100	97	4.612	........................................((((((..............................))))))...............	40:81,41:80,42:79,43:78,44:77,45:76
0.290568	-2.436	12.088	-157.361	-142.837	-31.732	-19.644	0.95	-0.08	0.94	4	100	97	4.612	..............................((((..........)))).................................................	30:47,31:46,32:45,33:44
0.3016768	-3.833	12.051	-208.809	-192.925	-42.394	-30.343	0.98	0	0.97	5	100	97	4.612	...............................................(((((.........................)))))...............	47:81,48:80,49:79,50:78,51:77
0.3943666	-15.788	15.314	-244.672	-213.57	-38.648	-23.334	0.84	-0.24	0.84	5	100	97	4.612	................................................(((((...............)))))........................	48:72,49:71,50:70,51:69,52:68
0.4319225	-20.714	9.54	-313.161	-282.907	-32.356	-22.815	0.97	0.27	0.81	4	100	97	4.612	...................((((......................................................))))................	19:80,20:79,21:78,22:77
0.4622192	-24.819	9.644	-322.981	-288.518	-31.402	-21.759	0.97	0.32	0.78	4	100	97	4.612	....................((((......))))...............................................................	20:33,21:32,22:31,23:30
0.4977452	-29.75	15.651	-302.094	-256.693	-33.84	-18.189	0.93	0.01	0.88	5	100	97	4.612	.................(((((...............................................................))))).......	17:89,18:88,19:87,20:86,21:85
0.5590085	-39.143	12.519	-349.87	-298.208	-33.646	-21.127	0.96	0.22	0.8	4	100	97	4.612	....................((((...................................................))))..................	20:78,21:77,22:76,23:75
0.6023137	-46.694	3.002	-239.396	-189.7	-25.519	-22.517	0.96	0.08	0.89	4	100	97	4.612	...............................................................................((((....))))......	79:90,80:89,81:88,82:87
0.6313306	-51.923	5.726	-473.626	-415.976	-36.498	-30.772	0.68	-0.39	0.64	4	100	97	4.612	......................................................((((.......))))............................	54:68,55:67,56:66,57:65
0.6881343	-63.454	0.298	-394.793	-331.041	-34.52	-34.222	0.73	-0.2	0.72	4	100	97	4.612	.................................................................((((..........))))..............	65:82,66:81,67:80,68:79
0.7214306	-71.044	9.257	-324.67	-244.369	-36.11	-26.853	0.92	-0.04	0.87	4	100	97	4.612	.....................................................((((.....................))))...............	53:81,54:80,55:79,56:78
0.7827539	-87.587	5.685	-194.735	-101.462	-24.797	-19.112	0.93	-0.13	0.91	4	100	97	4.612	((((...................................................................................))))......	0:90,1:89,2:88,3:87
0.7935727	-90.858	3.763	-337.425	-242.803	-33.798	-30.036	0.68	-0.45	0.74	4	100	97	4.612	((((.............................................................))))............................	0:68,1:67,2:66,3:65
0.7960024	-91.644	5.091	-406.881	-310.147	-33.071	-27.98	0.91	0.03	0.83	4	100	97	4.612	.............................((((...............................................)))).............	29:83,30:82,31:81,32:80
0.8663547	-119.973	8.221	-345.447	-217.254	-34.524	-26.303	0.88	-0.17	0.88	4	100	97	4.612	.((((........................))))................................................................	1:32,2:31,3:30,4:29
0.8719641	-123.294	9.272	-538.335	-405.769	-50.35	-41.078	0.74	-0.37	0.78	6	100	97	4.612	.................................................................((((((.........))))))...........	65:85,66:84,67:83,68:82,69:81,70:80
0.9134195	-155.234	11.56	-617.891	-451.098	-39.768	-28.208	0.62	-0.5	0.69	5	100	97	4.612	................(((((...........................................)))))............................	16:68,17:67,18:66,19:65,20:64
0.991281	-280.737	5.976	-495.836	-209.123	-24.796	-18.82	0.28	-0.67	0.67	4	100	97	4.612	..................((((.......................................................................))))	18:96,19:95,20:94,21:93

